[2021-10-24 03:08:45,286] {scheduler_job.py:182} INFO - Started process (PID=6331) to work on /home/airflow/sandbox/lib/python3.8/site-packages/airflow/example_dags/example_branch_python_dop_operator_3.py
[2021-10-24 03:08:45,287] {scheduler_job.py:633} INFO - Processing file /home/airflow/sandbox/lib/python3.8/site-packages/airflow/example_dags/example_branch_python_dop_operator_3.py for tasks to queue
[2021-10-24 03:08:45,287] {logging_mixin.py:104} INFO - [2021-10-24 03:08:45,287] {dagbag.py:487} INFO - Filling up the DagBag from /home/airflow/sandbox/lib/python3.8/site-packages/airflow/example_dags/example_branch_python_dop_operator_3.py
[2021-10-24 03:08:45,306] {scheduler_job.py:643} INFO - DAG(s) dict_keys(['example_branch_dop_operator_v3']) retrieved from /home/airflow/sandbox/lib/python3.8/site-packages/airflow/example_dags/example_branch_python_dop_operator_3.py
[2021-10-24 03:08:45,330] {logging_mixin.py:104} INFO - [2021-10-24 03:08:45,329] {dag.py:1832} INFO - Sync 1 DAGs
[2021-10-24 03:08:45,360] {logging_mixin.py:104} INFO - [2021-10-24 03:08:45,360] {dag.py:2305} INFO - Setting next_dagrun for example_branch_dop_operator_v3 to 2021-10-22 00:00:00+00:00
[2021-10-24 03:08:45,382] {scheduler_job.py:190} INFO - Processing /home/airflow/sandbox/lib/python3.8/site-packages/airflow/example_dags/example_branch_python_dop_operator_3.py took 0.101 seconds
[2021-10-24 03:09:21,342] {scheduler_job.py:182} INFO - Started process (PID=6362) to work on /home/airflow/sandbox/lib/python3.8/site-packages/airflow/example_dags/example_branch_python_dop_operator_3.py
[2021-10-24 03:09:21,344] {scheduler_job.py:633} INFO - Processing file /home/airflow/sandbox/lib/python3.8/site-packages/airflow/example_dags/example_branch_python_dop_operator_3.py for tasks to queue
[2021-10-24 03:09:21,345] {logging_mixin.py:104} INFO - [2021-10-24 03:09:21,344] {dagbag.py:487} INFO - Filling up the DagBag from /home/airflow/sandbox/lib/python3.8/site-packages/airflow/example_dags/example_branch_python_dop_operator_3.py
[2021-10-24 03:09:21,365] {scheduler_job.py:643} INFO - DAG(s) dict_keys(['example_branch_dop_operator_v3']) retrieved from /home/airflow/sandbox/lib/python3.8/site-packages/airflow/example_dags/example_branch_python_dop_operator_3.py
[2021-10-24 03:09:21,388] {logging_mixin.py:104} INFO - [2021-10-24 03:09:21,388] {dag.py:1832} INFO - Sync 1 DAGs
[2021-10-24 03:09:21,418] {logging_mixin.py:104} INFO - [2021-10-24 03:09:21,418] {dag.py:2305} INFO - Setting next_dagrun for example_branch_dop_operator_v3 to 2021-10-22 00:00:00+00:00
[2021-10-24 03:09:21,438] {scheduler_job.py:190} INFO - Processing /home/airflow/sandbox/lib/python3.8/site-packages/airflow/example_dags/example_branch_python_dop_operator_3.py took 0.100 seconds
[2021-10-24 03:09:58,163] {scheduler_job.py:182} INFO - Started process (PID=6396) to work on /home/airflow/sandbox/lib/python3.8/site-packages/airflow/example_dags/example_branch_python_dop_operator_3.py
[2021-10-24 03:09:58,165] {scheduler_job.py:633} INFO - Processing file /home/airflow/sandbox/lib/python3.8/site-packages/airflow/example_dags/example_branch_python_dop_operator_3.py for tasks to queue
[2021-10-24 03:09:58,166] {logging_mixin.py:104} INFO - [2021-10-24 03:09:58,166] {dagbag.py:487} INFO - Filling up the DagBag from /home/airflow/sandbox/lib/python3.8/site-packages/airflow/example_dags/example_branch_python_dop_operator_3.py
[2021-10-24 03:09:58,185] {scheduler_job.py:643} INFO - DAG(s) dict_keys(['example_branch_dop_operator_v3']) retrieved from /home/airflow/sandbox/lib/python3.8/site-packages/airflow/example_dags/example_branch_python_dop_operator_3.py
[2021-10-24 03:09:58,208] {logging_mixin.py:104} INFO - [2021-10-24 03:09:58,208] {dag.py:1832} INFO - Sync 1 DAGs
[2021-10-24 03:09:58,234] {logging_mixin.py:104} INFO - [2021-10-24 03:09:58,234] {dag.py:2305} INFO - Setting next_dagrun for example_branch_dop_operator_v3 to 2021-10-22 00:00:00+00:00
[2021-10-24 03:09:58,256] {scheduler_job.py:190} INFO - Processing /home/airflow/sandbox/lib/python3.8/site-packages/airflow/example_dags/example_branch_python_dop_operator_3.py took 0.096 seconds
[2021-10-24 03:10:41,013] {scheduler_job.py:182} INFO - Started process (PID=6515) to work on /home/airflow/sandbox/lib/python3.8/site-packages/airflow/example_dags/example_branch_python_dop_operator_3.py
[2021-10-24 03:10:41,014] {scheduler_job.py:633} INFO - Processing file /home/airflow/sandbox/lib/python3.8/site-packages/airflow/example_dags/example_branch_python_dop_operator_3.py for tasks to queue
[2021-10-24 03:10:41,015] {logging_mixin.py:104} INFO - [2021-10-24 03:10:41,015] {dagbag.py:487} INFO - Filling up the DagBag from /home/airflow/sandbox/lib/python3.8/site-packages/airflow/example_dags/example_branch_python_dop_operator_3.py
[2021-10-24 03:10:41,035] {scheduler_job.py:643} INFO - DAG(s) dict_keys(['example_branch_dop_operator_v3']) retrieved from /home/airflow/sandbox/lib/python3.8/site-packages/airflow/example_dags/example_branch_python_dop_operator_3.py
[2021-10-24 03:10:41,058] {logging_mixin.py:104} INFO - [2021-10-24 03:10:41,057] {dag.py:1832} INFO - Sync 1 DAGs
[2021-10-24 03:10:41,088] {logging_mixin.py:104} INFO - [2021-10-24 03:10:41,088] {dag.py:2305} INFO - Setting next_dagrun for example_branch_dop_operator_v3 to 2021-10-22 00:00:00+00:00
[2021-10-24 03:10:41,110] {scheduler_job.py:190} INFO - Processing /home/airflow/sandbox/lib/python3.8/site-packages/airflow/example_dags/example_branch_python_dop_operator_3.py took 0.102 seconds
[2021-10-24 03:11:17,819] {scheduler_job.py:182} INFO - Started process (PID=6617) to work on /home/airflow/sandbox/lib/python3.8/site-packages/airflow/example_dags/example_branch_python_dop_operator_3.py
[2021-10-24 03:11:17,820] {scheduler_job.py:633} INFO - Processing file /home/airflow/sandbox/lib/python3.8/site-packages/airflow/example_dags/example_branch_python_dop_operator_3.py for tasks to queue
[2021-10-24 03:11:17,821] {logging_mixin.py:104} INFO - [2021-10-24 03:11:17,821] {dagbag.py:487} INFO - Filling up the DagBag from /home/airflow/sandbox/lib/python3.8/site-packages/airflow/example_dags/example_branch_python_dop_operator_3.py
[2021-10-24 03:11:17,839] {scheduler_job.py:643} INFO - DAG(s) dict_keys(['example_branch_dop_operator_v3']) retrieved from /home/airflow/sandbox/lib/python3.8/site-packages/airflow/example_dags/example_branch_python_dop_operator_3.py
[2021-10-24 03:11:17,862] {logging_mixin.py:104} INFO - [2021-10-24 03:11:17,862] {dag.py:1832} INFO - Sync 1 DAGs
[2021-10-24 03:11:17,889] {logging_mixin.py:104} INFO - [2021-10-24 03:11:17,889] {dag.py:2305} INFO - Setting next_dagrun for example_branch_dop_operator_v3 to 2021-10-22 00:00:00+00:00
[2021-10-24 03:11:17,913] {scheduler_job.py:190} INFO - Processing /home/airflow/sandbox/lib/python3.8/site-packages/airflow/example_dags/example_branch_python_dop_operator_3.py took 0.100 seconds
[2021-10-24 03:11:53,883] {scheduler_job.py:182} INFO - Started process (PID=6651) to work on /home/airflow/sandbox/lib/python3.8/site-packages/airflow/example_dags/example_branch_python_dop_operator_3.py
[2021-10-24 03:11:53,884] {scheduler_job.py:633} INFO - Processing file /home/airflow/sandbox/lib/python3.8/site-packages/airflow/example_dags/example_branch_python_dop_operator_3.py for tasks to queue
[2021-10-24 03:11:53,886] {logging_mixin.py:104} INFO - [2021-10-24 03:11:53,885] {dagbag.py:487} INFO - Filling up the DagBag from /home/airflow/sandbox/lib/python3.8/site-packages/airflow/example_dags/example_branch_python_dop_operator_3.py
[2021-10-24 03:11:53,935] {scheduler_job.py:643} INFO - DAG(s) dict_keys(['example_branch_dop_operator_v3']) retrieved from /home/airflow/sandbox/lib/python3.8/site-packages/airflow/example_dags/example_branch_python_dop_operator_3.py
[2021-10-24 03:11:53,992] {logging_mixin.py:104} INFO - [2021-10-24 03:11:53,991] {dag.py:1832} INFO - Sync 1 DAGs
[2021-10-24 03:11:54,050] {logging_mixin.py:104} INFO - [2021-10-24 03:11:54,050] {dag.py:2305} INFO - Setting next_dagrun for example_branch_dop_operator_v3 to 2021-10-22 00:00:00+00:00
[2021-10-24 03:11:54,085] {scheduler_job.py:190} INFO - Processing /home/airflow/sandbox/lib/python3.8/site-packages/airflow/example_dags/example_branch_python_dop_operator_3.py took 0.212 seconds
[2021-10-24 03:12:27,649] {scheduler_job.py:182} INFO - Started process (PID=6706) to work on /home/airflow/sandbox/lib/python3.8/site-packages/airflow/example_dags/example_branch_python_dop_operator_3.py
[2021-10-24 03:12:27,650] {scheduler_job.py:633} INFO - Processing file /home/airflow/sandbox/lib/python3.8/site-packages/airflow/example_dags/example_branch_python_dop_operator_3.py for tasks to queue
[2021-10-24 03:12:27,651] {logging_mixin.py:104} INFO - [2021-10-24 03:12:27,651] {dagbag.py:487} INFO - Filling up the DagBag from /home/airflow/sandbox/lib/python3.8/site-packages/airflow/example_dags/example_branch_python_dop_operator_3.py
[2021-10-24 03:12:27,672] {scheduler_job.py:643} INFO - DAG(s) dict_keys(['example_branch_dop_operator_v3']) retrieved from /home/airflow/sandbox/lib/python3.8/site-packages/airflow/example_dags/example_branch_python_dop_operator_3.py
[2021-10-24 03:12:27,688] {logging_mixin.py:104} INFO - [2021-10-24 03:12:27,688] {dag.py:1832} INFO - Sync 1 DAGs
[2021-10-24 03:12:27,719] {logging_mixin.py:104} INFO - [2021-10-24 03:12:27,719] {dag.py:2305} INFO - Setting next_dagrun for example_branch_dop_operator_v3 to 2021-10-22 00:00:00+00:00
[2021-10-24 03:12:27,740] {scheduler_job.py:190} INFO - Processing /home/airflow/sandbox/lib/python3.8/site-packages/airflow/example_dags/example_branch_python_dop_operator_3.py took 0.096 seconds
[2021-10-24 03:13:05,583] {scheduler_job.py:182} INFO - Started process (PID=6764) to work on /home/airflow/sandbox/lib/python3.8/site-packages/airflow/example_dags/example_branch_python_dop_operator_3.py
[2021-10-24 03:13:05,584] {scheduler_job.py:633} INFO - Processing file /home/airflow/sandbox/lib/python3.8/site-packages/airflow/example_dags/example_branch_python_dop_operator_3.py for tasks to queue
[2021-10-24 03:13:05,585] {logging_mixin.py:104} INFO - [2021-10-24 03:13:05,585] {dagbag.py:487} INFO - Filling up the DagBag from /home/airflow/sandbox/lib/python3.8/site-packages/airflow/example_dags/example_branch_python_dop_operator_3.py
[2021-10-24 03:13:05,605] {scheduler_job.py:643} INFO - DAG(s) dict_keys(['example_branch_dop_operator_v3']) retrieved from /home/airflow/sandbox/lib/python3.8/site-packages/airflow/example_dags/example_branch_python_dop_operator_3.py
[2021-10-24 03:13:05,622] {logging_mixin.py:104} INFO - [2021-10-24 03:13:05,622] {dag.py:1832} INFO - Sync 1 DAGs
[2021-10-24 03:13:05,648] {logging_mixin.py:104} INFO - [2021-10-24 03:13:05,648] {dag.py:2305} INFO - Setting next_dagrun for example_branch_dop_operator_v3 to 2021-10-22 00:00:00+00:00
[2021-10-24 03:13:05,666] {scheduler_job.py:190} INFO - Processing /home/airflow/sandbox/lib/python3.8/site-packages/airflow/example_dags/example_branch_python_dop_operator_3.py took 0.087 seconds
[2021-10-24 03:13:40,390] {scheduler_job.py:182} INFO - Started process (PID=6840) to work on /home/airflow/sandbox/lib/python3.8/site-packages/airflow/example_dags/example_branch_python_dop_operator_3.py
[2021-10-24 03:13:40,396] {scheduler_job.py:633} INFO - Processing file /home/airflow/sandbox/lib/python3.8/site-packages/airflow/example_dags/example_branch_python_dop_operator_3.py for tasks to queue
[2021-10-24 03:13:40,397] {logging_mixin.py:104} INFO - [2021-10-24 03:13:40,397] {dagbag.py:487} INFO - Filling up the DagBag from /home/airflow/sandbox/lib/python3.8/site-packages/airflow/example_dags/example_branch_python_dop_operator_3.py
[2021-10-24 03:13:40,422] {scheduler_job.py:643} INFO - DAG(s) dict_keys(['example_branch_dop_operator_v3']) retrieved from /home/airflow/sandbox/lib/python3.8/site-packages/airflow/example_dags/example_branch_python_dop_operator_3.py
[2021-10-24 03:13:40,444] {logging_mixin.py:104} INFO - [2021-10-24 03:13:40,444] {dag.py:1832} INFO - Sync 1 DAGs
[2021-10-24 03:13:40,474] {logging_mixin.py:104} INFO - [2021-10-24 03:13:40,473] {dag.py:2305} INFO - Setting next_dagrun for example_branch_dop_operator_v3 to 2021-10-22 00:00:00+00:00
[2021-10-24 03:13:40,493] {scheduler_job.py:190} INFO - Processing /home/airflow/sandbox/lib/python3.8/site-packages/airflow/example_dags/example_branch_python_dop_operator_3.py took 0.108 seconds
[2021-10-24 03:14:16,248] {scheduler_job.py:182} INFO - Started process (PID=6872) to work on /home/airflow/sandbox/lib/python3.8/site-packages/airflow/example_dags/example_branch_python_dop_operator_3.py
[2021-10-24 03:14:16,249] {scheduler_job.py:633} INFO - Processing file /home/airflow/sandbox/lib/python3.8/site-packages/airflow/example_dags/example_branch_python_dop_operator_3.py for tasks to queue
[2021-10-24 03:14:16,250] {logging_mixin.py:104} INFO - [2021-10-24 03:14:16,249] {dagbag.py:487} INFO - Filling up the DagBag from /home/airflow/sandbox/lib/python3.8/site-packages/airflow/example_dags/example_branch_python_dop_operator_3.py
[2021-10-24 03:14:16,263] {scheduler_job.py:643} INFO - DAG(s) dict_keys(['example_branch_dop_operator_v3']) retrieved from /home/airflow/sandbox/lib/python3.8/site-packages/airflow/example_dags/example_branch_python_dop_operator_3.py
[2021-10-24 03:14:16,274] {logging_mixin.py:104} INFO - [2021-10-24 03:14:16,273] {dag.py:1832} INFO - Sync 1 DAGs
[2021-10-24 03:14:16,286] {logging_mixin.py:104} INFO - [2021-10-24 03:14:16,286] {dag.py:2305} INFO - Setting next_dagrun for example_branch_dop_operator_v3 to 2021-10-22 00:00:00+00:00
[2021-10-24 03:14:16,296] {scheduler_job.py:190} INFO - Processing /home/airflow/sandbox/lib/python3.8/site-packages/airflow/example_dags/example_branch_python_dop_operator_3.py took 0.050 seconds
[2021-10-24 03:14:53,979] {scheduler_job.py:182} INFO - Started process (PID=7001) to work on /home/airflow/sandbox/lib/python3.8/site-packages/airflow/example_dags/example_branch_python_dop_operator_3.py
[2021-10-24 03:14:53,981] {scheduler_job.py:633} INFO - Processing file /home/airflow/sandbox/lib/python3.8/site-packages/airflow/example_dags/example_branch_python_dop_operator_3.py for tasks to queue
[2021-10-24 03:14:53,982] {logging_mixin.py:104} INFO - [2021-10-24 03:14:53,981] {dagbag.py:487} INFO - Filling up the DagBag from /home/airflow/sandbox/lib/python3.8/site-packages/airflow/example_dags/example_branch_python_dop_operator_3.py
[2021-10-24 03:14:54,001] {scheduler_job.py:643} INFO - DAG(s) dict_keys(['example_branch_dop_operator_v3']) retrieved from /home/airflow/sandbox/lib/python3.8/site-packages/airflow/example_dags/example_branch_python_dop_operator_3.py
[2021-10-24 03:14:54,022] {logging_mixin.py:104} INFO - [2021-10-24 03:14:54,022] {dag.py:1832} INFO - Sync 1 DAGs
[2021-10-24 03:14:54,052] {logging_mixin.py:104} INFO - [2021-10-24 03:14:54,052] {dag.py:2305} INFO - Setting next_dagrun for example_branch_dop_operator_v3 to 2021-10-22 00:00:00+00:00
[2021-10-24 03:14:54,075] {scheduler_job.py:190} INFO - Processing /home/airflow/sandbox/lib/python3.8/site-packages/airflow/example_dags/example_branch_python_dop_operator_3.py took 0.101 seconds
[2021-10-24 03:15:36,132] {scheduler_job.py:182} INFO - Started process (PID=7038) to work on /home/airflow/sandbox/lib/python3.8/site-packages/airflow/example_dags/example_branch_python_dop_operator_3.py
[2021-10-24 03:15:36,135] {scheduler_job.py:633} INFO - Processing file /home/airflow/sandbox/lib/python3.8/site-packages/airflow/example_dags/example_branch_python_dop_operator_3.py for tasks to queue
[2021-10-24 03:15:36,136] {logging_mixin.py:104} INFO - [2021-10-24 03:15:36,136] {dagbag.py:487} INFO - Filling up the DagBag from /home/airflow/sandbox/lib/python3.8/site-packages/airflow/example_dags/example_branch_python_dop_operator_3.py
[2021-10-24 03:15:36,153] {scheduler_job.py:643} INFO - DAG(s) dict_keys(['example_branch_dop_operator_v3']) retrieved from /home/airflow/sandbox/lib/python3.8/site-packages/airflow/example_dags/example_branch_python_dop_operator_3.py
[2021-10-24 03:15:36,185] {logging_mixin.py:104} INFO - [2021-10-24 03:15:36,184] {dag.py:1832} INFO - Sync 1 DAGs
[2021-10-24 03:15:36,211] {logging_mixin.py:104} INFO - [2021-10-24 03:15:36,211] {dag.py:2305} INFO - Setting next_dagrun for example_branch_dop_operator_v3 to 2021-10-22 00:00:00+00:00
[2021-10-24 03:15:36,234] {scheduler_job.py:190} INFO - Processing /home/airflow/sandbox/lib/python3.8/site-packages/airflow/example_dags/example_branch_python_dop_operator_3.py took 0.107 seconds
[2021-10-24 03:16:15,380] {scheduler_job.py:182} INFO - Started process (PID=7132) to work on /home/airflow/sandbox/lib/python3.8/site-packages/airflow/example_dags/example_branch_python_dop_operator_3.py
[2021-10-24 03:16:15,382] {scheduler_job.py:633} INFO - Processing file /home/airflow/sandbox/lib/python3.8/site-packages/airflow/example_dags/example_branch_python_dop_operator_3.py for tasks to queue
[2021-10-24 03:16:15,383] {logging_mixin.py:104} INFO - [2021-10-24 03:16:15,383] {dagbag.py:487} INFO - Filling up the DagBag from /home/airflow/sandbox/lib/python3.8/site-packages/airflow/example_dags/example_branch_python_dop_operator_3.py
[2021-10-24 03:16:15,403] {scheduler_job.py:643} INFO - DAG(s) dict_keys(['example_branch_dop_operator_v3']) retrieved from /home/airflow/sandbox/lib/python3.8/site-packages/airflow/example_dags/example_branch_python_dop_operator_3.py
[2021-10-24 03:16:15,427] {logging_mixin.py:104} INFO - [2021-10-24 03:16:15,427] {dag.py:1832} INFO - Sync 1 DAGs
[2021-10-24 03:16:15,456] {logging_mixin.py:104} INFO - [2021-10-24 03:16:15,456] {dag.py:2305} INFO - Setting next_dagrun for example_branch_dop_operator_v3 to 2021-10-22 00:00:00+00:00
[2021-10-24 03:16:15,478] {scheduler_job.py:190} INFO - Processing /home/airflow/sandbox/lib/python3.8/site-packages/airflow/example_dags/example_branch_python_dop_operator_3.py took 0.102 seconds
[2021-10-24 03:16:51,381] {scheduler_job.py:182} INFO - Started process (PID=7225) to work on /home/airflow/sandbox/lib/python3.8/site-packages/airflow/example_dags/example_branch_python_dop_operator_3.py
[2021-10-24 03:16:51,383] {scheduler_job.py:633} INFO - Processing file /home/airflow/sandbox/lib/python3.8/site-packages/airflow/example_dags/example_branch_python_dop_operator_3.py for tasks to queue
[2021-10-24 03:16:51,384] {logging_mixin.py:104} INFO - [2021-10-24 03:16:51,384] {dagbag.py:487} INFO - Filling up the DagBag from /home/airflow/sandbox/lib/python3.8/site-packages/airflow/example_dags/example_branch_python_dop_operator_3.py
[2021-10-24 03:16:51,406] {scheduler_job.py:643} INFO - DAG(s) dict_keys(['example_branch_dop_operator_v3']) retrieved from /home/airflow/sandbox/lib/python3.8/site-packages/airflow/example_dags/example_branch_python_dop_operator_3.py
[2021-10-24 03:16:51,428] {logging_mixin.py:104} INFO - [2021-10-24 03:16:51,427] {dag.py:1832} INFO - Sync 1 DAGs
[2021-10-24 03:16:51,459] {logging_mixin.py:104} INFO - [2021-10-24 03:16:51,459] {dag.py:2305} INFO - Setting next_dagrun for example_branch_dop_operator_v3 to 2021-10-22 00:00:00+00:00
[2021-10-24 03:16:51,483] {scheduler_job.py:190} INFO - Processing /home/airflow/sandbox/lib/python3.8/site-packages/airflow/example_dags/example_branch_python_dop_operator_3.py took 0.108 seconds
[2021-10-24 03:18:08,304] {scheduler_job.py:182} INFO - Started process (PID=7685) to work on /home/airflow/sandbox/lib/python3.8/site-packages/airflow/example_dags/example_branch_python_dop_operator_3.py
[2021-10-24 03:18:08,306] {scheduler_job.py:633} INFO - Processing file /home/airflow/sandbox/lib/python3.8/site-packages/airflow/example_dags/example_branch_python_dop_operator_3.py for tasks to queue
[2021-10-24 03:18:08,307] {logging_mixin.py:104} INFO - [2021-10-24 03:18:08,306] {dagbag.py:487} INFO - Filling up the DagBag from /home/airflow/sandbox/lib/python3.8/site-packages/airflow/example_dags/example_branch_python_dop_operator_3.py
[2021-10-24 03:18:08,328] {scheduler_job.py:643} INFO - DAG(s) dict_keys(['example_branch_dop_operator_v3']) retrieved from /home/airflow/sandbox/lib/python3.8/site-packages/airflow/example_dags/example_branch_python_dop_operator_3.py
[2021-10-24 03:18:08,348] {logging_mixin.py:104} INFO - [2021-10-24 03:18:08,348] {dag.py:1832} INFO - Sync 1 DAGs
[2021-10-24 03:18:08,377] {logging_mixin.py:104} INFO - [2021-10-24 03:18:08,377] {dag.py:2305} INFO - Setting next_dagrun for example_branch_dop_operator_v3 to 2021-10-22 00:00:00+00:00
[2021-10-24 03:18:08,400] {scheduler_job.py:190} INFO - Processing /home/airflow/sandbox/lib/python3.8/site-packages/airflow/example_dags/example_branch_python_dop_operator_3.py took 0.102 seconds
[2021-10-24 03:18:44,039] {scheduler_job.py:182} INFO - Started process (PID=7821) to work on /home/airflow/sandbox/lib/python3.8/site-packages/airflow/example_dags/example_branch_python_dop_operator_3.py
[2021-10-24 03:18:44,041] {scheduler_job.py:633} INFO - Processing file /home/airflow/sandbox/lib/python3.8/site-packages/airflow/example_dags/example_branch_python_dop_operator_3.py for tasks to queue
[2021-10-24 03:18:44,042] {logging_mixin.py:104} INFO - [2021-10-24 03:18:44,041] {dagbag.py:487} INFO - Filling up the DagBag from /home/airflow/sandbox/lib/python3.8/site-packages/airflow/example_dags/example_branch_python_dop_operator_3.py
[2021-10-24 03:18:44,061] {scheduler_job.py:643} INFO - DAG(s) dict_keys(['example_branch_dop_operator_v3']) retrieved from /home/airflow/sandbox/lib/python3.8/site-packages/airflow/example_dags/example_branch_python_dop_operator_3.py
[2021-10-24 03:18:44,087] {logging_mixin.py:104} INFO - [2021-10-24 03:18:44,087] {dag.py:1832} INFO - Sync 1 DAGs
[2021-10-24 03:18:44,114] {logging_mixin.py:104} INFO - [2021-10-24 03:18:44,114] {dag.py:2305} INFO - Setting next_dagrun for example_branch_dop_operator_v3 to 2021-10-22 00:00:00+00:00
[2021-10-24 03:18:44,137] {scheduler_job.py:190} INFO - Processing /home/airflow/sandbox/lib/python3.8/site-packages/airflow/example_dags/example_branch_python_dop_operator_3.py took 0.103 seconds
[2021-10-24 03:19:20,624] {scheduler_job.py:182} INFO - Started process (PID=7854) to work on /home/airflow/sandbox/lib/python3.8/site-packages/airflow/example_dags/example_branch_python_dop_operator_3.py
[2021-10-24 03:19:20,626] {scheduler_job.py:633} INFO - Processing file /home/airflow/sandbox/lib/python3.8/site-packages/airflow/example_dags/example_branch_python_dop_operator_3.py for tasks to queue
[2021-10-24 03:19:20,628] {logging_mixin.py:104} INFO - [2021-10-24 03:19:20,627] {dagbag.py:487} INFO - Filling up the DagBag from /home/airflow/sandbox/lib/python3.8/site-packages/airflow/example_dags/example_branch_python_dop_operator_3.py
[2021-10-24 03:19:20,647] {scheduler_job.py:643} INFO - DAG(s) dict_keys(['example_branch_dop_operator_v3']) retrieved from /home/airflow/sandbox/lib/python3.8/site-packages/airflow/example_dags/example_branch_python_dop_operator_3.py
[2021-10-24 03:19:20,671] {logging_mixin.py:104} INFO - [2021-10-24 03:19:20,671] {dag.py:1832} INFO - Sync 1 DAGs
[2021-10-24 03:19:20,702] {logging_mixin.py:104} INFO - [2021-10-24 03:19:20,702] {dag.py:2305} INFO - Setting next_dagrun for example_branch_dop_operator_v3 to 2021-10-22 00:00:00+00:00
[2021-10-24 03:19:20,726] {scheduler_job.py:190} INFO - Processing /home/airflow/sandbox/lib/python3.8/site-packages/airflow/example_dags/example_branch_python_dop_operator_3.py took 0.106 seconds
[2021-10-24 03:19:59,913] {scheduler_job.py:182} INFO - Started process (PID=7887) to work on /home/airflow/sandbox/lib/python3.8/site-packages/airflow/example_dags/example_branch_python_dop_operator_3.py
[2021-10-24 03:19:59,914] {scheduler_job.py:633} INFO - Processing file /home/airflow/sandbox/lib/python3.8/site-packages/airflow/example_dags/example_branch_python_dop_operator_3.py for tasks to queue
[2021-10-24 03:19:59,914] {logging_mixin.py:104} INFO - [2021-10-24 03:19:59,914] {dagbag.py:487} INFO - Filling up the DagBag from /home/airflow/sandbox/lib/python3.8/site-packages/airflow/example_dags/example_branch_python_dop_operator_3.py
[2021-10-24 03:19:59,936] {scheduler_job.py:643} INFO - DAG(s) dict_keys(['example_branch_dop_operator_v3']) retrieved from /home/airflow/sandbox/lib/python3.8/site-packages/airflow/example_dags/example_branch_python_dop_operator_3.py
[2021-10-24 03:19:59,957] {logging_mixin.py:104} INFO - [2021-10-24 03:19:59,957] {dag.py:1832} INFO - Sync 1 DAGs
[2021-10-24 03:19:59,984] {logging_mixin.py:104} INFO - [2021-10-24 03:19:59,983] {dag.py:2305} INFO - Setting next_dagrun for example_branch_dop_operator_v3 to 2021-10-22 00:00:00+00:00
[2021-10-24 03:20:00,008] {scheduler_job.py:190} INFO - Processing /home/airflow/sandbox/lib/python3.8/site-packages/airflow/example_dags/example_branch_python_dop_operator_3.py took 0.099 seconds
[2021-10-24 03:20:40,488] {scheduler_job.py:182} INFO - Started process (PID=7922) to work on /home/airflow/sandbox/lib/python3.8/site-packages/airflow/example_dags/example_branch_python_dop_operator_3.py
[2021-10-24 03:20:40,491] {scheduler_job.py:633} INFO - Processing file /home/airflow/sandbox/lib/python3.8/site-packages/airflow/example_dags/example_branch_python_dop_operator_3.py for tasks to queue
[2021-10-24 03:20:40,492] {logging_mixin.py:104} INFO - [2021-10-24 03:20:40,492] {dagbag.py:487} INFO - Filling up the DagBag from /home/airflow/sandbox/lib/python3.8/site-packages/airflow/example_dags/example_branch_python_dop_operator_3.py
[2021-10-24 03:20:40,515] {scheduler_job.py:643} INFO - DAG(s) dict_keys(['example_branch_dop_operator_v3']) retrieved from /home/airflow/sandbox/lib/python3.8/site-packages/airflow/example_dags/example_branch_python_dop_operator_3.py
[2021-10-24 03:20:40,537] {logging_mixin.py:104} INFO - [2021-10-24 03:20:40,537] {dag.py:1832} INFO - Sync 1 DAGs
[2021-10-24 03:20:40,568] {logging_mixin.py:104} INFO - [2021-10-24 03:20:40,568] {dag.py:2305} INFO - Setting next_dagrun for example_branch_dop_operator_v3 to 2021-10-22 00:00:00+00:00
[2021-10-24 03:20:40,592] {scheduler_job.py:190} INFO - Processing /home/airflow/sandbox/lib/python3.8/site-packages/airflow/example_dags/example_branch_python_dop_operator_3.py took 0.109 seconds
[2021-10-24 03:21:18,941] {scheduler_job.py:182} INFO - Started process (PID=7956) to work on /home/airflow/sandbox/lib/python3.8/site-packages/airflow/example_dags/example_branch_python_dop_operator_3.py
[2021-10-24 03:21:18,943] {scheduler_job.py:633} INFO - Processing file /home/airflow/sandbox/lib/python3.8/site-packages/airflow/example_dags/example_branch_python_dop_operator_3.py for tasks to queue
[2021-10-24 03:21:18,944] {logging_mixin.py:104} INFO - [2021-10-24 03:21:18,944] {dagbag.py:487} INFO - Filling up the DagBag from /home/airflow/sandbox/lib/python3.8/site-packages/airflow/example_dags/example_branch_python_dop_operator_3.py
[2021-10-24 03:21:18,964] {scheduler_job.py:643} INFO - DAG(s) dict_keys(['example_branch_dop_operator_v3']) retrieved from /home/airflow/sandbox/lib/python3.8/site-packages/airflow/example_dags/example_branch_python_dop_operator_3.py
[2021-10-24 03:21:18,984] {logging_mixin.py:104} INFO - [2021-10-24 03:21:18,983] {dag.py:1832} INFO - Sync 1 DAGs
[2021-10-24 03:21:19,012] {logging_mixin.py:104} INFO - [2021-10-24 03:21:19,012] {dag.py:2305} INFO - Setting next_dagrun for example_branch_dop_operator_v3 to 2021-10-22 00:00:00+00:00
[2021-10-24 03:21:19,041] {scheduler_job.py:190} INFO - Processing /home/airflow/sandbox/lib/python3.8/site-packages/airflow/example_dags/example_branch_python_dop_operator_3.py took 0.105 seconds
[2021-10-24 03:21:58,104] {scheduler_job.py:182} INFO - Started process (PID=8051) to work on /home/airflow/sandbox/lib/python3.8/site-packages/airflow/example_dags/example_branch_python_dop_operator_3.py
[2021-10-24 03:21:58,106] {scheduler_job.py:633} INFO - Processing file /home/airflow/sandbox/lib/python3.8/site-packages/airflow/example_dags/example_branch_python_dop_operator_3.py for tasks to queue
[2021-10-24 03:21:58,107] {logging_mixin.py:104} INFO - [2021-10-24 03:21:58,107] {dagbag.py:487} INFO - Filling up the DagBag from /home/airflow/sandbox/lib/python3.8/site-packages/airflow/example_dags/example_branch_python_dop_operator_3.py
[2021-10-24 03:21:58,124] {scheduler_job.py:643} INFO - DAG(s) dict_keys(['example_branch_dop_operator_v3']) retrieved from /home/airflow/sandbox/lib/python3.8/site-packages/airflow/example_dags/example_branch_python_dop_operator_3.py
[2021-10-24 03:21:58,143] {logging_mixin.py:104} INFO - [2021-10-24 03:21:58,143] {dag.py:1832} INFO - Sync 1 DAGs
[2021-10-24 03:21:58,170] {logging_mixin.py:104} INFO - [2021-10-24 03:21:58,170] {dag.py:2305} INFO - Setting next_dagrun for example_branch_dop_operator_v3 to 2021-10-22 00:00:00+00:00
[2021-10-24 03:21:58,196] {scheduler_job.py:190} INFO - Processing /home/airflow/sandbox/lib/python3.8/site-packages/airflow/example_dags/example_branch_python_dop_operator_3.py took 0.098 seconds
[2021-10-24 03:22:40,197] {scheduler_job.py:182} INFO - Started process (PID=8087) to work on /home/airflow/sandbox/lib/python3.8/site-packages/airflow/example_dags/example_branch_python_dop_operator_3.py
[2021-10-24 03:22:40,199] {scheduler_job.py:633} INFO - Processing file /home/airflow/sandbox/lib/python3.8/site-packages/airflow/example_dags/example_branch_python_dop_operator_3.py for tasks to queue
[2021-10-24 03:22:40,199] {logging_mixin.py:104} INFO - [2021-10-24 03:22:40,199] {dagbag.py:487} INFO - Filling up the DagBag from /home/airflow/sandbox/lib/python3.8/site-packages/airflow/example_dags/example_branch_python_dop_operator_3.py
[2021-10-24 03:22:40,221] {scheduler_job.py:643} INFO - DAG(s) dict_keys(['example_branch_dop_operator_v3']) retrieved from /home/airflow/sandbox/lib/python3.8/site-packages/airflow/example_dags/example_branch_python_dop_operator_3.py
[2021-10-24 03:22:40,241] {logging_mixin.py:104} INFO - [2021-10-24 03:22:40,240] {dag.py:1832} INFO - Sync 1 DAGs
[2021-10-24 03:22:40,266] {logging_mixin.py:104} INFO - [2021-10-24 03:22:40,266] {dag.py:2305} INFO - Setting next_dagrun for example_branch_dop_operator_v3 to 2021-10-22 00:00:00+00:00
[2021-10-24 03:22:40,287] {scheduler_job.py:190} INFO - Processing /home/airflow/sandbox/lib/python3.8/site-packages/airflow/example_dags/example_branch_python_dop_operator_3.py took 0.095 seconds
[2021-10-24 03:23:16,307] {scheduler_job.py:182} INFO - Started process (PID=8142) to work on /home/airflow/sandbox/lib/python3.8/site-packages/airflow/example_dags/example_branch_python_dop_operator_3.py
[2021-10-24 03:23:16,308] {scheduler_job.py:633} INFO - Processing file /home/airflow/sandbox/lib/python3.8/site-packages/airflow/example_dags/example_branch_python_dop_operator_3.py for tasks to queue
[2021-10-24 03:23:16,309] {logging_mixin.py:104} INFO - [2021-10-24 03:23:16,309] {dagbag.py:487} INFO - Filling up the DagBag from /home/airflow/sandbox/lib/python3.8/site-packages/airflow/example_dags/example_branch_python_dop_operator_3.py
[2021-10-24 03:23:16,331] {scheduler_job.py:643} INFO - DAG(s) dict_keys(['example_branch_dop_operator_v3']) retrieved from /home/airflow/sandbox/lib/python3.8/site-packages/airflow/example_dags/example_branch_python_dop_operator_3.py
[2021-10-24 03:23:16,351] {logging_mixin.py:104} INFO - [2021-10-24 03:23:16,350] {dag.py:1832} INFO - Sync 1 DAGs
[2021-10-24 03:23:16,375] {logging_mixin.py:104} INFO - [2021-10-24 03:23:16,375] {dag.py:2305} INFO - Setting next_dagrun for example_branch_dop_operator_v3 to 2021-10-22 00:00:00+00:00
[2021-10-24 03:23:16,403] {scheduler_job.py:190} INFO - Processing /home/airflow/sandbox/lib/python3.8/site-packages/airflow/example_dags/example_branch_python_dop_operator_3.py took 0.101 seconds
[2021-10-24 03:23:55,173] {scheduler_job.py:182} INFO - Started process (PID=8198) to work on /home/airflow/sandbox/lib/python3.8/site-packages/airflow/example_dags/example_branch_python_dop_operator_3.py
[2021-10-24 03:23:55,174] {scheduler_job.py:633} INFO - Processing file /home/airflow/sandbox/lib/python3.8/site-packages/airflow/example_dags/example_branch_python_dop_operator_3.py for tasks to queue
[2021-10-24 03:23:55,174] {logging_mixin.py:104} INFO - [2021-10-24 03:23:55,174] {dagbag.py:487} INFO - Filling up the DagBag from /home/airflow/sandbox/lib/python3.8/site-packages/airflow/example_dags/example_branch_python_dop_operator_3.py
[2021-10-24 03:23:55,184] {scheduler_job.py:643} INFO - DAG(s) dict_keys(['example_branch_dop_operator_v3']) retrieved from /home/airflow/sandbox/lib/python3.8/site-packages/airflow/example_dags/example_branch_python_dop_operator_3.py
[2021-10-24 03:23:55,194] {logging_mixin.py:104} INFO - [2021-10-24 03:23:55,194] {dag.py:1832} INFO - Sync 1 DAGs
[2021-10-24 03:23:55,207] {logging_mixin.py:104} INFO - [2021-10-24 03:23:55,207] {dag.py:2305} INFO - Setting next_dagrun for example_branch_dop_operator_v3 to 2021-10-22 00:00:00+00:00
[2021-10-24 03:23:55,222] {scheduler_job.py:190} INFO - Processing /home/airflow/sandbox/lib/python3.8/site-packages/airflow/example_dags/example_branch_python_dop_operator_3.py took 0.051 seconds
[2021-10-24 03:24:38,205] {scheduler_job.py:182} INFO - Started process (PID=8235) to work on /home/airflow/sandbox/lib/python3.8/site-packages/airflow/example_dags/example_branch_python_dop_operator_3.py
[2021-10-24 03:24:38,207] {scheduler_job.py:633} INFO - Processing file /home/airflow/sandbox/lib/python3.8/site-packages/airflow/example_dags/example_branch_python_dop_operator_3.py for tasks to queue
[2021-10-24 03:24:38,208] {logging_mixin.py:104} INFO - [2021-10-24 03:24:38,208] {dagbag.py:487} INFO - Filling up the DagBag from /home/airflow/sandbox/lib/python3.8/site-packages/airflow/example_dags/example_branch_python_dop_operator_3.py
[2021-10-24 03:24:38,230] {scheduler_job.py:643} INFO - DAG(s) dict_keys(['example_branch_dop_operator_v3']) retrieved from /home/airflow/sandbox/lib/python3.8/site-packages/airflow/example_dags/example_branch_python_dop_operator_3.py
[2021-10-24 03:24:38,250] {logging_mixin.py:104} INFO - [2021-10-24 03:24:38,250] {dag.py:1832} INFO - Sync 1 DAGs
[2021-10-24 03:24:38,275] {logging_mixin.py:104} INFO - [2021-10-24 03:24:38,275] {dag.py:2305} INFO - Setting next_dagrun for example_branch_dop_operator_v3 to 2021-10-22 00:00:00+00:00
[2021-10-24 03:24:38,294] {scheduler_job.py:190} INFO - Processing /home/airflow/sandbox/lib/python3.8/site-packages/airflow/example_dags/example_branch_python_dop_operator_3.py took 0.095 seconds
[2021-10-24 03:25:18,548] {scheduler_job.py:182} INFO - Started process (PID=8270) to work on /home/airflow/sandbox/lib/python3.8/site-packages/airflow/example_dags/example_branch_python_dop_operator_3.py
[2021-10-24 03:25:18,551] {scheduler_job.py:633} INFO - Processing file /home/airflow/sandbox/lib/python3.8/site-packages/airflow/example_dags/example_branch_python_dop_operator_3.py for tasks to queue
[2021-10-24 03:25:18,552] {logging_mixin.py:104} INFO - [2021-10-24 03:25:18,552] {dagbag.py:487} INFO - Filling up the DagBag from /home/airflow/sandbox/lib/python3.8/site-packages/airflow/example_dags/example_branch_python_dop_operator_3.py
[2021-10-24 03:25:18,573] {scheduler_job.py:643} INFO - DAG(s) dict_keys(['example_branch_dop_operator_v3']) retrieved from /home/airflow/sandbox/lib/python3.8/site-packages/airflow/example_dags/example_branch_python_dop_operator_3.py
[2021-10-24 03:25:18,596] {logging_mixin.py:104} INFO - [2021-10-24 03:25:18,596] {dag.py:1832} INFO - Sync 1 DAGs
[2021-10-24 03:25:18,624] {logging_mixin.py:104} INFO - [2021-10-24 03:25:18,624] {dag.py:2305} INFO - Setting next_dagrun for example_branch_dop_operator_v3 to 2021-10-22 00:00:00+00:00
[2021-10-24 03:25:18,648] {scheduler_job.py:190} INFO - Processing /home/airflow/sandbox/lib/python3.8/site-packages/airflow/example_dags/example_branch_python_dop_operator_3.py took 0.105 seconds
[2021-10-24 03:25:56,758] {scheduler_job.py:182} INFO - Started process (PID=8301) to work on /home/airflow/sandbox/lib/python3.8/site-packages/airflow/example_dags/example_branch_python_dop_operator_3.py
[2021-10-24 03:25:56,760] {scheduler_job.py:633} INFO - Processing file /home/airflow/sandbox/lib/python3.8/site-packages/airflow/example_dags/example_branch_python_dop_operator_3.py for tasks to queue
[2021-10-24 03:25:56,761] {logging_mixin.py:104} INFO - [2021-10-24 03:25:56,760] {dagbag.py:487} INFO - Filling up the DagBag from /home/airflow/sandbox/lib/python3.8/site-packages/airflow/example_dags/example_branch_python_dop_operator_3.py
[2021-10-24 03:25:56,782] {scheduler_job.py:643} INFO - DAG(s) dict_keys(['example_branch_dop_operator_v3']) retrieved from /home/airflow/sandbox/lib/python3.8/site-packages/airflow/example_dags/example_branch_python_dop_operator_3.py
[2021-10-24 03:25:56,800] {logging_mixin.py:104} INFO - [2021-10-24 03:25:56,800] {dag.py:1832} INFO - Sync 1 DAGs
[2021-10-24 03:25:56,815] {logging_mixin.py:104} INFO - [2021-10-24 03:25:56,815] {dag.py:2305} INFO - Setting next_dagrun for example_branch_dop_operator_v3 to 2021-10-22 00:00:00+00:00
[2021-10-24 03:25:56,830] {scheduler_job.py:190} INFO - Processing /home/airflow/sandbox/lib/python3.8/site-packages/airflow/example_dags/example_branch_python_dop_operator_3.py took 0.076 seconds
[2021-10-24 03:26:35,029] {scheduler_job.py:182} INFO - Started process (PID=8335) to work on /home/airflow/sandbox/lib/python3.8/site-packages/airflow/example_dags/example_branch_python_dop_operator_3.py
[2021-10-24 03:26:35,030] {scheduler_job.py:633} INFO - Processing file /home/airflow/sandbox/lib/python3.8/site-packages/airflow/example_dags/example_branch_python_dop_operator_3.py for tasks to queue
[2021-10-24 03:26:35,031] {logging_mixin.py:104} INFO - [2021-10-24 03:26:35,031] {dagbag.py:487} INFO - Filling up the DagBag from /home/airflow/sandbox/lib/python3.8/site-packages/airflow/example_dags/example_branch_python_dop_operator_3.py
[2021-10-24 03:26:35,051] {scheduler_job.py:643} INFO - DAG(s) dict_keys(['example_branch_dop_operator_v3']) retrieved from /home/airflow/sandbox/lib/python3.8/site-packages/airflow/example_dags/example_branch_python_dop_operator_3.py
[2021-10-24 03:26:35,074] {logging_mixin.py:104} INFO - [2021-10-24 03:26:35,074] {dag.py:1832} INFO - Sync 1 DAGs
[2021-10-24 03:26:35,104] {logging_mixin.py:104} INFO - [2021-10-24 03:26:35,104] {dag.py:2305} INFO - Setting next_dagrun for example_branch_dop_operator_v3 to 2021-10-22 00:00:00+00:00
[2021-10-24 03:26:35,127] {scheduler_job.py:190} INFO - Processing /home/airflow/sandbox/lib/python3.8/site-packages/airflow/example_dags/example_branch_python_dop_operator_3.py took 0.103 seconds
[2021-10-24 03:27:15,473] {scheduler_job.py:182} INFO - Started process (PID=8369) to work on /home/airflow/sandbox/lib/python3.8/site-packages/airflow/example_dags/example_branch_python_dop_operator_3.py
[2021-10-24 03:27:15,474] {scheduler_job.py:633} INFO - Processing file /home/airflow/sandbox/lib/python3.8/site-packages/airflow/example_dags/example_branch_python_dop_operator_3.py for tasks to queue
[2021-10-24 03:27:15,475] {logging_mixin.py:104} INFO - [2021-10-24 03:27:15,475] {dagbag.py:487} INFO - Filling up the DagBag from /home/airflow/sandbox/lib/python3.8/site-packages/airflow/example_dags/example_branch_python_dop_operator_3.py
[2021-10-24 03:27:15,496] {scheduler_job.py:643} INFO - DAG(s) dict_keys(['example_branch_dop_operator_v3']) retrieved from /home/airflow/sandbox/lib/python3.8/site-packages/airflow/example_dags/example_branch_python_dop_operator_3.py
[2021-10-24 03:27:15,518] {logging_mixin.py:104} INFO - [2021-10-24 03:27:15,518] {dag.py:1832} INFO - Sync 1 DAGs
[2021-10-24 03:27:15,549] {logging_mixin.py:104} INFO - [2021-10-24 03:27:15,549] {dag.py:2305} INFO - Setting next_dagrun for example_branch_dop_operator_v3 to 2021-10-22 00:00:00+00:00
[2021-10-24 03:27:15,574] {scheduler_job.py:190} INFO - Processing /home/airflow/sandbox/lib/python3.8/site-packages/airflow/example_dags/example_branch_python_dop_operator_3.py took 0.107 seconds
[2021-10-24 03:27:54,894] {scheduler_job.py:182} INFO - Started process (PID=8404) to work on /home/airflow/sandbox/lib/python3.8/site-packages/airflow/example_dags/example_branch_python_dop_operator_3.py
[2021-10-24 03:27:54,896] {scheduler_job.py:633} INFO - Processing file /home/airflow/sandbox/lib/python3.8/site-packages/airflow/example_dags/example_branch_python_dop_operator_3.py for tasks to queue
[2021-10-24 03:27:54,897] {logging_mixin.py:104} INFO - [2021-10-24 03:27:54,897] {dagbag.py:487} INFO - Filling up the DagBag from /home/airflow/sandbox/lib/python3.8/site-packages/airflow/example_dags/example_branch_python_dop_operator_3.py
[2021-10-24 03:27:54,920] {scheduler_job.py:643} INFO - DAG(s) dict_keys(['example_branch_dop_operator_v3']) retrieved from /home/airflow/sandbox/lib/python3.8/site-packages/airflow/example_dags/example_branch_python_dop_operator_3.py
[2021-10-24 03:27:54,941] {logging_mixin.py:104} INFO - [2021-10-24 03:27:54,941] {dag.py:1832} INFO - Sync 1 DAGs
[2021-10-24 03:27:54,973] {logging_mixin.py:104} INFO - [2021-10-24 03:27:54,972] {dag.py:2305} INFO - Setting next_dagrun for example_branch_dop_operator_v3 to 2021-10-22 00:00:00+00:00
[2021-10-24 03:27:54,996] {scheduler_job.py:190} INFO - Processing /home/airflow/sandbox/lib/python3.8/site-packages/airflow/example_dags/example_branch_python_dop_operator_3.py took 0.106 seconds
[2021-10-24 03:28:33,515] {scheduler_job.py:182} INFO - Started process (PID=8480) to work on /home/airflow/sandbox/lib/python3.8/site-packages/airflow/example_dags/example_branch_python_dop_operator_3.py
[2021-10-24 03:28:33,516] {scheduler_job.py:633} INFO - Processing file /home/airflow/sandbox/lib/python3.8/site-packages/airflow/example_dags/example_branch_python_dop_operator_3.py for tasks to queue
[2021-10-24 03:28:33,517] {logging_mixin.py:104} INFO - [2021-10-24 03:28:33,517] {dagbag.py:487} INFO - Filling up the DagBag from /home/airflow/sandbox/lib/python3.8/site-packages/airflow/example_dags/example_branch_python_dop_operator_3.py
[2021-10-24 03:28:33,539] {scheduler_job.py:643} INFO - DAG(s) dict_keys(['example_branch_dop_operator_v3']) retrieved from /home/airflow/sandbox/lib/python3.8/site-packages/airflow/example_dags/example_branch_python_dop_operator_3.py
[2021-10-24 03:28:33,563] {logging_mixin.py:104} INFO - [2021-10-24 03:28:33,563] {dag.py:1832} INFO - Sync 1 DAGs
[2021-10-24 03:28:33,595] {logging_mixin.py:104} INFO - [2021-10-24 03:28:33,594] {dag.py:2305} INFO - Setting next_dagrun for example_branch_dop_operator_v3 to 2021-10-22 00:00:00+00:00
[2021-10-24 03:28:33,621] {scheduler_job.py:190} INFO - Processing /home/airflow/sandbox/lib/python3.8/site-packages/airflow/example_dags/example_branch_python_dop_operator_3.py took 0.112 seconds
[2021-10-24 03:29:14,249] {scheduler_job.py:182} INFO - Started process (PID=8696) to work on /home/airflow/sandbox/lib/python3.8/site-packages/airflow/example_dags/example_branch_python_dop_operator_3.py
[2021-10-24 03:29:14,251] {scheduler_job.py:633} INFO - Processing file /home/airflow/sandbox/lib/python3.8/site-packages/airflow/example_dags/example_branch_python_dop_operator_3.py for tasks to queue
[2021-10-24 03:29:14,252] {logging_mixin.py:104} INFO - [2021-10-24 03:29:14,252] {dagbag.py:487} INFO - Filling up the DagBag from /home/airflow/sandbox/lib/python3.8/site-packages/airflow/example_dags/example_branch_python_dop_operator_3.py
[2021-10-24 03:29:14,274] {scheduler_job.py:643} INFO - DAG(s) dict_keys(['example_branch_dop_operator_v3']) retrieved from /home/airflow/sandbox/lib/python3.8/site-packages/airflow/example_dags/example_branch_python_dop_operator_3.py
[2021-10-24 03:29:14,296] {logging_mixin.py:104} INFO - [2021-10-24 03:29:14,296] {dag.py:1832} INFO - Sync 1 DAGs
[2021-10-24 03:29:14,322] {logging_mixin.py:104} INFO - [2021-10-24 03:29:14,322] {dag.py:2305} INFO - Setting next_dagrun for example_branch_dop_operator_v3 to 2021-10-22 00:00:00+00:00
[2021-10-24 03:29:14,346] {scheduler_job.py:190} INFO - Processing /home/airflow/sandbox/lib/python3.8/site-packages/airflow/example_dags/example_branch_python_dop_operator_3.py took 0.102 seconds
[2021-10-24 03:29:50,524] {scheduler_job.py:182} INFO - Started process (PID=8847) to work on /home/airflow/sandbox/lib/python3.8/site-packages/airflow/example_dags/example_branch_python_dop_operator_3.py
[2021-10-24 03:29:50,525] {scheduler_job.py:633} INFO - Processing file /home/airflow/sandbox/lib/python3.8/site-packages/airflow/example_dags/example_branch_python_dop_operator_3.py for tasks to queue
[2021-10-24 03:29:50,526] {logging_mixin.py:104} INFO - [2021-10-24 03:29:50,526] {dagbag.py:487} INFO - Filling up the DagBag from /home/airflow/sandbox/lib/python3.8/site-packages/airflow/example_dags/example_branch_python_dop_operator_3.py
[2021-10-24 03:29:50,538] {scheduler_job.py:643} INFO - DAG(s) dict_keys(['example_branch_dop_operator_v3']) retrieved from /home/airflow/sandbox/lib/python3.8/site-packages/airflow/example_dags/example_branch_python_dop_operator_3.py
[2021-10-24 03:29:50,553] {logging_mixin.py:104} INFO - [2021-10-24 03:29:50,553] {dag.py:1832} INFO - Sync 1 DAGs
[2021-10-24 03:29:50,568] {logging_mixin.py:104} INFO - [2021-10-24 03:29:50,568] {dag.py:2305} INFO - Setting next_dagrun for example_branch_dop_operator_v3 to 2021-10-22 00:00:00+00:00
[2021-10-24 03:29:50,584] {scheduler_job.py:190} INFO - Processing /home/airflow/sandbox/lib/python3.8/site-packages/airflow/example_dags/example_branch_python_dop_operator_3.py took 0.064 seconds
[2021-10-24 06:05:42,369] {scheduler_job.py:182} INFO - Started process (PID=9235) to work on /home/airflow/sandbox/lib/python3.8/site-packages/airflow/example_dags/example_branch_python_dop_operator_3.py
[2021-10-24 06:05:42,371] {scheduler_job.py:633} INFO - Processing file /home/airflow/sandbox/lib/python3.8/site-packages/airflow/example_dags/example_branch_python_dop_operator_3.py for tasks to queue
[2021-10-24 06:05:42,372] {logging_mixin.py:104} INFO - [2021-10-24 06:05:42,371] {dagbag.py:487} INFO - Filling up the DagBag from /home/airflow/sandbox/lib/python3.8/site-packages/airflow/example_dags/example_branch_python_dop_operator_3.py
[2021-10-24 06:05:42,393] {scheduler_job.py:643} INFO - DAG(s) dict_keys(['example_branch_dop_operator_v3']) retrieved from /home/airflow/sandbox/lib/python3.8/site-packages/airflow/example_dags/example_branch_python_dop_operator_3.py
[2021-10-24 06:05:42,413] {logging_mixin.py:104} INFO - [2021-10-24 06:05:42,413] {dag.py:1832} INFO - Sync 1 DAGs
[2021-10-24 06:05:42,441] {logging_mixin.py:104} INFO - [2021-10-24 06:05:42,441] {dag.py:2305} INFO - Setting next_dagrun for example_branch_dop_operator_v3 to 2021-10-22 00:00:00+00:00
[2021-10-24 06:05:42,465] {scheduler_job.py:190} INFO - Processing /home/airflow/sandbox/lib/python3.8/site-packages/airflow/example_dags/example_branch_python_dop_operator_3.py took 0.101 seconds
