[2021-10-24 03:08:42,902] {scheduler_job.py:182} INFO - Started process (PID=6329) to work on /home/airflow/sandbox/lib/python3.8/site-packages/airflow/example_dags/example_kubernetes_executor_config.py
[2021-10-24 03:08:42,903] {scheduler_job.py:633} INFO - Processing file /home/airflow/sandbox/lib/python3.8/site-packages/airflow/example_dags/example_kubernetes_executor_config.py for tasks to queue
[2021-10-24 03:08:42,904] {logging_mixin.py:104} INFO - [2021-10-24 03:08:42,904] {dagbag.py:487} INFO - Filling up the DagBag from /home/airflow/sandbox/lib/python3.8/site-packages/airflow/example_dags/example_kubernetes_executor_config.py
[2021-10-24 03:08:42,912] {logging_mixin.py:104} INFO - [2021-10-24 03:08:42,912] {example_kubernetes_executor_config.py:175} WARNING - Could not import DAGs in example_kubernetes_executor_config.py: No module named 'kubernetes'
[2021-10-24 03:08:42,912] {logging_mixin.py:104} INFO - [2021-10-24 03:08:42,912] {example_kubernetes_executor_config.py:176} WARNING - Install kubernetes dependencies with: pip install apache-airflow['cncf.kubernetes']
[2021-10-24 03:08:42,912] {scheduler_job.py:645} WARNING - No viable dags retrieved from /home/airflow/sandbox/lib/python3.8/site-packages/airflow/example_dags/example_kubernetes_executor_config.py
[2021-10-24 03:08:42,926] {scheduler_job.py:190} INFO - Processing /home/airflow/sandbox/lib/python3.8/site-packages/airflow/example_dags/example_kubernetes_executor_config.py took 0.027 seconds
[2021-10-24 03:09:18,939] {scheduler_job.py:182} INFO - Started process (PID=6360) to work on /home/airflow/sandbox/lib/python3.8/site-packages/airflow/example_dags/example_kubernetes_executor_config.py
[2021-10-24 03:09:18,941] {scheduler_job.py:633} INFO - Processing file /home/airflow/sandbox/lib/python3.8/site-packages/airflow/example_dags/example_kubernetes_executor_config.py for tasks to queue
[2021-10-24 03:09:18,942] {logging_mixin.py:104} INFO - [2021-10-24 03:09:18,941] {dagbag.py:487} INFO - Filling up the DagBag from /home/airflow/sandbox/lib/python3.8/site-packages/airflow/example_dags/example_kubernetes_executor_config.py
[2021-10-24 03:09:18,953] {logging_mixin.py:104} INFO - [2021-10-24 03:09:18,953] {example_kubernetes_executor_config.py:175} WARNING - Could not import DAGs in example_kubernetes_executor_config.py: No module named 'kubernetes'
[2021-10-24 03:09:18,954] {logging_mixin.py:104} INFO - [2021-10-24 03:09:18,954] {example_kubernetes_executor_config.py:176} WARNING - Install kubernetes dependencies with: pip install apache-airflow['cncf.kubernetes']
[2021-10-24 03:09:18,954] {scheduler_job.py:645} WARNING - No viable dags retrieved from /home/airflow/sandbox/lib/python3.8/site-packages/airflow/example_dags/example_kubernetes_executor_config.py
[2021-10-24 03:09:18,964] {scheduler_job.py:190} INFO - Processing /home/airflow/sandbox/lib/python3.8/site-packages/airflow/example_dags/example_kubernetes_executor_config.py took 0.030 seconds
[2021-10-24 03:09:53,360] {scheduler_job.py:182} INFO - Started process (PID=6392) to work on /home/airflow/sandbox/lib/python3.8/site-packages/airflow/example_dags/example_kubernetes_executor_config.py
[2021-10-24 03:09:53,361] {scheduler_job.py:633} INFO - Processing file /home/airflow/sandbox/lib/python3.8/site-packages/airflow/example_dags/example_kubernetes_executor_config.py for tasks to queue
[2021-10-24 03:09:53,362] {logging_mixin.py:104} INFO - [2021-10-24 03:09:53,362] {dagbag.py:487} INFO - Filling up the DagBag from /home/airflow/sandbox/lib/python3.8/site-packages/airflow/example_dags/example_kubernetes_executor_config.py
[2021-10-24 03:09:53,373] {logging_mixin.py:104} INFO - [2021-10-24 03:09:53,373] {example_kubernetes_executor_config.py:175} WARNING - Could not import DAGs in example_kubernetes_executor_config.py: No module named 'kubernetes'
[2021-10-24 03:09:53,373] {logging_mixin.py:104} INFO - [2021-10-24 03:09:53,373] {example_kubernetes_executor_config.py:176} WARNING - Install kubernetes dependencies with: pip install apache-airflow['cncf.kubernetes']
[2021-10-24 03:09:53,373] {scheduler_job.py:645} WARNING - No viable dags retrieved from /home/airflow/sandbox/lib/python3.8/site-packages/airflow/example_dags/example_kubernetes_executor_config.py
[2021-10-24 03:09:53,383] {scheduler_job.py:190} INFO - Processing /home/airflow/sandbox/lib/python3.8/site-packages/airflow/example_dags/example_kubernetes_executor_config.py took 0.027 seconds
[2021-10-24 03:10:32,331] {scheduler_job.py:182} INFO - Started process (PID=6472) to work on /home/airflow/sandbox/lib/python3.8/site-packages/airflow/example_dags/example_kubernetes_executor_config.py
[2021-10-24 03:10:32,333] {scheduler_job.py:633} INFO - Processing file /home/airflow/sandbox/lib/python3.8/site-packages/airflow/example_dags/example_kubernetes_executor_config.py for tasks to queue
[2021-10-24 03:10:32,334] {logging_mixin.py:104} INFO - [2021-10-24 03:10:32,334] {dagbag.py:487} INFO - Filling up the DagBag from /home/airflow/sandbox/lib/python3.8/site-packages/airflow/example_dags/example_kubernetes_executor_config.py
[2021-10-24 03:10:32,342] {logging_mixin.py:104} INFO - [2021-10-24 03:10:32,342] {example_kubernetes_executor_config.py:175} WARNING - Could not import DAGs in example_kubernetes_executor_config.py: No module named 'kubernetes'
[2021-10-24 03:10:32,342] {logging_mixin.py:104} INFO - [2021-10-24 03:10:32,342] {example_kubernetes_executor_config.py:176} WARNING - Install kubernetes dependencies with: pip install apache-airflow['cncf.kubernetes']
[2021-10-24 03:10:32,343] {scheduler_job.py:645} WARNING - No viable dags retrieved from /home/airflow/sandbox/lib/python3.8/site-packages/airflow/example_dags/example_kubernetes_executor_config.py
[2021-10-24 03:10:32,355] {scheduler_job.py:190} INFO - Processing /home/airflow/sandbox/lib/python3.8/site-packages/airflow/example_dags/example_kubernetes_executor_config.py took 0.030 seconds
[2021-10-24 03:11:09,091] {scheduler_job.py:182} INFO - Started process (PID=6610) to work on /home/airflow/sandbox/lib/python3.8/site-packages/airflow/example_dags/example_kubernetes_executor_config.py
[2021-10-24 03:11:09,093] {scheduler_job.py:633} INFO - Processing file /home/airflow/sandbox/lib/python3.8/site-packages/airflow/example_dags/example_kubernetes_executor_config.py for tasks to queue
[2021-10-24 03:11:09,094] {logging_mixin.py:104} INFO - [2021-10-24 03:11:09,094] {dagbag.py:487} INFO - Filling up the DagBag from /home/airflow/sandbox/lib/python3.8/site-packages/airflow/example_dags/example_kubernetes_executor_config.py
[2021-10-24 03:11:09,103] {logging_mixin.py:104} INFO - [2021-10-24 03:11:09,103] {example_kubernetes_executor_config.py:175} WARNING - Could not import DAGs in example_kubernetes_executor_config.py: No module named 'kubernetes'
[2021-10-24 03:11:09,103] {logging_mixin.py:104} INFO - [2021-10-24 03:11:09,103] {example_kubernetes_executor_config.py:176} WARNING - Install kubernetes dependencies with: pip install apache-airflow['cncf.kubernetes']
[2021-10-24 03:11:09,104] {scheduler_job.py:645} WARNING - No viable dags retrieved from /home/airflow/sandbox/lib/python3.8/site-packages/airflow/example_dags/example_kubernetes_executor_config.py
[2021-10-24 03:11:09,113] {scheduler_job.py:190} INFO - Processing /home/airflow/sandbox/lib/python3.8/site-packages/airflow/example_dags/example_kubernetes_executor_config.py took 0.026 seconds
[2021-10-24 03:11:46,264] {scheduler_job.py:182} INFO - Started process (PID=6643) to work on /home/airflow/sandbox/lib/python3.8/site-packages/airflow/example_dags/example_kubernetes_executor_config.py
[2021-10-24 03:11:46,265] {scheduler_job.py:633} INFO - Processing file /home/airflow/sandbox/lib/python3.8/site-packages/airflow/example_dags/example_kubernetes_executor_config.py for tasks to queue
[2021-10-24 03:11:46,267] {logging_mixin.py:104} INFO - [2021-10-24 03:11:46,266] {dagbag.py:487} INFO - Filling up the DagBag from /home/airflow/sandbox/lib/python3.8/site-packages/airflow/example_dags/example_kubernetes_executor_config.py
[2021-10-24 03:11:46,275] {logging_mixin.py:104} INFO - [2021-10-24 03:11:46,275] {example_kubernetes_executor_config.py:175} WARNING - Could not import DAGs in example_kubernetes_executor_config.py: No module named 'kubernetes'
[2021-10-24 03:11:46,275] {logging_mixin.py:104} INFO - [2021-10-24 03:11:46,275] {example_kubernetes_executor_config.py:176} WARNING - Install kubernetes dependencies with: pip install apache-airflow['cncf.kubernetes']
[2021-10-24 03:11:46,275] {scheduler_job.py:645} WARNING - No viable dags retrieved from /home/airflow/sandbox/lib/python3.8/site-packages/airflow/example_dags/example_kubernetes_executor_config.py
[2021-10-24 03:11:46,286] {scheduler_job.py:190} INFO - Processing /home/airflow/sandbox/lib/python3.8/site-packages/airflow/example_dags/example_kubernetes_executor_config.py took 0.027 seconds
[2021-10-24 03:12:22,487] {scheduler_job.py:182} INFO - Started process (PID=6701) to work on /home/airflow/sandbox/lib/python3.8/site-packages/airflow/example_dags/example_kubernetes_executor_config.py
[2021-10-24 03:12:22,489] {scheduler_job.py:633} INFO - Processing file /home/airflow/sandbox/lib/python3.8/site-packages/airflow/example_dags/example_kubernetes_executor_config.py for tasks to queue
[2021-10-24 03:12:22,490] {logging_mixin.py:104} INFO - [2021-10-24 03:12:22,490] {dagbag.py:487} INFO - Filling up the DagBag from /home/airflow/sandbox/lib/python3.8/site-packages/airflow/example_dags/example_kubernetes_executor_config.py
[2021-10-24 03:12:22,499] {logging_mixin.py:104} INFO - [2021-10-24 03:12:22,499] {example_kubernetes_executor_config.py:175} WARNING - Could not import DAGs in example_kubernetes_executor_config.py: No module named 'kubernetes'
[2021-10-24 03:12:22,499] {logging_mixin.py:104} INFO - [2021-10-24 03:12:22,499] {example_kubernetes_executor_config.py:176} WARNING - Install kubernetes dependencies with: pip install apache-airflow['cncf.kubernetes']
[2021-10-24 03:12:22,500] {scheduler_job.py:645} WARNING - No viable dags retrieved from /home/airflow/sandbox/lib/python3.8/site-packages/airflow/example_dags/example_kubernetes_executor_config.py
[2021-10-24 03:12:22,510] {scheduler_job.py:190} INFO - Processing /home/airflow/sandbox/lib/python3.8/site-packages/airflow/example_dags/example_kubernetes_executor_config.py took 0.028 seconds
[2021-10-24 03:12:58,007] {scheduler_job.py:182} INFO - Started process (PID=6757) to work on /home/airflow/sandbox/lib/python3.8/site-packages/airflow/example_dags/example_kubernetes_executor_config.py
[2021-10-24 03:12:58,009] {scheduler_job.py:633} INFO - Processing file /home/airflow/sandbox/lib/python3.8/site-packages/airflow/example_dags/example_kubernetes_executor_config.py for tasks to queue
[2021-10-24 03:12:58,010] {logging_mixin.py:104} INFO - [2021-10-24 03:12:58,010] {dagbag.py:487} INFO - Filling up the DagBag from /home/airflow/sandbox/lib/python3.8/site-packages/airflow/example_dags/example_kubernetes_executor_config.py
[2021-10-24 03:12:58,019] {logging_mixin.py:104} INFO - [2021-10-24 03:12:58,018] {example_kubernetes_executor_config.py:175} WARNING - Could not import DAGs in example_kubernetes_executor_config.py: No module named 'kubernetes'
[2021-10-24 03:12:58,019] {logging_mixin.py:104} INFO - [2021-10-24 03:12:58,019] {example_kubernetes_executor_config.py:176} WARNING - Install kubernetes dependencies with: pip install apache-airflow['cncf.kubernetes']
[2021-10-24 03:12:58,019] {scheduler_job.py:645} WARNING - No viable dags retrieved from /home/airflow/sandbox/lib/python3.8/site-packages/airflow/example_dags/example_kubernetes_executor_config.py
[2021-10-24 03:12:58,031] {scheduler_job.py:190} INFO - Processing /home/airflow/sandbox/lib/python3.8/site-packages/airflow/example_dags/example_kubernetes_executor_config.py took 0.028 seconds
[2021-10-24 03:13:31,810] {scheduler_job.py:182} INFO - Started process (PID=6832) to work on /home/airflow/sandbox/lib/python3.8/site-packages/airflow/example_dags/example_kubernetes_executor_config.py
[2021-10-24 03:13:31,812] {scheduler_job.py:633} INFO - Processing file /home/airflow/sandbox/lib/python3.8/site-packages/airflow/example_dags/example_kubernetes_executor_config.py for tasks to queue
[2021-10-24 03:13:31,813] {logging_mixin.py:104} INFO - [2021-10-24 03:13:31,813] {dagbag.py:487} INFO - Filling up the DagBag from /home/airflow/sandbox/lib/python3.8/site-packages/airflow/example_dags/example_kubernetes_executor_config.py
[2021-10-24 03:13:31,822] {logging_mixin.py:104} INFO - [2021-10-24 03:13:31,822] {example_kubernetes_executor_config.py:175} WARNING - Could not import DAGs in example_kubernetes_executor_config.py: No module named 'kubernetes'
[2021-10-24 03:13:31,823] {logging_mixin.py:104} INFO - [2021-10-24 03:13:31,823] {example_kubernetes_executor_config.py:176} WARNING - Install kubernetes dependencies with: pip install apache-airflow['cncf.kubernetes']
[2021-10-24 03:13:31,823] {scheduler_job.py:645} WARNING - No viable dags retrieved from /home/airflow/sandbox/lib/python3.8/site-packages/airflow/example_dags/example_kubernetes_executor_config.py
[2021-10-24 03:13:31,835] {scheduler_job.py:190} INFO - Processing /home/airflow/sandbox/lib/python3.8/site-packages/airflow/example_dags/example_kubernetes_executor_config.py took 0.028 seconds
[2021-10-24 03:14:05,896] {scheduler_job.py:182} INFO - Started process (PID=6863) to work on /home/airflow/sandbox/lib/python3.8/site-packages/airflow/example_dags/example_kubernetes_executor_config.py
[2021-10-24 03:14:05,898] {scheduler_job.py:633} INFO - Processing file /home/airflow/sandbox/lib/python3.8/site-packages/airflow/example_dags/example_kubernetes_executor_config.py for tasks to queue
[2021-10-24 03:14:05,899] {logging_mixin.py:104} INFO - [2021-10-24 03:14:05,899] {dagbag.py:487} INFO - Filling up the DagBag from /home/airflow/sandbox/lib/python3.8/site-packages/airflow/example_dags/example_kubernetes_executor_config.py
[2021-10-24 03:14:05,909] {logging_mixin.py:104} INFO - [2021-10-24 03:14:05,908] {example_kubernetes_executor_config.py:175} WARNING - Could not import DAGs in example_kubernetes_executor_config.py: No module named 'kubernetes'
[2021-10-24 03:14:05,909] {logging_mixin.py:104} INFO - [2021-10-24 03:14:05,909] {example_kubernetes_executor_config.py:176} WARNING - Install kubernetes dependencies with: pip install apache-airflow['cncf.kubernetes']
[2021-10-24 03:14:05,909] {scheduler_job.py:645} WARNING - No viable dags retrieved from /home/airflow/sandbox/lib/python3.8/site-packages/airflow/example_dags/example_kubernetes_executor_config.py
[2021-10-24 03:14:05,919] {scheduler_job.py:190} INFO - Processing /home/airflow/sandbox/lib/python3.8/site-packages/airflow/example_dags/example_kubernetes_executor_config.py took 0.027 seconds
[2021-10-24 03:14:41,793] {scheduler_job.py:182} INFO - Started process (PID=6945) to work on /home/airflow/sandbox/lib/python3.8/site-packages/airflow/example_dags/example_kubernetes_executor_config.py
[2021-10-24 03:14:41,795] {scheduler_job.py:633} INFO - Processing file /home/airflow/sandbox/lib/python3.8/site-packages/airflow/example_dags/example_kubernetes_executor_config.py for tasks to queue
[2021-10-24 03:14:41,795] {logging_mixin.py:104} INFO - [2021-10-24 03:14:41,795] {dagbag.py:487} INFO - Filling up the DagBag from /home/airflow/sandbox/lib/python3.8/site-packages/airflow/example_dags/example_kubernetes_executor_config.py
[2021-10-24 03:14:41,804] {logging_mixin.py:104} INFO - [2021-10-24 03:14:41,804] {example_kubernetes_executor_config.py:175} WARNING - Could not import DAGs in example_kubernetes_executor_config.py: No module named 'kubernetes'
[2021-10-24 03:14:41,804] {logging_mixin.py:104} INFO - [2021-10-24 03:14:41,804] {example_kubernetes_executor_config.py:176} WARNING - Install kubernetes dependencies with: pip install apache-airflow['cncf.kubernetes']
[2021-10-24 03:14:41,804] {scheduler_job.py:645} WARNING - No viable dags retrieved from /home/airflow/sandbox/lib/python3.8/site-packages/airflow/example_dags/example_kubernetes_executor_config.py
[2021-10-24 03:14:41,814] {scheduler_job.py:190} INFO - Processing /home/airflow/sandbox/lib/python3.8/site-packages/airflow/example_dags/example_kubernetes_executor_config.py took 0.026 seconds
[2021-10-24 03:15:21,568] {scheduler_job.py:182} INFO - Started process (PID=7025) to work on /home/airflow/sandbox/lib/python3.8/site-packages/airflow/example_dags/example_kubernetes_executor_config.py
[2021-10-24 03:15:21,569] {scheduler_job.py:633} INFO - Processing file /home/airflow/sandbox/lib/python3.8/site-packages/airflow/example_dags/example_kubernetes_executor_config.py for tasks to queue
[2021-10-24 03:15:21,569] {logging_mixin.py:104} INFO - [2021-10-24 03:15:21,569] {dagbag.py:487} INFO - Filling up the DagBag from /home/airflow/sandbox/lib/python3.8/site-packages/airflow/example_dags/example_kubernetes_executor_config.py
[2021-10-24 03:15:21,577] {logging_mixin.py:104} INFO - [2021-10-24 03:15:21,577] {example_kubernetes_executor_config.py:175} WARNING - Could not import DAGs in example_kubernetes_executor_config.py: No module named 'kubernetes'
[2021-10-24 03:15:21,577] {logging_mixin.py:104} INFO - [2021-10-24 03:15:21,577] {example_kubernetes_executor_config.py:176} WARNING - Install kubernetes dependencies with: pip install apache-airflow['cncf.kubernetes']
[2021-10-24 03:15:21,577] {scheduler_job.py:645} WARNING - No viable dags retrieved from /home/airflow/sandbox/lib/python3.8/site-packages/airflow/example_dags/example_kubernetes_executor_config.py
[2021-10-24 03:15:21,590] {scheduler_job.py:190} INFO - Processing /home/airflow/sandbox/lib/python3.8/site-packages/airflow/example_dags/example_kubernetes_executor_config.py took 0.026 seconds
[2021-10-24 03:16:02,269] {scheduler_job.py:182} INFO - Started process (PID=7090) to work on /home/airflow/sandbox/lib/python3.8/site-packages/airflow/example_dags/example_kubernetes_executor_config.py
[2021-10-24 03:16:02,271] {scheduler_job.py:633} INFO - Processing file /home/airflow/sandbox/lib/python3.8/site-packages/airflow/example_dags/example_kubernetes_executor_config.py for tasks to queue
[2021-10-24 03:16:02,273] {logging_mixin.py:104} INFO - [2021-10-24 03:16:02,272] {dagbag.py:487} INFO - Filling up the DagBag from /home/airflow/sandbox/lib/python3.8/site-packages/airflow/example_dags/example_kubernetes_executor_config.py
[2021-10-24 03:16:02,279] {logging_mixin.py:104} INFO - [2021-10-24 03:16:02,279] {example_kubernetes_executor_config.py:175} WARNING - Could not import DAGs in example_kubernetes_executor_config.py: No module named 'kubernetes'
[2021-10-24 03:16:02,280] {logging_mixin.py:104} INFO - [2021-10-24 03:16:02,280] {example_kubernetes_executor_config.py:176} WARNING - Install kubernetes dependencies with: pip install apache-airflow['cncf.kubernetes']
[2021-10-24 03:16:02,280] {scheduler_job.py:645} WARNING - No viable dags retrieved from /home/airflow/sandbox/lib/python3.8/site-packages/airflow/example_dags/example_kubernetes_executor_config.py
[2021-10-24 03:16:02,290] {scheduler_job.py:190} INFO - Processing /home/airflow/sandbox/lib/python3.8/site-packages/airflow/example_dags/example_kubernetes_executor_config.py took 0.026 seconds
[2021-10-24 03:16:38,847] {scheduler_job.py:182} INFO - Started process (PID=7153) to work on /home/airflow/sandbox/lib/python3.8/site-packages/airflow/example_dags/example_kubernetes_executor_config.py
[2021-10-24 03:16:38,848] {scheduler_job.py:633} INFO - Processing file /home/airflow/sandbox/lib/python3.8/site-packages/airflow/example_dags/example_kubernetes_executor_config.py for tasks to queue
[2021-10-24 03:16:38,848] {logging_mixin.py:104} INFO - [2021-10-24 03:16:38,848] {dagbag.py:487} INFO - Filling up the DagBag from /home/airflow/sandbox/lib/python3.8/site-packages/airflow/example_dags/example_kubernetes_executor_config.py
[2021-10-24 03:16:38,859] {logging_mixin.py:104} INFO - [2021-10-24 03:16:38,858] {example_kubernetes_executor_config.py:175} WARNING - Could not import DAGs in example_kubernetes_executor_config.py: No module named 'kubernetes'
[2021-10-24 03:16:38,859] {logging_mixin.py:104} INFO - [2021-10-24 03:16:38,859] {example_kubernetes_executor_config.py:176} WARNING - Install kubernetes dependencies with: pip install apache-airflow['cncf.kubernetes']
[2021-10-24 03:16:38,859] {scheduler_job.py:645} WARNING - No viable dags retrieved from /home/airflow/sandbox/lib/python3.8/site-packages/airflow/example_dags/example_kubernetes_executor_config.py
[2021-10-24 03:16:38,871] {scheduler_job.py:190} INFO - Processing /home/airflow/sandbox/lib/python3.8/site-packages/airflow/example_dags/example_kubernetes_executor_config.py took 0.029 seconds
[2021-10-24 03:18:06,018] {scheduler_job.py:182} INFO - Started process (PID=7683) to work on /home/airflow/sandbox/lib/python3.8/site-packages/airflow/example_dags/example_kubernetes_executor_config.py
[2021-10-24 03:18:06,019] {scheduler_job.py:633} INFO - Processing file /home/airflow/sandbox/lib/python3.8/site-packages/airflow/example_dags/example_kubernetes_executor_config.py for tasks to queue
[2021-10-24 03:18:06,020] {logging_mixin.py:104} INFO - [2021-10-24 03:18:06,020] {dagbag.py:487} INFO - Filling up the DagBag from /home/airflow/sandbox/lib/python3.8/site-packages/airflow/example_dags/example_kubernetes_executor_config.py
[2021-10-24 03:18:06,031] {logging_mixin.py:104} INFO - [2021-10-24 03:18:06,031] {example_kubernetes_executor_config.py:175} WARNING - Could not import DAGs in example_kubernetes_executor_config.py: No module named 'kubernetes'
[2021-10-24 03:18:06,031] {logging_mixin.py:104} INFO - [2021-10-24 03:18:06,031] {example_kubernetes_executor_config.py:176} WARNING - Install kubernetes dependencies with: pip install apache-airflow['cncf.kubernetes']
[2021-10-24 03:18:06,032] {scheduler_job.py:645} WARNING - No viable dags retrieved from /home/airflow/sandbox/lib/python3.8/site-packages/airflow/example_dags/example_kubernetes_executor_config.py
[2021-10-24 03:18:06,044] {scheduler_job.py:190} INFO - Processing /home/airflow/sandbox/lib/python3.8/site-packages/airflow/example_dags/example_kubernetes_executor_config.py took 0.031 seconds
[2021-10-24 03:18:41,650] {scheduler_job.py:182} INFO - Started process (PID=7804) to work on /home/airflow/sandbox/lib/python3.8/site-packages/airflow/example_dags/example_kubernetes_executor_config.py
[2021-10-24 03:18:41,652] {scheduler_job.py:633} INFO - Processing file /home/airflow/sandbox/lib/python3.8/site-packages/airflow/example_dags/example_kubernetes_executor_config.py for tasks to queue
[2021-10-24 03:18:41,653] {logging_mixin.py:104} INFO - [2021-10-24 03:18:41,653] {dagbag.py:487} INFO - Filling up the DagBag from /home/airflow/sandbox/lib/python3.8/site-packages/airflow/example_dags/example_kubernetes_executor_config.py
[2021-10-24 03:18:41,661] {logging_mixin.py:104} INFO - [2021-10-24 03:18:41,661] {example_kubernetes_executor_config.py:175} WARNING - Could not import DAGs in example_kubernetes_executor_config.py: No module named 'kubernetes'
[2021-10-24 03:18:41,661] {logging_mixin.py:104} INFO - [2021-10-24 03:18:41,661] {example_kubernetes_executor_config.py:176} WARNING - Install kubernetes dependencies with: pip install apache-airflow['cncf.kubernetes']
[2021-10-24 03:18:41,662] {scheduler_job.py:645} WARNING - No viable dags retrieved from /home/airflow/sandbox/lib/python3.8/site-packages/airflow/example_dags/example_kubernetes_executor_config.py
[2021-10-24 03:18:41,672] {scheduler_job.py:190} INFO - Processing /home/airflow/sandbox/lib/python3.8/site-packages/airflow/example_dags/example_kubernetes_executor_config.py took 0.027 seconds
[2021-10-24 03:19:15,406] {scheduler_job.py:182} INFO - Started process (PID=7850) to work on /home/airflow/sandbox/lib/python3.8/site-packages/airflow/example_dags/example_kubernetes_executor_config.py
[2021-10-24 03:19:15,408] {scheduler_job.py:633} INFO - Processing file /home/airflow/sandbox/lib/python3.8/site-packages/airflow/example_dags/example_kubernetes_executor_config.py for tasks to queue
[2021-10-24 03:19:15,409] {logging_mixin.py:104} INFO - [2021-10-24 03:19:15,409] {dagbag.py:487} INFO - Filling up the DagBag from /home/airflow/sandbox/lib/python3.8/site-packages/airflow/example_dags/example_kubernetes_executor_config.py
[2021-10-24 03:19:15,421] {logging_mixin.py:104} INFO - [2021-10-24 03:19:15,420] {example_kubernetes_executor_config.py:175} WARNING - Could not import DAGs in example_kubernetes_executor_config.py: No module named 'kubernetes'
[2021-10-24 03:19:15,421] {logging_mixin.py:104} INFO - [2021-10-24 03:19:15,421] {example_kubernetes_executor_config.py:176} WARNING - Install kubernetes dependencies with: pip install apache-airflow['cncf.kubernetes']
[2021-10-24 03:19:15,421] {scheduler_job.py:645} WARNING - No viable dags retrieved from /home/airflow/sandbox/lib/python3.8/site-packages/airflow/example_dags/example_kubernetes_executor_config.py
[2021-10-24 03:19:15,434] {scheduler_job.py:190} INFO - Processing /home/airflow/sandbox/lib/python3.8/site-packages/airflow/example_dags/example_kubernetes_executor_config.py took 0.033 seconds
[2021-10-24 03:19:53,097] {scheduler_job.py:182} INFO - Started process (PID=7882) to work on /home/airflow/sandbox/lib/python3.8/site-packages/airflow/example_dags/example_kubernetes_executor_config.py
[2021-10-24 03:19:53,099] {scheduler_job.py:633} INFO - Processing file /home/airflow/sandbox/lib/python3.8/site-packages/airflow/example_dags/example_kubernetes_executor_config.py for tasks to queue
[2021-10-24 03:19:53,100] {logging_mixin.py:104} INFO - [2021-10-24 03:19:53,100] {dagbag.py:487} INFO - Filling up the DagBag from /home/airflow/sandbox/lib/python3.8/site-packages/airflow/example_dags/example_kubernetes_executor_config.py
[2021-10-24 03:19:53,110] {logging_mixin.py:104} INFO - [2021-10-24 03:19:53,110] {example_kubernetes_executor_config.py:175} WARNING - Could not import DAGs in example_kubernetes_executor_config.py: No module named 'kubernetes'
[2021-10-24 03:19:53,110] {logging_mixin.py:104} INFO - [2021-10-24 03:19:53,110] {example_kubernetes_executor_config.py:176} WARNING - Install kubernetes dependencies with: pip install apache-airflow['cncf.kubernetes']
[2021-10-24 03:19:53,110] {scheduler_job.py:645} WARNING - No viable dags retrieved from /home/airflow/sandbox/lib/python3.8/site-packages/airflow/example_dags/example_kubernetes_executor_config.py
[2021-10-24 03:19:53,123] {scheduler_job.py:190} INFO - Processing /home/airflow/sandbox/lib/python3.8/site-packages/airflow/example_dags/example_kubernetes_executor_config.py took 0.031 seconds
[2021-10-24 03:20:34,092] {scheduler_job.py:182} INFO - Started process (PID=7916) to work on /home/airflow/sandbox/lib/python3.8/site-packages/airflow/example_dags/example_kubernetes_executor_config.py
[2021-10-24 03:20:34,095] {scheduler_job.py:633} INFO - Processing file /home/airflow/sandbox/lib/python3.8/site-packages/airflow/example_dags/example_kubernetes_executor_config.py for tasks to queue
[2021-10-24 03:20:34,096] {logging_mixin.py:104} INFO - [2021-10-24 03:20:34,096] {dagbag.py:487} INFO - Filling up the DagBag from /home/airflow/sandbox/lib/python3.8/site-packages/airflow/example_dags/example_kubernetes_executor_config.py
[2021-10-24 03:20:34,105] {logging_mixin.py:104} INFO - [2021-10-24 03:20:34,105] {example_kubernetes_executor_config.py:175} WARNING - Could not import DAGs in example_kubernetes_executor_config.py: No module named 'kubernetes'
[2021-10-24 03:20:34,105] {logging_mixin.py:104} INFO - [2021-10-24 03:20:34,105] {example_kubernetes_executor_config.py:176} WARNING - Install kubernetes dependencies with: pip install apache-airflow['cncf.kubernetes']
[2021-10-24 03:20:34,105] {scheduler_job.py:645} WARNING - No viable dags retrieved from /home/airflow/sandbox/lib/python3.8/site-packages/airflow/example_dags/example_kubernetes_executor_config.py
[2021-10-24 03:20:34,112] {scheduler_job.py:190} INFO - Processing /home/airflow/sandbox/lib/python3.8/site-packages/airflow/example_dags/example_kubernetes_executor_config.py took 0.027 seconds
[2021-10-24 03:21:13,200] {scheduler_job.py:182} INFO - Started process (PID=7950) to work on /home/airflow/sandbox/lib/python3.8/site-packages/airflow/example_dags/example_kubernetes_executor_config.py
[2021-10-24 03:21:13,202] {scheduler_job.py:633} INFO - Processing file /home/airflow/sandbox/lib/python3.8/site-packages/airflow/example_dags/example_kubernetes_executor_config.py for tasks to queue
[2021-10-24 03:21:13,203] {logging_mixin.py:104} INFO - [2021-10-24 03:21:13,203] {dagbag.py:487} INFO - Filling up the DagBag from /home/airflow/sandbox/lib/python3.8/site-packages/airflow/example_dags/example_kubernetes_executor_config.py
[2021-10-24 03:21:13,211] {logging_mixin.py:104} INFO - [2021-10-24 03:21:13,210] {example_kubernetes_executor_config.py:175} WARNING - Could not import DAGs in example_kubernetes_executor_config.py: No module named 'kubernetes'
[2021-10-24 03:21:13,211] {logging_mixin.py:104} INFO - [2021-10-24 03:21:13,211] {example_kubernetes_executor_config.py:176} WARNING - Install kubernetes dependencies with: pip install apache-airflow['cncf.kubernetes']
[2021-10-24 03:21:13,211] {scheduler_job.py:645} WARNING - No viable dags retrieved from /home/airflow/sandbox/lib/python3.8/site-packages/airflow/example_dags/example_kubernetes_executor_config.py
[2021-10-24 03:21:13,225] {scheduler_job.py:190} INFO - Processing /home/airflow/sandbox/lib/python3.8/site-packages/airflow/example_dags/example_kubernetes_executor_config.py took 0.030 seconds
[2021-10-24 03:21:51,744] {scheduler_job.py:182} INFO - Started process (PID=8046) to work on /home/airflow/sandbox/lib/python3.8/site-packages/airflow/example_dags/example_kubernetes_executor_config.py
[2021-10-24 03:21:51,745] {scheduler_job.py:633} INFO - Processing file /home/airflow/sandbox/lib/python3.8/site-packages/airflow/example_dags/example_kubernetes_executor_config.py for tasks to queue
[2021-10-24 03:21:51,747] {logging_mixin.py:104} INFO - [2021-10-24 03:21:51,746] {dagbag.py:487} INFO - Filling up the DagBag from /home/airflow/sandbox/lib/python3.8/site-packages/airflow/example_dags/example_kubernetes_executor_config.py
[2021-10-24 03:21:51,756] {logging_mixin.py:104} INFO - [2021-10-24 03:21:51,756] {example_kubernetes_executor_config.py:175} WARNING - Could not import DAGs in example_kubernetes_executor_config.py: No module named 'kubernetes'
[2021-10-24 03:21:51,756] {logging_mixin.py:104} INFO - [2021-10-24 03:21:51,756] {example_kubernetes_executor_config.py:176} WARNING - Install kubernetes dependencies with: pip install apache-airflow['cncf.kubernetes']
[2021-10-24 03:21:51,756] {scheduler_job.py:645} WARNING - No viable dags retrieved from /home/airflow/sandbox/lib/python3.8/site-packages/airflow/example_dags/example_kubernetes_executor_config.py
[2021-10-24 03:21:51,770] {scheduler_job.py:190} INFO - Processing /home/airflow/sandbox/lib/python3.8/site-packages/airflow/example_dags/example_kubernetes_executor_config.py took 0.032 seconds
[2021-10-24 03:22:32,564] {scheduler_job.py:182} INFO - Started process (PID=8081) to work on /home/airflow/sandbox/lib/python3.8/site-packages/airflow/example_dags/example_kubernetes_executor_config.py
[2021-10-24 03:22:32,566] {scheduler_job.py:633} INFO - Processing file /home/airflow/sandbox/lib/python3.8/site-packages/airflow/example_dags/example_kubernetes_executor_config.py for tasks to queue
[2021-10-24 03:22:32,567] {logging_mixin.py:104} INFO - [2021-10-24 03:22:32,567] {dagbag.py:487} INFO - Filling up the DagBag from /home/airflow/sandbox/lib/python3.8/site-packages/airflow/example_dags/example_kubernetes_executor_config.py
[2021-10-24 03:22:32,578] {logging_mixin.py:104} INFO - [2021-10-24 03:22:32,578] {example_kubernetes_executor_config.py:175} WARNING - Could not import DAGs in example_kubernetes_executor_config.py: No module named 'kubernetes'
[2021-10-24 03:22:32,578] {logging_mixin.py:104} INFO - [2021-10-24 03:22:32,578] {example_kubernetes_executor_config.py:176} WARNING - Install kubernetes dependencies with: pip install apache-airflow['cncf.kubernetes']
[2021-10-24 03:22:32,579] {scheduler_job.py:645} WARNING - No viable dags retrieved from /home/airflow/sandbox/lib/python3.8/site-packages/airflow/example_dags/example_kubernetes_executor_config.py
[2021-10-24 03:22:32,591] {scheduler_job.py:190} INFO - Processing /home/airflow/sandbox/lib/python3.8/site-packages/airflow/example_dags/example_kubernetes_executor_config.py took 0.032 seconds
[2021-10-24 03:23:10,823] {scheduler_job.py:182} INFO - Started process (PID=8114) to work on /home/airflow/sandbox/lib/python3.8/site-packages/airflow/example_dags/example_kubernetes_executor_config.py
[2021-10-24 03:23:10,825] {scheduler_job.py:633} INFO - Processing file /home/airflow/sandbox/lib/python3.8/site-packages/airflow/example_dags/example_kubernetes_executor_config.py for tasks to queue
[2021-10-24 03:23:10,826] {logging_mixin.py:104} INFO - [2021-10-24 03:23:10,826] {dagbag.py:487} INFO - Filling up the DagBag from /home/airflow/sandbox/lib/python3.8/site-packages/airflow/example_dags/example_kubernetes_executor_config.py
[2021-10-24 03:23:10,834] {logging_mixin.py:104} INFO - [2021-10-24 03:23:10,834] {example_kubernetes_executor_config.py:175} WARNING - Could not import DAGs in example_kubernetes_executor_config.py: No module named 'kubernetes'
[2021-10-24 03:23:10,835] {logging_mixin.py:104} INFO - [2021-10-24 03:23:10,835] {example_kubernetes_executor_config.py:176} WARNING - Install kubernetes dependencies with: pip install apache-airflow['cncf.kubernetes']
[2021-10-24 03:23:10,835] {scheduler_job.py:645} WARNING - No viable dags retrieved from /home/airflow/sandbox/lib/python3.8/site-packages/airflow/example_dags/example_kubernetes_executor_config.py
[2021-10-24 03:23:10,845] {scheduler_job.py:190} INFO - Processing /home/airflow/sandbox/lib/python3.8/site-packages/airflow/example_dags/example_kubernetes_executor_config.py took 0.028 seconds
[2021-10-24 03:23:46,158] {scheduler_job.py:182} INFO - Started process (PID=8189) to work on /home/airflow/sandbox/lib/python3.8/site-packages/airflow/example_dags/example_kubernetes_executor_config.py
[2021-10-24 03:23:46,159] {scheduler_job.py:633} INFO - Processing file /home/airflow/sandbox/lib/python3.8/site-packages/airflow/example_dags/example_kubernetes_executor_config.py for tasks to queue
[2021-10-24 03:23:46,160] {logging_mixin.py:104} INFO - [2021-10-24 03:23:46,160] {dagbag.py:487} INFO - Filling up the DagBag from /home/airflow/sandbox/lib/python3.8/site-packages/airflow/example_dags/example_kubernetes_executor_config.py
[2021-10-24 03:23:46,169] {logging_mixin.py:104} INFO - [2021-10-24 03:23:46,169] {example_kubernetes_executor_config.py:175} WARNING - Could not import DAGs in example_kubernetes_executor_config.py: No module named 'kubernetes'
[2021-10-24 03:23:46,169] {logging_mixin.py:104} INFO - [2021-10-24 03:23:46,169] {example_kubernetes_executor_config.py:176} WARNING - Install kubernetes dependencies with: pip install apache-airflow['cncf.kubernetes']
[2021-10-24 03:23:46,170] {scheduler_job.py:645} WARNING - No viable dags retrieved from /home/airflow/sandbox/lib/python3.8/site-packages/airflow/example_dags/example_kubernetes_executor_config.py
[2021-10-24 03:23:46,176] {scheduler_job.py:190} INFO - Processing /home/airflow/sandbox/lib/python3.8/site-packages/airflow/example_dags/example_kubernetes_executor_config.py took 0.023 seconds
[2021-10-24 03:24:23,882] {scheduler_job.py:182} INFO - Started process (PID=8222) to work on /home/airflow/sandbox/lib/python3.8/site-packages/airflow/example_dags/example_kubernetes_executor_config.py
[2021-10-24 03:24:23,884] {scheduler_job.py:633} INFO - Processing file /home/airflow/sandbox/lib/python3.8/site-packages/airflow/example_dags/example_kubernetes_executor_config.py for tasks to queue
[2021-10-24 03:24:23,884] {logging_mixin.py:104} INFO - [2021-10-24 03:24:23,884] {dagbag.py:487} INFO - Filling up the DagBag from /home/airflow/sandbox/lib/python3.8/site-packages/airflow/example_dags/example_kubernetes_executor_config.py
[2021-10-24 03:24:23,892] {logging_mixin.py:104} INFO - [2021-10-24 03:24:23,892] {example_kubernetes_executor_config.py:175} WARNING - Could not import DAGs in example_kubernetes_executor_config.py: No module named 'kubernetes'
[2021-10-24 03:24:23,892] {logging_mixin.py:104} INFO - [2021-10-24 03:24:23,892] {example_kubernetes_executor_config.py:176} WARNING - Install kubernetes dependencies with: pip install apache-airflow['cncf.kubernetes']
[2021-10-24 03:24:23,893] {scheduler_job.py:645} WARNING - No viable dags retrieved from /home/airflow/sandbox/lib/python3.8/site-packages/airflow/example_dags/example_kubernetes_executor_config.py
[2021-10-24 03:24:23,904] {scheduler_job.py:190} INFO - Processing /home/airflow/sandbox/lib/python3.8/site-packages/airflow/example_dags/example_kubernetes_executor_config.py took 0.028 seconds
[2021-10-24 03:24:59,472] {scheduler_job.py:182} INFO - Started process (PID=8254) to work on /home/airflow/sandbox/lib/python3.8/site-packages/airflow/example_dags/example_kubernetes_executor_config.py
[2021-10-24 03:24:59,474] {scheduler_job.py:633} INFO - Processing file /home/airflow/sandbox/lib/python3.8/site-packages/airflow/example_dags/example_kubernetes_executor_config.py for tasks to queue
[2021-10-24 03:24:59,475] {logging_mixin.py:104} INFO - [2021-10-24 03:24:59,475] {dagbag.py:487} INFO - Filling up the DagBag from /home/airflow/sandbox/lib/python3.8/site-packages/airflow/example_dags/example_kubernetes_executor_config.py
[2021-10-24 03:24:59,486] {logging_mixin.py:104} INFO - [2021-10-24 03:24:59,486] {example_kubernetes_executor_config.py:175} WARNING - Could not import DAGs in example_kubernetes_executor_config.py: No module named 'kubernetes'
[2021-10-24 03:24:59,486] {logging_mixin.py:104} INFO - [2021-10-24 03:24:59,486] {example_kubernetes_executor_config.py:176} WARNING - Install kubernetes dependencies with: pip install apache-airflow['cncf.kubernetes']
[2021-10-24 03:24:59,487] {scheduler_job.py:645} WARNING - No viable dags retrieved from /home/airflow/sandbox/lib/python3.8/site-packages/airflow/example_dags/example_kubernetes_executor_config.py
[2021-10-24 03:24:59,499] {scheduler_job.py:190} INFO - Processing /home/airflow/sandbox/lib/python3.8/site-packages/airflow/example_dags/example_kubernetes_executor_config.py took 0.032 seconds
[2021-10-24 03:25:40,768] {scheduler_job.py:182} INFO - Started process (PID=8288) to work on /home/airflow/sandbox/lib/python3.8/site-packages/airflow/example_dags/example_kubernetes_executor_config.py
[2021-10-24 03:25:40,770] {scheduler_job.py:633} INFO - Processing file /home/airflow/sandbox/lib/python3.8/site-packages/airflow/example_dags/example_kubernetes_executor_config.py for tasks to queue
[2021-10-24 03:25:40,771] {logging_mixin.py:104} INFO - [2021-10-24 03:25:40,771] {dagbag.py:487} INFO - Filling up the DagBag from /home/airflow/sandbox/lib/python3.8/site-packages/airflow/example_dags/example_kubernetes_executor_config.py
[2021-10-24 03:25:40,782] {logging_mixin.py:104} INFO - [2021-10-24 03:25:40,782] {example_kubernetes_executor_config.py:175} WARNING - Could not import DAGs in example_kubernetes_executor_config.py: No module named 'kubernetes'
[2021-10-24 03:25:40,782] {logging_mixin.py:104} INFO - [2021-10-24 03:25:40,782] {example_kubernetes_executor_config.py:176} WARNING - Install kubernetes dependencies with: pip install apache-airflow['cncf.kubernetes']
[2021-10-24 03:25:40,782] {scheduler_job.py:645} WARNING - No viable dags retrieved from /home/airflow/sandbox/lib/python3.8/site-packages/airflow/example_dags/example_kubernetes_executor_config.py
[2021-10-24 03:25:40,796] {scheduler_job.py:190} INFO - Processing /home/airflow/sandbox/lib/python3.8/site-packages/airflow/example_dags/example_kubernetes_executor_config.py took 0.034 seconds
[2021-10-24 03:26:16,945] {scheduler_job.py:182} INFO - Started process (PID=8319) to work on /home/airflow/sandbox/lib/python3.8/site-packages/airflow/example_dags/example_kubernetes_executor_config.py
[2021-10-24 03:26:16,947] {scheduler_job.py:633} INFO - Processing file /home/airflow/sandbox/lib/python3.8/site-packages/airflow/example_dags/example_kubernetes_executor_config.py for tasks to queue
[2021-10-24 03:26:16,948] {logging_mixin.py:104} INFO - [2021-10-24 03:26:16,948] {dagbag.py:487} INFO - Filling up the DagBag from /home/airflow/sandbox/lib/python3.8/site-packages/airflow/example_dags/example_kubernetes_executor_config.py
[2021-10-24 03:26:16,959] {logging_mixin.py:104} INFO - [2021-10-24 03:26:16,958] {example_kubernetes_executor_config.py:175} WARNING - Could not import DAGs in example_kubernetes_executor_config.py: No module named 'kubernetes'
[2021-10-24 03:26:16,959] {logging_mixin.py:104} INFO - [2021-10-24 03:26:16,959] {example_kubernetes_executor_config.py:176} WARNING - Install kubernetes dependencies with: pip install apache-airflow['cncf.kubernetes']
[2021-10-24 03:26:16,959] {scheduler_job.py:645} WARNING - No viable dags retrieved from /home/airflow/sandbox/lib/python3.8/site-packages/airflow/example_dags/example_kubernetes_executor_config.py
[2021-10-24 03:26:16,972] {scheduler_job.py:190} INFO - Processing /home/airflow/sandbox/lib/python3.8/site-packages/airflow/example_dags/example_kubernetes_executor_config.py took 0.031 seconds
[2021-10-24 03:26:53,039] {scheduler_job.py:182} INFO - Started process (PID=8350) to work on /home/airflow/sandbox/lib/python3.8/site-packages/airflow/example_dags/example_kubernetes_executor_config.py
[2021-10-24 03:26:53,041] {scheduler_job.py:633} INFO - Processing file /home/airflow/sandbox/lib/python3.8/site-packages/airflow/example_dags/example_kubernetes_executor_config.py for tasks to queue
[2021-10-24 03:26:53,041] {logging_mixin.py:104} INFO - [2021-10-24 03:26:53,041] {dagbag.py:487} INFO - Filling up the DagBag from /home/airflow/sandbox/lib/python3.8/site-packages/airflow/example_dags/example_kubernetes_executor_config.py
[2021-10-24 03:26:53,051] {logging_mixin.py:104} INFO - [2021-10-24 03:26:53,051] {example_kubernetes_executor_config.py:175} WARNING - Could not import DAGs in example_kubernetes_executor_config.py: No module named 'kubernetes'
[2021-10-24 03:26:53,051] {logging_mixin.py:104} INFO - [2021-10-24 03:26:53,051] {example_kubernetes_executor_config.py:176} WARNING - Install kubernetes dependencies with: pip install apache-airflow['cncf.kubernetes']
[2021-10-24 03:26:53,051] {scheduler_job.py:645} WARNING - No viable dags retrieved from /home/airflow/sandbox/lib/python3.8/site-packages/airflow/example_dags/example_kubernetes_executor_config.py
[2021-10-24 03:26:53,063] {scheduler_job.py:190} INFO - Processing /home/airflow/sandbox/lib/python3.8/site-packages/airflow/example_dags/example_kubernetes_executor_config.py took 0.031 seconds
[2021-10-24 03:27:29,140] {scheduler_job.py:182} INFO - Started process (PID=8381) to work on /home/airflow/sandbox/lib/python3.8/site-packages/airflow/example_dags/example_kubernetes_executor_config.py
[2021-10-24 03:27:29,142] {scheduler_job.py:633} INFO - Processing file /home/airflow/sandbox/lib/python3.8/site-packages/airflow/example_dags/example_kubernetes_executor_config.py for tasks to queue
[2021-10-24 03:27:29,143] {logging_mixin.py:104} INFO - [2021-10-24 03:27:29,143] {dagbag.py:487} INFO - Filling up the DagBag from /home/airflow/sandbox/lib/python3.8/site-packages/airflow/example_dags/example_kubernetes_executor_config.py
[2021-10-24 03:27:29,153] {logging_mixin.py:104} INFO - [2021-10-24 03:27:29,153] {example_kubernetes_executor_config.py:175} WARNING - Could not import DAGs in example_kubernetes_executor_config.py: No module named 'kubernetes'
[2021-10-24 03:27:29,153] {logging_mixin.py:104} INFO - [2021-10-24 03:27:29,153] {example_kubernetes_executor_config.py:176} WARNING - Install kubernetes dependencies with: pip install apache-airflow['cncf.kubernetes']
[2021-10-24 03:27:29,154] {scheduler_job.py:645} WARNING - No viable dags retrieved from /home/airflow/sandbox/lib/python3.8/site-packages/airflow/example_dags/example_kubernetes_executor_config.py
[2021-10-24 03:27:29,166] {scheduler_job.py:190} INFO - Processing /home/airflow/sandbox/lib/python3.8/site-packages/airflow/example_dags/example_kubernetes_executor_config.py took 0.031 seconds
[2021-10-24 03:28:08,955] {scheduler_job.py:182} INFO - Started process (PID=8415) to work on /home/airflow/sandbox/lib/python3.8/site-packages/airflow/example_dags/example_kubernetes_executor_config.py
[2021-10-24 03:28:08,957] {scheduler_job.py:633} INFO - Processing file /home/airflow/sandbox/lib/python3.8/site-packages/airflow/example_dags/example_kubernetes_executor_config.py for tasks to queue
[2021-10-24 03:28:08,957] {logging_mixin.py:104} INFO - [2021-10-24 03:28:08,957] {dagbag.py:487} INFO - Filling up the DagBag from /home/airflow/sandbox/lib/python3.8/site-packages/airflow/example_dags/example_kubernetes_executor_config.py
[2021-10-24 03:28:08,969] {logging_mixin.py:104} INFO - [2021-10-24 03:28:08,968] {example_kubernetes_executor_config.py:175} WARNING - Could not import DAGs in example_kubernetes_executor_config.py: No module named 'kubernetes'
[2021-10-24 03:28:08,969] {logging_mixin.py:104} INFO - [2021-10-24 03:28:08,969] {example_kubernetes_executor_config.py:176} WARNING - Install kubernetes dependencies with: pip install apache-airflow['cncf.kubernetes']
[2021-10-24 03:28:08,969] {scheduler_job.py:645} WARNING - No viable dags retrieved from /home/airflow/sandbox/lib/python3.8/site-packages/airflow/example_dags/example_kubernetes_executor_config.py
[2021-10-24 03:28:08,982] {scheduler_job.py:190} INFO - Processing /home/airflow/sandbox/lib/python3.8/site-packages/airflow/example_dags/example_kubernetes_executor_config.py took 0.033 seconds
[2021-10-24 03:28:45,121] {scheduler_job.py:182} INFO - Started process (PID=8551) to work on /home/airflow/sandbox/lib/python3.8/site-packages/airflow/example_dags/example_kubernetes_executor_config.py
[2021-10-24 03:28:45,123] {scheduler_job.py:633} INFO - Processing file /home/airflow/sandbox/lib/python3.8/site-packages/airflow/example_dags/example_kubernetes_executor_config.py for tasks to queue
[2021-10-24 03:28:45,123] {logging_mixin.py:104} INFO - [2021-10-24 03:28:45,123] {dagbag.py:487} INFO - Filling up the DagBag from /home/airflow/sandbox/lib/python3.8/site-packages/airflow/example_dags/example_kubernetes_executor_config.py
[2021-10-24 03:28:45,132] {logging_mixin.py:104} INFO - [2021-10-24 03:28:45,132] {example_kubernetes_executor_config.py:175} WARNING - Could not import DAGs in example_kubernetes_executor_config.py: No module named 'kubernetes'
[2021-10-24 03:28:45,133] {logging_mixin.py:104} INFO - [2021-10-24 03:28:45,132] {example_kubernetes_executor_config.py:176} WARNING - Install kubernetes dependencies with: pip install apache-airflow['cncf.kubernetes']
[2021-10-24 03:28:45,133] {scheduler_job.py:645} WARNING - No viable dags retrieved from /home/airflow/sandbox/lib/python3.8/site-packages/airflow/example_dags/example_kubernetes_executor_config.py
[2021-10-24 03:28:45,141] {scheduler_job.py:190} INFO - Processing /home/airflow/sandbox/lib/python3.8/site-packages/airflow/example_dags/example_kubernetes_executor_config.py took 0.026 seconds
[2021-10-24 03:29:22,408] {scheduler_job.py:182} INFO - Started process (PID=8733) to work on /home/airflow/sandbox/lib/python3.8/site-packages/airflow/example_dags/example_kubernetes_executor_config.py
[2021-10-24 03:29:22,410] {scheduler_job.py:633} INFO - Processing file /home/airflow/sandbox/lib/python3.8/site-packages/airflow/example_dags/example_kubernetes_executor_config.py for tasks to queue
[2021-10-24 03:29:22,411] {logging_mixin.py:104} INFO - [2021-10-24 03:29:22,411] {dagbag.py:487} INFO - Filling up the DagBag from /home/airflow/sandbox/lib/python3.8/site-packages/airflow/example_dags/example_kubernetes_executor_config.py
[2021-10-24 03:29:22,422] {logging_mixin.py:104} INFO - [2021-10-24 03:29:22,421] {example_kubernetes_executor_config.py:175} WARNING - Could not import DAGs in example_kubernetes_executor_config.py: No module named 'kubernetes'
[2021-10-24 03:29:22,422] {logging_mixin.py:104} INFO - [2021-10-24 03:29:22,422] {example_kubernetes_executor_config.py:176} WARNING - Install kubernetes dependencies with: pip install apache-airflow['cncf.kubernetes']
[2021-10-24 03:29:22,422] {scheduler_job.py:645} WARNING - No viable dags retrieved from /home/airflow/sandbox/lib/python3.8/site-packages/airflow/example_dags/example_kubernetes_executor_config.py
[2021-10-24 03:29:22,432] {scheduler_job.py:190} INFO - Processing /home/airflow/sandbox/lib/python3.8/site-packages/airflow/example_dags/example_kubernetes_executor_config.py took 0.028 seconds
[2021-10-24 03:30:02,530] {scheduler_job.py:182} INFO - Started process (PID=8863) to work on /home/airflow/sandbox/lib/python3.8/site-packages/airflow/example_dags/example_kubernetes_executor_config.py
[2021-10-24 03:30:02,530] {scheduler_job.py:633} INFO - Processing file /home/airflow/sandbox/lib/python3.8/site-packages/airflow/example_dags/example_kubernetes_executor_config.py for tasks to queue
[2021-10-24 03:30:02,531] {logging_mixin.py:104} INFO - [2021-10-24 03:30:02,531] {dagbag.py:487} INFO - Filling up the DagBag from /home/airflow/sandbox/lib/python3.8/site-packages/airflow/example_dags/example_kubernetes_executor_config.py
[2021-10-24 03:30:02,536] {logging_mixin.py:104} INFO - [2021-10-24 03:30:02,536] {example_kubernetes_executor_config.py:175} WARNING - Could not import DAGs in example_kubernetes_executor_config.py: No module named 'kubernetes'
[2021-10-24 03:30:02,536] {logging_mixin.py:104} INFO - [2021-10-24 03:30:02,536] {example_kubernetes_executor_config.py:176} WARNING - Install kubernetes dependencies with: pip install apache-airflow['cncf.kubernetes']
[2021-10-24 03:30:02,536] {scheduler_job.py:645} WARNING - No viable dags retrieved from /home/airflow/sandbox/lib/python3.8/site-packages/airflow/example_dags/example_kubernetes_executor_config.py
[2021-10-24 03:30:02,541] {scheduler_job.py:190} INFO - Processing /home/airflow/sandbox/lib/python3.8/site-packages/airflow/example_dags/example_kubernetes_executor_config.py took 0.014 seconds
[2021-10-24 06:05:40,568] {scheduler_job.py:182} INFO - Started process (PID=9222) to work on /home/airflow/sandbox/lib/python3.8/site-packages/airflow/example_dags/example_kubernetes_executor_config.py
[2021-10-24 06:05:40,569] {scheduler_job.py:633} INFO - Processing file /home/airflow/sandbox/lib/python3.8/site-packages/airflow/example_dags/example_kubernetes_executor_config.py for tasks to queue
[2021-10-24 06:05:40,570] {logging_mixin.py:104} INFO - [2021-10-24 06:05:40,570] {dagbag.py:487} INFO - Filling up the DagBag from /home/airflow/sandbox/lib/python3.8/site-packages/airflow/example_dags/example_kubernetes_executor_config.py
[2021-10-24 06:05:40,580] {logging_mixin.py:104} INFO - [2021-10-24 06:05:40,580] {example_kubernetes_executor_config.py:175} WARNING - Could not import DAGs in example_kubernetes_executor_config.py: No module named 'kubernetes'
[2021-10-24 06:05:40,580] {logging_mixin.py:104} INFO - [2021-10-24 06:05:40,580] {example_kubernetes_executor_config.py:176} WARNING - Install kubernetes dependencies with: pip install apache-airflow['cncf.kubernetes']
[2021-10-24 06:05:40,580] {scheduler_job.py:645} WARNING - No viable dags retrieved from /home/airflow/sandbox/lib/python3.8/site-packages/airflow/example_dags/example_kubernetes_executor_config.py
[2021-10-24 06:05:40,593] {scheduler_job.py:190} INFO - Processing /home/airflow/sandbox/lib/python3.8/site-packages/airflow/example_dags/example_kubernetes_executor_config.py took 0.031 seconds
