[2021-10-24 03:08:20,497] {scheduler_job.py:182} INFO - Started process (PID=6218) to work on /home/airflow/sandbox/lib/python3.8/site-packages/airflow/example_dags/example_skip_dag.py
[2021-10-24 03:08:20,498] {scheduler_job.py:633} INFO - Processing file /home/airflow/sandbox/lib/python3.8/site-packages/airflow/example_dags/example_skip_dag.py for tasks to queue
[2021-10-24 03:08:20,498] {logging_mixin.py:104} INFO - [2021-10-24 03:08:20,498] {dagbag.py:487} INFO - Filling up the DagBag from /home/airflow/sandbox/lib/python3.8/site-packages/airflow/example_dags/example_skip_dag.py
[2021-10-24 03:08:20,514] {scheduler_job.py:643} INFO - DAG(s) dict_keys(['example_skip_dag']) retrieved from /home/airflow/sandbox/lib/python3.8/site-packages/airflow/example_dags/example_skip_dag.py
[2021-10-24 03:08:20,532] {logging_mixin.py:104} INFO - [2021-10-24 03:08:20,532] {dag.py:1832} INFO - Sync 1 DAGs
[2021-10-24 03:08:20,547] {logging_mixin.py:104} INFO - [2021-10-24 03:08:20,547] {dag.py:2305} INFO - Setting next_dagrun for example_skip_dag to 2021-10-22 00:00:00+00:00
[2021-10-24 03:08:20,565] {scheduler_job.py:190} INFO - Processing /home/airflow/sandbox/lib/python3.8/site-packages/airflow/example_dags/example_skip_dag.py took 0.072 seconds
[2021-10-24 03:08:55,727] {scheduler_job.py:182} INFO - Started process (PID=6340) to work on /home/airflow/sandbox/lib/python3.8/site-packages/airflow/example_dags/example_skip_dag.py
[2021-10-24 03:08:55,729] {scheduler_job.py:633} INFO - Processing file /home/airflow/sandbox/lib/python3.8/site-packages/airflow/example_dags/example_skip_dag.py for tasks to queue
[2021-10-24 03:08:55,730] {logging_mixin.py:104} INFO - [2021-10-24 03:08:55,730] {dagbag.py:487} INFO - Filling up the DagBag from /home/airflow/sandbox/lib/python3.8/site-packages/airflow/example_dags/example_skip_dag.py
[2021-10-24 03:08:55,746] {scheduler_job.py:643} INFO - DAG(s) dict_keys(['example_skip_dag']) retrieved from /home/airflow/sandbox/lib/python3.8/site-packages/airflow/example_dags/example_skip_dag.py
[2021-10-24 03:08:55,766] {logging_mixin.py:104} INFO - [2021-10-24 03:08:55,765] {dag.py:1832} INFO - Sync 1 DAGs
[2021-10-24 03:08:55,783] {logging_mixin.py:104} INFO - [2021-10-24 03:08:55,783] {dag.py:2305} INFO - Setting next_dagrun for example_skip_dag to 2021-10-22 00:00:00+00:00
[2021-10-24 03:08:55,806] {scheduler_job.py:190} INFO - Processing /home/airflow/sandbox/lib/python3.8/site-packages/airflow/example_dags/example_skip_dag.py took 0.084 seconds
[2021-10-24 03:09:31,709] {scheduler_job.py:182} INFO - Started process (PID=6371) to work on /home/airflow/sandbox/lib/python3.8/site-packages/airflow/example_dags/example_skip_dag.py
[2021-10-24 03:09:31,711] {scheduler_job.py:633} INFO - Processing file /home/airflow/sandbox/lib/python3.8/site-packages/airflow/example_dags/example_skip_dag.py for tasks to queue
[2021-10-24 03:09:31,712] {logging_mixin.py:104} INFO - [2021-10-24 03:09:31,712] {dagbag.py:487} INFO - Filling up the DagBag from /home/airflow/sandbox/lib/python3.8/site-packages/airflow/example_dags/example_skip_dag.py
[2021-10-24 03:09:31,729] {scheduler_job.py:643} INFO - DAG(s) dict_keys(['example_skip_dag']) retrieved from /home/airflow/sandbox/lib/python3.8/site-packages/airflow/example_dags/example_skip_dag.py
[2021-10-24 03:09:31,750] {logging_mixin.py:104} INFO - [2021-10-24 03:09:31,750] {dag.py:1832} INFO - Sync 1 DAGs
[2021-10-24 03:09:31,766] {logging_mixin.py:104} INFO - [2021-10-24 03:09:31,766] {dag.py:2305} INFO - Setting next_dagrun for example_skip_dag to 2021-10-22 00:00:00+00:00
[2021-10-24 03:09:31,788] {scheduler_job.py:190} INFO - Processing /home/airflow/sandbox/lib/python3.8/site-packages/airflow/example_dags/example_skip_dag.py took 0.084 seconds
[2021-10-24 03:10:06,438] {scheduler_job.py:182} INFO - Started process (PID=6413) to work on /home/airflow/sandbox/lib/python3.8/site-packages/airflow/example_dags/example_skip_dag.py
[2021-10-24 03:10:06,440] {scheduler_job.py:633} INFO - Processing file /home/airflow/sandbox/lib/python3.8/site-packages/airflow/example_dags/example_skip_dag.py for tasks to queue
[2021-10-24 03:10:06,441] {logging_mixin.py:104} INFO - [2021-10-24 03:10:06,441] {dagbag.py:487} INFO - Filling up the DagBag from /home/airflow/sandbox/lib/python3.8/site-packages/airflow/example_dags/example_skip_dag.py
[2021-10-24 03:10:06,456] {scheduler_job.py:643} INFO - DAG(s) dict_keys(['example_skip_dag']) retrieved from /home/airflow/sandbox/lib/python3.8/site-packages/airflow/example_dags/example_skip_dag.py
[2021-10-24 03:10:06,478] {logging_mixin.py:104} INFO - [2021-10-24 03:10:06,478] {dag.py:1832} INFO - Sync 1 DAGs
[2021-10-24 03:10:06,496] {logging_mixin.py:104} INFO - [2021-10-24 03:10:06,496] {dag.py:2305} INFO - Setting next_dagrun for example_skip_dag to 2021-10-22 00:00:00+00:00
[2021-10-24 03:10:06,517] {scheduler_job.py:190} INFO - Processing /home/airflow/sandbox/lib/python3.8/site-packages/airflow/example_dags/example_skip_dag.py took 0.082 seconds
[2021-10-24 03:10:43,512] {scheduler_job.py:182} INFO - Started process (PID=6526) to work on /home/airflow/sandbox/lib/python3.8/site-packages/airflow/example_dags/example_skip_dag.py
[2021-10-24 03:10:43,514] {scheduler_job.py:633} INFO - Processing file /home/airflow/sandbox/lib/python3.8/site-packages/airflow/example_dags/example_skip_dag.py for tasks to queue
[2021-10-24 03:10:43,515] {logging_mixin.py:104} INFO - [2021-10-24 03:10:43,515] {dagbag.py:487} INFO - Filling up the DagBag from /home/airflow/sandbox/lib/python3.8/site-packages/airflow/example_dags/example_skip_dag.py
[2021-10-24 03:10:43,530] {scheduler_job.py:643} INFO - DAG(s) dict_keys(['example_skip_dag']) retrieved from /home/airflow/sandbox/lib/python3.8/site-packages/airflow/example_dags/example_skip_dag.py
[2021-10-24 03:10:43,555] {logging_mixin.py:104} INFO - [2021-10-24 03:10:43,555] {dag.py:1832} INFO - Sync 1 DAGs
[2021-10-24 03:10:43,572] {logging_mixin.py:104} INFO - [2021-10-24 03:10:43,572] {dag.py:2305} INFO - Setting next_dagrun for example_skip_dag to 2021-10-22 00:00:00+00:00
[2021-10-24 03:10:43,592] {scheduler_job.py:190} INFO - Processing /home/airflow/sandbox/lib/python3.8/site-packages/airflow/example_dags/example_skip_dag.py took 0.085 seconds
[2021-10-24 03:11:20,320] {scheduler_job.py:182} INFO - Started process (PID=6619) to work on /home/airflow/sandbox/lib/python3.8/site-packages/airflow/example_dags/example_skip_dag.py
[2021-10-24 03:11:20,321] {scheduler_job.py:633} INFO - Processing file /home/airflow/sandbox/lib/python3.8/site-packages/airflow/example_dags/example_skip_dag.py for tasks to queue
[2021-10-24 03:11:20,322] {logging_mixin.py:104} INFO - [2021-10-24 03:11:20,322] {dagbag.py:487} INFO - Filling up the DagBag from /home/airflow/sandbox/lib/python3.8/site-packages/airflow/example_dags/example_skip_dag.py
[2021-10-24 03:11:20,348] {scheduler_job.py:643} INFO - DAG(s) dict_keys(['example_skip_dag']) retrieved from /home/airflow/sandbox/lib/python3.8/site-packages/airflow/example_dags/example_skip_dag.py
[2021-10-24 03:11:20,376] {logging_mixin.py:104} INFO - [2021-10-24 03:11:20,375] {dag.py:1832} INFO - Sync 1 DAGs
[2021-10-24 03:11:20,391] {logging_mixin.py:104} INFO - [2021-10-24 03:11:20,391] {dag.py:2305} INFO - Setting next_dagrun for example_skip_dag to 2021-10-22 00:00:00+00:00
[2021-10-24 03:11:20,417] {scheduler_job.py:190} INFO - Processing /home/airflow/sandbox/lib/python3.8/site-packages/airflow/example_dags/example_skip_dag.py took 0.101 seconds
[2021-10-24 03:11:56,359] {scheduler_job.py:182} INFO - Started process (PID=6665) to work on /home/airflow/sandbox/lib/python3.8/site-packages/airflow/example_dags/example_skip_dag.py
[2021-10-24 03:11:56,360] {scheduler_job.py:633} INFO - Processing file /home/airflow/sandbox/lib/python3.8/site-packages/airflow/example_dags/example_skip_dag.py for tasks to queue
[2021-10-24 03:11:56,361] {logging_mixin.py:104} INFO - [2021-10-24 03:11:56,361] {dagbag.py:487} INFO - Filling up the DagBag from /home/airflow/sandbox/lib/python3.8/site-packages/airflow/example_dags/example_skip_dag.py
[2021-10-24 03:11:56,377] {scheduler_job.py:643} INFO - DAG(s) dict_keys(['example_skip_dag']) retrieved from /home/airflow/sandbox/lib/python3.8/site-packages/airflow/example_dags/example_skip_dag.py
[2021-10-24 03:11:56,400] {logging_mixin.py:104} INFO - [2021-10-24 03:11:56,400] {dag.py:1832} INFO - Sync 1 DAGs
[2021-10-24 03:11:56,418] {logging_mixin.py:104} INFO - [2021-10-24 03:11:56,418] {dag.py:2305} INFO - Setting next_dagrun for example_skip_dag to 2021-10-22 00:00:00+00:00
[2021-10-24 03:11:56,436] {scheduler_job.py:190} INFO - Processing /home/airflow/sandbox/lib/python3.8/site-packages/airflow/example_dags/example_skip_dag.py took 0.083 seconds
[2021-10-24 03:12:29,690] {scheduler_job.py:182} INFO - Started process (PID=6708) to work on /home/airflow/sandbox/lib/python3.8/site-packages/airflow/example_dags/example_skip_dag.py
[2021-10-24 03:12:29,691] {scheduler_job.py:633} INFO - Processing file /home/airflow/sandbox/lib/python3.8/site-packages/airflow/example_dags/example_skip_dag.py for tasks to queue
[2021-10-24 03:12:29,692] {logging_mixin.py:104} INFO - [2021-10-24 03:12:29,691] {dagbag.py:487} INFO - Filling up the DagBag from /home/airflow/sandbox/lib/python3.8/site-packages/airflow/example_dags/example_skip_dag.py
[2021-10-24 03:12:29,708] {scheduler_job.py:643} INFO - DAG(s) dict_keys(['example_skip_dag']) retrieved from /home/airflow/sandbox/lib/python3.8/site-packages/airflow/example_dags/example_skip_dag.py
[2021-10-24 03:12:29,731] {logging_mixin.py:104} INFO - [2021-10-24 03:12:29,731] {dag.py:1832} INFO - Sync 1 DAGs
[2021-10-24 03:12:29,748] {logging_mixin.py:104} INFO - [2021-10-24 03:12:29,748] {dag.py:2305} INFO - Setting next_dagrun for example_skip_dag to 2021-10-22 00:00:00+00:00
[2021-10-24 03:12:29,770] {scheduler_job.py:190} INFO - Processing /home/airflow/sandbox/lib/python3.8/site-packages/airflow/example_dags/example_skip_dag.py took 0.084 seconds
[2021-10-24 03:13:04,410] {scheduler_job.py:182} INFO - Started process (PID=6763) to work on /home/airflow/sandbox/lib/python3.8/site-packages/airflow/example_dags/example_skip_dag.py
[2021-10-24 03:13:04,412] {scheduler_job.py:633} INFO - Processing file /home/airflow/sandbox/lib/python3.8/site-packages/airflow/example_dags/example_skip_dag.py for tasks to queue
[2021-10-24 03:13:04,413] {logging_mixin.py:104} INFO - [2021-10-24 03:13:04,412] {dagbag.py:487} INFO - Filling up the DagBag from /home/airflow/sandbox/lib/python3.8/site-packages/airflow/example_dags/example_skip_dag.py
[2021-10-24 03:13:04,428] {scheduler_job.py:643} INFO - DAG(s) dict_keys(['example_skip_dag']) retrieved from /home/airflow/sandbox/lib/python3.8/site-packages/airflow/example_dags/example_skip_dag.py
[2021-10-24 03:13:04,451] {logging_mixin.py:104} INFO - [2021-10-24 03:13:04,451] {dag.py:1832} INFO - Sync 1 DAGs
[2021-10-24 03:13:04,469] {logging_mixin.py:104} INFO - [2021-10-24 03:13:04,468] {dag.py:2305} INFO - Setting next_dagrun for example_skip_dag to 2021-10-22 00:00:00+00:00
[2021-10-24 03:13:04,485] {scheduler_job.py:190} INFO - Processing /home/airflow/sandbox/lib/python3.8/site-packages/airflow/example_dags/example_skip_dag.py took 0.081 seconds
[2021-10-24 03:13:38,109] {scheduler_job.py:182} INFO - Started process (PID=6838) to work on /home/airflow/sandbox/lib/python3.8/site-packages/airflow/example_dags/example_skip_dag.py
[2021-10-24 03:13:38,111] {scheduler_job.py:633} INFO - Processing file /home/airflow/sandbox/lib/python3.8/site-packages/airflow/example_dags/example_skip_dag.py for tasks to queue
[2021-10-24 03:13:38,112] {logging_mixin.py:104} INFO - [2021-10-24 03:13:38,112] {dagbag.py:487} INFO - Filling up the DagBag from /home/airflow/sandbox/lib/python3.8/site-packages/airflow/example_dags/example_skip_dag.py
[2021-10-24 03:13:38,127] {scheduler_job.py:643} INFO - DAG(s) dict_keys(['example_skip_dag']) retrieved from /home/airflow/sandbox/lib/python3.8/site-packages/airflow/example_dags/example_skip_dag.py
[2021-10-24 03:13:38,147] {logging_mixin.py:104} INFO - [2021-10-24 03:13:38,147] {dag.py:1832} INFO - Sync 1 DAGs
[2021-10-24 03:13:38,163] {logging_mixin.py:104} INFO - [2021-10-24 03:13:38,163] {dag.py:2305} INFO - Setting next_dagrun for example_skip_dag to 2021-10-22 00:00:00+00:00
[2021-10-24 03:13:38,185] {scheduler_job.py:190} INFO - Processing /home/airflow/sandbox/lib/python3.8/site-packages/airflow/example_dags/example_skip_dag.py took 0.080 seconds
[2021-10-24 03:14:12,705] {scheduler_job.py:182} INFO - Started process (PID=6869) to work on /home/airflow/sandbox/lib/python3.8/site-packages/airflow/example_dags/example_skip_dag.py
[2021-10-24 03:14:12,706] {scheduler_job.py:633} INFO - Processing file /home/airflow/sandbox/lib/python3.8/site-packages/airflow/example_dags/example_skip_dag.py for tasks to queue
[2021-10-24 03:14:12,707] {logging_mixin.py:104} INFO - [2021-10-24 03:14:12,707] {dagbag.py:487} INFO - Filling up the DagBag from /home/airflow/sandbox/lib/python3.8/site-packages/airflow/example_dags/example_skip_dag.py
[2021-10-24 03:14:12,726] {scheduler_job.py:643} INFO - DAG(s) dict_keys(['example_skip_dag']) retrieved from /home/airflow/sandbox/lib/python3.8/site-packages/airflow/example_dags/example_skip_dag.py
[2021-10-24 03:14:12,745] {logging_mixin.py:104} INFO - [2021-10-24 03:14:12,745] {dag.py:1832} INFO - Sync 1 DAGs
[2021-10-24 03:14:12,764] {logging_mixin.py:104} INFO - [2021-10-24 03:14:12,763] {dag.py:2305} INFO - Setting next_dagrun for example_skip_dag to 2021-10-22 00:00:00+00:00
[2021-10-24 03:14:12,787] {scheduler_job.py:190} INFO - Processing /home/airflow/sandbox/lib/python3.8/site-packages/airflow/example_dags/example_skip_dag.py took 0.086 seconds
[2021-10-24 03:14:46,734] {scheduler_job.py:182} INFO - Started process (PID=6980) to work on /home/airflow/sandbox/lib/python3.8/site-packages/airflow/example_dags/example_skip_dag.py
[2021-10-24 03:14:46,735] {scheduler_job.py:633} INFO - Processing file /home/airflow/sandbox/lib/python3.8/site-packages/airflow/example_dags/example_skip_dag.py for tasks to queue
[2021-10-24 03:14:46,736] {logging_mixin.py:104} INFO - [2021-10-24 03:14:46,735] {dagbag.py:487} INFO - Filling up the DagBag from /home/airflow/sandbox/lib/python3.8/site-packages/airflow/example_dags/example_skip_dag.py
[2021-10-24 03:14:46,751] {scheduler_job.py:643} INFO - DAG(s) dict_keys(['example_skip_dag']) retrieved from /home/airflow/sandbox/lib/python3.8/site-packages/airflow/example_dags/example_skip_dag.py
[2021-10-24 03:14:46,770] {logging_mixin.py:104} INFO - [2021-10-24 03:14:46,769] {dag.py:1832} INFO - Sync 1 DAGs
[2021-10-24 03:14:46,779] {logging_mixin.py:104} INFO - [2021-10-24 03:14:46,779] {dag.py:2305} INFO - Setting next_dagrun for example_skip_dag to 2021-10-22 00:00:00+00:00
[2021-10-24 03:14:46,790] {scheduler_job.py:190} INFO - Processing /home/airflow/sandbox/lib/python3.8/site-packages/airflow/example_dags/example_skip_dag.py took 0.062 seconds
[2021-10-24 03:15:26,675] {scheduler_job.py:182} INFO - Started process (PID=7029) to work on /home/airflow/sandbox/lib/python3.8/site-packages/airflow/example_dags/example_skip_dag.py
[2021-10-24 03:15:26,676] {scheduler_job.py:633} INFO - Processing file /home/airflow/sandbox/lib/python3.8/site-packages/airflow/example_dags/example_skip_dag.py for tasks to queue
[2021-10-24 03:15:26,677] {logging_mixin.py:104} INFO - [2021-10-24 03:15:26,677] {dagbag.py:487} INFO - Filling up the DagBag from /home/airflow/sandbox/lib/python3.8/site-packages/airflow/example_dags/example_skip_dag.py
[2021-10-24 03:15:26,693] {scheduler_job.py:643} INFO - DAG(s) dict_keys(['example_skip_dag']) retrieved from /home/airflow/sandbox/lib/python3.8/site-packages/airflow/example_dags/example_skip_dag.py
[2021-10-24 03:15:26,713] {logging_mixin.py:104} INFO - [2021-10-24 03:15:26,713] {dag.py:1832} INFO - Sync 1 DAGs
[2021-10-24 03:15:26,729] {logging_mixin.py:104} INFO - [2021-10-24 03:15:26,729] {dag.py:2305} INFO - Setting next_dagrun for example_skip_dag to 2021-10-22 00:00:00+00:00
[2021-10-24 03:15:26,753] {scheduler_job.py:190} INFO - Processing /home/airflow/sandbox/lib/python3.8/site-packages/airflow/example_dags/example_skip_dag.py took 0.082 seconds
[2021-10-24 03:16:02,611] {scheduler_job.py:182} INFO - Started process (PID=7091) to work on /home/airflow/sandbox/lib/python3.8/site-packages/airflow/example_dags/example_skip_dag.py
[2021-10-24 03:16:02,612] {scheduler_job.py:633} INFO - Processing file /home/airflow/sandbox/lib/python3.8/site-packages/airflow/example_dags/example_skip_dag.py for tasks to queue
[2021-10-24 03:16:02,613] {logging_mixin.py:104} INFO - [2021-10-24 03:16:02,612] {dagbag.py:487} INFO - Filling up the DagBag from /home/airflow/sandbox/lib/python3.8/site-packages/airflow/example_dags/example_skip_dag.py
[2021-10-24 03:16:02,630] {scheduler_job.py:643} INFO - DAG(s) dict_keys(['example_skip_dag']) retrieved from /home/airflow/sandbox/lib/python3.8/site-packages/airflow/example_dags/example_skip_dag.py
[2021-10-24 03:16:02,653] {logging_mixin.py:104} INFO - [2021-10-24 03:16:02,652] {dag.py:1832} INFO - Sync 1 DAGs
[2021-10-24 03:16:02,670] {logging_mixin.py:104} INFO - [2021-10-24 03:16:02,670] {dag.py:2305} INFO - Setting next_dagrun for example_skip_dag to 2021-10-22 00:00:00+00:00
[2021-10-24 03:16:02,695] {scheduler_job.py:190} INFO - Processing /home/airflow/sandbox/lib/python3.8/site-packages/airflow/example_dags/example_skip_dag.py took 0.090 seconds
[2021-10-24 03:16:35,287] {scheduler_job.py:182} INFO - Started process (PID=7150) to work on /home/airflow/sandbox/lib/python3.8/site-packages/airflow/example_dags/example_skip_dag.py
[2021-10-24 03:16:35,288] {scheduler_job.py:633} INFO - Processing file /home/airflow/sandbox/lib/python3.8/site-packages/airflow/example_dags/example_skip_dag.py for tasks to queue
[2021-10-24 03:16:35,289] {logging_mixin.py:104} INFO - [2021-10-24 03:16:35,289] {dagbag.py:487} INFO - Filling up the DagBag from /home/airflow/sandbox/lib/python3.8/site-packages/airflow/example_dags/example_skip_dag.py
[2021-10-24 03:16:35,305] {scheduler_job.py:643} INFO - DAG(s) dict_keys(['example_skip_dag']) retrieved from /home/airflow/sandbox/lib/python3.8/site-packages/airflow/example_dags/example_skip_dag.py
[2021-10-24 03:16:35,331] {logging_mixin.py:104} INFO - [2021-10-24 03:16:35,331] {dag.py:1832} INFO - Sync 1 DAGs
[2021-10-24 03:16:35,349] {logging_mixin.py:104} INFO - [2021-10-24 03:16:35,349] {dag.py:2305} INFO - Setting next_dagrun for example_skip_dag to 2021-10-22 00:00:00+00:00
[2021-10-24 03:16:35,371] {scheduler_job.py:190} INFO - Processing /home/airflow/sandbox/lib/python3.8/site-packages/airflow/example_dags/example_skip_dag.py took 0.090 seconds
[2021-10-24 03:17:44,919] {scheduler_job.py:182} INFO - Started process (PID=7635) to work on /home/airflow/sandbox/lib/python3.8/site-packages/airflow/example_dags/example_skip_dag.py
[2021-10-24 03:17:44,921] {scheduler_job.py:633} INFO - Processing file /home/airflow/sandbox/lib/python3.8/site-packages/airflow/example_dags/example_skip_dag.py for tasks to queue
[2021-10-24 03:17:44,922] {logging_mixin.py:104} INFO - [2021-10-24 03:17:44,922] {dagbag.py:487} INFO - Filling up the DagBag from /home/airflow/sandbox/lib/python3.8/site-packages/airflow/example_dags/example_skip_dag.py
[2021-10-24 03:17:44,938] {scheduler_job.py:643} INFO - DAG(s) dict_keys(['example_skip_dag']) retrieved from /home/airflow/sandbox/lib/python3.8/site-packages/airflow/example_dags/example_skip_dag.py
[2021-10-24 03:17:44,963] {logging_mixin.py:104} INFO - [2021-10-24 03:17:44,962] {dag.py:1832} INFO - Sync 1 DAGs
[2021-10-24 03:17:44,976] {logging_mixin.py:104} INFO - [2021-10-24 03:17:44,976] {dag.py:2305} INFO - Setting next_dagrun for example_skip_dag to 2021-10-22 00:00:00+00:00
[2021-10-24 03:17:44,998] {scheduler_job.py:190} INFO - Processing /home/airflow/sandbox/lib/python3.8/site-packages/airflow/example_dags/example_skip_dag.py took 0.085 seconds
[2021-10-24 03:18:19,709] {scheduler_job.py:182} INFO - Started process (PID=7740) to work on /home/airflow/sandbox/lib/python3.8/site-packages/airflow/example_dags/example_skip_dag.py
[2021-10-24 03:18:19,711] {scheduler_job.py:633} INFO - Processing file /home/airflow/sandbox/lib/python3.8/site-packages/airflow/example_dags/example_skip_dag.py for tasks to queue
[2021-10-24 03:18:19,712] {logging_mixin.py:104} INFO - [2021-10-24 03:18:19,712] {dagbag.py:487} INFO - Filling up the DagBag from /home/airflow/sandbox/lib/python3.8/site-packages/airflow/example_dags/example_skip_dag.py
[2021-10-24 03:18:19,729] {scheduler_job.py:643} INFO - DAG(s) dict_keys(['example_skip_dag']) retrieved from /home/airflow/sandbox/lib/python3.8/site-packages/airflow/example_dags/example_skip_dag.py
[2021-10-24 03:18:19,752] {logging_mixin.py:104} INFO - [2021-10-24 03:18:19,752] {dag.py:1832} INFO - Sync 1 DAGs
[2021-10-24 03:18:19,770] {logging_mixin.py:104} INFO - [2021-10-24 03:18:19,770] {dag.py:2305} INFO - Setting next_dagrun for example_skip_dag to 2021-10-22 00:00:00+00:00
[2021-10-24 03:18:19,792] {scheduler_job.py:190} INFO - Processing /home/airflow/sandbox/lib/python3.8/site-packages/airflow/example_dags/example_skip_dag.py took 0.088 seconds
[2021-10-24 03:18:56,520] {scheduler_job.py:182} INFO - Started process (PID=7832) to work on /home/airflow/sandbox/lib/python3.8/site-packages/airflow/example_dags/example_skip_dag.py
[2021-10-24 03:18:56,521] {scheduler_job.py:633} INFO - Processing file /home/airflow/sandbox/lib/python3.8/site-packages/airflow/example_dags/example_skip_dag.py for tasks to queue
[2021-10-24 03:18:56,522] {logging_mixin.py:104} INFO - [2021-10-24 03:18:56,521] {dagbag.py:487} INFO - Filling up the DagBag from /home/airflow/sandbox/lib/python3.8/site-packages/airflow/example_dags/example_skip_dag.py
[2021-10-24 03:18:56,539] {scheduler_job.py:643} INFO - DAG(s) dict_keys(['example_skip_dag']) retrieved from /home/airflow/sandbox/lib/python3.8/site-packages/airflow/example_dags/example_skip_dag.py
[2021-10-24 03:18:56,563] {logging_mixin.py:104} INFO - [2021-10-24 03:18:56,563] {dag.py:1832} INFO - Sync 1 DAGs
[2021-10-24 03:18:56,581] {logging_mixin.py:104} INFO - [2021-10-24 03:18:56,581] {dag.py:2305} INFO - Setting next_dagrun for example_skip_dag to 2021-10-22 00:00:00+00:00
[2021-10-24 03:18:56,613] {scheduler_job.py:190} INFO - Processing /home/airflow/sandbox/lib/python3.8/site-packages/airflow/example_dags/example_skip_dag.py took 0.099 seconds
[2021-10-24 03:19:32,140] {scheduler_job.py:182} INFO - Started process (PID=7863) to work on /home/airflow/sandbox/lib/python3.8/site-packages/airflow/example_dags/example_skip_dag.py
[2021-10-24 03:19:32,142] {scheduler_job.py:633} INFO - Processing file /home/airflow/sandbox/lib/python3.8/site-packages/airflow/example_dags/example_skip_dag.py for tasks to queue
[2021-10-24 03:19:32,147] {logging_mixin.py:104} INFO - [2021-10-24 03:19:32,147] {dagbag.py:487} INFO - Filling up the DagBag from /home/airflow/sandbox/lib/python3.8/site-packages/airflow/example_dags/example_skip_dag.py
[2021-10-24 03:19:32,166] {scheduler_job.py:643} INFO - DAG(s) dict_keys(['example_skip_dag']) retrieved from /home/airflow/sandbox/lib/python3.8/site-packages/airflow/example_dags/example_skip_dag.py
[2021-10-24 03:19:32,190] {logging_mixin.py:104} INFO - [2021-10-24 03:19:32,190] {dag.py:1832} INFO - Sync 1 DAGs
[2021-10-24 03:19:32,209] {logging_mixin.py:104} INFO - [2021-10-24 03:19:32,209] {dag.py:2305} INFO - Setting next_dagrun for example_skip_dag to 2021-10-22 00:00:00+00:00
[2021-10-24 03:19:32,230] {scheduler_job.py:190} INFO - Processing /home/airflow/sandbox/lib/python3.8/site-packages/airflow/example_dags/example_skip_dag.py took 0.101 seconds
[2021-10-24 03:20:08,333] {scheduler_job.py:182} INFO - Started process (PID=7894) to work on /home/airflow/sandbox/lib/python3.8/site-packages/airflow/example_dags/example_skip_dag.py
[2021-10-24 03:20:08,334] {scheduler_job.py:633} INFO - Processing file /home/airflow/sandbox/lib/python3.8/site-packages/airflow/example_dags/example_skip_dag.py for tasks to queue
[2021-10-24 03:20:08,335] {logging_mixin.py:104} INFO - [2021-10-24 03:20:08,335] {dagbag.py:487} INFO - Filling up the DagBag from /home/airflow/sandbox/lib/python3.8/site-packages/airflow/example_dags/example_skip_dag.py
[2021-10-24 03:20:08,352] {scheduler_job.py:643} INFO - DAG(s) dict_keys(['example_skip_dag']) retrieved from /home/airflow/sandbox/lib/python3.8/site-packages/airflow/example_dags/example_skip_dag.py
[2021-10-24 03:20:08,378] {logging_mixin.py:104} INFO - [2021-10-24 03:20:08,378] {dag.py:1832} INFO - Sync 1 DAGs
[2021-10-24 03:20:08,394] {logging_mixin.py:104} INFO - [2021-10-24 03:20:08,394] {dag.py:2305} INFO - Setting next_dagrun for example_skip_dag to 2021-10-22 00:00:00+00:00
[2021-10-24 03:20:08,416] {scheduler_job.py:190} INFO - Processing /home/airflow/sandbox/lib/python3.8/site-packages/airflow/example_dags/example_skip_dag.py took 0.088 seconds
[2021-10-24 03:20:41,731] {scheduler_job.py:182} INFO - Started process (PID=7923) to work on /home/airflow/sandbox/lib/python3.8/site-packages/airflow/example_dags/example_skip_dag.py
[2021-10-24 03:20:41,733] {scheduler_job.py:633} INFO - Processing file /home/airflow/sandbox/lib/python3.8/site-packages/airflow/example_dags/example_skip_dag.py for tasks to queue
[2021-10-24 03:20:41,734] {logging_mixin.py:104} INFO - [2021-10-24 03:20:41,734] {dagbag.py:487} INFO - Filling up the DagBag from /home/airflow/sandbox/lib/python3.8/site-packages/airflow/example_dags/example_skip_dag.py
[2021-10-24 03:20:41,751] {scheduler_job.py:643} INFO - DAG(s) dict_keys(['example_skip_dag']) retrieved from /home/airflow/sandbox/lib/python3.8/site-packages/airflow/example_dags/example_skip_dag.py
[2021-10-24 03:20:41,776] {logging_mixin.py:104} INFO - [2021-10-24 03:20:41,776] {dag.py:1832} INFO - Sync 1 DAGs
[2021-10-24 03:20:41,794] {logging_mixin.py:104} INFO - [2021-10-24 03:20:41,794] {dag.py:2305} INFO - Setting next_dagrun for example_skip_dag to 2021-10-22 00:00:00+00:00
[2021-10-24 03:20:41,819] {scheduler_job.py:190} INFO - Processing /home/airflow/sandbox/lib/python3.8/site-packages/airflow/example_dags/example_skip_dag.py took 0.094 seconds
[2021-10-24 03:21:14,954] {scheduler_job.py:182} INFO - Started process (PID=7952) to work on /home/airflow/sandbox/lib/python3.8/site-packages/airflow/example_dags/example_skip_dag.py
[2021-10-24 03:21:14,956] {scheduler_job.py:633} INFO - Processing file /home/airflow/sandbox/lib/python3.8/site-packages/airflow/example_dags/example_skip_dag.py for tasks to queue
[2021-10-24 03:21:14,956] {logging_mixin.py:104} INFO - [2021-10-24 03:21:14,956] {dagbag.py:487} INFO - Filling up the DagBag from /home/airflow/sandbox/lib/python3.8/site-packages/airflow/example_dags/example_skip_dag.py
[2021-10-24 03:21:14,970] {scheduler_job.py:643} INFO - DAG(s) dict_keys(['example_skip_dag']) retrieved from /home/airflow/sandbox/lib/python3.8/site-packages/airflow/example_dags/example_skip_dag.py
[2021-10-24 03:21:14,990] {logging_mixin.py:104} INFO - [2021-10-24 03:21:14,989] {dag.py:1832} INFO - Sync 1 DAGs
[2021-10-24 03:21:15,007] {logging_mixin.py:104} INFO - [2021-10-24 03:21:15,007] {dag.py:2305} INFO - Setting next_dagrun for example_skip_dag to 2021-10-22 00:00:00+00:00
[2021-10-24 03:21:15,032] {scheduler_job.py:190} INFO - Processing /home/airflow/sandbox/lib/python3.8/site-packages/airflow/example_dags/example_skip_dag.py took 0.083 seconds
[2021-10-24 03:21:48,869] {scheduler_job.py:182} INFO - Started process (PID=8043) to work on /home/airflow/sandbox/lib/python3.8/site-packages/airflow/example_dags/example_skip_dag.py
[2021-10-24 03:21:48,870] {scheduler_job.py:633} INFO - Processing file /home/airflow/sandbox/lib/python3.8/site-packages/airflow/example_dags/example_skip_dag.py for tasks to queue
[2021-10-24 03:21:48,871] {logging_mixin.py:104} INFO - [2021-10-24 03:21:48,871] {dagbag.py:487} INFO - Filling up the DagBag from /home/airflow/sandbox/lib/python3.8/site-packages/airflow/example_dags/example_skip_dag.py
[2021-10-24 03:21:48,889] {scheduler_job.py:643} INFO - DAG(s) dict_keys(['example_skip_dag']) retrieved from /home/airflow/sandbox/lib/python3.8/site-packages/airflow/example_dags/example_skip_dag.py
[2021-10-24 03:21:48,914] {logging_mixin.py:104} INFO - [2021-10-24 03:21:48,914] {dag.py:1832} INFO - Sync 1 DAGs
[2021-10-24 03:21:48,931] {logging_mixin.py:104} INFO - [2021-10-24 03:21:48,931] {dag.py:2305} INFO - Setting next_dagrun for example_skip_dag to 2021-10-22 00:00:00+00:00
[2021-10-24 03:21:48,953] {scheduler_job.py:190} INFO - Processing /home/airflow/sandbox/lib/python3.8/site-packages/airflow/example_dags/example_skip_dag.py took 0.090 seconds
[2021-10-24 03:22:26,284] {scheduler_job.py:182} INFO - Started process (PID=8075) to work on /home/airflow/sandbox/lib/python3.8/site-packages/airflow/example_dags/example_skip_dag.py
[2021-10-24 03:22:26,285] {scheduler_job.py:633} INFO - Processing file /home/airflow/sandbox/lib/python3.8/site-packages/airflow/example_dags/example_skip_dag.py for tasks to queue
[2021-10-24 03:22:26,287] {logging_mixin.py:104} INFO - [2021-10-24 03:22:26,287] {dagbag.py:487} INFO - Filling up the DagBag from /home/airflow/sandbox/lib/python3.8/site-packages/airflow/example_dags/example_skip_dag.py
[2021-10-24 03:22:26,301] {scheduler_job.py:643} INFO - DAG(s) dict_keys(['example_skip_dag']) retrieved from /home/airflow/sandbox/lib/python3.8/site-packages/airflow/example_dags/example_skip_dag.py
[2021-10-24 03:22:26,326] {logging_mixin.py:104} INFO - [2021-10-24 03:22:26,325] {dag.py:1832} INFO - Sync 1 DAGs
[2021-10-24 03:22:26,341] {logging_mixin.py:104} INFO - [2021-10-24 03:22:26,341] {dag.py:2305} INFO - Setting next_dagrun for example_skip_dag to 2021-10-22 00:00:00+00:00
[2021-10-24 03:22:26,367] {scheduler_job.py:190} INFO - Processing /home/airflow/sandbox/lib/python3.8/site-packages/airflow/example_dags/example_skip_dag.py took 0.088 seconds
[2021-10-24 03:23:00,675] {scheduler_job.py:182} INFO - Started process (PID=8105) to work on /home/airflow/sandbox/lib/python3.8/site-packages/airflow/example_dags/example_skip_dag.py
[2021-10-24 03:23:00,677] {scheduler_job.py:633} INFO - Processing file /home/airflow/sandbox/lib/python3.8/site-packages/airflow/example_dags/example_skip_dag.py for tasks to queue
[2021-10-24 03:23:00,677] {logging_mixin.py:104} INFO - [2021-10-24 03:23:00,677] {dagbag.py:487} INFO - Filling up the DagBag from /home/airflow/sandbox/lib/python3.8/site-packages/airflow/example_dags/example_skip_dag.py
[2021-10-24 03:23:00,694] {scheduler_job.py:643} INFO - DAG(s) dict_keys(['example_skip_dag']) retrieved from /home/airflow/sandbox/lib/python3.8/site-packages/airflow/example_dags/example_skip_dag.py
[2021-10-24 03:23:00,718] {logging_mixin.py:104} INFO - [2021-10-24 03:23:00,718] {dag.py:1832} INFO - Sync 1 DAGs
[2021-10-24 03:23:00,732] {logging_mixin.py:104} INFO - [2021-10-24 03:23:00,732] {dag.py:2305} INFO - Setting next_dagrun for example_skip_dag to 2021-10-22 00:00:00+00:00
[2021-10-24 03:23:00,751] {scheduler_job.py:190} INFO - Processing /home/airflow/sandbox/lib/python3.8/site-packages/airflow/example_dags/example_skip_dag.py took 0.081 seconds
[2021-10-24 03:23:35,538] {scheduler_job.py:182} INFO - Started process (PID=8179) to work on /home/airflow/sandbox/lib/python3.8/site-packages/airflow/example_dags/example_skip_dag.py
[2021-10-24 03:23:35,540] {scheduler_job.py:633} INFO - Processing file /home/airflow/sandbox/lib/python3.8/site-packages/airflow/example_dags/example_skip_dag.py for tasks to queue
[2021-10-24 03:23:35,541] {logging_mixin.py:104} INFO - [2021-10-24 03:23:35,541] {dagbag.py:487} INFO - Filling up the DagBag from /home/airflow/sandbox/lib/python3.8/site-packages/airflow/example_dags/example_skip_dag.py
[2021-10-24 03:23:35,558] {scheduler_job.py:643} INFO - DAG(s) dict_keys(['example_skip_dag']) retrieved from /home/airflow/sandbox/lib/python3.8/site-packages/airflow/example_dags/example_skip_dag.py
[2021-10-24 03:23:35,582] {logging_mixin.py:104} INFO - [2021-10-24 03:23:35,582] {dag.py:1832} INFO - Sync 1 DAGs
[2021-10-24 03:23:35,600] {logging_mixin.py:104} INFO - [2021-10-24 03:23:35,599] {dag.py:2305} INFO - Setting next_dagrun for example_skip_dag to 2021-10-22 00:00:00+00:00
[2021-10-24 03:23:35,623] {scheduler_job.py:190} INFO - Processing /home/airflow/sandbox/lib/python3.8/site-packages/airflow/example_dags/example_skip_dag.py took 0.091 seconds
[2021-10-24 03:24:07,090] {scheduler_job.py:182} INFO - Started process (PID=8209) to work on /home/airflow/sandbox/lib/python3.8/site-packages/airflow/example_dags/example_skip_dag.py
[2021-10-24 03:24:07,092] {scheduler_job.py:633} INFO - Processing file /home/airflow/sandbox/lib/python3.8/site-packages/airflow/example_dags/example_skip_dag.py for tasks to queue
[2021-10-24 03:24:07,093] {logging_mixin.py:104} INFO - [2021-10-24 03:24:07,093] {dagbag.py:487} INFO - Filling up the DagBag from /home/airflow/sandbox/lib/python3.8/site-packages/airflow/example_dags/example_skip_dag.py
[2021-10-24 03:24:07,109] {scheduler_job.py:643} INFO - DAG(s) dict_keys(['example_skip_dag']) retrieved from /home/airflow/sandbox/lib/python3.8/site-packages/airflow/example_dags/example_skip_dag.py
[2021-10-24 03:24:07,132] {logging_mixin.py:104} INFO - [2021-10-24 03:24:07,132] {dag.py:1832} INFO - Sync 1 DAGs
[2021-10-24 03:24:07,151] {logging_mixin.py:104} INFO - [2021-10-24 03:24:07,150] {dag.py:2305} INFO - Setting next_dagrun for example_skip_dag to 2021-10-22 00:00:00+00:00
[2021-10-24 03:24:07,174] {scheduler_job.py:190} INFO - Processing /home/airflow/sandbox/lib/python3.8/site-packages/airflow/example_dags/example_skip_dag.py took 0.090 seconds
[2021-10-24 03:24:42,562] {scheduler_job.py:182} INFO - Started process (PID=8239) to work on /home/airflow/sandbox/lib/python3.8/site-packages/airflow/example_dags/example_skip_dag.py
[2021-10-24 03:24:42,564] {scheduler_job.py:633} INFO - Processing file /home/airflow/sandbox/lib/python3.8/site-packages/airflow/example_dags/example_skip_dag.py for tasks to queue
[2021-10-24 03:24:42,565] {logging_mixin.py:104} INFO - [2021-10-24 03:24:42,565] {dagbag.py:487} INFO - Filling up the DagBag from /home/airflow/sandbox/lib/python3.8/site-packages/airflow/example_dags/example_skip_dag.py
[2021-10-24 03:24:42,581] {scheduler_job.py:643} INFO - DAG(s) dict_keys(['example_skip_dag']) retrieved from /home/airflow/sandbox/lib/python3.8/site-packages/airflow/example_dags/example_skip_dag.py
[2021-10-24 03:24:42,605] {logging_mixin.py:104} INFO - [2021-10-24 03:24:42,605] {dag.py:1832} INFO - Sync 1 DAGs
[2021-10-24 03:24:42,620] {logging_mixin.py:104} INFO - [2021-10-24 03:24:42,620] {dag.py:2305} INFO - Setting next_dagrun for example_skip_dag to 2021-10-22 00:00:00+00:00
[2021-10-24 03:24:42,644] {scheduler_job.py:190} INFO - Processing /home/airflow/sandbox/lib/python3.8/site-packages/airflow/example_dags/example_skip_dag.py took 0.087 seconds
[2021-10-24 03:25:16,281] {scheduler_job.py:182} INFO - Started process (PID=8268) to work on /home/airflow/sandbox/lib/python3.8/site-packages/airflow/example_dags/example_skip_dag.py
[2021-10-24 03:25:16,282] {scheduler_job.py:633} INFO - Processing file /home/airflow/sandbox/lib/python3.8/site-packages/airflow/example_dags/example_skip_dag.py for tasks to queue
[2021-10-24 03:25:16,283] {logging_mixin.py:104} INFO - [2021-10-24 03:25:16,283] {dagbag.py:487} INFO - Filling up the DagBag from /home/airflow/sandbox/lib/python3.8/site-packages/airflow/example_dags/example_skip_dag.py
[2021-10-24 03:25:16,290] {scheduler_job.py:643} INFO - DAG(s) dict_keys(['example_skip_dag']) retrieved from /home/airflow/sandbox/lib/python3.8/site-packages/airflow/example_dags/example_skip_dag.py
[2021-10-24 03:25:16,300] {logging_mixin.py:104} INFO - [2021-10-24 03:25:16,300] {dag.py:1832} INFO - Sync 1 DAGs
[2021-10-24 03:25:16,308] {logging_mixin.py:104} INFO - [2021-10-24 03:25:16,308] {dag.py:2305} INFO - Setting next_dagrun for example_skip_dag to 2021-10-22 00:00:00+00:00
[2021-10-24 03:25:16,320] {scheduler_job.py:190} INFO - Processing /home/airflow/sandbox/lib/python3.8/site-packages/airflow/example_dags/example_skip_dag.py took 0.041 seconds
[2021-10-24 03:25:54,369] {scheduler_job.py:182} INFO - Started process (PID=8299) to work on /home/airflow/sandbox/lib/python3.8/site-packages/airflow/example_dags/example_skip_dag.py
[2021-10-24 03:25:54,370] {scheduler_job.py:633} INFO - Processing file /home/airflow/sandbox/lib/python3.8/site-packages/airflow/example_dags/example_skip_dag.py for tasks to queue
[2021-10-24 03:25:54,371] {logging_mixin.py:104} INFO - [2021-10-24 03:25:54,371] {dagbag.py:487} INFO - Filling up the DagBag from /home/airflow/sandbox/lib/python3.8/site-packages/airflow/example_dags/example_skip_dag.py
[2021-10-24 03:25:54,387] {scheduler_job.py:643} INFO - DAG(s) dict_keys(['example_skip_dag']) retrieved from /home/airflow/sandbox/lib/python3.8/site-packages/airflow/example_dags/example_skip_dag.py
[2021-10-24 03:25:54,411] {logging_mixin.py:104} INFO - [2021-10-24 03:25:54,411] {dag.py:1832} INFO - Sync 1 DAGs
[2021-10-24 03:25:54,429] {logging_mixin.py:104} INFO - [2021-10-24 03:25:54,429] {dag.py:2305} INFO - Setting next_dagrun for example_skip_dag to 2021-10-22 00:00:00+00:00
[2021-10-24 03:25:54,453] {scheduler_job.py:190} INFO - Processing /home/airflow/sandbox/lib/python3.8/site-packages/airflow/example_dags/example_skip_dag.py took 0.088 seconds
[2021-10-24 03:26:28,699] {scheduler_job.py:182} INFO - Started process (PID=8329) to work on /home/airflow/sandbox/lib/python3.8/site-packages/airflow/example_dags/example_skip_dag.py
[2021-10-24 03:26:28,700] {scheduler_job.py:633} INFO - Processing file /home/airflow/sandbox/lib/python3.8/site-packages/airflow/example_dags/example_skip_dag.py for tasks to queue
[2021-10-24 03:26:28,701] {logging_mixin.py:104} INFO - [2021-10-24 03:26:28,701] {dagbag.py:487} INFO - Filling up the DagBag from /home/airflow/sandbox/lib/python3.8/site-packages/airflow/example_dags/example_skip_dag.py
[2021-10-24 03:26:28,720] {scheduler_job.py:643} INFO - DAG(s) dict_keys(['example_skip_dag']) retrieved from /home/airflow/sandbox/lib/python3.8/site-packages/airflow/example_dags/example_skip_dag.py
[2021-10-24 03:26:28,743] {logging_mixin.py:104} INFO - [2021-10-24 03:26:28,743] {dag.py:1832} INFO - Sync 1 DAGs
[2021-10-24 03:26:28,765] {logging_mixin.py:104} INFO - [2021-10-24 03:26:28,764] {dag.py:2305} INFO - Setting next_dagrun for example_skip_dag to 2021-10-22 00:00:00+00:00
[2021-10-24 03:26:28,785] {scheduler_job.py:190} INFO - Processing /home/airflow/sandbox/lib/python3.8/site-packages/airflow/example_dags/example_skip_dag.py took 0.090 seconds
[2021-10-24 03:27:07,349] {scheduler_job.py:182} INFO - Started process (PID=8361) to work on /home/airflow/sandbox/lib/python3.8/site-packages/airflow/example_dags/example_skip_dag.py
[2021-10-24 03:27:07,350] {scheduler_job.py:633} INFO - Processing file /home/airflow/sandbox/lib/python3.8/site-packages/airflow/example_dags/example_skip_dag.py for tasks to queue
[2021-10-24 03:27:07,350] {logging_mixin.py:104} INFO - [2021-10-24 03:27:07,350] {dagbag.py:487} INFO - Filling up the DagBag from /home/airflow/sandbox/lib/python3.8/site-packages/airflow/example_dags/example_skip_dag.py
[2021-10-24 03:27:07,357] {scheduler_job.py:643} INFO - DAG(s) dict_keys(['example_skip_dag']) retrieved from /home/airflow/sandbox/lib/python3.8/site-packages/airflow/example_dags/example_skip_dag.py
[2021-10-24 03:27:07,368] {logging_mixin.py:104} INFO - [2021-10-24 03:27:07,368] {dag.py:1832} INFO - Sync 1 DAGs
[2021-10-24 03:27:07,385] {logging_mixin.py:104} INFO - [2021-10-24 03:27:07,385] {dag.py:2305} INFO - Setting next_dagrun for example_skip_dag to 2021-10-22 00:00:00+00:00
[2021-10-24 03:27:07,406] {scheduler_job.py:190} INFO - Processing /home/airflow/sandbox/lib/python3.8/site-packages/airflow/example_dags/example_skip_dag.py took 0.059 seconds
[2021-10-24 03:27:41,675] {scheduler_job.py:182} INFO - Started process (PID=8393) to work on /home/airflow/sandbox/lib/python3.8/site-packages/airflow/example_dags/example_skip_dag.py
[2021-10-24 03:27:41,677] {scheduler_job.py:633} INFO - Processing file /home/airflow/sandbox/lib/python3.8/site-packages/airflow/example_dags/example_skip_dag.py for tasks to queue
[2021-10-24 03:27:41,678] {logging_mixin.py:104} INFO - [2021-10-24 03:27:41,678] {dagbag.py:487} INFO - Filling up the DagBag from /home/airflow/sandbox/lib/python3.8/site-packages/airflow/example_dags/example_skip_dag.py
[2021-10-24 03:27:41,696] {scheduler_job.py:643} INFO - DAG(s) dict_keys(['example_skip_dag']) retrieved from /home/airflow/sandbox/lib/python3.8/site-packages/airflow/example_dags/example_skip_dag.py
[2021-10-24 03:27:41,719] {logging_mixin.py:104} INFO - [2021-10-24 03:27:41,718] {dag.py:1832} INFO - Sync 1 DAGs
[2021-10-24 03:27:41,739] {logging_mixin.py:104} INFO - [2021-10-24 03:27:41,739] {dag.py:2305} INFO - Setting next_dagrun for example_skip_dag to 2021-10-22 00:00:00+00:00
[2021-10-24 03:27:41,764] {scheduler_job.py:190} INFO - Processing /home/airflow/sandbox/lib/python3.8/site-packages/airflow/example_dags/example_skip_dag.py took 0.094 seconds
[2021-10-24 03:28:19,510] {scheduler_job.py:182} INFO - Started process (PID=8468) to work on /home/airflow/sandbox/lib/python3.8/site-packages/airflow/example_dags/example_skip_dag.py
[2021-10-24 03:28:19,512] {scheduler_job.py:633} INFO - Processing file /home/airflow/sandbox/lib/python3.8/site-packages/airflow/example_dags/example_skip_dag.py for tasks to queue
[2021-10-24 03:28:19,513] {logging_mixin.py:104} INFO - [2021-10-24 03:28:19,512] {dagbag.py:487} INFO - Filling up the DagBag from /home/airflow/sandbox/lib/python3.8/site-packages/airflow/example_dags/example_skip_dag.py
[2021-10-24 03:28:19,530] {scheduler_job.py:643} INFO - DAG(s) dict_keys(['example_skip_dag']) retrieved from /home/airflow/sandbox/lib/python3.8/site-packages/airflow/example_dags/example_skip_dag.py
[2021-10-24 03:28:19,555] {logging_mixin.py:104} INFO - [2021-10-24 03:28:19,555] {dag.py:1832} INFO - Sync 1 DAGs
[2021-10-24 03:28:19,573] {logging_mixin.py:104} INFO - [2021-10-24 03:28:19,572] {dag.py:2305} INFO - Setting next_dagrun for example_skip_dag to 2021-10-22 00:00:00+00:00
[2021-10-24 03:28:19,595] {scheduler_job.py:190} INFO - Processing /home/airflow/sandbox/lib/python3.8/site-packages/airflow/example_dags/example_skip_dag.py took 0.089 seconds
[2021-10-24 03:28:53,446] {scheduler_job.py:182} INFO - Started process (PID=8558) to work on /home/airflow/sandbox/lib/python3.8/site-packages/airflow/example_dags/example_skip_dag.py
[2021-10-24 03:28:53,447] {scheduler_job.py:633} INFO - Processing file /home/airflow/sandbox/lib/python3.8/site-packages/airflow/example_dags/example_skip_dag.py for tasks to queue
[2021-10-24 03:28:53,447] {logging_mixin.py:104} INFO - [2021-10-24 03:28:53,447] {dagbag.py:487} INFO - Filling up the DagBag from /home/airflow/sandbox/lib/python3.8/site-packages/airflow/example_dags/example_skip_dag.py
[2021-10-24 03:28:53,462] {scheduler_job.py:643} INFO - DAG(s) dict_keys(['example_skip_dag']) retrieved from /home/airflow/sandbox/lib/python3.8/site-packages/airflow/example_dags/example_skip_dag.py
[2021-10-24 03:28:53,480] {logging_mixin.py:104} INFO - [2021-10-24 03:28:53,480] {dag.py:1832} INFO - Sync 1 DAGs
[2021-10-24 03:28:53,495] {logging_mixin.py:104} INFO - [2021-10-24 03:28:53,495] {dag.py:2305} INFO - Setting next_dagrun for example_skip_dag to 2021-10-22 00:00:00+00:00
[2021-10-24 03:28:53,516] {scheduler_job.py:190} INFO - Processing /home/airflow/sandbox/lib/python3.8/site-packages/airflow/example_dags/example_skip_dag.py took 0.074 seconds
[2021-10-24 03:29:29,833] {scheduler_job.py:182} INFO - Started process (PID=8769) to work on /home/airflow/sandbox/lib/python3.8/site-packages/airflow/example_dags/example_skip_dag.py
[2021-10-24 03:29:29,834] {scheduler_job.py:633} INFO - Processing file /home/airflow/sandbox/lib/python3.8/site-packages/airflow/example_dags/example_skip_dag.py for tasks to queue
[2021-10-24 03:29:29,835] {logging_mixin.py:104} INFO - [2021-10-24 03:29:29,835] {dagbag.py:487} INFO - Filling up the DagBag from /home/airflow/sandbox/lib/python3.8/site-packages/airflow/example_dags/example_skip_dag.py
[2021-10-24 03:29:29,851] {scheduler_job.py:643} INFO - DAG(s) dict_keys(['example_skip_dag']) retrieved from /home/airflow/sandbox/lib/python3.8/site-packages/airflow/example_dags/example_skip_dag.py
[2021-10-24 03:29:29,875] {logging_mixin.py:104} INFO - [2021-10-24 03:29:29,875] {dag.py:1832} INFO - Sync 1 DAGs
[2021-10-24 03:29:29,888] {logging_mixin.py:104} INFO - [2021-10-24 03:29:29,888] {dag.py:2305} INFO - Setting next_dagrun for example_skip_dag to 2021-10-22 00:00:00+00:00
[2021-10-24 03:29:29,910] {scheduler_job.py:190} INFO - Processing /home/airflow/sandbox/lib/python3.8/site-packages/airflow/example_dags/example_skip_dag.py took 0.082 seconds
[2021-10-24 03:30:04,794] {scheduler_job.py:182} INFO - Started process (PID=8865) to work on /home/airflow/sandbox/lib/python3.8/site-packages/airflow/example_dags/example_skip_dag.py
[2021-10-24 03:30:04,795] {scheduler_job.py:633} INFO - Processing file /home/airflow/sandbox/lib/python3.8/site-packages/airflow/example_dags/example_skip_dag.py for tasks to queue
[2021-10-24 03:30:04,796] {logging_mixin.py:104} INFO - [2021-10-24 03:30:04,796] {dagbag.py:487} INFO - Filling up the DagBag from /home/airflow/sandbox/lib/python3.8/site-packages/airflow/example_dags/example_skip_dag.py
[2021-10-24 03:30:04,803] {scheduler_job.py:643} INFO - DAG(s) dict_keys(['example_skip_dag']) retrieved from /home/airflow/sandbox/lib/python3.8/site-packages/airflow/example_dags/example_skip_dag.py
[2021-10-24 03:30:04,814] {logging_mixin.py:104} INFO - [2021-10-24 03:30:04,814] {dag.py:1832} INFO - Sync 1 DAGs
[2021-10-24 03:30:04,821] {logging_mixin.py:104} INFO - [2021-10-24 03:30:04,821] {dag.py:2305} INFO - Setting next_dagrun for example_skip_dag to 2021-10-22 00:00:00+00:00
[2021-10-24 03:30:04,829] {scheduler_job.py:190} INFO - Processing /home/airflow/sandbox/lib/python3.8/site-packages/airflow/example_dags/example_skip_dag.py took 0.037 seconds
[2021-10-24 06:05:16,624] {scheduler_job.py:182} INFO - Started process (PID=8934) to work on /home/airflow/sandbox/lib/python3.8/site-packages/airflow/example_dags/example_skip_dag.py
[2021-10-24 06:05:16,625] {scheduler_job.py:633} INFO - Processing file /home/airflow/sandbox/lib/python3.8/site-packages/airflow/example_dags/example_skip_dag.py for tasks to queue
[2021-10-24 06:05:16,625] {logging_mixin.py:104} INFO - [2021-10-24 06:05:16,625] {dagbag.py:487} INFO - Filling up the DagBag from /home/airflow/sandbox/lib/python3.8/site-packages/airflow/example_dags/example_skip_dag.py
[2021-10-24 06:05:16,690] {scheduler_job.py:643} INFO - DAG(s) dict_keys(['example_skip_dag']) retrieved from /home/airflow/sandbox/lib/python3.8/site-packages/airflow/example_dags/example_skip_dag.py
[2021-10-24 06:05:16,734] {logging_mixin.py:104} INFO - [2021-10-24 06:05:16,734] {dag.py:1832} INFO - Sync 1 DAGs
[2021-10-24 06:05:16,774] {logging_mixin.py:104} INFO - [2021-10-24 06:05:16,774] {dag.py:2305} INFO - Setting next_dagrun for example_skip_dag to 2021-10-22 00:00:00+00:00
[2021-10-24 06:05:16,808] {scheduler_job.py:190} INFO - Processing /home/airflow/sandbox/lib/python3.8/site-packages/airflow/example_dags/example_skip_dag.py took 0.186 seconds
[2021-10-24 06:05:53,799] {scheduler_job.py:182} INFO - Started process (PID=9273) to work on /home/airflow/sandbox/lib/python3.8/site-packages/airflow/example_dags/example_skip_dag.py
[2021-10-24 06:05:53,800] {scheduler_job.py:633} INFO - Processing file /home/airflow/sandbox/lib/python3.8/site-packages/airflow/example_dags/example_skip_dag.py for tasks to queue
[2021-10-24 06:05:53,801] {logging_mixin.py:104} INFO - [2021-10-24 06:05:53,801] {dagbag.py:487} INFO - Filling up the DagBag from /home/airflow/sandbox/lib/python3.8/site-packages/airflow/example_dags/example_skip_dag.py
[2021-10-24 06:05:53,818] {scheduler_job.py:643} INFO - DAG(s) dict_keys(['example_skip_dag']) retrieved from /home/airflow/sandbox/lib/python3.8/site-packages/airflow/example_dags/example_skip_dag.py
[2021-10-24 06:05:53,842] {logging_mixin.py:104} INFO - [2021-10-24 06:05:53,842] {dag.py:1832} INFO - Sync 1 DAGs
[2021-10-24 06:05:53,858] {logging_mixin.py:104} INFO - [2021-10-24 06:05:53,858] {dag.py:2305} INFO - Setting next_dagrun for example_skip_dag to 2021-10-22 00:00:00+00:00
[2021-10-24 06:05:53,884] {scheduler_job.py:190} INFO - Processing /home/airflow/sandbox/lib/python3.8/site-packages/airflow/example_dags/example_skip_dag.py took 0.090 seconds
