[2021-10-24 03:08:38,923] {scheduler_job.py:182} INFO - Started process (PID=6314) to work on /home/airflow/sandbox/lib/python3.8/site-packages/airflow/example_dags/example_branch_operator.py
[2021-10-24 03:08:38,924] {scheduler_job.py:633} INFO - Processing file /home/airflow/sandbox/lib/python3.8/site-packages/airflow/example_dags/example_branch_operator.py for tasks to queue
[2021-10-24 03:08:38,925] {logging_mixin.py:104} INFO - [2021-10-24 03:08:38,925] {dagbag.py:487} INFO - Filling up the DagBag from /home/airflow/sandbox/lib/python3.8/site-packages/airflow/example_dags/example_branch_operator.py
[2021-10-24 03:08:38,950] {scheduler_job.py:643} INFO - DAG(s) dict_keys(['example_branch_operator']) retrieved from /home/airflow/sandbox/lib/python3.8/site-packages/airflow/example_dags/example_branch_operator.py
[2021-10-24 03:08:38,970] {logging_mixin.py:104} INFO - [2021-10-24 03:08:38,970] {dag.py:1832} INFO - Sync 1 DAGs
[2021-10-24 03:08:38,990] {logging_mixin.py:104} INFO - [2021-10-24 03:08:38,989] {dag.py:2305} INFO - Setting next_dagrun for example_branch_operator to 2021-10-22 00:00:00+00:00
[2021-10-24 03:08:39,013] {scheduler_job.py:190} INFO - Processing /home/airflow/sandbox/lib/python3.8/site-packages/airflow/example_dags/example_branch_operator.py took 0.096 seconds
[2021-10-24 03:09:14,940] {scheduler_job.py:182} INFO - Started process (PID=6357) to work on /home/airflow/sandbox/lib/python3.8/site-packages/airflow/example_dags/example_branch_operator.py
[2021-10-24 03:09:14,942] {scheduler_job.py:633} INFO - Processing file /home/airflow/sandbox/lib/python3.8/site-packages/airflow/example_dags/example_branch_operator.py for tasks to queue
[2021-10-24 03:09:14,943] {logging_mixin.py:104} INFO - [2021-10-24 03:09:14,943] {dagbag.py:487} INFO - Filling up the DagBag from /home/airflow/sandbox/lib/python3.8/site-packages/airflow/example_dags/example_branch_operator.py
[2021-10-24 03:09:14,966] {scheduler_job.py:643} INFO - DAG(s) dict_keys(['example_branch_operator']) retrieved from /home/airflow/sandbox/lib/python3.8/site-packages/airflow/example_dags/example_branch_operator.py
[2021-10-24 03:09:14,990] {logging_mixin.py:104} INFO - [2021-10-24 03:09:14,990] {dag.py:1832} INFO - Sync 1 DAGs
[2021-10-24 03:09:15,009] {logging_mixin.py:104} INFO - [2021-10-24 03:09:15,009] {dag.py:2305} INFO - Setting next_dagrun for example_branch_operator to 2021-10-22 00:00:00+00:00
[2021-10-24 03:09:15,030] {scheduler_job.py:190} INFO - Processing /home/airflow/sandbox/lib/python3.8/site-packages/airflow/example_dags/example_branch_operator.py took 0.094 seconds
[2021-10-24 03:09:49,968] {scheduler_job.py:182} INFO - Started process (PID=6389) to work on /home/airflow/sandbox/lib/python3.8/site-packages/airflow/example_dags/example_branch_operator.py
[2021-10-24 03:09:49,970] {scheduler_job.py:633} INFO - Processing file /home/airflow/sandbox/lib/python3.8/site-packages/airflow/example_dags/example_branch_operator.py for tasks to queue
[2021-10-24 03:09:49,970] {logging_mixin.py:104} INFO - [2021-10-24 03:09:49,970] {dagbag.py:487} INFO - Filling up the DagBag from /home/airflow/sandbox/lib/python3.8/site-packages/airflow/example_dags/example_branch_operator.py
[2021-10-24 03:09:49,990] {scheduler_job.py:643} INFO - DAG(s) dict_keys(['example_branch_operator']) retrieved from /home/airflow/sandbox/lib/python3.8/site-packages/airflow/example_dags/example_branch_operator.py
[2021-10-24 03:09:50,012] {logging_mixin.py:104} INFO - [2021-10-24 03:09:50,012] {dag.py:1832} INFO - Sync 1 DAGs
[2021-10-24 03:09:50,034] {logging_mixin.py:104} INFO - [2021-10-24 03:09:50,033] {dag.py:2305} INFO - Setting next_dagrun for example_branch_operator to 2021-10-22 00:00:00+00:00
[2021-10-24 03:09:50,056] {scheduler_job.py:190} INFO - Processing /home/airflow/sandbox/lib/python3.8/site-packages/airflow/example_dags/example_branch_operator.py took 0.092 seconds
[2021-10-24 03:10:26,134] {scheduler_job.py:182} INFO - Started process (PID=6452) to work on /home/airflow/sandbox/lib/python3.8/site-packages/airflow/example_dags/example_branch_operator.py
[2021-10-24 03:10:26,136] {scheduler_job.py:633} INFO - Processing file /home/airflow/sandbox/lib/python3.8/site-packages/airflow/example_dags/example_branch_operator.py for tasks to queue
[2021-10-24 03:10:26,137] {logging_mixin.py:104} INFO - [2021-10-24 03:10:26,137] {dagbag.py:487} INFO - Filling up the DagBag from /home/airflow/sandbox/lib/python3.8/site-packages/airflow/example_dags/example_branch_operator.py
[2021-10-24 03:10:26,157] {scheduler_job.py:643} INFO - DAG(s) dict_keys(['example_branch_operator']) retrieved from /home/airflow/sandbox/lib/python3.8/site-packages/airflow/example_dags/example_branch_operator.py
[2021-10-24 03:10:26,180] {logging_mixin.py:104} INFO - [2021-10-24 03:10:26,180] {dag.py:1832} INFO - Sync 1 DAGs
[2021-10-24 03:10:26,206] {logging_mixin.py:104} INFO - [2021-10-24 03:10:26,206] {dag.py:2305} INFO - Setting next_dagrun for example_branch_operator to 2021-10-22 00:00:00+00:00
[2021-10-24 03:10:26,226] {scheduler_job.py:190} INFO - Processing /home/airflow/sandbox/lib/python3.8/site-packages/airflow/example_dags/example_branch_operator.py took 0.097 seconds
[2021-10-24 03:11:03,217] {scheduler_job.py:182} INFO - Started process (PID=6605) to work on /home/airflow/sandbox/lib/python3.8/site-packages/airflow/example_dags/example_branch_operator.py
[2021-10-24 03:11:03,220] {scheduler_job.py:633} INFO - Processing file /home/airflow/sandbox/lib/python3.8/site-packages/airflow/example_dags/example_branch_operator.py for tasks to queue
[2021-10-24 03:11:03,221] {logging_mixin.py:104} INFO - [2021-10-24 03:11:03,220] {dagbag.py:487} INFO - Filling up the DagBag from /home/airflow/sandbox/lib/python3.8/site-packages/airflow/example_dags/example_branch_operator.py
[2021-10-24 03:11:03,240] {scheduler_job.py:643} INFO - DAG(s) dict_keys(['example_branch_operator']) retrieved from /home/airflow/sandbox/lib/python3.8/site-packages/airflow/example_dags/example_branch_operator.py
[2021-10-24 03:11:03,263] {logging_mixin.py:104} INFO - [2021-10-24 03:11:03,263] {dag.py:1832} INFO - Sync 1 DAGs
[2021-10-24 03:11:03,282] {logging_mixin.py:104} INFO - [2021-10-24 03:11:03,282] {dag.py:2305} INFO - Setting next_dagrun for example_branch_operator to 2021-10-22 00:00:00+00:00
[2021-10-24 03:11:03,307] {scheduler_job.py:190} INFO - Processing /home/airflow/sandbox/lib/python3.8/site-packages/airflow/example_dags/example_branch_operator.py took 0.095 seconds
[2021-10-24 03:11:41,165] {scheduler_job.py:182} INFO - Started process (PID=6639) to work on /home/airflow/sandbox/lib/python3.8/site-packages/airflow/example_dags/example_branch_operator.py
[2021-10-24 03:11:41,166] {scheduler_job.py:633} INFO - Processing file /home/airflow/sandbox/lib/python3.8/site-packages/airflow/example_dags/example_branch_operator.py for tasks to queue
[2021-10-24 03:11:41,167] {logging_mixin.py:104} INFO - [2021-10-24 03:11:41,167] {dagbag.py:487} INFO - Filling up the DagBag from /home/airflow/sandbox/lib/python3.8/site-packages/airflow/example_dags/example_branch_operator.py
[2021-10-24 03:11:41,188] {scheduler_job.py:643} INFO - DAG(s) dict_keys(['example_branch_operator']) retrieved from /home/airflow/sandbox/lib/python3.8/site-packages/airflow/example_dags/example_branch_operator.py
[2021-10-24 03:11:41,208] {logging_mixin.py:104} INFO - [2021-10-24 03:11:41,208] {dag.py:1832} INFO - Sync 1 DAGs
[2021-10-24 03:11:41,229] {logging_mixin.py:104} INFO - [2021-10-24 03:11:41,229] {dag.py:2305} INFO - Setting next_dagrun for example_branch_operator to 2021-10-22 00:00:00+00:00
[2021-10-24 03:11:41,248] {scheduler_job.py:190} INFO - Processing /home/airflow/sandbox/lib/python3.8/site-packages/airflow/example_dags/example_branch_operator.py took 0.087 seconds
[2021-10-24 03:12:17,211] {scheduler_job.py:182} INFO - Started process (PID=6697) to work on /home/airflow/sandbox/lib/python3.8/site-packages/airflow/example_dags/example_branch_operator.py
[2021-10-24 03:12:17,213] {scheduler_job.py:633} INFO - Processing file /home/airflow/sandbox/lib/python3.8/site-packages/airflow/example_dags/example_branch_operator.py for tasks to queue
[2021-10-24 03:12:17,214] {logging_mixin.py:104} INFO - [2021-10-24 03:12:17,214] {dagbag.py:487} INFO - Filling up the DagBag from /home/airflow/sandbox/lib/python3.8/site-packages/airflow/example_dags/example_branch_operator.py
[2021-10-24 03:12:17,241] {scheduler_job.py:643} INFO - DAG(s) dict_keys(['example_branch_operator']) retrieved from /home/airflow/sandbox/lib/python3.8/site-packages/airflow/example_dags/example_branch_operator.py
[2021-10-24 03:12:17,263] {logging_mixin.py:104} INFO - [2021-10-24 03:12:17,263] {dag.py:1832} INFO - Sync 1 DAGs
[2021-10-24 03:12:17,284] {logging_mixin.py:104} INFO - [2021-10-24 03:12:17,283] {dag.py:2305} INFO - Setting next_dagrun for example_branch_operator to 2021-10-22 00:00:00+00:00
[2021-10-24 03:12:17,305] {scheduler_job.py:190} INFO - Processing /home/airflow/sandbox/lib/python3.8/site-packages/airflow/example_dags/example_branch_operator.py took 0.103 seconds
[2021-10-24 03:12:52,407] {scheduler_job.py:182} INFO - Started process (PID=6753) to work on /home/airflow/sandbox/lib/python3.8/site-packages/airflow/example_dags/example_branch_operator.py
[2021-10-24 03:12:52,408] {scheduler_job.py:633} INFO - Processing file /home/airflow/sandbox/lib/python3.8/site-packages/airflow/example_dags/example_branch_operator.py for tasks to queue
[2021-10-24 03:12:52,409] {logging_mixin.py:104} INFO - [2021-10-24 03:12:52,409] {dagbag.py:487} INFO - Filling up the DagBag from /home/airflow/sandbox/lib/python3.8/site-packages/airflow/example_dags/example_branch_operator.py
[2021-10-24 03:12:52,432] {scheduler_job.py:643} INFO - DAG(s) dict_keys(['example_branch_operator']) retrieved from /home/airflow/sandbox/lib/python3.8/site-packages/airflow/example_dags/example_branch_operator.py
[2021-10-24 03:12:52,455] {logging_mixin.py:104} INFO - [2021-10-24 03:12:52,454] {dag.py:1832} INFO - Sync 1 DAGs
[2021-10-24 03:12:52,477] {logging_mixin.py:104} INFO - [2021-10-24 03:12:52,476] {dag.py:2305} INFO - Setting next_dagrun for example_branch_operator to 2021-10-22 00:00:00+00:00
[2021-10-24 03:12:52,499] {scheduler_job.py:190} INFO - Processing /home/airflow/sandbox/lib/python3.8/site-packages/airflow/example_dags/example_branch_operator.py took 0.095 seconds
[2021-10-24 03:13:26,642] {scheduler_job.py:182} INFO - Started process (PID=6828) to work on /home/airflow/sandbox/lib/python3.8/site-packages/airflow/example_dags/example_branch_operator.py
[2021-10-24 03:13:26,642] {scheduler_job.py:633} INFO - Processing file /home/airflow/sandbox/lib/python3.8/site-packages/airflow/example_dags/example_branch_operator.py for tasks to queue
[2021-10-24 03:13:26,643] {logging_mixin.py:104} INFO - [2021-10-24 03:13:26,643] {dagbag.py:487} INFO - Filling up the DagBag from /home/airflow/sandbox/lib/python3.8/site-packages/airflow/example_dags/example_branch_operator.py
[2021-10-24 03:13:26,661] {scheduler_job.py:643} INFO - DAG(s) dict_keys(['example_branch_operator']) retrieved from /home/airflow/sandbox/lib/python3.8/site-packages/airflow/example_dags/example_branch_operator.py
[2021-10-24 03:13:26,683] {logging_mixin.py:104} INFO - [2021-10-24 03:13:26,683] {dag.py:1832} INFO - Sync 1 DAGs
[2021-10-24 03:13:26,704] {logging_mixin.py:104} INFO - [2021-10-24 03:13:26,704] {dag.py:2305} INFO - Setting next_dagrun for example_branch_operator to 2021-10-22 00:00:00+00:00
[2021-10-24 03:13:26,725] {scheduler_job.py:190} INFO - Processing /home/airflow/sandbox/lib/python3.8/site-packages/airflow/example_dags/example_branch_operator.py took 0.089 seconds
[2021-10-24 03:14:01,291] {scheduler_job.py:182} INFO - Started process (PID=6859) to work on /home/airflow/sandbox/lib/python3.8/site-packages/airflow/example_dags/example_branch_operator.py
[2021-10-24 03:14:01,293] {scheduler_job.py:633} INFO - Processing file /home/airflow/sandbox/lib/python3.8/site-packages/airflow/example_dags/example_branch_operator.py for tasks to queue
[2021-10-24 03:14:01,294] {logging_mixin.py:104} INFO - [2021-10-24 03:14:01,294] {dagbag.py:487} INFO - Filling up the DagBag from /home/airflow/sandbox/lib/python3.8/site-packages/airflow/example_dags/example_branch_operator.py
[2021-10-24 03:14:01,311] {scheduler_job.py:643} INFO - DAG(s) dict_keys(['example_branch_operator']) retrieved from /home/airflow/sandbox/lib/python3.8/site-packages/airflow/example_dags/example_branch_operator.py
[2021-10-24 03:14:01,330] {logging_mixin.py:104} INFO - [2021-10-24 03:14:01,330] {dag.py:1832} INFO - Sync 1 DAGs
[2021-10-24 03:14:01,350] {logging_mixin.py:104} INFO - [2021-10-24 03:14:01,350] {dag.py:2305} INFO - Setting next_dagrun for example_branch_operator to 2021-10-22 00:00:00+00:00
[2021-10-24 03:14:01,373] {scheduler_job.py:190} INFO - Processing /home/airflow/sandbox/lib/python3.8/site-packages/airflow/example_dags/example_branch_operator.py took 0.087 seconds
[2021-10-24 03:14:36,125] {scheduler_job.py:182} INFO - Started process (PID=6926) to work on /home/airflow/sandbox/lib/python3.8/site-packages/airflow/example_dags/example_branch_operator.py
[2021-10-24 03:14:36,126] {scheduler_job.py:633} INFO - Processing file /home/airflow/sandbox/lib/python3.8/site-packages/airflow/example_dags/example_branch_operator.py for tasks to queue
[2021-10-24 03:14:36,128] {logging_mixin.py:104} INFO - [2021-10-24 03:14:36,127] {dagbag.py:487} INFO - Filling up the DagBag from /home/airflow/sandbox/lib/python3.8/site-packages/airflow/example_dags/example_branch_operator.py
[2021-10-24 03:14:36,151] {scheduler_job.py:643} INFO - DAG(s) dict_keys(['example_branch_operator']) retrieved from /home/airflow/sandbox/lib/python3.8/site-packages/airflow/example_dags/example_branch_operator.py
[2021-10-24 03:14:36,174] {logging_mixin.py:104} INFO - [2021-10-24 03:14:36,174] {dag.py:1832} INFO - Sync 1 DAGs
[2021-10-24 03:14:36,200] {logging_mixin.py:104} INFO - [2021-10-24 03:14:36,200] {dag.py:2305} INFO - Setting next_dagrun for example_branch_operator to 2021-10-22 00:00:00+00:00
[2021-10-24 03:14:36,235] {scheduler_job.py:190} INFO - Processing /home/airflow/sandbox/lib/python3.8/site-packages/airflow/example_dags/example_branch_operator.py took 0.116 seconds
[2021-10-24 03:15:14,638] {scheduler_job.py:182} INFO - Started process (PID=7019) to work on /home/airflow/sandbox/lib/python3.8/site-packages/airflow/example_dags/example_branch_operator.py
[2021-10-24 03:15:14,641] {scheduler_job.py:633} INFO - Processing file /home/airflow/sandbox/lib/python3.8/site-packages/airflow/example_dags/example_branch_operator.py for tasks to queue
[2021-10-24 03:15:14,642] {logging_mixin.py:104} INFO - [2021-10-24 03:15:14,642] {dagbag.py:487} INFO - Filling up the DagBag from /home/airflow/sandbox/lib/python3.8/site-packages/airflow/example_dags/example_branch_operator.py
[2021-10-24 03:15:14,663] {scheduler_job.py:643} INFO - DAG(s) dict_keys(['example_branch_operator']) retrieved from /home/airflow/sandbox/lib/python3.8/site-packages/airflow/example_dags/example_branch_operator.py
[2021-10-24 03:15:14,696] {logging_mixin.py:104} INFO - [2021-10-24 03:15:14,695] {dag.py:1832} INFO - Sync 1 DAGs
[2021-10-24 03:15:14,723] {logging_mixin.py:104} INFO - [2021-10-24 03:15:14,722] {dag.py:2305} INFO - Setting next_dagrun for example_branch_operator to 2021-10-22 00:00:00+00:00
[2021-10-24 03:15:14,747] {scheduler_job.py:190} INFO - Processing /home/airflow/sandbox/lib/python3.8/site-packages/airflow/example_dags/example_branch_operator.py took 0.113 seconds
[2021-10-24 03:15:54,016] {scheduler_job.py:182} INFO - Started process (PID=7054) to work on /home/airflow/sandbox/lib/python3.8/site-packages/airflow/example_dags/example_branch_operator.py
[2021-10-24 03:15:54,017] {scheduler_job.py:633} INFO - Processing file /home/airflow/sandbox/lib/python3.8/site-packages/airflow/example_dags/example_branch_operator.py for tasks to queue
[2021-10-24 03:15:54,018] {logging_mixin.py:104} INFO - [2021-10-24 03:15:54,018] {dagbag.py:487} INFO - Filling up the DagBag from /home/airflow/sandbox/lib/python3.8/site-packages/airflow/example_dags/example_branch_operator.py
[2021-10-24 03:15:54,040] {scheduler_job.py:643} INFO - DAG(s) dict_keys(['example_branch_operator']) retrieved from /home/airflow/sandbox/lib/python3.8/site-packages/airflow/example_dags/example_branch_operator.py
[2021-10-24 03:15:54,062] {logging_mixin.py:104} INFO - [2021-10-24 03:15:54,062] {dag.py:1832} INFO - Sync 1 DAGs
[2021-10-24 03:15:54,082] {logging_mixin.py:104} INFO - [2021-10-24 03:15:54,082] {dag.py:2305} INFO - Setting next_dagrun for example_branch_operator to 2021-10-22 00:00:00+00:00
[2021-10-24 03:15:54,105] {scheduler_job.py:190} INFO - Processing /home/airflow/sandbox/lib/python3.8/site-packages/airflow/example_dags/example_branch_operator.py took 0.094 seconds
[2021-10-24 03:16:32,424] {scheduler_job.py:182} INFO - Started process (PID=7147) to work on /home/airflow/sandbox/lib/python3.8/site-packages/airflow/example_dags/example_branch_operator.py
[2021-10-24 03:16:32,426] {scheduler_job.py:633} INFO - Processing file /home/airflow/sandbox/lib/python3.8/site-packages/airflow/example_dags/example_branch_operator.py for tasks to queue
[2021-10-24 03:16:32,426] {logging_mixin.py:104} INFO - [2021-10-24 03:16:32,426] {dagbag.py:487} INFO - Filling up the DagBag from /home/airflow/sandbox/lib/python3.8/site-packages/airflow/example_dags/example_branch_operator.py
[2021-10-24 03:16:32,448] {scheduler_job.py:643} INFO - DAG(s) dict_keys(['example_branch_operator']) retrieved from /home/airflow/sandbox/lib/python3.8/site-packages/airflow/example_dags/example_branch_operator.py
[2021-10-24 03:16:32,473] {logging_mixin.py:104} INFO - [2021-10-24 03:16:32,472] {dag.py:1832} INFO - Sync 1 DAGs
[2021-10-24 03:16:32,495] {logging_mixin.py:104} INFO - [2021-10-24 03:16:32,495] {dag.py:2305} INFO - Setting next_dagrun for example_branch_operator to 2021-10-22 00:00:00+00:00
[2021-10-24 03:16:32,517] {scheduler_job.py:190} INFO - Processing /home/airflow/sandbox/lib/python3.8/site-packages/airflow/example_dags/example_branch_operator.py took 0.099 seconds
[2021-10-24 03:18:01,942] {scheduler_job.py:182} INFO - Started process (PID=7680) to work on /home/airflow/sandbox/lib/python3.8/site-packages/airflow/example_dags/example_branch_operator.py
[2021-10-24 03:18:01,944] {scheduler_job.py:633} INFO - Processing file /home/airflow/sandbox/lib/python3.8/site-packages/airflow/example_dags/example_branch_operator.py for tasks to queue
[2021-10-24 03:18:01,945] {logging_mixin.py:104} INFO - [2021-10-24 03:18:01,945] {dagbag.py:487} INFO - Filling up the DagBag from /home/airflow/sandbox/lib/python3.8/site-packages/airflow/example_dags/example_branch_operator.py
[2021-10-24 03:18:01,967] {scheduler_job.py:643} INFO - DAG(s) dict_keys(['example_branch_operator']) retrieved from /home/airflow/sandbox/lib/python3.8/site-packages/airflow/example_dags/example_branch_operator.py
[2021-10-24 03:18:01,989] {logging_mixin.py:104} INFO - [2021-10-24 03:18:01,989] {dag.py:1832} INFO - Sync 1 DAGs
[2021-10-24 03:18:02,009] {logging_mixin.py:104} INFO - [2021-10-24 03:18:02,008] {dag.py:2305} INFO - Setting next_dagrun for example_branch_operator to 2021-10-22 00:00:00+00:00
[2021-10-24 03:18:02,031] {scheduler_job.py:190} INFO - Processing /home/airflow/sandbox/lib/python3.8/site-packages/airflow/example_dags/example_branch_operator.py took 0.094 seconds
[2021-10-24 03:18:37,702] {scheduler_job.py:182} INFO - Started process (PID=7786) to work on /home/airflow/sandbox/lib/python3.8/site-packages/airflow/example_dags/example_branch_operator.py
[2021-10-24 03:18:37,703] {scheduler_job.py:633} INFO - Processing file /home/airflow/sandbox/lib/python3.8/site-packages/airflow/example_dags/example_branch_operator.py for tasks to queue
[2021-10-24 03:18:37,704] {logging_mixin.py:104} INFO - [2021-10-24 03:18:37,704] {dagbag.py:487} INFO - Filling up the DagBag from /home/airflow/sandbox/lib/python3.8/site-packages/airflow/example_dags/example_branch_operator.py
[2021-10-24 03:18:37,727] {scheduler_job.py:643} INFO - DAG(s) dict_keys(['example_branch_operator']) retrieved from /home/airflow/sandbox/lib/python3.8/site-packages/airflow/example_dags/example_branch_operator.py
[2021-10-24 03:18:37,751] {logging_mixin.py:104} INFO - [2021-10-24 03:18:37,751] {dag.py:1832} INFO - Sync 1 DAGs
[2021-10-24 03:18:37,773] {logging_mixin.py:104} INFO - [2021-10-24 03:18:37,773] {dag.py:2305} INFO - Setting next_dagrun for example_branch_operator to 2021-10-22 00:00:00+00:00
[2021-10-24 03:18:37,795] {scheduler_job.py:190} INFO - Processing /home/airflow/sandbox/lib/python3.8/site-packages/airflow/example_dags/example_branch_operator.py took 0.096 seconds
[2021-10-24 03:19:12,036] {scheduler_job.py:182} INFO - Started process (PID=7847) to work on /home/airflow/sandbox/lib/python3.8/site-packages/airflow/example_dags/example_branch_operator.py
[2021-10-24 03:19:12,038] {scheduler_job.py:633} INFO - Processing file /home/airflow/sandbox/lib/python3.8/site-packages/airflow/example_dags/example_branch_operator.py for tasks to queue
[2021-10-24 03:19:12,039] {logging_mixin.py:104} INFO - [2021-10-24 03:19:12,039] {dagbag.py:487} INFO - Filling up the DagBag from /home/airflow/sandbox/lib/python3.8/site-packages/airflow/example_dags/example_branch_operator.py
[2021-10-24 03:19:12,060] {scheduler_job.py:643} INFO - DAG(s) dict_keys(['example_branch_operator']) retrieved from /home/airflow/sandbox/lib/python3.8/site-packages/airflow/example_dags/example_branch_operator.py
[2021-10-24 03:19:12,082] {logging_mixin.py:104} INFO - [2021-10-24 03:19:12,082] {dag.py:1832} INFO - Sync 1 DAGs
[2021-10-24 03:19:12,104] {logging_mixin.py:104} INFO - [2021-10-24 03:19:12,104] {dag.py:2305} INFO - Setting next_dagrun for example_branch_operator to 2021-10-22 00:00:00+00:00
[2021-10-24 03:19:12,128] {scheduler_job.py:190} INFO - Processing /home/airflow/sandbox/lib/python3.8/site-packages/airflow/example_dags/example_branch_operator.py took 0.098 seconds
[2021-10-24 03:19:49,509] {scheduler_job.py:182} INFO - Started process (PID=7879) to work on /home/airflow/sandbox/lib/python3.8/site-packages/airflow/example_dags/example_branch_operator.py
[2021-10-24 03:19:49,511] {scheduler_job.py:633} INFO - Processing file /home/airflow/sandbox/lib/python3.8/site-packages/airflow/example_dags/example_branch_operator.py for tasks to queue
[2021-10-24 03:19:49,512] {logging_mixin.py:104} INFO - [2021-10-24 03:19:49,512] {dagbag.py:487} INFO - Filling up the DagBag from /home/airflow/sandbox/lib/python3.8/site-packages/airflow/example_dags/example_branch_operator.py
[2021-10-24 03:19:49,535] {scheduler_job.py:643} INFO - DAG(s) dict_keys(['example_branch_operator']) retrieved from /home/airflow/sandbox/lib/python3.8/site-packages/airflow/example_dags/example_branch_operator.py
[2021-10-24 03:19:49,556] {logging_mixin.py:104} INFO - [2021-10-24 03:19:49,556] {dag.py:1832} INFO - Sync 1 DAGs
[2021-10-24 03:19:49,580] {logging_mixin.py:104} INFO - [2021-10-24 03:19:49,580] {dag.py:2305} INFO - Setting next_dagrun for example_branch_operator to 2021-10-22 00:00:00+00:00
[2021-10-24 03:19:49,603] {scheduler_job.py:190} INFO - Processing /home/airflow/sandbox/lib/python3.8/site-packages/airflow/example_dags/example_branch_operator.py took 0.098 seconds
[2021-10-24 03:20:25,897] {scheduler_job.py:182} INFO - Started process (PID=7910) to work on /home/airflow/sandbox/lib/python3.8/site-packages/airflow/example_dags/example_branch_operator.py
[2021-10-24 03:20:25,899] {scheduler_job.py:633} INFO - Processing file /home/airflow/sandbox/lib/python3.8/site-packages/airflow/example_dags/example_branch_operator.py for tasks to queue
[2021-10-24 03:20:25,900] {logging_mixin.py:104} INFO - [2021-10-24 03:20:25,900] {dagbag.py:487} INFO - Filling up the DagBag from /home/airflow/sandbox/lib/python3.8/site-packages/airflow/example_dags/example_branch_operator.py
[2021-10-24 03:20:25,928] {scheduler_job.py:643} INFO - DAG(s) dict_keys(['example_branch_operator']) retrieved from /home/airflow/sandbox/lib/python3.8/site-packages/airflow/example_dags/example_branch_operator.py
[2021-10-24 03:20:25,961] {logging_mixin.py:104} INFO - [2021-10-24 03:20:25,961] {dag.py:1832} INFO - Sync 1 DAGs
[2021-10-24 03:20:25,983] {logging_mixin.py:104} INFO - [2021-10-24 03:20:25,983] {dag.py:2305} INFO - Setting next_dagrun for example_branch_operator to 2021-10-22 00:00:00+00:00
[2021-10-24 03:20:26,005] {scheduler_job.py:190} INFO - Processing /home/airflow/sandbox/lib/python3.8/site-packages/airflow/example_dags/example_branch_operator.py took 0.114 seconds
[2021-10-24 03:21:01,194] {scheduler_job.py:182} INFO - Started process (PID=7941) to work on /home/airflow/sandbox/lib/python3.8/site-packages/airflow/example_dags/example_branch_operator.py
[2021-10-24 03:21:01,195] {scheduler_job.py:633} INFO - Processing file /home/airflow/sandbox/lib/python3.8/site-packages/airflow/example_dags/example_branch_operator.py for tasks to queue
[2021-10-24 03:21:01,196] {logging_mixin.py:104} INFO - [2021-10-24 03:21:01,196] {dagbag.py:487} INFO - Filling up the DagBag from /home/airflow/sandbox/lib/python3.8/site-packages/airflow/example_dags/example_branch_operator.py
[2021-10-24 03:21:01,217] {scheduler_job.py:643} INFO - DAG(s) dict_keys(['example_branch_operator']) retrieved from /home/airflow/sandbox/lib/python3.8/site-packages/airflow/example_dags/example_branch_operator.py
[2021-10-24 03:21:01,242] {logging_mixin.py:104} INFO - [2021-10-24 03:21:01,242] {dag.py:1832} INFO - Sync 1 DAGs
[2021-10-24 03:21:01,264] {logging_mixin.py:104} INFO - [2021-10-24 03:21:01,264] {dag.py:2305} INFO - Setting next_dagrun for example_branch_operator to 2021-10-22 00:00:00+00:00
[2021-10-24 03:21:01,287] {scheduler_job.py:190} INFO - Processing /home/airflow/sandbox/lib/python3.8/site-packages/airflow/example_dags/example_branch_operator.py took 0.099 seconds
[2021-10-24 03:21:36,792] {scheduler_job.py:182} INFO - Started process (PID=8033) to work on /home/airflow/sandbox/lib/python3.8/site-packages/airflow/example_dags/example_branch_operator.py
[2021-10-24 03:21:36,794] {scheduler_job.py:633} INFO - Processing file /home/airflow/sandbox/lib/python3.8/site-packages/airflow/example_dags/example_branch_operator.py for tasks to queue
[2021-10-24 03:21:36,795] {logging_mixin.py:104} INFO - [2021-10-24 03:21:36,795] {dagbag.py:487} INFO - Filling up the DagBag from /home/airflow/sandbox/lib/python3.8/site-packages/airflow/example_dags/example_branch_operator.py
[2021-10-24 03:21:36,819] {scheduler_job.py:643} INFO - DAG(s) dict_keys(['example_branch_operator']) retrieved from /home/airflow/sandbox/lib/python3.8/site-packages/airflow/example_dags/example_branch_operator.py
[2021-10-24 03:21:36,841] {logging_mixin.py:104} INFO - [2021-10-24 03:21:36,840] {dag.py:1832} INFO - Sync 1 DAGs
[2021-10-24 03:21:36,860] {logging_mixin.py:104} INFO - [2021-10-24 03:21:36,860] {dag.py:2305} INFO - Setting next_dagrun for example_branch_operator to 2021-10-22 00:00:00+00:00
[2021-10-24 03:21:36,886] {scheduler_job.py:190} INFO - Processing /home/airflow/sandbox/lib/python3.8/site-packages/airflow/example_dags/example_branch_operator.py took 0.099 seconds
[2021-10-24 03:22:16,927] {scheduler_job.py:182} INFO - Started process (PID=8068) to work on /home/airflow/sandbox/lib/python3.8/site-packages/airflow/example_dags/example_branch_operator.py
[2021-10-24 03:22:16,928] {scheduler_job.py:633} INFO - Processing file /home/airflow/sandbox/lib/python3.8/site-packages/airflow/example_dags/example_branch_operator.py for tasks to queue
[2021-10-24 03:22:16,929] {logging_mixin.py:104} INFO - [2021-10-24 03:22:16,929] {dagbag.py:487} INFO - Filling up the DagBag from /home/airflow/sandbox/lib/python3.8/site-packages/airflow/example_dags/example_branch_operator.py
[2021-10-24 03:22:16,950] {scheduler_job.py:643} INFO - DAG(s) dict_keys(['example_branch_operator']) retrieved from /home/airflow/sandbox/lib/python3.8/site-packages/airflow/example_dags/example_branch_operator.py
[2021-10-24 03:22:16,974] {logging_mixin.py:104} INFO - [2021-10-24 03:22:16,974] {dag.py:1832} INFO - Sync 1 DAGs
[2021-10-24 03:22:16,996] {logging_mixin.py:104} INFO - [2021-10-24 03:22:16,996] {dag.py:2305} INFO - Setting next_dagrun for example_branch_operator to 2021-10-22 00:00:00+00:00
[2021-10-24 03:22:17,026] {scheduler_job.py:190} INFO - Processing /home/airflow/sandbox/lib/python3.8/site-packages/airflow/example_dags/example_branch_operator.py took 0.102 seconds
[2021-10-24 03:22:53,726] {scheduler_job.py:182} INFO - Started process (PID=8099) to work on /home/airflow/sandbox/lib/python3.8/site-packages/airflow/example_dags/example_branch_operator.py
[2021-10-24 03:22:53,728] {scheduler_job.py:633} INFO - Processing file /home/airflow/sandbox/lib/python3.8/site-packages/airflow/example_dags/example_branch_operator.py for tasks to queue
[2021-10-24 03:22:53,729] {logging_mixin.py:104} INFO - [2021-10-24 03:22:53,729] {dagbag.py:487} INFO - Filling up the DagBag from /home/airflow/sandbox/lib/python3.8/site-packages/airflow/example_dags/example_branch_operator.py
[2021-10-24 03:22:53,751] {scheduler_job.py:643} INFO - DAG(s) dict_keys(['example_branch_operator']) retrieved from /home/airflow/sandbox/lib/python3.8/site-packages/airflow/example_dags/example_branch_operator.py
[2021-10-24 03:22:53,776] {logging_mixin.py:104} INFO - [2021-10-24 03:22:53,775] {dag.py:1832} INFO - Sync 1 DAGs
[2021-10-24 03:22:53,796] {logging_mixin.py:104} INFO - [2021-10-24 03:22:53,795] {dag.py:2305} INFO - Setting next_dagrun for example_branch_operator to 2021-10-22 00:00:00+00:00
[2021-10-24 03:22:53,819] {scheduler_job.py:190} INFO - Processing /home/airflow/sandbox/lib/python3.8/site-packages/airflow/example_dags/example_branch_operator.py took 0.098 seconds
[2021-10-24 03:23:34,292] {scheduler_job.py:182} INFO - Started process (PID=8178) to work on /home/airflow/sandbox/lib/python3.8/site-packages/airflow/example_dags/example_branch_operator.py
[2021-10-24 03:23:34,294] {scheduler_job.py:633} INFO - Processing file /home/airflow/sandbox/lib/python3.8/site-packages/airflow/example_dags/example_branch_operator.py for tasks to queue
[2021-10-24 03:23:34,295] {logging_mixin.py:104} INFO - [2021-10-24 03:23:34,295] {dagbag.py:487} INFO - Filling up the DagBag from /home/airflow/sandbox/lib/python3.8/site-packages/airflow/example_dags/example_branch_operator.py
[2021-10-24 03:23:34,318] {scheduler_job.py:643} INFO - DAG(s) dict_keys(['example_branch_operator']) retrieved from /home/airflow/sandbox/lib/python3.8/site-packages/airflow/example_dags/example_branch_operator.py
[2021-10-24 03:23:34,343] {logging_mixin.py:104} INFO - [2021-10-24 03:23:34,343] {dag.py:1832} INFO - Sync 1 DAGs
[2021-10-24 03:23:34,363] {logging_mixin.py:104} INFO - [2021-10-24 03:23:34,363] {dag.py:2305} INFO - Setting next_dagrun for example_branch_operator to 2021-10-22 00:00:00+00:00
[2021-10-24 03:23:34,384] {scheduler_job.py:190} INFO - Processing /home/airflow/sandbox/lib/python3.8/site-packages/airflow/example_dags/example_branch_operator.py took 0.097 seconds
[2021-10-24 03:24:09,407] {scheduler_job.py:182} INFO - Started process (PID=8211) to work on /home/airflow/sandbox/lib/python3.8/site-packages/airflow/example_dags/example_branch_operator.py
[2021-10-24 03:24:09,408] {scheduler_job.py:633} INFO - Processing file /home/airflow/sandbox/lib/python3.8/site-packages/airflow/example_dags/example_branch_operator.py for tasks to queue
[2021-10-24 03:24:09,409] {logging_mixin.py:104} INFO - [2021-10-24 03:24:09,409] {dagbag.py:487} INFO - Filling up the DagBag from /home/airflow/sandbox/lib/python3.8/site-packages/airflow/example_dags/example_branch_operator.py
[2021-10-24 03:24:09,430] {scheduler_job.py:643} INFO - DAG(s) dict_keys(['example_branch_operator']) retrieved from /home/airflow/sandbox/lib/python3.8/site-packages/airflow/example_dags/example_branch_operator.py
[2021-10-24 03:24:09,453] {logging_mixin.py:104} INFO - [2021-10-24 03:24:09,453] {dag.py:1832} INFO - Sync 1 DAGs
[2021-10-24 03:24:09,479] {logging_mixin.py:104} INFO - [2021-10-24 03:24:09,479] {dag.py:2305} INFO - Setting next_dagrun for example_branch_operator to 2021-10-22 00:00:00+00:00
[2021-10-24 03:24:09,502] {scheduler_job.py:190} INFO - Processing /home/airflow/sandbox/lib/python3.8/site-packages/airflow/example_dags/example_branch_operator.py took 0.099 seconds
[2021-10-24 03:24:51,450] {scheduler_job.py:182} INFO - Started process (PID=8247) to work on /home/airflow/sandbox/lib/python3.8/site-packages/airflow/example_dags/example_branch_operator.py
[2021-10-24 03:24:51,452] {scheduler_job.py:633} INFO - Processing file /home/airflow/sandbox/lib/python3.8/site-packages/airflow/example_dags/example_branch_operator.py for tasks to queue
[2021-10-24 03:24:51,453] {logging_mixin.py:104} INFO - [2021-10-24 03:24:51,453] {dagbag.py:487} INFO - Filling up the DagBag from /home/airflow/sandbox/lib/python3.8/site-packages/airflow/example_dags/example_branch_operator.py
[2021-10-24 03:24:51,475] {scheduler_job.py:643} INFO - DAG(s) dict_keys(['example_branch_operator']) retrieved from /home/airflow/sandbox/lib/python3.8/site-packages/airflow/example_dags/example_branch_operator.py
[2021-10-24 03:24:51,498] {logging_mixin.py:104} INFO - [2021-10-24 03:24:51,498] {dag.py:1832} INFO - Sync 1 DAGs
[2021-10-24 03:24:51,518] {logging_mixin.py:104} INFO - [2021-10-24 03:24:51,518] {dag.py:2305} INFO - Setting next_dagrun for example_branch_operator to 2021-10-22 00:00:00+00:00
[2021-10-24 03:24:51,544] {scheduler_job.py:190} INFO - Processing /home/airflow/sandbox/lib/python3.8/site-packages/airflow/example_dags/example_branch_operator.py took 0.098 seconds
[2021-10-24 03:25:30,670] {scheduler_job.py:182} INFO - Started process (PID=8280) to work on /home/airflow/sandbox/lib/python3.8/site-packages/airflow/example_dags/example_branch_operator.py
[2021-10-24 03:25:30,673] {scheduler_job.py:633} INFO - Processing file /home/airflow/sandbox/lib/python3.8/site-packages/airflow/example_dags/example_branch_operator.py for tasks to queue
[2021-10-24 03:25:30,675] {logging_mixin.py:104} INFO - [2021-10-24 03:25:30,674] {dagbag.py:487} INFO - Filling up the DagBag from /home/airflow/sandbox/lib/python3.8/site-packages/airflow/example_dags/example_branch_operator.py
[2021-10-24 03:25:30,696] {scheduler_job.py:643} INFO - DAG(s) dict_keys(['example_branch_operator']) retrieved from /home/airflow/sandbox/lib/python3.8/site-packages/airflow/example_dags/example_branch_operator.py
[2021-10-24 03:25:30,719] {logging_mixin.py:104} INFO - [2021-10-24 03:25:30,719] {dag.py:1832} INFO - Sync 1 DAGs
[2021-10-24 03:25:30,743] {logging_mixin.py:104} INFO - [2021-10-24 03:25:30,743] {dag.py:2305} INFO - Setting next_dagrun for example_branch_operator to 2021-10-22 00:00:00+00:00
[2021-10-24 03:25:30,769] {scheduler_job.py:190} INFO - Processing /home/airflow/sandbox/lib/python3.8/site-packages/airflow/example_dags/example_branch_operator.py took 0.104 seconds
[2021-10-24 03:26:08,644] {scheduler_job.py:182} INFO - Started process (PID=8312) to work on /home/airflow/sandbox/lib/python3.8/site-packages/airflow/example_dags/example_branch_operator.py
[2021-10-24 03:26:08,646] {scheduler_job.py:633} INFO - Processing file /home/airflow/sandbox/lib/python3.8/site-packages/airflow/example_dags/example_branch_operator.py for tasks to queue
[2021-10-24 03:26:08,647] {logging_mixin.py:104} INFO - [2021-10-24 03:26:08,647] {dagbag.py:487} INFO - Filling up the DagBag from /home/airflow/sandbox/lib/python3.8/site-packages/airflow/example_dags/example_branch_operator.py
[2021-10-24 03:26:08,671] {scheduler_job.py:643} INFO - DAG(s) dict_keys(['example_branch_operator']) retrieved from /home/airflow/sandbox/lib/python3.8/site-packages/airflow/example_dags/example_branch_operator.py
[2021-10-24 03:26:08,696] {logging_mixin.py:104} INFO - [2021-10-24 03:26:08,696] {dag.py:1832} INFO - Sync 1 DAGs
[2021-10-24 03:26:08,719] {logging_mixin.py:104} INFO - [2021-10-24 03:26:08,719] {dag.py:2305} INFO - Setting next_dagrun for example_branch_operator to 2021-10-22 00:00:00+00:00
[2021-10-24 03:26:08,740] {scheduler_job.py:190} INFO - Processing /home/airflow/sandbox/lib/python3.8/site-packages/airflow/example_dags/example_branch_operator.py took 0.100 seconds
[2021-10-24 03:26:45,363] {scheduler_job.py:182} INFO - Started process (PID=8344) to work on /home/airflow/sandbox/lib/python3.8/site-packages/airflow/example_dags/example_branch_operator.py
[2021-10-24 03:26:45,365] {scheduler_job.py:633} INFO - Processing file /home/airflow/sandbox/lib/python3.8/site-packages/airflow/example_dags/example_branch_operator.py for tasks to queue
[2021-10-24 03:26:45,366] {logging_mixin.py:104} INFO - [2021-10-24 03:26:45,366] {dagbag.py:487} INFO - Filling up the DagBag from /home/airflow/sandbox/lib/python3.8/site-packages/airflow/example_dags/example_branch_operator.py
[2021-10-24 03:26:45,389] {scheduler_job.py:643} INFO - DAG(s) dict_keys(['example_branch_operator']) retrieved from /home/airflow/sandbox/lib/python3.8/site-packages/airflow/example_dags/example_branch_operator.py
[2021-10-24 03:26:45,416] {logging_mixin.py:104} INFO - [2021-10-24 03:26:45,416] {dag.py:1832} INFO - Sync 1 DAGs
[2021-10-24 03:26:45,438] {logging_mixin.py:104} INFO - [2021-10-24 03:26:45,437] {dag.py:2305} INFO - Setting next_dagrun for example_branch_operator to 2021-10-22 00:00:00+00:00
[2021-10-24 03:26:45,461] {scheduler_job.py:190} INFO - Processing /home/airflow/sandbox/lib/python3.8/site-packages/airflow/example_dags/example_branch_operator.py took 0.103 seconds
[2021-10-24 03:27:23,094] {scheduler_job.py:182} INFO - Started process (PID=8375) to work on /home/airflow/sandbox/lib/python3.8/site-packages/airflow/example_dags/example_branch_operator.py
[2021-10-24 03:27:23,095] {scheduler_job.py:633} INFO - Processing file /home/airflow/sandbox/lib/python3.8/site-packages/airflow/example_dags/example_branch_operator.py for tasks to queue
[2021-10-24 03:27:23,096] {logging_mixin.py:104} INFO - [2021-10-24 03:27:23,096] {dagbag.py:487} INFO - Filling up the DagBag from /home/airflow/sandbox/lib/python3.8/site-packages/airflow/example_dags/example_branch_operator.py
[2021-10-24 03:27:23,119] {scheduler_job.py:643} INFO - DAG(s) dict_keys(['example_branch_operator']) retrieved from /home/airflow/sandbox/lib/python3.8/site-packages/airflow/example_dags/example_branch_operator.py
[2021-10-24 03:27:23,143] {logging_mixin.py:104} INFO - [2021-10-24 03:27:23,143] {dag.py:1832} INFO - Sync 1 DAGs
[2021-10-24 03:27:23,169] {logging_mixin.py:104} INFO - [2021-10-24 03:27:23,168] {dag.py:2305} INFO - Setting next_dagrun for example_branch_operator to 2021-10-22 00:00:00+00:00
[2021-10-24 03:27:23,191] {scheduler_job.py:190} INFO - Processing /home/airflow/sandbox/lib/python3.8/site-packages/airflow/example_dags/example_branch_operator.py took 0.102 seconds
[2021-10-24 03:28:00,812] {scheduler_job.py:182} INFO - Started process (PID=8409) to work on /home/airflow/sandbox/lib/python3.8/site-packages/airflow/example_dags/example_branch_operator.py
[2021-10-24 03:28:00,814] {scheduler_job.py:633} INFO - Processing file /home/airflow/sandbox/lib/python3.8/site-packages/airflow/example_dags/example_branch_operator.py for tasks to queue
[2021-10-24 03:28:00,815] {logging_mixin.py:104} INFO - [2021-10-24 03:28:00,815] {dagbag.py:487} INFO - Filling up the DagBag from /home/airflow/sandbox/lib/python3.8/site-packages/airflow/example_dags/example_branch_operator.py
[2021-10-24 03:28:00,839] {scheduler_job.py:643} INFO - DAG(s) dict_keys(['example_branch_operator']) retrieved from /home/airflow/sandbox/lib/python3.8/site-packages/airflow/example_dags/example_branch_operator.py
[2021-10-24 03:28:00,866] {logging_mixin.py:104} INFO - [2021-10-24 03:28:00,866] {dag.py:1832} INFO - Sync 1 DAGs
[2021-10-24 03:28:00,890] {logging_mixin.py:104} INFO - [2021-10-24 03:28:00,889] {dag.py:2305} INFO - Setting next_dagrun for example_branch_operator to 2021-10-22 00:00:00+00:00
[2021-10-24 03:28:00,915] {scheduler_job.py:190} INFO - Processing /home/airflow/sandbox/lib/python3.8/site-packages/airflow/example_dags/example_branch_operator.py took 0.108 seconds
[2021-10-24 03:28:39,645] {scheduler_job.py:182} INFO - Started process (PID=8516) to work on /home/airflow/sandbox/lib/python3.8/site-packages/airflow/example_dags/example_branch_operator.py
[2021-10-24 03:28:39,646] {scheduler_job.py:633} INFO - Processing file /home/airflow/sandbox/lib/python3.8/site-packages/airflow/example_dags/example_branch_operator.py for tasks to queue
[2021-10-24 03:28:39,648] {logging_mixin.py:104} INFO - [2021-10-24 03:28:39,647] {dagbag.py:487} INFO - Filling up the DagBag from /home/airflow/sandbox/lib/python3.8/site-packages/airflow/example_dags/example_branch_operator.py
[2021-10-24 03:28:39,669] {scheduler_job.py:643} INFO - DAG(s) dict_keys(['example_branch_operator']) retrieved from /home/airflow/sandbox/lib/python3.8/site-packages/airflow/example_dags/example_branch_operator.py
[2021-10-24 03:28:39,692] {logging_mixin.py:104} INFO - [2021-10-24 03:28:39,692] {dag.py:1832} INFO - Sync 1 DAGs
[2021-10-24 03:28:39,711] {logging_mixin.py:104} INFO - [2021-10-24 03:28:39,711] {dag.py:2305} INFO - Setting next_dagrun for example_branch_operator to 2021-10-22 00:00:00+00:00
[2021-10-24 03:28:39,735] {scheduler_job.py:190} INFO - Processing /home/airflow/sandbox/lib/python3.8/site-packages/airflow/example_dags/example_branch_operator.py took 0.094 seconds
[2021-10-24 03:29:18,297] {scheduler_job.py:182} INFO - Started process (PID=8700) to work on /home/airflow/sandbox/lib/python3.8/site-packages/airflow/example_dags/example_branch_operator.py
[2021-10-24 03:29:18,298] {scheduler_job.py:633} INFO - Processing file /home/airflow/sandbox/lib/python3.8/site-packages/airflow/example_dags/example_branch_operator.py for tasks to queue
[2021-10-24 03:29:18,299] {logging_mixin.py:104} INFO - [2021-10-24 03:29:18,299] {dagbag.py:487} INFO - Filling up the DagBag from /home/airflow/sandbox/lib/python3.8/site-packages/airflow/example_dags/example_branch_operator.py
[2021-10-24 03:29:18,320] {scheduler_job.py:643} INFO - DAG(s) dict_keys(['example_branch_operator']) retrieved from /home/airflow/sandbox/lib/python3.8/site-packages/airflow/example_dags/example_branch_operator.py
[2021-10-24 03:29:18,346] {logging_mixin.py:104} INFO - [2021-10-24 03:29:18,345] {dag.py:1832} INFO - Sync 1 DAGs
[2021-10-24 03:29:18,368] {logging_mixin.py:104} INFO - [2021-10-24 03:29:18,368] {dag.py:2305} INFO - Setting next_dagrun for example_branch_operator to 2021-10-22 00:00:00+00:00
[2021-10-24 03:29:18,389] {scheduler_job.py:190} INFO - Processing /home/airflow/sandbox/lib/python3.8/site-packages/airflow/example_dags/example_branch_operator.py took 0.097 seconds
[2021-10-24 03:29:54,933] {scheduler_job.py:182} INFO - Started process (PID=8854) to work on /home/airflow/sandbox/lib/python3.8/site-packages/airflow/example_dags/example_branch_operator.py
[2021-10-24 03:29:54,933] {scheduler_job.py:633} INFO - Processing file /home/airflow/sandbox/lib/python3.8/site-packages/airflow/example_dags/example_branch_operator.py for tasks to queue
[2021-10-24 03:29:54,934] {logging_mixin.py:104} INFO - [2021-10-24 03:29:54,934] {dagbag.py:487} INFO - Filling up the DagBag from /home/airflow/sandbox/lib/python3.8/site-packages/airflow/example_dags/example_branch_operator.py
[2021-10-24 03:29:54,943] {scheduler_job.py:643} INFO - DAG(s) dict_keys(['example_branch_operator']) retrieved from /home/airflow/sandbox/lib/python3.8/site-packages/airflow/example_dags/example_branch_operator.py
[2021-10-24 03:29:54,953] {logging_mixin.py:104} INFO - [2021-10-24 03:29:54,953] {dag.py:1832} INFO - Sync 1 DAGs
[2021-10-24 03:29:54,962] {logging_mixin.py:104} INFO - [2021-10-24 03:29:54,962] {dag.py:2305} INFO - Setting next_dagrun for example_branch_operator to 2021-10-22 00:00:00+00:00
[2021-10-24 03:29:54,970] {scheduler_job.py:190} INFO - Processing /home/airflow/sandbox/lib/python3.8/site-packages/airflow/example_dags/example_branch_operator.py took 0.039 seconds
[2021-10-24 06:05:36,404] {scheduler_job.py:182} INFO - Started process (PID=9219) to work on /home/airflow/sandbox/lib/python3.8/site-packages/airflow/example_dags/example_branch_operator.py
[2021-10-24 06:05:36,407] {scheduler_job.py:633} INFO - Processing file /home/airflow/sandbox/lib/python3.8/site-packages/airflow/example_dags/example_branch_operator.py for tasks to queue
[2021-10-24 06:05:36,408] {logging_mixin.py:104} INFO - [2021-10-24 06:05:36,408] {dagbag.py:487} INFO - Filling up the DagBag from /home/airflow/sandbox/lib/python3.8/site-packages/airflow/example_dags/example_branch_operator.py
[2021-10-24 06:05:36,431] {scheduler_job.py:643} INFO - DAG(s) dict_keys(['example_branch_operator']) retrieved from /home/airflow/sandbox/lib/python3.8/site-packages/airflow/example_dags/example_branch_operator.py
[2021-10-24 06:05:36,452] {logging_mixin.py:104} INFO - [2021-10-24 06:05:36,452] {dag.py:1832} INFO - Sync 1 DAGs
[2021-10-24 06:05:36,475] {logging_mixin.py:104} INFO - [2021-10-24 06:05:36,475] {dag.py:2305} INFO - Setting next_dagrun for example_branch_operator to 2021-10-22 00:00:00+00:00
[2021-10-24 06:05:36,496] {scheduler_job.py:190} INFO - Processing /home/airflow/sandbox/lib/python3.8/site-packages/airflow/example_dags/example_branch_operator.py took 0.095 seconds
