[2021-10-24 03:08:22,227] {scheduler_job.py:182} INFO - Started process (PID=6220) to work on /home/airflow/sandbox/lib/python3.8/site-packages/airflow/example_dags/example_subdag_operator.py
[2021-10-24 03:08:22,235] {scheduler_job.py:633} INFO - Processing file /home/airflow/sandbox/lib/python3.8/site-packages/airflow/example_dags/example_subdag_operator.py for tasks to queue
[2021-10-24 03:08:22,237] {logging_mixin.py:104} INFO - [2021-10-24 03:08:22,237] {dagbag.py:487} INFO - Filling up the DagBag from /home/airflow/sandbox/lib/python3.8/site-packages/airflow/example_dags/example_subdag_operator.py
[2021-10-24 03:08:22,324] {scheduler_job.py:643} INFO - DAG(s) dict_keys(['example_subdag_operator.section-1', 'example_subdag_operator.section-2', 'example_subdag_operator']) retrieved from /home/airflow/sandbox/lib/python3.8/site-packages/airflow/example_dags/example_subdag_operator.py
[2021-10-24 03:08:22,334] {logging_mixin.py:104} INFO - [2021-10-24 03:08:22,334] {dag.py:1832} INFO - Sync 3 DAGs
[2021-10-24 03:08:22,400] {logging_mixin.py:104} INFO - [2021-10-24 03:08:22,400] {dag.py:2305} INFO - Setting next_dagrun for example_subdag_operator to 2021-10-22 00:00:00+00:00
[2021-10-24 03:08:22,401] {logging_mixin.py:104} INFO - [2021-10-24 03:08:22,401] {dag.py:2305} INFO - Setting next_dagrun for example_subdag_operator.section-1 to None
[2021-10-24 03:08:22,401] {logging_mixin.py:104} INFO - [2021-10-24 03:08:22,401] {dag.py:2305} INFO - Setting next_dagrun for example_subdag_operator.section-2 to None
[2021-10-24 03:08:22,478] {logging_mixin.py:104} INFO - [2021-10-24 03:08:22,477] {dag.py:1832} INFO - Sync 2 DAGs
[2021-10-24 03:08:22,524] {logging_mixin.py:104} INFO - [2021-10-24 03:08:22,524] {dag.py:2305} INFO - Setting next_dagrun for example_subdag_operator.section-1 to None
[2021-10-24 03:08:22,524] {logging_mixin.py:104} INFO - [2021-10-24 03:08:22,524] {dag.py:2305} INFO - Setting next_dagrun for example_subdag_operator.section-2 to None
[2021-10-24 03:08:22,565] {scheduler_job.py:190} INFO - Processing /home/airflow/sandbox/lib/python3.8/site-packages/airflow/example_dags/example_subdag_operator.py took 0.356 seconds
[2021-10-24 03:08:57,737] {scheduler_job.py:182} INFO - Started process (PID=6342) to work on /home/airflow/sandbox/lib/python3.8/site-packages/airflow/example_dags/example_subdag_operator.py
[2021-10-24 03:08:57,739] {scheduler_job.py:633} INFO - Processing file /home/airflow/sandbox/lib/python3.8/site-packages/airflow/example_dags/example_subdag_operator.py for tasks to queue
[2021-10-24 03:08:57,740] {logging_mixin.py:104} INFO - [2021-10-24 03:08:57,740] {dagbag.py:487} INFO - Filling up the DagBag from /home/airflow/sandbox/lib/python3.8/site-packages/airflow/example_dags/example_subdag_operator.py
[2021-10-24 03:08:57,775] {scheduler_job.py:643} INFO - DAG(s) dict_keys(['example_subdag_operator.section-1', 'example_subdag_operator.section-2', 'example_subdag_operator']) retrieved from /home/airflow/sandbox/lib/python3.8/site-packages/airflow/example_dags/example_subdag_operator.py
[2021-10-24 03:08:57,791] {logging_mixin.py:104} INFO - [2021-10-24 03:08:57,790] {dag.py:1832} INFO - Sync 3 DAGs
[2021-10-24 03:08:57,806] {logging_mixin.py:104} INFO - [2021-10-24 03:08:57,806] {dag.py:2305} INFO - Setting next_dagrun for example_subdag_operator to 2021-10-22 00:00:00+00:00
[2021-10-24 03:08:57,808] {logging_mixin.py:104} INFO - [2021-10-24 03:08:57,808] {dag.py:2305} INFO - Setting next_dagrun for example_subdag_operator.section-1 to None
[2021-10-24 03:08:57,808] {logging_mixin.py:104} INFO - [2021-10-24 03:08:57,808] {dag.py:2305} INFO - Setting next_dagrun for example_subdag_operator.section-2 to None
[2021-10-24 03:08:57,826] {logging_mixin.py:104} INFO - [2021-10-24 03:08:57,826] {dag.py:1832} INFO - Sync 2 DAGs
[2021-10-24 03:08:57,836] {logging_mixin.py:104} INFO - [2021-10-24 03:08:57,836] {dag.py:2305} INFO - Setting next_dagrun for example_subdag_operator.section-1 to None
[2021-10-24 03:08:57,836] {logging_mixin.py:104} INFO - [2021-10-24 03:08:57,836] {dag.py:2305} INFO - Setting next_dagrun for example_subdag_operator.section-2 to None
[2021-10-24 03:08:57,848] {scheduler_job.py:190} INFO - Processing /home/airflow/sandbox/lib/python3.8/site-packages/airflow/example_dags/example_subdag_operator.py took 0.114 seconds
[2021-10-24 03:09:34,004] {scheduler_job.py:182} INFO - Started process (PID=6374) to work on /home/airflow/sandbox/lib/python3.8/site-packages/airflow/example_dags/example_subdag_operator.py
[2021-10-24 03:09:34,006] {scheduler_job.py:633} INFO - Processing file /home/airflow/sandbox/lib/python3.8/site-packages/airflow/example_dags/example_subdag_operator.py for tasks to queue
[2021-10-24 03:09:34,007] {logging_mixin.py:104} INFO - [2021-10-24 03:09:34,007] {dagbag.py:487} INFO - Filling up the DagBag from /home/airflow/sandbox/lib/python3.8/site-packages/airflow/example_dags/example_subdag_operator.py
[2021-10-24 03:09:34,041] {scheduler_job.py:643} INFO - DAG(s) dict_keys(['example_subdag_operator.section-1', 'example_subdag_operator.section-2', 'example_subdag_operator']) retrieved from /home/airflow/sandbox/lib/python3.8/site-packages/airflow/example_dags/example_subdag_operator.py
[2021-10-24 03:09:34,057] {logging_mixin.py:104} INFO - [2021-10-24 03:09:34,056] {dag.py:1832} INFO - Sync 3 DAGs
[2021-10-24 03:09:34,074] {logging_mixin.py:104} INFO - [2021-10-24 03:09:34,073] {dag.py:2305} INFO - Setting next_dagrun for example_subdag_operator to 2021-10-22 00:00:00+00:00
[2021-10-24 03:09:34,075] {logging_mixin.py:104} INFO - [2021-10-24 03:09:34,075] {dag.py:2305} INFO - Setting next_dagrun for example_subdag_operator.section-1 to None
[2021-10-24 03:09:34,075] {logging_mixin.py:104} INFO - [2021-10-24 03:09:34,075] {dag.py:2305} INFO - Setting next_dagrun for example_subdag_operator.section-2 to None
[2021-10-24 03:09:34,095] {logging_mixin.py:104} INFO - [2021-10-24 03:09:34,095] {dag.py:1832} INFO - Sync 2 DAGs
[2021-10-24 03:09:34,103] {logging_mixin.py:104} INFO - [2021-10-24 03:09:34,102] {dag.py:2305} INFO - Setting next_dagrun for example_subdag_operator.section-1 to None
[2021-10-24 03:09:34,103] {logging_mixin.py:104} INFO - [2021-10-24 03:09:34,103] {dag.py:2305} INFO - Setting next_dagrun for example_subdag_operator.section-2 to None
[2021-10-24 03:09:34,116] {scheduler_job.py:190} INFO - Processing /home/airflow/sandbox/lib/python3.8/site-packages/airflow/example_dags/example_subdag_operator.py took 0.116 seconds
[2021-10-24 03:10:08,155] {scheduler_job.py:182} INFO - Started process (PID=6415) to work on /home/airflow/sandbox/lib/python3.8/site-packages/airflow/example_dags/example_subdag_operator.py
[2021-10-24 03:10:08,157] {scheduler_job.py:633} INFO - Processing file /home/airflow/sandbox/lib/python3.8/site-packages/airflow/example_dags/example_subdag_operator.py for tasks to queue
[2021-10-24 03:10:08,158] {logging_mixin.py:104} INFO - [2021-10-24 03:10:08,158] {dagbag.py:487} INFO - Filling up the DagBag from /home/airflow/sandbox/lib/python3.8/site-packages/airflow/example_dags/example_subdag_operator.py
[2021-10-24 03:10:08,208] {scheduler_job.py:643} INFO - DAG(s) dict_keys(['example_subdag_operator.section-1', 'example_subdag_operator.section-2', 'example_subdag_operator']) retrieved from /home/airflow/sandbox/lib/python3.8/site-packages/airflow/example_dags/example_subdag_operator.py
[2021-10-24 03:10:08,226] {logging_mixin.py:104} INFO - [2021-10-24 03:10:08,226] {dag.py:1832} INFO - Sync 3 DAGs
[2021-10-24 03:10:08,240] {logging_mixin.py:104} INFO - [2021-10-24 03:10:08,240] {dag.py:2305} INFO - Setting next_dagrun for example_subdag_operator to 2021-10-22 00:00:00+00:00
[2021-10-24 03:10:08,242] {logging_mixin.py:104} INFO - [2021-10-24 03:10:08,242] {dag.py:2305} INFO - Setting next_dagrun for example_subdag_operator.section-1 to None
[2021-10-24 03:10:08,243] {logging_mixin.py:104} INFO - [2021-10-24 03:10:08,242] {dag.py:2305} INFO - Setting next_dagrun for example_subdag_operator.section-2 to None
[2021-10-24 03:10:08,265] {logging_mixin.py:104} INFO - [2021-10-24 03:10:08,264] {dag.py:1832} INFO - Sync 2 DAGs
[2021-10-24 03:10:08,272] {logging_mixin.py:104} INFO - [2021-10-24 03:10:08,272] {dag.py:2305} INFO - Setting next_dagrun for example_subdag_operator.section-1 to None
[2021-10-24 03:10:08,273] {logging_mixin.py:104} INFO - [2021-10-24 03:10:08,273] {dag.py:2305} INFO - Setting next_dagrun for example_subdag_operator.section-2 to None
[2021-10-24 03:10:08,282] {scheduler_job.py:190} INFO - Processing /home/airflow/sandbox/lib/python3.8/site-packages/airflow/example_dags/example_subdag_operator.py took 0.130 seconds
[2021-10-24 03:10:45,031] {scheduler_job.py:182} INFO - Started process (PID=6531) to work on /home/airflow/sandbox/lib/python3.8/site-packages/airflow/example_dags/example_subdag_operator.py
[2021-10-24 03:10:45,033] {scheduler_job.py:633} INFO - Processing file /home/airflow/sandbox/lib/python3.8/site-packages/airflow/example_dags/example_subdag_operator.py for tasks to queue
[2021-10-24 03:10:45,034] {logging_mixin.py:104} INFO - [2021-10-24 03:10:45,034] {dagbag.py:487} INFO - Filling up the DagBag from /home/airflow/sandbox/lib/python3.8/site-packages/airflow/example_dags/example_subdag_operator.py
[2021-10-24 03:10:45,067] {scheduler_job.py:643} INFO - DAG(s) dict_keys(['example_subdag_operator.section-1', 'example_subdag_operator.section-2', 'example_subdag_operator']) retrieved from /home/airflow/sandbox/lib/python3.8/site-packages/airflow/example_dags/example_subdag_operator.py
[2021-10-24 03:10:45,084] {logging_mixin.py:104} INFO - [2021-10-24 03:10:45,084] {dag.py:1832} INFO - Sync 3 DAGs
[2021-10-24 03:10:45,097] {logging_mixin.py:104} INFO - [2021-10-24 03:10:45,097] {dag.py:2305} INFO - Setting next_dagrun for example_subdag_operator to 2021-10-22 00:00:00+00:00
[2021-10-24 03:10:45,099] {logging_mixin.py:104} INFO - [2021-10-24 03:10:45,099] {dag.py:2305} INFO - Setting next_dagrun for example_subdag_operator.section-1 to None
[2021-10-24 03:10:45,099] {logging_mixin.py:104} INFO - [2021-10-24 03:10:45,099] {dag.py:2305} INFO - Setting next_dagrun for example_subdag_operator.section-2 to None
[2021-10-24 03:10:45,119] {logging_mixin.py:104} INFO - [2021-10-24 03:10:45,119] {dag.py:1832} INFO - Sync 2 DAGs
[2021-10-24 03:10:45,130] {logging_mixin.py:104} INFO - [2021-10-24 03:10:45,130] {dag.py:2305} INFO - Setting next_dagrun for example_subdag_operator.section-1 to None
[2021-10-24 03:10:45,130] {logging_mixin.py:104} INFO - [2021-10-24 03:10:45,130] {dag.py:2305} INFO - Setting next_dagrun for example_subdag_operator.section-2 to None
[2021-10-24 03:10:45,142] {scheduler_job.py:190} INFO - Processing /home/airflow/sandbox/lib/python3.8/site-packages/airflow/example_dags/example_subdag_operator.py took 0.116 seconds
[2021-10-24 03:11:21,835] {scheduler_job.py:182} INFO - Started process (PID=6621) to work on /home/airflow/sandbox/lib/python3.8/site-packages/airflow/example_dags/example_subdag_operator.py
[2021-10-24 03:11:21,836] {scheduler_job.py:633} INFO - Processing file /home/airflow/sandbox/lib/python3.8/site-packages/airflow/example_dags/example_subdag_operator.py for tasks to queue
[2021-10-24 03:11:21,837] {logging_mixin.py:104} INFO - [2021-10-24 03:11:21,837] {dagbag.py:487} INFO - Filling up the DagBag from /home/airflow/sandbox/lib/python3.8/site-packages/airflow/example_dags/example_subdag_operator.py
[2021-10-24 03:11:21,870] {scheduler_job.py:643} INFO - DAG(s) dict_keys(['example_subdag_operator.section-1', 'example_subdag_operator.section-2', 'example_subdag_operator']) retrieved from /home/airflow/sandbox/lib/python3.8/site-packages/airflow/example_dags/example_subdag_operator.py
[2021-10-24 03:11:21,884] {logging_mixin.py:104} INFO - [2021-10-24 03:11:21,884] {dag.py:1832} INFO - Sync 3 DAGs
[2021-10-24 03:11:21,899] {logging_mixin.py:104} INFO - [2021-10-24 03:11:21,899] {dag.py:2305} INFO - Setting next_dagrun for example_subdag_operator to 2021-10-22 00:00:00+00:00
[2021-10-24 03:11:21,901] {logging_mixin.py:104} INFO - [2021-10-24 03:11:21,900] {dag.py:2305} INFO - Setting next_dagrun for example_subdag_operator.section-1 to None
[2021-10-24 03:11:21,901] {logging_mixin.py:104} INFO - [2021-10-24 03:11:21,901] {dag.py:2305} INFO - Setting next_dagrun for example_subdag_operator.section-2 to None
[2021-10-24 03:11:21,918] {logging_mixin.py:104} INFO - [2021-10-24 03:11:21,918] {dag.py:1832} INFO - Sync 2 DAGs
[2021-10-24 03:11:21,927] {logging_mixin.py:104} INFO - [2021-10-24 03:11:21,927] {dag.py:2305} INFO - Setting next_dagrun for example_subdag_operator.section-1 to None
[2021-10-24 03:11:21,928] {logging_mixin.py:104} INFO - [2021-10-24 03:11:21,928] {dag.py:2305} INFO - Setting next_dagrun for example_subdag_operator.section-2 to None
[2021-10-24 03:11:21,941] {scheduler_job.py:190} INFO - Processing /home/airflow/sandbox/lib/python3.8/site-packages/airflow/example_dags/example_subdag_operator.py took 0.109 seconds
[2021-10-24 03:11:57,758] {scheduler_job.py:182} INFO - Started process (PID=6667) to work on /home/airflow/sandbox/lib/python3.8/site-packages/airflow/example_dags/example_subdag_operator.py
[2021-10-24 03:11:57,759] {scheduler_job.py:633} INFO - Processing file /home/airflow/sandbox/lib/python3.8/site-packages/airflow/example_dags/example_subdag_operator.py for tasks to queue
[2021-10-24 03:11:57,759] {logging_mixin.py:104} INFO - [2021-10-24 03:11:57,759] {dagbag.py:487} INFO - Filling up the DagBag from /home/airflow/sandbox/lib/python3.8/site-packages/airflow/example_dags/example_subdag_operator.py
[2021-10-24 03:11:57,793] {scheduler_job.py:643} INFO - DAG(s) dict_keys(['example_subdag_operator.section-1', 'example_subdag_operator.section-2', 'example_subdag_operator']) retrieved from /home/airflow/sandbox/lib/python3.8/site-packages/airflow/example_dags/example_subdag_operator.py
[2021-10-24 03:11:57,807] {logging_mixin.py:104} INFO - [2021-10-24 03:11:57,806] {dag.py:1832} INFO - Sync 3 DAGs
[2021-10-24 03:11:57,822] {logging_mixin.py:104} INFO - [2021-10-24 03:11:57,822] {dag.py:2305} INFO - Setting next_dagrun for example_subdag_operator to 2021-10-22 00:00:00+00:00
[2021-10-24 03:11:57,824] {logging_mixin.py:104} INFO - [2021-10-24 03:11:57,824] {dag.py:2305} INFO - Setting next_dagrun for example_subdag_operator.section-1 to None
[2021-10-24 03:11:57,824] {logging_mixin.py:104} INFO - [2021-10-24 03:11:57,824] {dag.py:2305} INFO - Setting next_dagrun for example_subdag_operator.section-2 to None
[2021-10-24 03:11:57,840] {logging_mixin.py:104} INFO - [2021-10-24 03:11:57,840] {dag.py:1832} INFO - Sync 2 DAGs
[2021-10-24 03:11:57,847] {logging_mixin.py:104} INFO - [2021-10-24 03:11:57,846] {dag.py:2305} INFO - Setting next_dagrun for example_subdag_operator.section-1 to None
[2021-10-24 03:11:57,847] {logging_mixin.py:104} INFO - [2021-10-24 03:11:57,847] {dag.py:2305} INFO - Setting next_dagrun for example_subdag_operator.section-2 to None
[2021-10-24 03:11:57,857] {scheduler_job.py:190} INFO - Processing /home/airflow/sandbox/lib/python3.8/site-packages/airflow/example_dags/example_subdag_operator.py took 0.104 seconds
[2021-10-24 03:12:31,973] {scheduler_job.py:182} INFO - Started process (PID=6719) to work on /home/airflow/sandbox/lib/python3.8/site-packages/airflow/example_dags/example_subdag_operator.py
[2021-10-24 03:12:31,975] {scheduler_job.py:633} INFO - Processing file /home/airflow/sandbox/lib/python3.8/site-packages/airflow/example_dags/example_subdag_operator.py for tasks to queue
[2021-10-24 03:12:31,975] {logging_mixin.py:104} INFO - [2021-10-24 03:12:31,975] {dagbag.py:487} INFO - Filling up the DagBag from /home/airflow/sandbox/lib/python3.8/site-packages/airflow/example_dags/example_subdag_operator.py
[2021-10-24 03:12:32,015] {scheduler_job.py:643} INFO - DAG(s) dict_keys(['example_subdag_operator.section-1', 'example_subdag_operator.section-2', 'example_subdag_operator']) retrieved from /home/airflow/sandbox/lib/python3.8/site-packages/airflow/example_dags/example_subdag_operator.py
[2021-10-24 03:12:32,033] {logging_mixin.py:104} INFO - [2021-10-24 03:12:32,033] {dag.py:1832} INFO - Sync 3 DAGs
[2021-10-24 03:12:32,049] {logging_mixin.py:104} INFO - [2021-10-24 03:12:32,049] {dag.py:2305} INFO - Setting next_dagrun for example_subdag_operator to 2021-10-22 00:00:00+00:00
[2021-10-24 03:12:32,052] {logging_mixin.py:104} INFO - [2021-10-24 03:12:32,052] {dag.py:2305} INFO - Setting next_dagrun for example_subdag_operator.section-1 to None
[2021-10-24 03:12:32,052] {logging_mixin.py:104} INFO - [2021-10-24 03:12:32,052] {dag.py:2305} INFO - Setting next_dagrun for example_subdag_operator.section-2 to None
[2021-10-24 03:12:32,069] {logging_mixin.py:104} INFO - [2021-10-24 03:12:32,069] {dag.py:1832} INFO - Sync 2 DAGs
[2021-10-24 03:12:32,078] {logging_mixin.py:104} INFO - [2021-10-24 03:12:32,077] {dag.py:2305} INFO - Setting next_dagrun for example_subdag_operator.section-1 to None
[2021-10-24 03:12:32,078] {logging_mixin.py:104} INFO - [2021-10-24 03:12:32,078] {dag.py:2305} INFO - Setting next_dagrun for example_subdag_operator.section-2 to None
[2021-10-24 03:12:32,088] {scheduler_job.py:190} INFO - Processing /home/airflow/sandbox/lib/python3.8/site-packages/airflow/example_dags/example_subdag_operator.py took 0.119 seconds
[2021-10-24 03:13:07,865] {scheduler_job.py:182} INFO - Started process (PID=6766) to work on /home/airflow/sandbox/lib/python3.8/site-packages/airflow/example_dags/example_subdag_operator.py
[2021-10-24 03:13:07,866] {scheduler_job.py:633} INFO - Processing file /home/airflow/sandbox/lib/python3.8/site-packages/airflow/example_dags/example_subdag_operator.py for tasks to queue
[2021-10-24 03:13:07,866] {logging_mixin.py:104} INFO - [2021-10-24 03:13:07,866] {dagbag.py:487} INFO - Filling up the DagBag from /home/airflow/sandbox/lib/python3.8/site-packages/airflow/example_dags/example_subdag_operator.py
[2021-10-24 03:13:07,900] {scheduler_job.py:643} INFO - DAG(s) dict_keys(['example_subdag_operator.section-1', 'example_subdag_operator.section-2', 'example_subdag_operator']) retrieved from /home/airflow/sandbox/lib/python3.8/site-packages/airflow/example_dags/example_subdag_operator.py
[2021-10-24 03:13:07,910] {logging_mixin.py:104} INFO - [2021-10-24 03:13:07,910] {dag.py:1832} INFO - Sync 3 DAGs
[2021-10-24 03:13:07,940] {logging_mixin.py:104} INFO - [2021-10-24 03:13:07,940] {dag.py:2305} INFO - Setting next_dagrun for example_subdag_operator to 2021-10-22 00:00:00+00:00
[2021-10-24 03:13:07,942] {logging_mixin.py:104} INFO - [2021-10-24 03:13:07,942] {dag.py:2305} INFO - Setting next_dagrun for example_subdag_operator.section-1 to None
[2021-10-24 03:13:07,942] {logging_mixin.py:104} INFO - [2021-10-24 03:13:07,942] {dag.py:2305} INFO - Setting next_dagrun for example_subdag_operator.section-2 to None
[2021-10-24 03:13:07,959] {logging_mixin.py:104} INFO - [2021-10-24 03:13:07,959] {dag.py:1832} INFO - Sync 2 DAGs
[2021-10-24 03:13:07,968] {logging_mixin.py:104} INFO - [2021-10-24 03:13:07,968] {dag.py:2305} INFO - Setting next_dagrun for example_subdag_operator.section-1 to None
[2021-10-24 03:13:07,968] {logging_mixin.py:104} INFO - [2021-10-24 03:13:07,968] {dag.py:2305} INFO - Setting next_dagrun for example_subdag_operator.section-2 to None
[2021-10-24 03:13:07,982] {scheduler_job.py:190} INFO - Processing /home/airflow/sandbox/lib/python3.8/site-packages/airflow/example_dags/example_subdag_operator.py took 0.122 seconds
[2021-10-24 03:13:40,957] {scheduler_job.py:182} INFO - Started process (PID=6841) to work on /home/airflow/sandbox/lib/python3.8/site-packages/airflow/example_dags/example_subdag_operator.py
[2021-10-24 03:13:40,959] {scheduler_job.py:633} INFO - Processing file /home/airflow/sandbox/lib/python3.8/site-packages/airflow/example_dags/example_subdag_operator.py for tasks to queue
[2021-10-24 03:13:40,959] {logging_mixin.py:104} INFO - [2021-10-24 03:13:40,959] {dagbag.py:487} INFO - Filling up the DagBag from /home/airflow/sandbox/lib/python3.8/site-packages/airflow/example_dags/example_subdag_operator.py
[2021-10-24 03:13:40,993] {scheduler_job.py:643} INFO - DAG(s) dict_keys(['example_subdag_operator.section-1', 'example_subdag_operator.section-2', 'example_subdag_operator']) retrieved from /home/airflow/sandbox/lib/python3.8/site-packages/airflow/example_dags/example_subdag_operator.py
[2021-10-24 03:13:41,009] {logging_mixin.py:104} INFO - [2021-10-24 03:13:41,009] {dag.py:1832} INFO - Sync 3 DAGs
[2021-10-24 03:13:41,025] {logging_mixin.py:104} INFO - [2021-10-24 03:13:41,025] {dag.py:2305} INFO - Setting next_dagrun for example_subdag_operator to 2021-10-22 00:00:00+00:00
[2021-10-24 03:13:41,026] {logging_mixin.py:104} INFO - [2021-10-24 03:13:41,026] {dag.py:2305} INFO - Setting next_dagrun for example_subdag_operator.section-1 to None
[2021-10-24 03:13:41,026] {logging_mixin.py:104} INFO - [2021-10-24 03:13:41,026] {dag.py:2305} INFO - Setting next_dagrun for example_subdag_operator.section-2 to None
[2021-10-24 03:13:41,044] {logging_mixin.py:104} INFO - [2021-10-24 03:13:41,044] {dag.py:1832} INFO - Sync 2 DAGs
[2021-10-24 03:13:41,054] {logging_mixin.py:104} INFO - [2021-10-24 03:13:41,054] {dag.py:2305} INFO - Setting next_dagrun for example_subdag_operator.section-1 to None
[2021-10-24 03:13:41,055] {logging_mixin.py:104} INFO - [2021-10-24 03:13:41,055] {dag.py:2305} INFO - Setting next_dagrun for example_subdag_operator.section-2 to None
[2021-10-24 03:13:41,066] {scheduler_job.py:190} INFO - Processing /home/airflow/sandbox/lib/python3.8/site-packages/airflow/example_dags/example_subdag_operator.py took 0.112 seconds
[2021-10-24 03:14:15,010] {scheduler_job.py:182} INFO - Started process (PID=6871) to work on /home/airflow/sandbox/lib/python3.8/site-packages/airflow/example_dags/example_subdag_operator.py
[2021-10-24 03:14:15,011] {scheduler_job.py:633} INFO - Processing file /home/airflow/sandbox/lib/python3.8/site-packages/airflow/example_dags/example_subdag_operator.py for tasks to queue
[2021-10-24 03:14:15,012] {logging_mixin.py:104} INFO - [2021-10-24 03:14:15,012] {dagbag.py:487} INFO - Filling up the DagBag from /home/airflow/sandbox/lib/python3.8/site-packages/airflow/example_dags/example_subdag_operator.py
[2021-10-24 03:14:15,046] {scheduler_job.py:643} INFO - DAG(s) dict_keys(['example_subdag_operator.section-1', 'example_subdag_operator.section-2', 'example_subdag_operator']) retrieved from /home/airflow/sandbox/lib/python3.8/site-packages/airflow/example_dags/example_subdag_operator.py
[2021-10-24 03:14:15,063] {logging_mixin.py:104} INFO - [2021-10-24 03:14:15,063] {dag.py:1832} INFO - Sync 3 DAGs
[2021-10-24 03:14:15,081] {logging_mixin.py:104} INFO - [2021-10-24 03:14:15,081] {dag.py:2305} INFO - Setting next_dagrun for example_subdag_operator to 2021-10-22 00:00:00+00:00
[2021-10-24 03:14:15,083] {logging_mixin.py:104} INFO - [2021-10-24 03:14:15,083] {dag.py:2305} INFO - Setting next_dagrun for example_subdag_operator.section-1 to None
[2021-10-24 03:14:15,083] {logging_mixin.py:104} INFO - [2021-10-24 03:14:15,083] {dag.py:2305} INFO - Setting next_dagrun for example_subdag_operator.section-2 to None
[2021-10-24 03:14:15,101] {logging_mixin.py:104} INFO - [2021-10-24 03:14:15,101] {dag.py:1832} INFO - Sync 2 DAGs
[2021-10-24 03:14:15,110] {logging_mixin.py:104} INFO - [2021-10-24 03:14:15,110] {dag.py:2305} INFO - Setting next_dagrun for example_subdag_operator.section-1 to None
[2021-10-24 03:14:15,110] {logging_mixin.py:104} INFO - [2021-10-24 03:14:15,110] {dag.py:2305} INFO - Setting next_dagrun for example_subdag_operator.section-2 to None
[2021-10-24 03:14:15,125] {scheduler_job.py:190} INFO - Processing /home/airflow/sandbox/lib/python3.8/site-packages/airflow/example_dags/example_subdag_operator.py took 0.118 seconds
[2021-10-24 03:14:52,736] {scheduler_job.py:182} INFO - Started process (PID=7000) to work on /home/airflow/sandbox/lib/python3.8/site-packages/airflow/example_dags/example_subdag_operator.py
[2021-10-24 03:14:52,737] {scheduler_job.py:633} INFO - Processing file /home/airflow/sandbox/lib/python3.8/site-packages/airflow/example_dags/example_subdag_operator.py for tasks to queue
[2021-10-24 03:14:52,737] {logging_mixin.py:104} INFO - [2021-10-24 03:14:52,737] {dagbag.py:487} INFO - Filling up the DagBag from /home/airflow/sandbox/lib/python3.8/site-packages/airflow/example_dags/example_subdag_operator.py
[2021-10-24 03:14:52,772] {scheduler_job.py:643} INFO - DAG(s) dict_keys(['example_subdag_operator.section-1', 'example_subdag_operator.section-2', 'example_subdag_operator']) retrieved from /home/airflow/sandbox/lib/python3.8/site-packages/airflow/example_dags/example_subdag_operator.py
[2021-10-24 03:14:52,789] {logging_mixin.py:104} INFO - [2021-10-24 03:14:52,789] {dag.py:1832} INFO - Sync 3 DAGs
[2021-10-24 03:14:52,806] {logging_mixin.py:104} INFO - [2021-10-24 03:14:52,806] {dag.py:2305} INFO - Setting next_dagrun for example_subdag_operator to 2021-10-22 00:00:00+00:00
[2021-10-24 03:14:52,807] {logging_mixin.py:104} INFO - [2021-10-24 03:14:52,807] {dag.py:2305} INFO - Setting next_dagrun for example_subdag_operator.section-1 to None
[2021-10-24 03:14:52,807] {logging_mixin.py:104} INFO - [2021-10-24 03:14:52,807] {dag.py:2305} INFO - Setting next_dagrun for example_subdag_operator.section-2 to None
[2021-10-24 03:14:52,828] {logging_mixin.py:104} INFO - [2021-10-24 03:14:52,827] {dag.py:1832} INFO - Sync 2 DAGs
[2021-10-24 03:14:52,839] {logging_mixin.py:104} INFO - [2021-10-24 03:14:52,839] {dag.py:2305} INFO - Setting next_dagrun for example_subdag_operator.section-1 to None
[2021-10-24 03:14:52,839] {logging_mixin.py:104} INFO - [2021-10-24 03:14:52,839] {dag.py:2305} INFO - Setting next_dagrun for example_subdag_operator.section-2 to None
[2021-10-24 03:14:52,852] {scheduler_job.py:190} INFO - Processing /home/airflow/sandbox/lib/python3.8/site-packages/airflow/example_dags/example_subdag_operator.py took 0.121 seconds
[2021-10-24 03:15:30,230] {scheduler_job.py:182} INFO - Started process (PID=7032) to work on /home/airflow/sandbox/lib/python3.8/site-packages/airflow/example_dags/example_subdag_operator.py
[2021-10-24 03:15:30,233] {scheduler_job.py:633} INFO - Processing file /home/airflow/sandbox/lib/python3.8/site-packages/airflow/example_dags/example_subdag_operator.py for tasks to queue
[2021-10-24 03:15:30,234] {logging_mixin.py:104} INFO - [2021-10-24 03:15:30,234] {dagbag.py:487} INFO - Filling up the DagBag from /home/airflow/sandbox/lib/python3.8/site-packages/airflow/example_dags/example_subdag_operator.py
[2021-10-24 03:15:30,265] {scheduler_job.py:643} INFO - DAG(s) dict_keys(['example_subdag_operator.section-1', 'example_subdag_operator.section-2', 'example_subdag_operator']) retrieved from /home/airflow/sandbox/lib/python3.8/site-packages/airflow/example_dags/example_subdag_operator.py
[2021-10-24 03:15:30,280] {logging_mixin.py:104} INFO - [2021-10-24 03:15:30,280] {dag.py:1832} INFO - Sync 3 DAGs
[2021-10-24 03:15:30,296] {logging_mixin.py:104} INFO - [2021-10-24 03:15:30,296] {dag.py:2305} INFO - Setting next_dagrun for example_subdag_operator to 2021-10-22 00:00:00+00:00
[2021-10-24 03:15:30,297] {logging_mixin.py:104} INFO - [2021-10-24 03:15:30,297] {dag.py:2305} INFO - Setting next_dagrun for example_subdag_operator.section-1 to None
[2021-10-24 03:15:30,298] {logging_mixin.py:104} INFO - [2021-10-24 03:15:30,298] {dag.py:2305} INFO - Setting next_dagrun for example_subdag_operator.section-2 to None
[2021-10-24 03:15:30,316] {logging_mixin.py:104} INFO - [2021-10-24 03:15:30,315] {dag.py:1832} INFO - Sync 2 DAGs
[2021-10-24 03:15:30,326] {logging_mixin.py:104} INFO - [2021-10-24 03:15:30,326] {dag.py:2305} INFO - Setting next_dagrun for example_subdag_operator.section-1 to None
[2021-10-24 03:15:30,327] {logging_mixin.py:104} INFO - [2021-10-24 03:15:30,326] {dag.py:2305} INFO - Setting next_dagrun for example_subdag_operator.section-2 to None
[2021-10-24 03:15:30,336] {scheduler_job.py:190} INFO - Processing /home/airflow/sandbox/lib/python3.8/site-packages/airflow/example_dags/example_subdag_operator.py took 0.111 seconds
[2021-10-24 03:16:05,005] {scheduler_job.py:182} INFO - Started process (PID=7123) to work on /home/airflow/sandbox/lib/python3.8/site-packages/airflow/example_dags/example_subdag_operator.py
[2021-10-24 03:16:05,006] {scheduler_job.py:633} INFO - Processing file /home/airflow/sandbox/lib/python3.8/site-packages/airflow/example_dags/example_subdag_operator.py for tasks to queue
[2021-10-24 03:16:05,007] {logging_mixin.py:104} INFO - [2021-10-24 03:16:05,007] {dagbag.py:487} INFO - Filling up the DagBag from /home/airflow/sandbox/lib/python3.8/site-packages/airflow/example_dags/example_subdag_operator.py
[2021-10-24 03:16:05,046] {scheduler_job.py:643} INFO - DAG(s) dict_keys(['example_subdag_operator.section-1', 'example_subdag_operator.section-2', 'example_subdag_operator']) retrieved from /home/airflow/sandbox/lib/python3.8/site-packages/airflow/example_dags/example_subdag_operator.py
[2021-10-24 03:16:05,063] {logging_mixin.py:104} INFO - [2021-10-24 03:16:05,063] {dag.py:1832} INFO - Sync 3 DAGs
[2021-10-24 03:16:05,080] {logging_mixin.py:104} INFO - [2021-10-24 03:16:05,080] {dag.py:2305} INFO - Setting next_dagrun for example_subdag_operator to 2021-10-22 00:00:00+00:00
[2021-10-24 03:16:05,080] {logging_mixin.py:104} INFO - [2021-10-24 03:16:05,080] {dag.py:2305} INFO - Setting next_dagrun for example_subdag_operator.section-1 to None
[2021-10-24 03:16:05,080] {logging_mixin.py:104} INFO - [2021-10-24 03:16:05,080] {dag.py:2305} INFO - Setting next_dagrun for example_subdag_operator.section-2 to None
[2021-10-24 03:16:05,100] {logging_mixin.py:104} INFO - [2021-10-24 03:16:05,100] {dag.py:1832} INFO - Sync 2 DAGs
[2021-10-24 03:16:05,108] {logging_mixin.py:104} INFO - [2021-10-24 03:16:05,108] {dag.py:2305} INFO - Setting next_dagrun for example_subdag_operator.section-1 to None
[2021-10-24 03:16:05,108] {logging_mixin.py:104} INFO - [2021-10-24 03:16:05,108] {dag.py:2305} INFO - Setting next_dagrun for example_subdag_operator.section-2 to None
[2021-10-24 03:16:05,125] {scheduler_job.py:190} INFO - Processing /home/airflow/sandbox/lib/python3.8/site-packages/airflow/example_dags/example_subdag_operator.py took 0.124 seconds
[2021-10-24 03:16:39,990] {scheduler_job.py:182} INFO - Started process (PID=7154) to work on /home/airflow/sandbox/lib/python3.8/site-packages/airflow/example_dags/example_subdag_operator.py
[2021-10-24 03:16:39,992] {scheduler_job.py:633} INFO - Processing file /home/airflow/sandbox/lib/python3.8/site-packages/airflow/example_dags/example_subdag_operator.py for tasks to queue
[2021-10-24 03:16:39,993] {logging_mixin.py:104} INFO - [2021-10-24 03:16:39,993] {dagbag.py:487} INFO - Filling up the DagBag from /home/airflow/sandbox/lib/python3.8/site-packages/airflow/example_dags/example_subdag_operator.py
[2021-10-24 03:16:40,031] {scheduler_job.py:643} INFO - DAG(s) dict_keys(['example_subdag_operator.section-1', 'example_subdag_operator.section-2', 'example_subdag_operator']) retrieved from /home/airflow/sandbox/lib/python3.8/site-packages/airflow/example_dags/example_subdag_operator.py
[2021-10-24 03:16:40,048] {logging_mixin.py:104} INFO - [2021-10-24 03:16:40,047] {dag.py:1832} INFO - Sync 3 DAGs
[2021-10-24 03:16:40,062] {logging_mixin.py:104} INFO - [2021-10-24 03:16:40,062] {dag.py:2305} INFO - Setting next_dagrun for example_subdag_operator to 2021-10-22 00:00:00+00:00
[2021-10-24 03:16:40,064] {logging_mixin.py:104} INFO - [2021-10-24 03:16:40,064] {dag.py:2305} INFO - Setting next_dagrun for example_subdag_operator.section-1 to None
[2021-10-24 03:16:40,064] {logging_mixin.py:104} INFO - [2021-10-24 03:16:40,064] {dag.py:2305} INFO - Setting next_dagrun for example_subdag_operator.section-2 to None
[2021-10-24 03:16:40,083] {logging_mixin.py:104} INFO - [2021-10-24 03:16:40,083] {dag.py:1832} INFO - Sync 2 DAGs
[2021-10-24 03:16:40,092] {logging_mixin.py:104} INFO - [2021-10-24 03:16:40,092] {dag.py:2305} INFO - Setting next_dagrun for example_subdag_operator.section-1 to None
[2021-10-24 03:16:40,092] {logging_mixin.py:104} INFO - [2021-10-24 03:16:40,092] {dag.py:2305} INFO - Setting next_dagrun for example_subdag_operator.section-2 to None
[2021-10-24 03:16:40,105] {scheduler_job.py:190} INFO - Processing /home/airflow/sandbox/lib/python3.8/site-packages/airflow/example_dags/example_subdag_operator.py took 0.120 seconds
[2021-10-24 03:17:47,204] {scheduler_job.py:182} INFO - Started process (PID=7667) to work on /home/airflow/sandbox/lib/python3.8/site-packages/airflow/example_dags/example_subdag_operator.py
[2021-10-24 03:17:47,205] {scheduler_job.py:633} INFO - Processing file /home/airflow/sandbox/lib/python3.8/site-packages/airflow/example_dags/example_subdag_operator.py for tasks to queue
[2021-10-24 03:17:47,207] {logging_mixin.py:104} INFO - [2021-10-24 03:17:47,206] {dagbag.py:487} INFO - Filling up the DagBag from /home/airflow/sandbox/lib/python3.8/site-packages/airflow/example_dags/example_subdag_operator.py
[2021-10-24 03:17:47,242] {scheduler_job.py:643} INFO - DAG(s) dict_keys(['example_subdag_operator.section-1', 'example_subdag_operator.section-2', 'example_subdag_operator']) retrieved from /home/airflow/sandbox/lib/python3.8/site-packages/airflow/example_dags/example_subdag_operator.py
[2021-10-24 03:17:47,260] {logging_mixin.py:104} INFO - [2021-10-24 03:17:47,259] {dag.py:1832} INFO - Sync 3 DAGs
[2021-10-24 03:17:47,279] {logging_mixin.py:104} INFO - [2021-10-24 03:17:47,278] {dag.py:2305} INFO - Setting next_dagrun for example_subdag_operator to 2021-10-22 00:00:00+00:00
[2021-10-24 03:17:47,279] {logging_mixin.py:104} INFO - [2021-10-24 03:17:47,279] {dag.py:2305} INFO - Setting next_dagrun for example_subdag_operator.section-1 to None
[2021-10-24 03:17:47,279] {logging_mixin.py:104} INFO - [2021-10-24 03:17:47,279] {dag.py:2305} INFO - Setting next_dagrun for example_subdag_operator.section-2 to None
[2021-10-24 03:17:47,298] {logging_mixin.py:104} INFO - [2021-10-24 03:17:47,298] {dag.py:1832} INFO - Sync 2 DAGs
[2021-10-24 03:17:47,308] {logging_mixin.py:104} INFO - [2021-10-24 03:17:47,308] {dag.py:2305} INFO - Setting next_dagrun for example_subdag_operator.section-1 to None
[2021-10-24 03:17:47,309] {logging_mixin.py:104} INFO - [2021-10-24 03:17:47,308] {dag.py:2305} INFO - Setting next_dagrun for example_subdag_operator.section-2 to None
[2021-10-24 03:17:47,322] {scheduler_job.py:190} INFO - Processing /home/airflow/sandbox/lib/python3.8/site-packages/airflow/example_dags/example_subdag_operator.py took 0.124 seconds
[2021-10-24 03:18:22,014] {scheduler_job.py:182} INFO - Started process (PID=7742) to work on /home/airflow/sandbox/lib/python3.8/site-packages/airflow/example_dags/example_subdag_operator.py
[2021-10-24 03:18:22,016] {scheduler_job.py:633} INFO - Processing file /home/airflow/sandbox/lib/python3.8/site-packages/airflow/example_dags/example_subdag_operator.py for tasks to queue
[2021-10-24 03:18:22,017] {logging_mixin.py:104} INFO - [2021-10-24 03:18:22,017] {dagbag.py:487} INFO - Filling up the DagBag from /home/airflow/sandbox/lib/python3.8/site-packages/airflow/example_dags/example_subdag_operator.py
[2021-10-24 03:18:22,066] {scheduler_job.py:643} INFO - DAG(s) dict_keys(['example_subdag_operator.section-1', 'example_subdag_operator.section-2', 'example_subdag_operator']) retrieved from /home/airflow/sandbox/lib/python3.8/site-packages/airflow/example_dags/example_subdag_operator.py
[2021-10-24 03:18:22,083] {logging_mixin.py:104} INFO - [2021-10-24 03:18:22,083] {dag.py:1832} INFO - Sync 3 DAGs
[2021-10-24 03:18:22,098] {logging_mixin.py:104} INFO - [2021-10-24 03:18:22,098] {dag.py:2305} INFO - Setting next_dagrun for example_subdag_operator to 2021-10-22 00:00:00+00:00
[2021-10-24 03:18:22,099] {logging_mixin.py:104} INFO - [2021-10-24 03:18:22,099] {dag.py:2305} INFO - Setting next_dagrun for example_subdag_operator.section-1 to None
[2021-10-24 03:18:22,099] {logging_mixin.py:104} INFO - [2021-10-24 03:18:22,099] {dag.py:2305} INFO - Setting next_dagrun for example_subdag_operator.section-2 to None
[2021-10-24 03:18:22,117] {logging_mixin.py:104} INFO - [2021-10-24 03:18:22,117] {dag.py:1832} INFO - Sync 2 DAGs
[2021-10-24 03:18:22,128] {logging_mixin.py:104} INFO - [2021-10-24 03:18:22,128] {dag.py:2305} INFO - Setting next_dagrun for example_subdag_operator.section-1 to None
[2021-10-24 03:18:22,128] {logging_mixin.py:104} INFO - [2021-10-24 03:18:22,128] {dag.py:2305} INFO - Setting next_dagrun for example_subdag_operator.section-2 to None
[2021-10-24 03:18:22,142] {scheduler_job.py:190} INFO - Processing /home/airflow/sandbox/lib/python3.8/site-packages/airflow/example_dags/example_subdag_operator.py took 0.133 seconds
[2021-10-24 03:18:58,161] {scheduler_job.py:182} INFO - Started process (PID=7834) to work on /home/airflow/sandbox/lib/python3.8/site-packages/airflow/example_dags/example_subdag_operator.py
[2021-10-24 03:18:58,163] {scheduler_job.py:633} INFO - Processing file /home/airflow/sandbox/lib/python3.8/site-packages/airflow/example_dags/example_subdag_operator.py for tasks to queue
[2021-10-24 03:18:58,164] {logging_mixin.py:104} INFO - [2021-10-24 03:18:58,164] {dagbag.py:487} INFO - Filling up the DagBag from /home/airflow/sandbox/lib/python3.8/site-packages/airflow/example_dags/example_subdag_operator.py
[2021-10-24 03:18:58,187] {scheduler_job.py:643} INFO - DAG(s) dict_keys(['example_subdag_operator.section-1', 'example_subdag_operator.section-2', 'example_subdag_operator']) retrieved from /home/airflow/sandbox/lib/python3.8/site-packages/airflow/example_dags/example_subdag_operator.py
[2021-10-24 03:18:58,202] {logging_mixin.py:104} INFO - [2021-10-24 03:18:58,202] {dag.py:1832} INFO - Sync 3 DAGs
[2021-10-24 03:18:58,212] {logging_mixin.py:104} INFO - [2021-10-24 03:18:58,212] {dag.py:2305} INFO - Setting next_dagrun for example_subdag_operator to 2021-10-22 00:00:00+00:00
[2021-10-24 03:18:58,213] {logging_mixin.py:104} INFO - [2021-10-24 03:18:58,213] {dag.py:2305} INFO - Setting next_dagrun for example_subdag_operator.section-1 to None
[2021-10-24 03:18:58,213] {logging_mixin.py:104} INFO - [2021-10-24 03:18:58,213] {dag.py:2305} INFO - Setting next_dagrun for example_subdag_operator.section-2 to None
[2021-10-24 03:18:58,228] {logging_mixin.py:104} INFO - [2021-10-24 03:18:58,228] {dag.py:1832} INFO - Sync 2 DAGs
[2021-10-24 03:18:58,238] {logging_mixin.py:104} INFO - [2021-10-24 03:18:58,237] {dag.py:2305} INFO - Setting next_dagrun for example_subdag_operator.section-1 to None
[2021-10-24 03:18:58,238] {logging_mixin.py:104} INFO - [2021-10-24 03:18:58,238] {dag.py:2305} INFO - Setting next_dagrun for example_subdag_operator.section-2 to None
[2021-10-24 03:18:58,245] {scheduler_job.py:190} INFO - Processing /home/airflow/sandbox/lib/python3.8/site-packages/airflow/example_dags/example_subdag_operator.py took 0.087 seconds
[2021-10-24 03:19:33,836] {scheduler_job.py:182} INFO - Started process (PID=7865) to work on /home/airflow/sandbox/lib/python3.8/site-packages/airflow/example_dags/example_subdag_operator.py
[2021-10-24 03:19:33,837] {scheduler_job.py:633} INFO - Processing file /home/airflow/sandbox/lib/python3.8/site-packages/airflow/example_dags/example_subdag_operator.py for tasks to queue
[2021-10-24 03:19:33,838] {logging_mixin.py:104} INFO - [2021-10-24 03:19:33,838] {dagbag.py:487} INFO - Filling up the DagBag from /home/airflow/sandbox/lib/python3.8/site-packages/airflow/example_dags/example_subdag_operator.py
[2021-10-24 03:19:33,875] {scheduler_job.py:643} INFO - DAG(s) dict_keys(['example_subdag_operator.section-1', 'example_subdag_operator.section-2', 'example_subdag_operator']) retrieved from /home/airflow/sandbox/lib/python3.8/site-packages/airflow/example_dags/example_subdag_operator.py
[2021-10-24 03:19:33,891] {logging_mixin.py:104} INFO - [2021-10-24 03:19:33,891] {dag.py:1832} INFO - Sync 3 DAGs
[2021-10-24 03:19:33,910] {logging_mixin.py:104} INFO - [2021-10-24 03:19:33,910] {dag.py:2305} INFO - Setting next_dagrun for example_subdag_operator to 2021-10-22 00:00:00+00:00
[2021-10-24 03:19:33,911] {logging_mixin.py:104} INFO - [2021-10-24 03:19:33,911] {dag.py:2305} INFO - Setting next_dagrun for example_subdag_operator.section-1 to None
[2021-10-24 03:19:33,912] {logging_mixin.py:104} INFO - [2021-10-24 03:19:33,912] {dag.py:2305} INFO - Setting next_dagrun for example_subdag_operator.section-2 to None
[2021-10-24 03:19:33,929] {logging_mixin.py:104} INFO - [2021-10-24 03:19:33,929] {dag.py:1832} INFO - Sync 2 DAGs
[2021-10-24 03:19:33,939] {logging_mixin.py:104} INFO - [2021-10-24 03:19:33,939] {dag.py:2305} INFO - Setting next_dagrun for example_subdag_operator.section-1 to None
[2021-10-24 03:19:33,940] {logging_mixin.py:104} INFO - [2021-10-24 03:19:33,940] {dag.py:2305} INFO - Setting next_dagrun for example_subdag_operator.section-2 to None
[2021-10-24 03:19:33,955] {scheduler_job.py:190} INFO - Processing /home/airflow/sandbox/lib/python3.8/site-packages/airflow/example_dags/example_subdag_operator.py took 0.125 seconds
[2021-10-24 03:20:10,274] {scheduler_job.py:182} INFO - Started process (PID=7896) to work on /home/airflow/sandbox/lib/python3.8/site-packages/airflow/example_dags/example_subdag_operator.py
[2021-10-24 03:20:10,275] {scheduler_job.py:633} INFO - Processing file /home/airflow/sandbox/lib/python3.8/site-packages/airflow/example_dags/example_subdag_operator.py for tasks to queue
[2021-10-24 03:20:10,276] {logging_mixin.py:104} INFO - [2021-10-24 03:20:10,276] {dagbag.py:487} INFO - Filling up the DagBag from /home/airflow/sandbox/lib/python3.8/site-packages/airflow/example_dags/example_subdag_operator.py
[2021-10-24 03:20:10,315] {scheduler_job.py:643} INFO - DAG(s) dict_keys(['example_subdag_operator.section-1', 'example_subdag_operator.section-2', 'example_subdag_operator']) retrieved from /home/airflow/sandbox/lib/python3.8/site-packages/airflow/example_dags/example_subdag_operator.py
[2021-10-24 03:20:10,323] {logging_mixin.py:104} INFO - [2021-10-24 03:20:10,323] {dag.py:1832} INFO - Sync 3 DAGs
[2021-10-24 03:20:10,331] {logging_mixin.py:104} INFO - [2021-10-24 03:20:10,331] {dag.py:2305} INFO - Setting next_dagrun for example_subdag_operator to 2021-10-22 00:00:00+00:00
[2021-10-24 03:20:10,332] {logging_mixin.py:104} INFO - [2021-10-24 03:20:10,332] {dag.py:2305} INFO - Setting next_dagrun for example_subdag_operator.section-1 to None
[2021-10-24 03:20:10,332] {logging_mixin.py:104} INFO - [2021-10-24 03:20:10,332] {dag.py:2305} INFO - Setting next_dagrun for example_subdag_operator.section-2 to None
[2021-10-24 03:20:10,339] {logging_mixin.py:104} INFO - [2021-10-24 03:20:10,339] {dag.py:1832} INFO - Sync 2 DAGs
[2021-10-24 03:20:10,344] {logging_mixin.py:104} INFO - [2021-10-24 03:20:10,344] {dag.py:2305} INFO - Setting next_dagrun for example_subdag_operator.section-1 to None
[2021-10-24 03:20:10,344] {logging_mixin.py:104} INFO - [2021-10-24 03:20:10,344] {dag.py:2305} INFO - Setting next_dagrun for example_subdag_operator.section-2 to None
[2021-10-24 03:20:10,350] {scheduler_job.py:190} INFO - Processing /home/airflow/sandbox/lib/python3.8/site-packages/airflow/example_dags/example_subdag_operator.py took 0.080 seconds
[2021-10-24 03:20:43,193] {scheduler_job.py:182} INFO - Started process (PID=7925) to work on /home/airflow/sandbox/lib/python3.8/site-packages/airflow/example_dags/example_subdag_operator.py
[2021-10-24 03:20:43,194] {scheduler_job.py:633} INFO - Processing file /home/airflow/sandbox/lib/python3.8/site-packages/airflow/example_dags/example_subdag_operator.py for tasks to queue
[2021-10-24 03:20:43,195] {logging_mixin.py:104} INFO - [2021-10-24 03:20:43,195] {dagbag.py:487} INFO - Filling up the DagBag from /home/airflow/sandbox/lib/python3.8/site-packages/airflow/example_dags/example_subdag_operator.py
[2021-10-24 03:20:43,229] {scheduler_job.py:643} INFO - DAG(s) dict_keys(['example_subdag_operator.section-1', 'example_subdag_operator.section-2', 'example_subdag_operator']) retrieved from /home/airflow/sandbox/lib/python3.8/site-packages/airflow/example_dags/example_subdag_operator.py
[2021-10-24 03:20:43,246] {logging_mixin.py:104} INFO - [2021-10-24 03:20:43,246] {dag.py:1832} INFO - Sync 3 DAGs
[2021-10-24 03:20:43,264] {logging_mixin.py:104} INFO - [2021-10-24 03:20:43,263] {dag.py:2305} INFO - Setting next_dagrun for example_subdag_operator to 2021-10-22 00:00:00+00:00
[2021-10-24 03:20:43,265] {logging_mixin.py:104} INFO - [2021-10-24 03:20:43,265] {dag.py:2305} INFO - Setting next_dagrun for example_subdag_operator.section-1 to None
[2021-10-24 03:20:43,266] {logging_mixin.py:104} INFO - [2021-10-24 03:20:43,266] {dag.py:2305} INFO - Setting next_dagrun for example_subdag_operator.section-2 to None
[2021-10-24 03:20:43,286] {logging_mixin.py:104} INFO - [2021-10-24 03:20:43,286] {dag.py:1832} INFO - Sync 2 DAGs
[2021-10-24 03:20:43,296] {logging_mixin.py:104} INFO - [2021-10-24 03:20:43,296] {dag.py:2305} INFO - Setting next_dagrun for example_subdag_operator.section-1 to None
[2021-10-24 03:20:43,297] {logging_mixin.py:104} INFO - [2021-10-24 03:20:43,297] {dag.py:2305} INFO - Setting next_dagrun for example_subdag_operator.section-2 to None
[2021-10-24 03:20:43,312] {scheduler_job.py:190} INFO - Processing /home/airflow/sandbox/lib/python3.8/site-packages/airflow/example_dags/example_subdag_operator.py took 0.124 seconds
[2021-10-24 03:21:17,331] {scheduler_job.py:182} INFO - Started process (PID=7954) to work on /home/airflow/sandbox/lib/python3.8/site-packages/airflow/example_dags/example_subdag_operator.py
[2021-10-24 03:21:17,333] {scheduler_job.py:633} INFO - Processing file /home/airflow/sandbox/lib/python3.8/site-packages/airflow/example_dags/example_subdag_operator.py for tasks to queue
[2021-10-24 03:21:17,334] {logging_mixin.py:104} INFO - [2021-10-24 03:21:17,334] {dagbag.py:487} INFO - Filling up the DagBag from /home/airflow/sandbox/lib/python3.8/site-packages/airflow/example_dags/example_subdag_operator.py
[2021-10-24 03:21:17,371] {scheduler_job.py:643} INFO - DAG(s) dict_keys(['example_subdag_operator.section-1', 'example_subdag_operator.section-2', 'example_subdag_operator']) retrieved from /home/airflow/sandbox/lib/python3.8/site-packages/airflow/example_dags/example_subdag_operator.py
[2021-10-24 03:21:17,387] {logging_mixin.py:104} INFO - [2021-10-24 03:21:17,387] {dag.py:1832} INFO - Sync 3 DAGs
[2021-10-24 03:21:17,404] {logging_mixin.py:104} INFO - [2021-10-24 03:21:17,404] {dag.py:2305} INFO - Setting next_dagrun for example_subdag_operator to 2021-10-22 00:00:00+00:00
[2021-10-24 03:21:17,406] {logging_mixin.py:104} INFO - [2021-10-24 03:21:17,406] {dag.py:2305} INFO - Setting next_dagrun for example_subdag_operator.section-1 to None
[2021-10-24 03:21:17,406] {logging_mixin.py:104} INFO - [2021-10-24 03:21:17,406] {dag.py:2305} INFO - Setting next_dagrun for example_subdag_operator.section-2 to None
[2021-10-24 03:21:17,426] {logging_mixin.py:104} INFO - [2021-10-24 03:21:17,426] {dag.py:1832} INFO - Sync 2 DAGs
[2021-10-24 03:21:17,435] {logging_mixin.py:104} INFO - [2021-10-24 03:21:17,435] {dag.py:2305} INFO - Setting next_dagrun for example_subdag_operator.section-1 to None
[2021-10-24 03:21:17,436] {logging_mixin.py:104} INFO - [2021-10-24 03:21:17,436] {dag.py:2305} INFO - Setting next_dagrun for example_subdag_operator.section-2 to None
[2021-10-24 03:21:17,450] {scheduler_job.py:190} INFO - Processing /home/airflow/sandbox/lib/python3.8/site-packages/airflow/example_dags/example_subdag_operator.py took 0.124 seconds
[2021-10-24 03:21:50,470] {scheduler_job.py:182} INFO - Started process (PID=8045) to work on /home/airflow/sandbox/lib/python3.8/site-packages/airflow/example_dags/example_subdag_operator.py
[2021-10-24 03:21:50,471] {scheduler_job.py:633} INFO - Processing file /home/airflow/sandbox/lib/python3.8/site-packages/airflow/example_dags/example_subdag_operator.py for tasks to queue
[2021-10-24 03:21:50,472] {logging_mixin.py:104} INFO - [2021-10-24 03:21:50,472] {dagbag.py:487} INFO - Filling up the DagBag from /home/airflow/sandbox/lib/python3.8/site-packages/airflow/example_dags/example_subdag_operator.py
[2021-10-24 03:21:50,513] {scheduler_job.py:643} INFO - DAG(s) dict_keys(['example_subdag_operator.section-1', 'example_subdag_operator.section-2', 'example_subdag_operator']) retrieved from /home/airflow/sandbox/lib/python3.8/site-packages/airflow/example_dags/example_subdag_operator.py
[2021-10-24 03:21:50,531] {logging_mixin.py:104} INFO - [2021-10-24 03:21:50,531] {dag.py:1832} INFO - Sync 3 DAGs
[2021-10-24 03:21:50,547] {logging_mixin.py:104} INFO - [2021-10-24 03:21:50,547] {dag.py:2305} INFO - Setting next_dagrun for example_subdag_operator to 2021-10-22 00:00:00+00:00
[2021-10-24 03:21:50,549] {logging_mixin.py:104} INFO - [2021-10-24 03:21:50,548] {dag.py:2305} INFO - Setting next_dagrun for example_subdag_operator.section-1 to None
[2021-10-24 03:21:50,549] {logging_mixin.py:104} INFO - [2021-10-24 03:21:50,549] {dag.py:2305} INFO - Setting next_dagrun for example_subdag_operator.section-2 to None
[2021-10-24 03:21:50,568] {logging_mixin.py:104} INFO - [2021-10-24 03:21:50,568] {dag.py:1832} INFO - Sync 2 DAGs
[2021-10-24 03:21:50,577] {logging_mixin.py:104} INFO - [2021-10-24 03:21:50,577] {dag.py:2305} INFO - Setting next_dagrun for example_subdag_operator.section-1 to None
[2021-10-24 03:21:50,577] {logging_mixin.py:104} INFO - [2021-10-24 03:21:50,577] {dag.py:2305} INFO - Setting next_dagrun for example_subdag_operator.section-2 to None
[2021-10-24 03:21:50,592] {scheduler_job.py:190} INFO - Processing /home/airflow/sandbox/lib/python3.8/site-packages/airflow/example_dags/example_subdag_operator.py took 0.126 seconds
[2021-10-24 03:22:28,581] {scheduler_job.py:182} INFO - Started process (PID=8077) to work on /home/airflow/sandbox/lib/python3.8/site-packages/airflow/example_dags/example_subdag_operator.py
[2021-10-24 03:22:28,583] {scheduler_job.py:633} INFO - Processing file /home/airflow/sandbox/lib/python3.8/site-packages/airflow/example_dags/example_subdag_operator.py for tasks to queue
[2021-10-24 03:22:28,584] {logging_mixin.py:104} INFO - [2021-10-24 03:22:28,584] {dagbag.py:487} INFO - Filling up the DagBag from /home/airflow/sandbox/lib/python3.8/site-packages/airflow/example_dags/example_subdag_operator.py
[2021-10-24 03:22:28,618] {scheduler_job.py:643} INFO - DAG(s) dict_keys(['example_subdag_operator.section-1', 'example_subdag_operator.section-2', 'example_subdag_operator']) retrieved from /home/airflow/sandbox/lib/python3.8/site-packages/airflow/example_dags/example_subdag_operator.py
[2021-10-24 03:22:28,632] {logging_mixin.py:104} INFO - [2021-10-24 03:22:28,632] {dag.py:1832} INFO - Sync 3 DAGs
[2021-10-24 03:22:28,648] {logging_mixin.py:104} INFO - [2021-10-24 03:22:28,648] {dag.py:2305} INFO - Setting next_dagrun for example_subdag_operator to 2021-10-22 00:00:00+00:00
[2021-10-24 03:22:28,649] {logging_mixin.py:104} INFO - [2021-10-24 03:22:28,649] {dag.py:2305} INFO - Setting next_dagrun for example_subdag_operator.section-1 to None
[2021-10-24 03:22:28,650] {logging_mixin.py:104} INFO - [2021-10-24 03:22:28,650] {dag.py:2305} INFO - Setting next_dagrun for example_subdag_operator.section-2 to None
[2021-10-24 03:22:28,668] {logging_mixin.py:104} INFO - [2021-10-24 03:22:28,668] {dag.py:1832} INFO - Sync 2 DAGs
[2021-10-24 03:22:28,676] {logging_mixin.py:104} INFO - [2021-10-24 03:22:28,676] {dag.py:2305} INFO - Setting next_dagrun for example_subdag_operator.section-1 to None
[2021-10-24 03:22:28,677] {logging_mixin.py:104} INFO - [2021-10-24 03:22:28,677] {dag.py:2305} INFO - Setting next_dagrun for example_subdag_operator.section-2 to None
[2021-10-24 03:22:28,692] {scheduler_job.py:190} INFO - Processing /home/airflow/sandbox/lib/python3.8/site-packages/airflow/example_dags/example_subdag_operator.py took 0.116 seconds
[2021-10-24 03:23:02,961] {scheduler_job.py:182} INFO - Started process (PID=8107) to work on /home/airflow/sandbox/lib/python3.8/site-packages/airflow/example_dags/example_subdag_operator.py
[2021-10-24 03:23:02,962] {scheduler_job.py:633} INFO - Processing file /home/airflow/sandbox/lib/python3.8/site-packages/airflow/example_dags/example_subdag_operator.py for tasks to queue
[2021-10-24 03:23:02,963] {logging_mixin.py:104} INFO - [2021-10-24 03:23:02,963] {dagbag.py:487} INFO - Filling up the DagBag from /home/airflow/sandbox/lib/python3.8/site-packages/airflow/example_dags/example_subdag_operator.py
[2021-10-24 03:23:02,996] {scheduler_job.py:643} INFO - DAG(s) dict_keys(['example_subdag_operator.section-1', 'example_subdag_operator.section-2', 'example_subdag_operator']) retrieved from /home/airflow/sandbox/lib/python3.8/site-packages/airflow/example_dags/example_subdag_operator.py
[2021-10-24 03:23:03,009] {logging_mixin.py:104} INFO - [2021-10-24 03:23:03,009] {dag.py:1832} INFO - Sync 3 DAGs
[2021-10-24 03:23:03,025] {logging_mixin.py:104} INFO - [2021-10-24 03:23:03,024] {dag.py:2305} INFO - Setting next_dagrun for example_subdag_operator to 2021-10-22 00:00:00+00:00
[2021-10-24 03:23:03,026] {logging_mixin.py:104} INFO - [2021-10-24 03:23:03,026] {dag.py:2305} INFO - Setting next_dagrun for example_subdag_operator.section-1 to None
[2021-10-24 03:23:03,026] {logging_mixin.py:104} INFO - [2021-10-24 03:23:03,026] {dag.py:2305} INFO - Setting next_dagrun for example_subdag_operator.section-2 to None
[2021-10-24 03:23:03,043] {logging_mixin.py:104} INFO - [2021-10-24 03:23:03,043] {dag.py:1832} INFO - Sync 2 DAGs
[2021-10-24 03:23:03,055] {logging_mixin.py:104} INFO - [2021-10-24 03:23:03,054] {dag.py:2305} INFO - Setting next_dagrun for example_subdag_operator.section-1 to None
[2021-10-24 03:23:03,055] {logging_mixin.py:104} INFO - [2021-10-24 03:23:03,055] {dag.py:2305} INFO - Setting next_dagrun for example_subdag_operator.section-2 to None
[2021-10-24 03:23:03,067] {scheduler_job.py:190} INFO - Processing /home/airflow/sandbox/lib/python3.8/site-packages/airflow/example_dags/example_subdag_operator.py took 0.110 seconds
[2021-10-24 03:23:37,167] {scheduler_job.py:182} INFO - Started process (PID=8181) to work on /home/airflow/sandbox/lib/python3.8/site-packages/airflow/example_dags/example_subdag_operator.py
[2021-10-24 03:23:37,169] {scheduler_job.py:633} INFO - Processing file /home/airflow/sandbox/lib/python3.8/site-packages/airflow/example_dags/example_subdag_operator.py for tasks to queue
[2021-10-24 03:23:37,170] {logging_mixin.py:104} INFO - [2021-10-24 03:23:37,169] {dagbag.py:487} INFO - Filling up the DagBag from /home/airflow/sandbox/lib/python3.8/site-packages/airflow/example_dags/example_subdag_operator.py
[2021-10-24 03:23:37,204] {scheduler_job.py:643} INFO - DAG(s) dict_keys(['example_subdag_operator.section-1', 'example_subdag_operator.section-2', 'example_subdag_operator']) retrieved from /home/airflow/sandbox/lib/python3.8/site-packages/airflow/example_dags/example_subdag_operator.py
[2021-10-24 03:23:37,223] {logging_mixin.py:104} INFO - [2021-10-24 03:23:37,223] {dag.py:1832} INFO - Sync 3 DAGs
[2021-10-24 03:23:37,239] {logging_mixin.py:104} INFO - [2021-10-24 03:23:37,239] {dag.py:2305} INFO - Setting next_dagrun for example_subdag_operator to 2021-10-22 00:00:00+00:00
[2021-10-24 03:23:37,241] {logging_mixin.py:104} INFO - [2021-10-24 03:23:37,241] {dag.py:2305} INFO - Setting next_dagrun for example_subdag_operator.section-1 to None
[2021-10-24 03:23:37,241] {logging_mixin.py:104} INFO - [2021-10-24 03:23:37,241] {dag.py:2305} INFO - Setting next_dagrun for example_subdag_operator.section-2 to None
[2021-10-24 03:23:37,262] {logging_mixin.py:104} INFO - [2021-10-24 03:23:37,261] {dag.py:1832} INFO - Sync 2 DAGs
[2021-10-24 03:23:37,271] {logging_mixin.py:104} INFO - [2021-10-24 03:23:37,271] {dag.py:2305} INFO - Setting next_dagrun for example_subdag_operator.section-1 to None
[2021-10-24 03:23:37,271] {logging_mixin.py:104} INFO - [2021-10-24 03:23:37,271] {dag.py:2305} INFO - Setting next_dagrun for example_subdag_operator.section-2 to None
[2021-10-24 03:23:37,281] {scheduler_job.py:190} INFO - Processing /home/airflow/sandbox/lib/python3.8/site-packages/airflow/example_dags/example_subdag_operator.py took 0.119 seconds
[2021-10-24 03:24:10,645] {scheduler_job.py:182} INFO - Started process (PID=8212) to work on /home/airflow/sandbox/lib/python3.8/site-packages/airflow/example_dags/example_subdag_operator.py
[2021-10-24 03:24:10,647] {scheduler_job.py:633} INFO - Processing file /home/airflow/sandbox/lib/python3.8/site-packages/airflow/example_dags/example_subdag_operator.py for tasks to queue
[2021-10-24 03:24:10,648] {logging_mixin.py:104} INFO - [2021-10-24 03:24:10,648] {dagbag.py:487} INFO - Filling up the DagBag from /home/airflow/sandbox/lib/python3.8/site-packages/airflow/example_dags/example_subdag_operator.py
[2021-10-24 03:24:10,684] {scheduler_job.py:643} INFO - DAG(s) dict_keys(['example_subdag_operator.section-1', 'example_subdag_operator.section-2', 'example_subdag_operator']) retrieved from /home/airflow/sandbox/lib/python3.8/site-packages/airflow/example_dags/example_subdag_operator.py
[2021-10-24 03:24:10,700] {logging_mixin.py:104} INFO - [2021-10-24 03:24:10,699] {dag.py:1832} INFO - Sync 3 DAGs
[2021-10-24 03:24:10,719] {logging_mixin.py:104} INFO - [2021-10-24 03:24:10,719] {dag.py:2305} INFO - Setting next_dagrun for example_subdag_operator to 2021-10-22 00:00:00+00:00
[2021-10-24 03:24:10,721] {logging_mixin.py:104} INFO - [2021-10-24 03:24:10,720] {dag.py:2305} INFO - Setting next_dagrun for example_subdag_operator.section-1 to None
[2021-10-24 03:24:10,721] {logging_mixin.py:104} INFO - [2021-10-24 03:24:10,721] {dag.py:2305} INFO - Setting next_dagrun for example_subdag_operator.section-2 to None
[2021-10-24 03:24:10,739] {logging_mixin.py:104} INFO - [2021-10-24 03:24:10,739] {dag.py:1832} INFO - Sync 2 DAGs
[2021-10-24 03:24:10,748] {logging_mixin.py:104} INFO - [2021-10-24 03:24:10,748] {dag.py:2305} INFO - Setting next_dagrun for example_subdag_operator.section-1 to None
[2021-10-24 03:24:10,749] {logging_mixin.py:104} INFO - [2021-10-24 03:24:10,749] {dag.py:2305} INFO - Setting next_dagrun for example_subdag_operator.section-2 to None
[2021-10-24 03:24:10,762] {scheduler_job.py:190} INFO - Processing /home/airflow/sandbox/lib/python3.8/site-packages/airflow/example_dags/example_subdag_operator.py took 0.120 seconds
[2021-10-24 03:24:48,185] {scheduler_job.py:182} INFO - Started process (PID=8244) to work on /home/airflow/sandbox/lib/python3.8/site-packages/airflow/example_dags/example_subdag_operator.py
[2021-10-24 03:24:48,186] {scheduler_job.py:633} INFO - Processing file /home/airflow/sandbox/lib/python3.8/site-packages/airflow/example_dags/example_subdag_operator.py for tasks to queue
[2021-10-24 03:24:48,186] {logging_mixin.py:104} INFO - [2021-10-24 03:24:48,186] {dagbag.py:487} INFO - Filling up the DagBag from /home/airflow/sandbox/lib/python3.8/site-packages/airflow/example_dags/example_subdag_operator.py
[2021-10-24 03:24:48,225] {scheduler_job.py:643} INFO - DAG(s) dict_keys(['example_subdag_operator.section-1', 'example_subdag_operator.section-2', 'example_subdag_operator']) retrieved from /home/airflow/sandbox/lib/python3.8/site-packages/airflow/example_dags/example_subdag_operator.py
[2021-10-24 03:24:48,241] {logging_mixin.py:104} INFO - [2021-10-24 03:24:48,241] {dag.py:1832} INFO - Sync 3 DAGs
[2021-10-24 03:24:48,257] {logging_mixin.py:104} INFO - [2021-10-24 03:24:48,256] {dag.py:2305} INFO - Setting next_dagrun for example_subdag_operator to 2021-10-22 00:00:00+00:00
[2021-10-24 03:24:48,258] {logging_mixin.py:104} INFO - [2021-10-24 03:24:48,258] {dag.py:2305} INFO - Setting next_dagrun for example_subdag_operator.section-1 to None
[2021-10-24 03:24:48,258] {logging_mixin.py:104} INFO - [2021-10-24 03:24:48,258] {dag.py:2305} INFO - Setting next_dagrun for example_subdag_operator.section-2 to None
[2021-10-24 03:24:48,275] {logging_mixin.py:104} INFO - [2021-10-24 03:24:48,275] {dag.py:1832} INFO - Sync 2 DAGs
[2021-10-24 03:24:48,288] {logging_mixin.py:104} INFO - [2021-10-24 03:24:48,288] {dag.py:2305} INFO - Setting next_dagrun for example_subdag_operator.section-1 to None
[2021-10-24 03:24:48,288] {logging_mixin.py:104} INFO - [2021-10-24 03:24:48,288] {dag.py:2305} INFO - Setting next_dagrun for example_subdag_operator.section-2 to None
[2021-10-24 03:24:48,297] {scheduler_job.py:190} INFO - Processing /home/airflow/sandbox/lib/python3.8/site-packages/airflow/example_dags/example_subdag_operator.py took 0.118 seconds
[2021-10-24 03:25:21,462] {scheduler_job.py:182} INFO - Started process (PID=8273) to work on /home/airflow/sandbox/lib/python3.8/site-packages/airflow/example_dags/example_subdag_operator.py
[2021-10-24 03:25:21,466] {scheduler_job.py:633} INFO - Processing file /home/airflow/sandbox/lib/python3.8/site-packages/airflow/example_dags/example_subdag_operator.py for tasks to queue
[2021-10-24 03:25:21,467] {logging_mixin.py:104} INFO - [2021-10-24 03:25:21,467] {dagbag.py:487} INFO - Filling up the DagBag from /home/airflow/sandbox/lib/python3.8/site-packages/airflow/example_dags/example_subdag_operator.py
[2021-10-24 03:25:21,504] {scheduler_job.py:643} INFO - DAG(s) dict_keys(['example_subdag_operator.section-1', 'example_subdag_operator.section-2', 'example_subdag_operator']) retrieved from /home/airflow/sandbox/lib/python3.8/site-packages/airflow/example_dags/example_subdag_operator.py
[2021-10-24 03:25:21,519] {logging_mixin.py:104} INFO - [2021-10-24 03:25:21,518] {dag.py:1832} INFO - Sync 3 DAGs
[2021-10-24 03:25:21,536] {logging_mixin.py:104} INFO - [2021-10-24 03:25:21,536] {dag.py:2305} INFO - Setting next_dagrun for example_subdag_operator to 2021-10-22 00:00:00+00:00
[2021-10-24 03:25:21,537] {logging_mixin.py:104} INFO - [2021-10-24 03:25:21,537] {dag.py:2305} INFO - Setting next_dagrun for example_subdag_operator.section-1 to None
[2021-10-24 03:25:21,538] {logging_mixin.py:104} INFO - [2021-10-24 03:25:21,538] {dag.py:2305} INFO - Setting next_dagrun for example_subdag_operator.section-2 to None
[2021-10-24 03:25:21,554] {logging_mixin.py:104} INFO - [2021-10-24 03:25:21,553] {dag.py:1832} INFO - Sync 2 DAGs
[2021-10-24 03:25:21,565] {logging_mixin.py:104} INFO - [2021-10-24 03:25:21,565] {dag.py:2305} INFO - Setting next_dagrun for example_subdag_operator.section-1 to None
[2021-10-24 03:25:21,566] {logging_mixin.py:104} INFO - [2021-10-24 03:25:21,566] {dag.py:2305} INFO - Setting next_dagrun for example_subdag_operator.section-2 to None
[2021-10-24 03:25:21,579] {scheduler_job.py:190} INFO - Processing /home/airflow/sandbox/lib/python3.8/site-packages/airflow/example_dags/example_subdag_operator.py took 0.125 seconds
[2021-10-24 03:25:59,208] {scheduler_job.py:182} INFO - Started process (PID=8304) to work on /home/airflow/sandbox/lib/python3.8/site-packages/airflow/example_dags/example_subdag_operator.py
[2021-10-24 03:25:59,209] {scheduler_job.py:633} INFO - Processing file /home/airflow/sandbox/lib/python3.8/site-packages/airflow/example_dags/example_subdag_operator.py for tasks to queue
[2021-10-24 03:25:59,210] {logging_mixin.py:104} INFO - [2021-10-24 03:25:59,210] {dagbag.py:487} INFO - Filling up the DagBag from /home/airflow/sandbox/lib/python3.8/site-packages/airflow/example_dags/example_subdag_operator.py
[2021-10-24 03:25:59,244] {scheduler_job.py:643} INFO - DAG(s) dict_keys(['example_subdag_operator.section-1', 'example_subdag_operator.section-2', 'example_subdag_operator']) retrieved from /home/airflow/sandbox/lib/python3.8/site-packages/airflow/example_dags/example_subdag_operator.py
[2021-10-24 03:25:59,259] {logging_mixin.py:104} INFO - [2021-10-24 03:25:59,259] {dag.py:1832} INFO - Sync 3 DAGs
[2021-10-24 03:25:59,278] {logging_mixin.py:104} INFO - [2021-10-24 03:25:59,278] {dag.py:2305} INFO - Setting next_dagrun for example_subdag_operator to 2021-10-22 00:00:00+00:00
[2021-10-24 03:25:59,279] {logging_mixin.py:104} INFO - [2021-10-24 03:25:59,279] {dag.py:2305} INFO - Setting next_dagrun for example_subdag_operator.section-1 to None
[2021-10-24 03:25:59,280] {logging_mixin.py:104} INFO - [2021-10-24 03:25:59,280] {dag.py:2305} INFO - Setting next_dagrun for example_subdag_operator.section-2 to None
[2021-10-24 03:25:59,299] {logging_mixin.py:104} INFO - [2021-10-24 03:25:59,298] {dag.py:1832} INFO - Sync 2 DAGs
[2021-10-24 03:25:59,309] {logging_mixin.py:104} INFO - [2021-10-24 03:25:59,309] {dag.py:2305} INFO - Setting next_dagrun for example_subdag_operator.section-1 to None
[2021-10-24 03:25:59,309] {logging_mixin.py:104} INFO - [2021-10-24 03:25:59,309] {dag.py:2305} INFO - Setting next_dagrun for example_subdag_operator.section-2 to None
[2021-10-24 03:25:59,320] {scheduler_job.py:190} INFO - Processing /home/airflow/sandbox/lib/python3.8/site-packages/airflow/example_dags/example_subdag_operator.py took 0.117 seconds
[2021-10-24 03:26:33,396] {scheduler_job.py:182} INFO - Started process (PID=8333) to work on /home/airflow/sandbox/lib/python3.8/site-packages/airflow/example_dags/example_subdag_operator.py
[2021-10-24 03:26:33,398] {scheduler_job.py:633} INFO - Processing file /home/airflow/sandbox/lib/python3.8/site-packages/airflow/example_dags/example_subdag_operator.py for tasks to queue
[2021-10-24 03:26:33,399] {logging_mixin.py:104} INFO - [2021-10-24 03:26:33,399] {dagbag.py:487} INFO - Filling up the DagBag from /home/airflow/sandbox/lib/python3.8/site-packages/airflow/example_dags/example_subdag_operator.py
[2021-10-24 03:26:33,436] {scheduler_job.py:643} INFO - DAG(s) dict_keys(['example_subdag_operator.section-1', 'example_subdag_operator.section-2', 'example_subdag_operator']) retrieved from /home/airflow/sandbox/lib/python3.8/site-packages/airflow/example_dags/example_subdag_operator.py
[2021-10-24 03:26:33,451] {logging_mixin.py:104} INFO - [2021-10-24 03:26:33,451] {dag.py:1832} INFO - Sync 3 DAGs
[2021-10-24 03:26:33,470] {logging_mixin.py:104} INFO - [2021-10-24 03:26:33,469] {dag.py:2305} INFO - Setting next_dagrun for example_subdag_operator to 2021-10-22 00:00:00+00:00
[2021-10-24 03:26:33,470] {logging_mixin.py:104} INFO - [2021-10-24 03:26:33,470] {dag.py:2305} INFO - Setting next_dagrun for example_subdag_operator.section-1 to None
[2021-10-24 03:26:33,471] {logging_mixin.py:104} INFO - [2021-10-24 03:26:33,471] {dag.py:2305} INFO - Setting next_dagrun for example_subdag_operator.section-2 to None
[2021-10-24 03:26:33,487] {logging_mixin.py:104} INFO - [2021-10-24 03:26:33,487] {dag.py:1832} INFO - Sync 2 DAGs
[2021-10-24 03:26:33,497] {logging_mixin.py:104} INFO - [2021-10-24 03:26:33,497] {dag.py:2305} INFO - Setting next_dagrun for example_subdag_operator.section-1 to None
[2021-10-24 03:26:33,498] {logging_mixin.py:104} INFO - [2021-10-24 03:26:33,498] {dag.py:2305} INFO - Setting next_dagrun for example_subdag_operator.section-2 to None
[2021-10-24 03:26:33,508] {scheduler_job.py:190} INFO - Processing /home/airflow/sandbox/lib/python3.8/site-packages/airflow/example_dags/example_subdag_operator.py took 0.118 seconds
[2021-10-24 03:27:10,206] {scheduler_job.py:182} INFO - Started process (PID=8364) to work on /home/airflow/sandbox/lib/python3.8/site-packages/airflow/example_dags/example_subdag_operator.py
[2021-10-24 03:27:10,208] {scheduler_job.py:633} INFO - Processing file /home/airflow/sandbox/lib/python3.8/site-packages/airflow/example_dags/example_subdag_operator.py for tasks to queue
[2021-10-24 03:27:10,209] {logging_mixin.py:104} INFO - [2021-10-24 03:27:10,208] {dagbag.py:487} INFO - Filling up the DagBag from /home/airflow/sandbox/lib/python3.8/site-packages/airflow/example_dags/example_subdag_operator.py
[2021-10-24 03:27:10,243] {scheduler_job.py:643} INFO - DAG(s) dict_keys(['example_subdag_operator.section-1', 'example_subdag_operator.section-2', 'example_subdag_operator']) retrieved from /home/airflow/sandbox/lib/python3.8/site-packages/airflow/example_dags/example_subdag_operator.py
[2021-10-24 03:27:10,259] {logging_mixin.py:104} INFO - [2021-10-24 03:27:10,258] {dag.py:1832} INFO - Sync 3 DAGs
[2021-10-24 03:27:10,274] {logging_mixin.py:104} INFO - [2021-10-24 03:27:10,274] {dag.py:2305} INFO - Setting next_dagrun for example_subdag_operator to 2021-10-22 00:00:00+00:00
[2021-10-24 03:27:10,275] {logging_mixin.py:104} INFO - [2021-10-24 03:27:10,275] {dag.py:2305} INFO - Setting next_dagrun for example_subdag_operator.section-1 to None
[2021-10-24 03:27:10,275] {logging_mixin.py:104} INFO - [2021-10-24 03:27:10,275] {dag.py:2305} INFO - Setting next_dagrun for example_subdag_operator.section-2 to None
[2021-10-24 03:27:10,290] {logging_mixin.py:104} INFO - [2021-10-24 03:27:10,290] {dag.py:1832} INFO - Sync 2 DAGs
[2021-10-24 03:27:10,302] {logging_mixin.py:104} INFO - [2021-10-24 03:27:10,302] {dag.py:2305} INFO - Setting next_dagrun for example_subdag_operator.section-1 to None
[2021-10-24 03:27:10,302] {logging_mixin.py:104} INFO - [2021-10-24 03:27:10,302] {dag.py:2305} INFO - Setting next_dagrun for example_subdag_operator.section-2 to None
[2021-10-24 03:27:10,315] {scheduler_job.py:190} INFO - Processing /home/airflow/sandbox/lib/python3.8/site-packages/airflow/example_dags/example_subdag_operator.py took 0.115 seconds
[2021-10-24 03:27:43,309] {scheduler_job.py:182} INFO - Started process (PID=8395) to work on /home/airflow/sandbox/lib/python3.8/site-packages/airflow/example_dags/example_subdag_operator.py
[2021-10-24 03:27:43,311] {scheduler_job.py:633} INFO - Processing file /home/airflow/sandbox/lib/python3.8/site-packages/airflow/example_dags/example_subdag_operator.py for tasks to queue
[2021-10-24 03:27:43,312] {logging_mixin.py:104} INFO - [2021-10-24 03:27:43,312] {dagbag.py:487} INFO - Filling up the DagBag from /home/airflow/sandbox/lib/python3.8/site-packages/airflow/example_dags/example_subdag_operator.py
[2021-10-24 03:27:43,353] {scheduler_job.py:643} INFO - DAG(s) dict_keys(['example_subdag_operator.section-1', 'example_subdag_operator.section-2', 'example_subdag_operator']) retrieved from /home/airflow/sandbox/lib/python3.8/site-packages/airflow/example_dags/example_subdag_operator.py
[2021-10-24 03:27:43,368] {logging_mixin.py:104} INFO - [2021-10-24 03:27:43,367] {dag.py:1832} INFO - Sync 3 DAGs
[2021-10-24 03:27:43,388] {logging_mixin.py:104} INFO - [2021-10-24 03:27:43,388] {dag.py:2305} INFO - Setting next_dagrun for example_subdag_operator to 2021-10-22 00:00:00+00:00
[2021-10-24 03:27:43,390] {logging_mixin.py:104} INFO - [2021-10-24 03:27:43,390] {dag.py:2305} INFO - Setting next_dagrun for example_subdag_operator.section-1 to None
[2021-10-24 03:27:43,390] {logging_mixin.py:104} INFO - [2021-10-24 03:27:43,390] {dag.py:2305} INFO - Setting next_dagrun for example_subdag_operator.section-2 to None
[2021-10-24 03:27:43,409] {logging_mixin.py:104} INFO - [2021-10-24 03:27:43,409] {dag.py:1832} INFO - Sync 2 DAGs
[2021-10-24 03:27:43,421] {logging_mixin.py:104} INFO - [2021-10-24 03:27:43,421] {dag.py:2305} INFO - Setting next_dagrun for example_subdag_operator.section-1 to None
[2021-10-24 03:27:43,421] {logging_mixin.py:104} INFO - [2021-10-24 03:27:43,421] {dag.py:2305} INFO - Setting next_dagrun for example_subdag_operator.section-2 to None
[2021-10-24 03:27:43,433] {scheduler_job.py:190} INFO - Processing /home/airflow/sandbox/lib/python3.8/site-packages/airflow/example_dags/example_subdag_operator.py took 0.129 seconds
[2021-10-24 03:28:21,795] {scheduler_job.py:182} INFO - Started process (PID=8470) to work on /home/airflow/sandbox/lib/python3.8/site-packages/airflow/example_dags/example_subdag_operator.py
[2021-10-24 03:28:21,796] {scheduler_job.py:633} INFO - Processing file /home/airflow/sandbox/lib/python3.8/site-packages/airflow/example_dags/example_subdag_operator.py for tasks to queue
[2021-10-24 03:28:21,797] {logging_mixin.py:104} INFO - [2021-10-24 03:28:21,797] {dagbag.py:487} INFO - Filling up the DagBag from /home/airflow/sandbox/lib/python3.8/site-packages/airflow/example_dags/example_subdag_operator.py
[2021-10-24 03:28:21,835] {scheduler_job.py:643} INFO - DAG(s) dict_keys(['example_subdag_operator.section-1', 'example_subdag_operator.section-2', 'example_subdag_operator']) retrieved from /home/airflow/sandbox/lib/python3.8/site-packages/airflow/example_dags/example_subdag_operator.py
[2021-10-24 03:28:21,855] {logging_mixin.py:104} INFO - [2021-10-24 03:28:21,855] {dag.py:1832} INFO - Sync 3 DAGs
[2021-10-24 03:28:21,874] {logging_mixin.py:104} INFO - [2021-10-24 03:28:21,874] {dag.py:2305} INFO - Setting next_dagrun for example_subdag_operator to 2021-10-22 00:00:00+00:00
[2021-10-24 03:28:21,875] {logging_mixin.py:104} INFO - [2021-10-24 03:28:21,875] {dag.py:2305} INFO - Setting next_dagrun for example_subdag_operator.section-1 to None
[2021-10-24 03:28:21,876] {logging_mixin.py:104} INFO - [2021-10-24 03:28:21,876] {dag.py:2305} INFO - Setting next_dagrun for example_subdag_operator.section-2 to None
[2021-10-24 03:28:21,889] {logging_mixin.py:104} INFO - [2021-10-24 03:28:21,889] {dag.py:1832} INFO - Sync 2 DAGs
[2021-10-24 03:28:21,901] {logging_mixin.py:104} INFO - [2021-10-24 03:28:21,901] {dag.py:2305} INFO - Setting next_dagrun for example_subdag_operator.section-1 to None
[2021-10-24 03:28:21,901] {logging_mixin.py:104} INFO - [2021-10-24 03:28:21,901] {dag.py:2305} INFO - Setting next_dagrun for example_subdag_operator.section-2 to None
[2021-10-24 03:28:21,913] {scheduler_job.py:190} INFO - Processing /home/airflow/sandbox/lib/python3.8/site-packages/airflow/example_dags/example_subdag_operator.py took 0.124 seconds
[2021-10-24 03:28:55,167] {scheduler_job.py:182} INFO - Started process (PID=8560) to work on /home/airflow/sandbox/lib/python3.8/site-packages/airflow/example_dags/example_subdag_operator.py
[2021-10-24 03:28:55,169] {scheduler_job.py:633} INFO - Processing file /home/airflow/sandbox/lib/python3.8/site-packages/airflow/example_dags/example_subdag_operator.py for tasks to queue
[2021-10-24 03:28:55,170] {logging_mixin.py:104} INFO - [2021-10-24 03:28:55,169] {dagbag.py:487} INFO - Filling up the DagBag from /home/airflow/sandbox/lib/python3.8/site-packages/airflow/example_dags/example_subdag_operator.py
[2021-10-24 03:28:55,203] {scheduler_job.py:643} INFO - DAG(s) dict_keys(['example_subdag_operator.section-1', 'example_subdag_operator.section-2', 'example_subdag_operator']) retrieved from /home/airflow/sandbox/lib/python3.8/site-packages/airflow/example_dags/example_subdag_operator.py
[2021-10-24 03:28:55,218] {logging_mixin.py:104} INFO - [2021-10-24 03:28:55,218] {dag.py:1832} INFO - Sync 3 DAGs
[2021-10-24 03:28:55,237] {logging_mixin.py:104} INFO - [2021-10-24 03:28:55,237] {dag.py:2305} INFO - Setting next_dagrun for example_subdag_operator to 2021-10-22 00:00:00+00:00
[2021-10-24 03:28:55,238] {logging_mixin.py:104} INFO - [2021-10-24 03:28:55,238] {dag.py:2305} INFO - Setting next_dagrun for example_subdag_operator.section-1 to None
[2021-10-24 03:28:55,238] {logging_mixin.py:104} INFO - [2021-10-24 03:28:55,238] {dag.py:2305} INFO - Setting next_dagrun for example_subdag_operator.section-2 to None
[2021-10-24 03:28:55,258] {logging_mixin.py:104} INFO - [2021-10-24 03:28:55,257] {dag.py:1832} INFO - Sync 2 DAGs
[2021-10-24 03:28:55,264] {logging_mixin.py:104} INFO - [2021-10-24 03:28:55,264] {dag.py:2305} INFO - Setting next_dagrun for example_subdag_operator.section-1 to None
[2021-10-24 03:28:55,264] {logging_mixin.py:104} INFO - [2021-10-24 03:28:55,264] {dag.py:2305} INFO - Setting next_dagrun for example_subdag_operator.section-2 to None
[2021-10-24 03:28:55,276] {scheduler_job.py:190} INFO - Processing /home/airflow/sandbox/lib/python3.8/site-packages/airflow/example_dags/example_subdag_operator.py took 0.113 seconds
[2021-10-24 03:29:32,735] {scheduler_job.py:182} INFO - Started process (PID=8772) to work on /home/airflow/sandbox/lib/python3.8/site-packages/airflow/example_dags/example_subdag_operator.py
[2021-10-24 03:29:32,736] {scheduler_job.py:633} INFO - Processing file /home/airflow/sandbox/lib/python3.8/site-packages/airflow/example_dags/example_subdag_operator.py for tasks to queue
[2021-10-24 03:29:32,737] {logging_mixin.py:104} INFO - [2021-10-24 03:29:32,737] {dagbag.py:487} INFO - Filling up the DagBag from /home/airflow/sandbox/lib/python3.8/site-packages/airflow/example_dags/example_subdag_operator.py
[2021-10-24 03:29:32,781] {scheduler_job.py:643} INFO - DAG(s) dict_keys(['example_subdag_operator.section-1', 'example_subdag_operator.section-2', 'example_subdag_operator']) retrieved from /home/airflow/sandbox/lib/python3.8/site-packages/airflow/example_dags/example_subdag_operator.py
[2021-10-24 03:29:32,796] {logging_mixin.py:104} INFO - [2021-10-24 03:29:32,795] {dag.py:1832} INFO - Sync 3 DAGs
[2021-10-24 03:29:32,810] {logging_mixin.py:104} INFO - [2021-10-24 03:29:32,809] {dag.py:2305} INFO - Setting next_dagrun for example_subdag_operator to 2021-10-22 00:00:00+00:00
[2021-10-24 03:29:32,811] {logging_mixin.py:104} INFO - [2021-10-24 03:29:32,811] {dag.py:2305} INFO - Setting next_dagrun for example_subdag_operator.section-1 to None
[2021-10-24 03:29:32,811] {logging_mixin.py:104} INFO - [2021-10-24 03:29:32,811] {dag.py:2305} INFO - Setting next_dagrun for example_subdag_operator.section-2 to None
[2021-10-24 03:29:32,828] {logging_mixin.py:104} INFO - [2021-10-24 03:29:32,828] {dag.py:1832} INFO - Sync 2 DAGs
[2021-10-24 03:29:32,836] {logging_mixin.py:104} INFO - [2021-10-24 03:29:32,836] {dag.py:2305} INFO - Setting next_dagrun for example_subdag_operator.section-1 to None
[2021-10-24 03:29:32,836] {logging_mixin.py:104} INFO - [2021-10-24 03:29:32,836] {dag.py:2305} INFO - Setting next_dagrun for example_subdag_operator.section-2 to None
[2021-10-24 03:29:32,847] {scheduler_job.py:190} INFO - Processing /home/airflow/sandbox/lib/python3.8/site-packages/airflow/example_dags/example_subdag_operator.py took 0.118 seconds
[2021-10-24 03:30:07,048] {scheduler_job.py:182} INFO - Started process (PID=8867) to work on /home/airflow/sandbox/lib/python3.8/site-packages/airflow/example_dags/example_subdag_operator.py
[2021-10-24 03:30:07,049] {scheduler_job.py:633} INFO - Processing file /home/airflow/sandbox/lib/python3.8/site-packages/airflow/example_dags/example_subdag_operator.py for tasks to queue
[2021-10-24 03:30:07,050] {logging_mixin.py:104} INFO - [2021-10-24 03:30:07,050] {dagbag.py:487} INFO - Filling up the DagBag from /home/airflow/sandbox/lib/python3.8/site-packages/airflow/example_dags/example_subdag_operator.py
[2021-10-24 03:30:07,066] {scheduler_job.py:643} INFO - DAG(s) dict_keys(['example_subdag_operator.section-1', 'example_subdag_operator.section-2', 'example_subdag_operator']) retrieved from /home/airflow/sandbox/lib/python3.8/site-packages/airflow/example_dags/example_subdag_operator.py
[2021-10-24 03:30:07,073] {logging_mixin.py:104} INFO - [2021-10-24 03:30:07,073] {dag.py:1832} INFO - Sync 3 DAGs
[2021-10-24 03:30:07,079] {logging_mixin.py:104} INFO - [2021-10-24 03:30:07,079] {dag.py:2305} INFO - Setting next_dagrun for example_subdag_operator to 2021-10-22 00:00:00+00:00
[2021-10-24 03:30:07,080] {logging_mixin.py:104} INFO - [2021-10-24 03:30:07,080] {dag.py:2305} INFO - Setting next_dagrun for example_subdag_operator.section-1 to None
[2021-10-24 03:30:07,080] {logging_mixin.py:104} INFO - [2021-10-24 03:30:07,080] {dag.py:2305} INFO - Setting next_dagrun for example_subdag_operator.section-2 to None
[2021-10-24 03:30:07,091] {logging_mixin.py:104} INFO - [2021-10-24 03:30:07,091] {dag.py:1832} INFO - Sync 2 DAGs
[2021-10-24 03:30:07,095] {logging_mixin.py:104} INFO - [2021-10-24 03:30:07,095] {dag.py:2305} INFO - Setting next_dagrun for example_subdag_operator.section-1 to None
[2021-10-24 03:30:07,095] {logging_mixin.py:104} INFO - [2021-10-24 03:30:07,095] {dag.py:2305} INFO - Setting next_dagrun for example_subdag_operator.section-2 to None
[2021-10-24 03:30:07,102] {scheduler_job.py:190} INFO - Processing /home/airflow/sandbox/lib/python3.8/site-packages/airflow/example_dags/example_subdag_operator.py took 0.056 seconds
[2021-10-24 06:05:19,012] {scheduler_job.py:182} INFO - Started process (PID=8936) to work on /home/airflow/sandbox/lib/python3.8/site-packages/airflow/example_dags/example_subdag_operator.py
[2021-10-24 06:05:19,012] {scheduler_job.py:633} INFO - Processing file /home/airflow/sandbox/lib/python3.8/site-packages/airflow/example_dags/example_subdag_operator.py for tasks to queue
[2021-10-24 06:05:19,013] {logging_mixin.py:104} INFO - [2021-10-24 06:05:19,013] {dagbag.py:487} INFO - Filling up the DagBag from /home/airflow/sandbox/lib/python3.8/site-packages/airflow/example_dags/example_subdag_operator.py
[2021-10-24 06:05:19,031] {scheduler_job.py:643} INFO - DAG(s) dict_keys(['example_subdag_operator.section-1', 'example_subdag_operator.section-2', 'example_subdag_operator']) retrieved from /home/airflow/sandbox/lib/python3.8/site-packages/airflow/example_dags/example_subdag_operator.py
[2021-10-24 06:05:19,039] {logging_mixin.py:104} INFO - [2021-10-24 06:05:19,039] {dag.py:1832} INFO - Sync 3 DAGs
[2021-10-24 06:05:19,045] {logging_mixin.py:104} INFO - [2021-10-24 06:05:19,045] {dag.py:2305} INFO - Setting next_dagrun for example_subdag_operator to 2021-10-22 00:00:00+00:00
[2021-10-24 06:05:19,046] {logging_mixin.py:104} INFO - [2021-10-24 06:05:19,046] {dag.py:2305} INFO - Setting next_dagrun for example_subdag_operator.section-1 to None
[2021-10-24 06:05:19,046] {logging_mixin.py:104} INFO - [2021-10-24 06:05:19,046] {dag.py:2305} INFO - Setting next_dagrun for example_subdag_operator.section-2 to None
[2021-10-24 06:05:19,059] {logging_mixin.py:104} INFO - [2021-10-24 06:05:19,059] {dag.py:1832} INFO - Sync 2 DAGs
[2021-10-24 06:05:19,063] {logging_mixin.py:104} INFO - [2021-10-24 06:05:19,063] {dag.py:2305} INFO - Setting next_dagrun for example_subdag_operator.section-1 to None
[2021-10-24 06:05:19,064] {logging_mixin.py:104} INFO - [2021-10-24 06:05:19,063] {dag.py:2305} INFO - Setting next_dagrun for example_subdag_operator.section-2 to None
[2021-10-24 06:05:19,070] {scheduler_job.py:190} INFO - Processing /home/airflow/sandbox/lib/python3.8/site-packages/airflow/example_dags/example_subdag_operator.py took 0.061 seconds
