[2021-10-24 03:08:37,772] {scheduler_job.py:182} INFO - Started process (PID=6313) to work on /home/airflow/sandbox/lib/python3.8/site-packages/airflow/example_dags/example_python_operator.py
[2021-10-24 03:08:37,773] {scheduler_job.py:633} INFO - Processing file /home/airflow/sandbox/lib/python3.8/site-packages/airflow/example_dags/example_python_operator.py for tasks to queue
[2021-10-24 03:08:37,774] {logging_mixin.py:104} INFO - [2021-10-24 03:08:37,774] {dagbag.py:487} INFO - Filling up the DagBag from /home/airflow/sandbox/lib/python3.8/site-packages/airflow/example_dags/example_python_operator.py
[2021-10-24 03:08:37,794] {scheduler_job.py:643} INFO - DAG(s) dict_keys(['example_python_operator']) retrieved from /home/airflow/sandbox/lib/python3.8/site-packages/airflow/example_dags/example_python_operator.py
[2021-10-24 03:08:37,816] {logging_mixin.py:104} INFO - [2021-10-24 03:08:37,816] {dag.py:1832} INFO - Sync 1 DAGs
[2021-10-24 03:08:37,833] {logging_mixin.py:104} INFO - [2021-10-24 03:08:37,833] {dag.py:2305} INFO - Setting next_dagrun for example_python_operator to None
[2021-10-24 03:08:37,853] {scheduler_job.py:190} INFO - Processing /home/airflow/sandbox/lib/python3.8/site-packages/airflow/example_dags/example_python_operator.py took 0.084 seconds
[2021-10-24 03:09:13,772] {scheduler_job.py:182} INFO - Started process (PID=6356) to work on /home/airflow/sandbox/lib/python3.8/site-packages/airflow/example_dags/example_python_operator.py
[2021-10-24 03:09:13,774] {scheduler_job.py:633} INFO - Processing file /home/airflow/sandbox/lib/python3.8/site-packages/airflow/example_dags/example_python_operator.py for tasks to queue
[2021-10-24 03:09:13,775] {logging_mixin.py:104} INFO - [2021-10-24 03:09:13,775] {dagbag.py:487} INFO - Filling up the DagBag from /home/airflow/sandbox/lib/python3.8/site-packages/airflow/example_dags/example_python_operator.py
[2021-10-24 03:09:13,792] {scheduler_job.py:643} INFO - DAG(s) dict_keys(['example_python_operator']) retrieved from /home/airflow/sandbox/lib/python3.8/site-packages/airflow/example_dags/example_python_operator.py
[2021-10-24 03:09:13,811] {logging_mixin.py:104} INFO - [2021-10-24 03:09:13,811] {dag.py:1832} INFO - Sync 1 DAGs
[2021-10-24 03:09:13,828] {logging_mixin.py:104} INFO - [2021-10-24 03:09:13,828] {dag.py:2305} INFO - Setting next_dagrun for example_python_operator to None
[2021-10-24 03:09:13,848] {scheduler_job.py:190} INFO - Processing /home/airflow/sandbox/lib/python3.8/site-packages/airflow/example_dags/example_python_operator.py took 0.080 seconds
[2021-10-24 03:09:48,827] {scheduler_job.py:182} INFO - Started process (PID=6388) to work on /home/airflow/sandbox/lib/python3.8/site-packages/airflow/example_dags/example_python_operator.py
[2021-10-24 03:09:48,829] {scheduler_job.py:633} INFO - Processing file /home/airflow/sandbox/lib/python3.8/site-packages/airflow/example_dags/example_python_operator.py for tasks to queue
[2021-10-24 03:09:48,831] {logging_mixin.py:104} INFO - [2021-10-24 03:09:48,830] {dagbag.py:487} INFO - Filling up the DagBag from /home/airflow/sandbox/lib/python3.8/site-packages/airflow/example_dags/example_python_operator.py
[2021-10-24 03:09:48,848] {scheduler_job.py:643} INFO - DAG(s) dict_keys(['example_python_operator']) retrieved from /home/airflow/sandbox/lib/python3.8/site-packages/airflow/example_dags/example_python_operator.py
[2021-10-24 03:09:48,866] {logging_mixin.py:104} INFO - [2021-10-24 03:09:48,866] {dag.py:1832} INFO - Sync 1 DAGs
[2021-10-24 03:09:48,882] {logging_mixin.py:104} INFO - [2021-10-24 03:09:48,882] {dag.py:2305} INFO - Setting next_dagrun for example_python_operator to None
[2021-10-24 03:09:48,906] {scheduler_job.py:190} INFO - Processing /home/airflow/sandbox/lib/python3.8/site-packages/airflow/example_dags/example_python_operator.py took 0.083 seconds
[2021-10-24 03:10:24,994] {scheduler_job.py:182} INFO - Started process (PID=6442) to work on /home/airflow/sandbox/lib/python3.8/site-packages/airflow/example_dags/example_python_operator.py
[2021-10-24 03:10:24,995] {scheduler_job.py:633} INFO - Processing file /home/airflow/sandbox/lib/python3.8/site-packages/airflow/example_dags/example_python_operator.py for tasks to queue
[2021-10-24 03:10:24,996] {logging_mixin.py:104} INFO - [2021-10-24 03:10:24,996] {dagbag.py:487} INFO - Filling up the DagBag from /home/airflow/sandbox/lib/python3.8/site-packages/airflow/example_dags/example_python_operator.py
[2021-10-24 03:10:25,015] {scheduler_job.py:643} INFO - DAG(s) dict_keys(['example_python_operator']) retrieved from /home/airflow/sandbox/lib/python3.8/site-packages/airflow/example_dags/example_python_operator.py
[2021-10-24 03:10:25,038] {logging_mixin.py:104} INFO - [2021-10-24 03:10:25,038] {dag.py:1832} INFO - Sync 1 DAGs
[2021-10-24 03:10:25,057] {logging_mixin.py:104} INFO - [2021-10-24 03:10:25,056] {dag.py:2305} INFO - Setting next_dagrun for example_python_operator to None
[2021-10-24 03:10:25,077] {scheduler_job.py:190} INFO - Processing /home/airflow/sandbox/lib/python3.8/site-packages/airflow/example_dags/example_python_operator.py took 0.088 seconds
[2021-10-24 03:11:01,969] {scheduler_job.py:182} INFO - Started process (PID=6601) to work on /home/airflow/sandbox/lib/python3.8/site-packages/airflow/example_dags/example_python_operator.py
[2021-10-24 03:11:01,971] {scheduler_job.py:633} INFO - Processing file /home/airflow/sandbox/lib/python3.8/site-packages/airflow/example_dags/example_python_operator.py for tasks to queue
[2021-10-24 03:11:01,972] {logging_mixin.py:104} INFO - [2021-10-24 03:11:01,972] {dagbag.py:487} INFO - Filling up the DagBag from /home/airflow/sandbox/lib/python3.8/site-packages/airflow/example_dags/example_python_operator.py
[2021-10-24 03:11:02,002] {scheduler_job.py:643} INFO - DAG(s) dict_keys(['example_python_operator']) retrieved from /home/airflow/sandbox/lib/python3.8/site-packages/airflow/example_dags/example_python_operator.py
[2021-10-24 03:11:02,032] {logging_mixin.py:104} INFO - [2021-10-24 03:11:02,032] {dag.py:1832} INFO - Sync 1 DAGs
[2021-10-24 03:11:02,054] {logging_mixin.py:104} INFO - [2021-10-24 03:11:02,054] {dag.py:2305} INFO - Setting next_dagrun for example_python_operator to None
[2021-10-24 03:11:02,085] {scheduler_job.py:190} INFO - Processing /home/airflow/sandbox/lib/python3.8/site-packages/airflow/example_dags/example_python_operator.py took 0.119 seconds
[2021-10-24 03:11:40,012] {scheduler_job.py:182} INFO - Started process (PID=6638) to work on /home/airflow/sandbox/lib/python3.8/site-packages/airflow/example_dags/example_python_operator.py
[2021-10-24 03:11:40,013] {scheduler_job.py:633} INFO - Processing file /home/airflow/sandbox/lib/python3.8/site-packages/airflow/example_dags/example_python_operator.py for tasks to queue
[2021-10-24 03:11:40,014] {logging_mixin.py:104} INFO - [2021-10-24 03:11:40,014] {dagbag.py:487} INFO - Filling up the DagBag from /home/airflow/sandbox/lib/python3.8/site-packages/airflow/example_dags/example_python_operator.py
[2021-10-24 03:11:40,031] {scheduler_job.py:643} INFO - DAG(s) dict_keys(['example_python_operator']) retrieved from /home/airflow/sandbox/lib/python3.8/site-packages/airflow/example_dags/example_python_operator.py
[2021-10-24 03:11:40,051] {logging_mixin.py:104} INFO - [2021-10-24 03:11:40,051] {dag.py:1832} INFO - Sync 1 DAGs
[2021-10-24 03:11:40,067] {logging_mixin.py:104} INFO - [2021-10-24 03:11:40,067] {dag.py:2305} INFO - Setting next_dagrun for example_python_operator to None
[2021-10-24 03:11:40,087] {scheduler_job.py:190} INFO - Processing /home/airflow/sandbox/lib/python3.8/site-packages/airflow/example_dags/example_python_operator.py took 0.079 seconds
[2021-10-24 03:12:16,929] {scheduler_job.py:182} INFO - Started process (PID=6696) to work on /home/airflow/sandbox/lib/python3.8/site-packages/airflow/example_dags/example_python_operator.py
[2021-10-24 03:12:16,930] {scheduler_job.py:633} INFO - Processing file /home/airflow/sandbox/lib/python3.8/site-packages/airflow/example_dags/example_python_operator.py for tasks to queue
[2021-10-24 03:12:16,931] {logging_mixin.py:104} INFO - [2021-10-24 03:12:16,931] {dagbag.py:487} INFO - Filling up the DagBag from /home/airflow/sandbox/lib/python3.8/site-packages/airflow/example_dags/example_python_operator.py
[2021-10-24 03:12:16,948] {scheduler_job.py:643} INFO - DAG(s) dict_keys(['example_python_operator']) retrieved from /home/airflow/sandbox/lib/python3.8/site-packages/airflow/example_dags/example_python_operator.py
[2021-10-24 03:12:16,971] {logging_mixin.py:104} INFO - [2021-10-24 03:12:16,971] {dag.py:1832} INFO - Sync 1 DAGs
[2021-10-24 03:12:16,987] {logging_mixin.py:104} INFO - [2021-10-24 03:12:16,987] {dag.py:2305} INFO - Setting next_dagrun for example_python_operator to None
[2021-10-24 03:12:17,015] {scheduler_job.py:190} INFO - Processing /home/airflow/sandbox/lib/python3.8/site-packages/airflow/example_dags/example_python_operator.py took 0.091 seconds
[2021-10-24 03:12:51,270] {scheduler_job.py:182} INFO - Started process (PID=6752) to work on /home/airflow/sandbox/lib/python3.8/site-packages/airflow/example_dags/example_python_operator.py
[2021-10-24 03:12:51,271] {scheduler_job.py:633} INFO - Processing file /home/airflow/sandbox/lib/python3.8/site-packages/airflow/example_dags/example_python_operator.py for tasks to queue
[2021-10-24 03:12:51,272] {logging_mixin.py:104} INFO - [2021-10-24 03:12:51,272] {dagbag.py:487} INFO - Filling up the DagBag from /home/airflow/sandbox/lib/python3.8/site-packages/airflow/example_dags/example_python_operator.py
[2021-10-24 03:12:51,291] {scheduler_job.py:643} INFO - DAG(s) dict_keys(['example_python_operator']) retrieved from /home/airflow/sandbox/lib/python3.8/site-packages/airflow/example_dags/example_python_operator.py
[2021-10-24 03:12:51,313] {logging_mixin.py:104} INFO - [2021-10-24 03:12:51,313] {dag.py:1832} INFO - Sync 1 DAGs
[2021-10-24 03:12:51,329] {logging_mixin.py:104} INFO - [2021-10-24 03:12:51,329] {dag.py:2305} INFO - Setting next_dagrun for example_python_operator to None
[2021-10-24 03:12:51,349] {scheduler_job.py:190} INFO - Processing /home/airflow/sandbox/lib/python3.8/site-packages/airflow/example_dags/example_python_operator.py took 0.083 seconds
[2021-10-24 03:13:25,497] {scheduler_job.py:182} INFO - Started process (PID=6827) to work on /home/airflow/sandbox/lib/python3.8/site-packages/airflow/example_dags/example_python_operator.py
[2021-10-24 03:13:25,498] {scheduler_job.py:633} INFO - Processing file /home/airflow/sandbox/lib/python3.8/site-packages/airflow/example_dags/example_python_operator.py for tasks to queue
[2021-10-24 03:13:25,499] {logging_mixin.py:104} INFO - [2021-10-24 03:13:25,499] {dagbag.py:487} INFO - Filling up the DagBag from /home/airflow/sandbox/lib/python3.8/site-packages/airflow/example_dags/example_python_operator.py
[2021-10-24 03:13:25,514] {scheduler_job.py:643} INFO - DAG(s) dict_keys(['example_python_operator']) retrieved from /home/airflow/sandbox/lib/python3.8/site-packages/airflow/example_dags/example_python_operator.py
[2021-10-24 03:13:25,536] {logging_mixin.py:104} INFO - [2021-10-24 03:13:25,535] {dag.py:1832} INFO - Sync 1 DAGs
[2021-10-24 03:13:25,548] {logging_mixin.py:104} INFO - [2021-10-24 03:13:25,547] {dag.py:2305} INFO - Setting next_dagrun for example_python_operator to None
[2021-10-24 03:13:25,563] {scheduler_job.py:190} INFO - Processing /home/airflow/sandbox/lib/python3.8/site-packages/airflow/example_dags/example_python_operator.py took 0.069 seconds
[2021-10-24 03:14:00,994] {scheduler_job.py:182} INFO - Started process (PID=6858) to work on /home/airflow/sandbox/lib/python3.8/site-packages/airflow/example_dags/example_python_operator.py
[2021-10-24 03:14:00,995] {scheduler_job.py:633} INFO - Processing file /home/airflow/sandbox/lib/python3.8/site-packages/airflow/example_dags/example_python_operator.py for tasks to queue
[2021-10-24 03:14:00,996] {logging_mixin.py:104} INFO - [2021-10-24 03:14:00,996] {dagbag.py:487} INFO - Filling up the DagBag from /home/airflow/sandbox/lib/python3.8/site-packages/airflow/example_dags/example_python_operator.py
[2021-10-24 03:14:01,014] {scheduler_job.py:643} INFO - DAG(s) dict_keys(['example_python_operator']) retrieved from /home/airflow/sandbox/lib/python3.8/site-packages/airflow/example_dags/example_python_operator.py
[2021-10-24 03:14:01,037] {logging_mixin.py:104} INFO - [2021-10-24 03:14:01,037] {dag.py:1832} INFO - Sync 1 DAGs
[2021-10-24 03:14:01,055] {logging_mixin.py:104} INFO - [2021-10-24 03:14:01,054] {dag.py:2305} INFO - Setting next_dagrun for example_python_operator to None
[2021-10-24 03:14:01,076] {scheduler_job.py:190} INFO - Processing /home/airflow/sandbox/lib/python3.8/site-packages/airflow/example_dags/example_python_operator.py took 0.087 seconds
[2021-10-24 03:14:34,982] {scheduler_job.py:182} INFO - Started process (PID=6925) to work on /home/airflow/sandbox/lib/python3.8/site-packages/airflow/example_dags/example_python_operator.py
[2021-10-24 03:14:34,984] {scheduler_job.py:633} INFO - Processing file /home/airflow/sandbox/lib/python3.8/site-packages/airflow/example_dags/example_python_operator.py for tasks to queue
[2021-10-24 03:14:34,985] {logging_mixin.py:104} INFO - [2021-10-24 03:14:34,984] {dagbag.py:487} INFO - Filling up the DagBag from /home/airflow/sandbox/lib/python3.8/site-packages/airflow/example_dags/example_python_operator.py
[2021-10-24 03:14:35,002] {scheduler_job.py:643} INFO - DAG(s) dict_keys(['example_python_operator']) retrieved from /home/airflow/sandbox/lib/python3.8/site-packages/airflow/example_dags/example_python_operator.py
[2021-10-24 03:14:35,026] {logging_mixin.py:104} INFO - [2021-10-24 03:14:35,026] {dag.py:1832} INFO - Sync 1 DAGs
[2021-10-24 03:14:35,041] {logging_mixin.py:104} INFO - [2021-10-24 03:14:35,040] {dag.py:2305} INFO - Setting next_dagrun for example_python_operator to None
[2021-10-24 03:14:35,062] {scheduler_job.py:190} INFO - Processing /home/airflow/sandbox/lib/python3.8/site-packages/airflow/example_dags/example_python_operator.py took 0.089 seconds
[2021-10-24 03:15:13,492] {scheduler_job.py:182} INFO - Started process (PID=7018) to work on /home/airflow/sandbox/lib/python3.8/site-packages/airflow/example_dags/example_python_operator.py
[2021-10-24 03:15:13,494] {scheduler_job.py:633} INFO - Processing file /home/airflow/sandbox/lib/python3.8/site-packages/airflow/example_dags/example_python_operator.py for tasks to queue
[2021-10-24 03:15:13,495] {logging_mixin.py:104} INFO - [2021-10-24 03:15:13,495] {dagbag.py:487} INFO - Filling up the DagBag from /home/airflow/sandbox/lib/python3.8/site-packages/airflow/example_dags/example_python_operator.py
[2021-10-24 03:15:13,515] {scheduler_job.py:643} INFO - DAG(s) dict_keys(['example_python_operator']) retrieved from /home/airflow/sandbox/lib/python3.8/site-packages/airflow/example_dags/example_python_operator.py
[2021-10-24 03:15:13,536] {logging_mixin.py:104} INFO - [2021-10-24 03:15:13,536] {dag.py:1832} INFO - Sync 1 DAGs
[2021-10-24 03:15:13,555] {logging_mixin.py:104} INFO - [2021-10-24 03:15:13,555] {dag.py:2305} INFO - Setting next_dagrun for example_python_operator to None
[2021-10-24 03:15:13,577] {scheduler_job.py:190} INFO - Processing /home/airflow/sandbox/lib/python3.8/site-packages/airflow/example_dags/example_python_operator.py took 0.090 seconds
[2021-10-24 03:15:48,932] {scheduler_job.py:182} INFO - Started process (PID=7050) to work on /home/airflow/sandbox/lib/python3.8/site-packages/airflow/example_dags/example_python_operator.py
[2021-10-24 03:15:48,934] {scheduler_job.py:633} INFO - Processing file /home/airflow/sandbox/lib/python3.8/site-packages/airflow/example_dags/example_python_operator.py for tasks to queue
[2021-10-24 03:15:48,935] {logging_mixin.py:104} INFO - [2021-10-24 03:15:48,935] {dagbag.py:487} INFO - Filling up the DagBag from /home/airflow/sandbox/lib/python3.8/site-packages/airflow/example_dags/example_python_operator.py
[2021-10-24 03:15:48,949] {scheduler_job.py:643} INFO - DAG(s) dict_keys(['example_python_operator']) retrieved from /home/airflow/sandbox/lib/python3.8/site-packages/airflow/example_dags/example_python_operator.py
[2021-10-24 03:15:48,977] {logging_mixin.py:104} INFO - [2021-10-24 03:15:48,977] {dag.py:1832} INFO - Sync 1 DAGs
[2021-10-24 03:15:48,997] {logging_mixin.py:104} INFO - [2021-10-24 03:15:48,996] {dag.py:2305} INFO - Setting next_dagrun for example_python_operator to None
[2021-10-24 03:15:49,017] {scheduler_job.py:190} INFO - Processing /home/airflow/sandbox/lib/python3.8/site-packages/airflow/example_dags/example_python_operator.py took 0.089 seconds
[2021-10-24 03:16:28,023] {scheduler_job.py:182} INFO - Started process (PID=7143) to work on /home/airflow/sandbox/lib/python3.8/site-packages/airflow/example_dags/example_python_operator.py
[2021-10-24 03:16:28,024] {scheduler_job.py:633} INFO - Processing file /home/airflow/sandbox/lib/python3.8/site-packages/airflow/example_dags/example_python_operator.py for tasks to queue
[2021-10-24 03:16:28,024] {logging_mixin.py:104} INFO - [2021-10-24 03:16:28,024] {dagbag.py:487} INFO - Filling up the DagBag from /home/airflow/sandbox/lib/python3.8/site-packages/airflow/example_dags/example_python_operator.py
[2021-10-24 03:16:28,041] {scheduler_job.py:643} INFO - DAG(s) dict_keys(['example_python_operator']) retrieved from /home/airflow/sandbox/lib/python3.8/site-packages/airflow/example_dags/example_python_operator.py
[2021-10-24 03:16:28,059] {logging_mixin.py:104} INFO - [2021-10-24 03:16:28,059] {dag.py:1832} INFO - Sync 1 DAGs
[2021-10-24 03:16:28,076] {logging_mixin.py:104} INFO - [2021-10-24 03:16:28,075] {dag.py:2305} INFO - Setting next_dagrun for example_python_operator to None
[2021-10-24 03:16:28,099] {scheduler_job.py:190} INFO - Processing /home/airflow/sandbox/lib/python3.8/site-packages/airflow/example_dags/example_python_operator.py took 0.080 seconds
[2021-10-24 03:17:35,184] {scheduler_job.py:182} INFO - Started process (PID=7576) to work on /home/airflow/sandbox/lib/python3.8/site-packages/airflow/example_dags/example_python_operator.py
[2021-10-24 03:17:35,185] {scheduler_job.py:633} INFO - Processing file /home/airflow/sandbox/lib/python3.8/site-packages/airflow/example_dags/example_python_operator.py for tasks to queue
[2021-10-24 03:17:35,187] {logging_mixin.py:104} INFO - [2021-10-24 03:17:35,186] {dagbag.py:487} INFO - Filling up the DagBag from /home/airflow/sandbox/lib/python3.8/site-packages/airflow/example_dags/example_python_operator.py
[2021-10-24 03:17:35,205] {scheduler_job.py:643} INFO - DAG(s) dict_keys(['example_python_operator']) retrieved from /home/airflow/sandbox/lib/python3.8/site-packages/airflow/example_dags/example_python_operator.py
[2021-10-24 03:17:35,227] {logging_mixin.py:104} INFO - [2021-10-24 03:17:35,227] {dag.py:1832} INFO - Sync 1 DAGs
[2021-10-24 03:17:35,244] {logging_mixin.py:104} INFO - [2021-10-24 03:17:35,244] {dag.py:2305} INFO - Setting next_dagrun for example_python_operator to None
[2021-10-24 03:17:35,263] {scheduler_job.py:190} INFO - Processing /home/airflow/sandbox/lib/python3.8/site-packages/airflow/example_dags/example_python_operator.py took 0.085 seconds
[2021-10-24 03:18:13,017] {scheduler_job.py:182} INFO - Started process (PID=7713) to work on /home/airflow/sandbox/lib/python3.8/site-packages/airflow/example_dags/example_python_operator.py
[2021-10-24 03:18:13,019] {scheduler_job.py:633} INFO - Processing file /home/airflow/sandbox/lib/python3.8/site-packages/airflow/example_dags/example_python_operator.py for tasks to queue
[2021-10-24 03:18:13,020] {logging_mixin.py:104} INFO - [2021-10-24 03:18:13,020] {dagbag.py:487} INFO - Filling up the DagBag from /home/airflow/sandbox/lib/python3.8/site-packages/airflow/example_dags/example_python_operator.py
[2021-10-24 03:18:13,041] {scheduler_job.py:643} INFO - DAG(s) dict_keys(['example_python_operator']) retrieved from /home/airflow/sandbox/lib/python3.8/site-packages/airflow/example_dags/example_python_operator.py
[2021-10-24 03:18:13,062] {logging_mixin.py:104} INFO - [2021-10-24 03:18:13,062] {dag.py:1832} INFO - Sync 1 DAGs
[2021-10-24 03:18:13,080] {logging_mixin.py:104} INFO - [2021-10-24 03:18:13,079] {dag.py:2305} INFO - Setting next_dagrun for example_python_operator to None
[2021-10-24 03:18:13,104] {scheduler_job.py:190} INFO - Processing /home/airflow/sandbox/lib/python3.8/site-packages/airflow/example_dags/example_python_operator.py took 0.092 seconds
[2021-10-24 03:18:50,423] {scheduler_job.py:182} INFO - Started process (PID=7827) to work on /home/airflow/sandbox/lib/python3.8/site-packages/airflow/example_dags/example_python_operator.py
[2021-10-24 03:18:50,425] {scheduler_job.py:633} INFO - Processing file /home/airflow/sandbox/lib/python3.8/site-packages/airflow/example_dags/example_python_operator.py for tasks to queue
[2021-10-24 03:18:50,426] {logging_mixin.py:104} INFO - [2021-10-24 03:18:50,426] {dagbag.py:487} INFO - Filling up the DagBag from /home/airflow/sandbox/lib/python3.8/site-packages/airflow/example_dags/example_python_operator.py
[2021-10-24 03:18:50,442] {scheduler_job.py:643} INFO - DAG(s) dict_keys(['example_python_operator']) retrieved from /home/airflow/sandbox/lib/python3.8/site-packages/airflow/example_dags/example_python_operator.py
[2021-10-24 03:18:50,467] {logging_mixin.py:104} INFO - [2021-10-24 03:18:50,467] {dag.py:1832} INFO - Sync 1 DAGs
[2021-10-24 03:18:50,490] {logging_mixin.py:104} INFO - [2021-10-24 03:18:50,490] {dag.py:2305} INFO - Setting next_dagrun for example_python_operator to None
[2021-10-24 03:18:50,523] {scheduler_job.py:190} INFO - Processing /home/airflow/sandbox/lib/python3.8/site-packages/airflow/example_dags/example_python_operator.py took 0.105 seconds
[2021-10-24 03:19:25,913] {scheduler_job.py:182} INFO - Started process (PID=7858) to work on /home/airflow/sandbox/lib/python3.8/site-packages/airflow/example_dags/example_python_operator.py
[2021-10-24 03:19:25,915] {scheduler_job.py:633} INFO - Processing file /home/airflow/sandbox/lib/python3.8/site-packages/airflow/example_dags/example_python_operator.py for tasks to queue
[2021-10-24 03:19:25,916] {logging_mixin.py:104} INFO - [2021-10-24 03:19:25,916] {dagbag.py:487} INFO - Filling up the DagBag from /home/airflow/sandbox/lib/python3.8/site-packages/airflow/example_dags/example_python_operator.py
[2021-10-24 03:19:25,935] {scheduler_job.py:643} INFO - DAG(s) dict_keys(['example_python_operator']) retrieved from /home/airflow/sandbox/lib/python3.8/site-packages/airflow/example_dags/example_python_operator.py
[2021-10-24 03:19:25,957] {logging_mixin.py:104} INFO - [2021-10-24 03:19:25,957] {dag.py:1832} INFO - Sync 1 DAGs
[2021-10-24 03:19:25,974] {logging_mixin.py:104} INFO - [2021-10-24 03:19:25,974] {dag.py:2305} INFO - Setting next_dagrun for example_python_operator to None
[2021-10-24 03:19:25,995] {scheduler_job.py:190} INFO - Processing /home/airflow/sandbox/lib/python3.8/site-packages/airflow/example_dags/example_python_operator.py took 0.086 seconds
[2021-10-24 03:20:07,197] {scheduler_job.py:182} INFO - Started process (PID=7893) to work on /home/airflow/sandbox/lib/python3.8/site-packages/airflow/example_dags/example_python_operator.py
[2021-10-24 03:20:07,198] {scheduler_job.py:633} INFO - Processing file /home/airflow/sandbox/lib/python3.8/site-packages/airflow/example_dags/example_python_operator.py for tasks to queue
[2021-10-24 03:20:07,199] {logging_mixin.py:104} INFO - [2021-10-24 03:20:07,199] {dagbag.py:487} INFO - Filling up the DagBag from /home/airflow/sandbox/lib/python3.8/site-packages/airflow/example_dags/example_python_operator.py
[2021-10-24 03:20:07,207] {scheduler_job.py:643} INFO - DAG(s) dict_keys(['example_python_operator']) retrieved from /home/airflow/sandbox/lib/python3.8/site-packages/airflow/example_dags/example_python_operator.py
[2021-10-24 03:20:07,218] {logging_mixin.py:104} INFO - [2021-10-24 03:20:07,218] {dag.py:1832} INFO - Sync 1 DAGs
[2021-10-24 03:20:07,226] {logging_mixin.py:104} INFO - [2021-10-24 03:20:07,226] {dag.py:2305} INFO - Setting next_dagrun for example_python_operator to None
[2021-10-24 03:20:07,234] {scheduler_job.py:190} INFO - Processing /home/airflow/sandbox/lib/python3.8/site-packages/airflow/example_dags/example_python_operator.py took 0.039 seconds
[2021-10-24 03:20:45,665] {scheduler_job.py:182} INFO - Started process (PID=7927) to work on /home/airflow/sandbox/lib/python3.8/site-packages/airflow/example_dags/example_python_operator.py
[2021-10-24 03:20:45,667] {scheduler_job.py:633} INFO - Processing file /home/airflow/sandbox/lib/python3.8/site-packages/airflow/example_dags/example_python_operator.py for tasks to queue
[2021-10-24 03:20:45,668] {logging_mixin.py:104} INFO - [2021-10-24 03:20:45,668] {dagbag.py:487} INFO - Filling up the DagBag from /home/airflow/sandbox/lib/python3.8/site-packages/airflow/example_dags/example_python_operator.py
[2021-10-24 03:20:45,688] {scheduler_job.py:643} INFO - DAG(s) dict_keys(['example_python_operator']) retrieved from /home/airflow/sandbox/lib/python3.8/site-packages/airflow/example_dags/example_python_operator.py
[2021-10-24 03:20:45,709] {logging_mixin.py:104} INFO - [2021-10-24 03:20:45,709] {dag.py:1832} INFO - Sync 1 DAGs
[2021-10-24 03:20:45,728] {logging_mixin.py:104} INFO - [2021-10-24 03:20:45,728] {dag.py:2305} INFO - Setting next_dagrun for example_python_operator to None
[2021-10-24 03:20:45,752] {scheduler_job.py:190} INFO - Processing /home/airflow/sandbox/lib/python3.8/site-packages/airflow/example_dags/example_python_operator.py took 0.092 seconds
[2021-10-24 03:21:24,197] {scheduler_job.py:182} INFO - Started process (PID=7976) to work on /home/airflow/sandbox/lib/python3.8/site-packages/airflow/example_dags/example_python_operator.py
[2021-10-24 03:21:24,199] {scheduler_job.py:633} INFO - Processing file /home/airflow/sandbox/lib/python3.8/site-packages/airflow/example_dags/example_python_operator.py for tasks to queue
[2021-10-24 03:21:24,199] {logging_mixin.py:104} INFO - [2021-10-24 03:21:24,199] {dagbag.py:487} INFO - Filling up the DagBag from /home/airflow/sandbox/lib/python3.8/site-packages/airflow/example_dags/example_python_operator.py
[2021-10-24 03:21:24,213] {scheduler_job.py:643} INFO - DAG(s) dict_keys(['example_python_operator']) retrieved from /home/airflow/sandbox/lib/python3.8/site-packages/airflow/example_dags/example_python_operator.py
[2021-10-24 03:21:24,232] {logging_mixin.py:104} INFO - [2021-10-24 03:21:24,231] {dag.py:1832} INFO - Sync 1 DAGs
[2021-10-24 03:21:24,244] {logging_mixin.py:104} INFO - [2021-10-24 03:21:24,243] {dag.py:2305} INFO - Setting next_dagrun for example_python_operator to None
[2021-10-24 03:21:24,261] {scheduler_job.py:190} INFO - Processing /home/airflow/sandbox/lib/python3.8/site-packages/airflow/example_dags/example_python_operator.py took 0.067 seconds
[2021-10-24 03:22:04,547] {scheduler_job.py:182} INFO - Started process (PID=8057) to work on /home/airflow/sandbox/lib/python3.8/site-packages/airflow/example_dags/example_python_operator.py
[2021-10-24 03:22:04,549] {scheduler_job.py:633} INFO - Processing file /home/airflow/sandbox/lib/python3.8/site-packages/airflow/example_dags/example_python_operator.py for tasks to queue
[2021-10-24 03:22:04,549] {logging_mixin.py:104} INFO - [2021-10-24 03:22:04,549] {dagbag.py:487} INFO - Filling up the DagBag from /home/airflow/sandbox/lib/python3.8/site-packages/airflow/example_dags/example_python_operator.py
[2021-10-24 03:22:04,568] {scheduler_job.py:643} INFO - DAG(s) dict_keys(['example_python_operator']) retrieved from /home/airflow/sandbox/lib/python3.8/site-packages/airflow/example_dags/example_python_operator.py
[2021-10-24 03:22:04,591] {logging_mixin.py:104} INFO - [2021-10-24 03:22:04,591] {dag.py:1832} INFO - Sync 1 DAGs
[2021-10-24 03:22:04,608] {logging_mixin.py:104} INFO - [2021-10-24 03:22:04,608] {dag.py:2305} INFO - Setting next_dagrun for example_python_operator to None
[2021-10-24 03:22:04,632] {scheduler_job.py:190} INFO - Processing /home/airflow/sandbox/lib/python3.8/site-packages/airflow/example_dags/example_python_operator.py took 0.091 seconds
[2021-10-24 03:22:47,628] {scheduler_job.py:182} INFO - Started process (PID=8094) to work on /home/airflow/sandbox/lib/python3.8/site-packages/airflow/example_dags/example_python_operator.py
[2021-10-24 03:22:47,629] {scheduler_job.py:633} INFO - Processing file /home/airflow/sandbox/lib/python3.8/site-packages/airflow/example_dags/example_python_operator.py for tasks to queue
[2021-10-24 03:22:47,630] {logging_mixin.py:104} INFO - [2021-10-24 03:22:47,630] {dagbag.py:487} INFO - Filling up the DagBag from /home/airflow/sandbox/lib/python3.8/site-packages/airflow/example_dags/example_python_operator.py
[2021-10-24 03:22:47,649] {scheduler_job.py:643} INFO - DAG(s) dict_keys(['example_python_operator']) retrieved from /home/airflow/sandbox/lib/python3.8/site-packages/airflow/example_dags/example_python_operator.py
[2021-10-24 03:22:47,672] {logging_mixin.py:104} INFO - [2021-10-24 03:22:47,672] {dag.py:1832} INFO - Sync 1 DAGs
[2021-10-24 03:22:47,690] {logging_mixin.py:104} INFO - [2021-10-24 03:22:47,690] {dag.py:2305} INFO - Setting next_dagrun for example_python_operator to None
[2021-10-24 03:22:47,711] {scheduler_job.py:190} INFO - Processing /home/airflow/sandbox/lib/python3.8/site-packages/airflow/example_dags/example_python_operator.py took 0.088 seconds
[2021-10-24 03:23:27,982] {scheduler_job.py:182} INFO - Started process (PID=8173) to work on /home/airflow/sandbox/lib/python3.8/site-packages/airflow/example_dags/example_python_operator.py
[2021-10-24 03:23:27,983] {scheduler_job.py:633} INFO - Processing file /home/airflow/sandbox/lib/python3.8/site-packages/airflow/example_dags/example_python_operator.py for tasks to queue
[2021-10-24 03:23:27,984] {logging_mixin.py:104} INFO - [2021-10-24 03:23:27,984] {dagbag.py:487} INFO - Filling up the DagBag from /home/airflow/sandbox/lib/python3.8/site-packages/airflow/example_dags/example_python_operator.py
[2021-10-24 03:23:28,003] {scheduler_job.py:643} INFO - DAG(s) dict_keys(['example_python_operator']) retrieved from /home/airflow/sandbox/lib/python3.8/site-packages/airflow/example_dags/example_python_operator.py
[2021-10-24 03:23:28,028] {logging_mixin.py:104} INFO - [2021-10-24 03:23:28,028] {dag.py:1832} INFO - Sync 1 DAGs
[2021-10-24 03:23:28,046] {logging_mixin.py:104} INFO - [2021-10-24 03:23:28,045] {dag.py:2305} INFO - Setting next_dagrun for example_python_operator to None
[2021-10-24 03:23:28,070] {scheduler_job.py:190} INFO - Processing /home/airflow/sandbox/lib/python3.8/site-packages/airflow/example_dags/example_python_operator.py took 0.093 seconds
[2021-10-24 03:24:03,102] {scheduler_job.py:182} INFO - Started process (PID=8205) to work on /home/airflow/sandbox/lib/python3.8/site-packages/airflow/example_dags/example_python_operator.py
[2021-10-24 03:24:03,103] {scheduler_job.py:633} INFO - Processing file /home/airflow/sandbox/lib/python3.8/site-packages/airflow/example_dags/example_python_operator.py for tasks to queue
[2021-10-24 03:24:03,104] {logging_mixin.py:104} INFO - [2021-10-24 03:24:03,104] {dagbag.py:487} INFO - Filling up the DagBag from /home/airflow/sandbox/lib/python3.8/site-packages/airflow/example_dags/example_python_operator.py
[2021-10-24 03:24:03,123] {scheduler_job.py:643} INFO - DAG(s) dict_keys(['example_python_operator']) retrieved from /home/airflow/sandbox/lib/python3.8/site-packages/airflow/example_dags/example_python_operator.py
[2021-10-24 03:24:03,144] {logging_mixin.py:104} INFO - [2021-10-24 03:24:03,143] {dag.py:1832} INFO - Sync 1 DAGs
[2021-10-24 03:24:03,162] {logging_mixin.py:104} INFO - [2021-10-24 03:24:03,162] {dag.py:2305} INFO - Setting next_dagrun for example_python_operator to None
[2021-10-24 03:24:03,186] {scheduler_job.py:190} INFO - Processing /home/airflow/sandbox/lib/python3.8/site-packages/airflow/example_dags/example_python_operator.py took 0.089 seconds
[2021-10-24 03:24:45,891] {scheduler_job.py:182} INFO - Started process (PID=8242) to work on /home/airflow/sandbox/lib/python3.8/site-packages/airflow/example_dags/example_python_operator.py
[2021-10-24 03:24:45,892] {scheduler_job.py:633} INFO - Processing file /home/airflow/sandbox/lib/python3.8/site-packages/airflow/example_dags/example_python_operator.py for tasks to queue
[2021-10-24 03:24:45,892] {logging_mixin.py:104} INFO - [2021-10-24 03:24:45,892] {dagbag.py:487} INFO - Filling up the DagBag from /home/airflow/sandbox/lib/python3.8/site-packages/airflow/example_dags/example_python_operator.py
[2021-10-24 03:24:45,901] {scheduler_job.py:643} INFO - DAG(s) dict_keys(['example_python_operator']) retrieved from /home/airflow/sandbox/lib/python3.8/site-packages/airflow/example_dags/example_python_operator.py
[2021-10-24 03:24:45,911] {logging_mixin.py:104} INFO - [2021-10-24 03:24:45,911] {dag.py:1832} INFO - Sync 1 DAGs
[2021-10-24 03:24:45,920] {logging_mixin.py:104} INFO - [2021-10-24 03:24:45,920] {dag.py:2305} INFO - Setting next_dagrun for example_python_operator to None
[2021-10-24 03:24:45,938] {scheduler_job.py:190} INFO - Processing /home/airflow/sandbox/lib/python3.8/site-packages/airflow/example_dags/example_python_operator.py took 0.049 seconds
[2021-10-24 03:25:25,449] {scheduler_job.py:182} INFO - Started process (PID=8276) to work on /home/airflow/sandbox/lib/python3.8/site-packages/airflow/example_dags/example_python_operator.py
[2021-10-24 03:25:25,451] {scheduler_job.py:633} INFO - Processing file /home/airflow/sandbox/lib/python3.8/site-packages/airflow/example_dags/example_python_operator.py for tasks to queue
[2021-10-24 03:25:25,452] {logging_mixin.py:104} INFO - [2021-10-24 03:25:25,452] {dagbag.py:487} INFO - Filling up the DagBag from /home/airflow/sandbox/lib/python3.8/site-packages/airflow/example_dags/example_python_operator.py
[2021-10-24 03:25:25,472] {scheduler_job.py:643} INFO - DAG(s) dict_keys(['example_python_operator']) retrieved from /home/airflow/sandbox/lib/python3.8/site-packages/airflow/example_dags/example_python_operator.py
[2021-10-24 03:25:25,492] {logging_mixin.py:104} INFO - [2021-10-24 03:25:25,492] {dag.py:1832} INFO - Sync 1 DAGs
[2021-10-24 03:25:25,516] {logging_mixin.py:104} INFO - [2021-10-24 03:25:25,516] {dag.py:2305} INFO - Setting next_dagrun for example_python_operator to None
[2021-10-24 03:25:25,548] {scheduler_job.py:190} INFO - Processing /home/airflow/sandbox/lib/python3.8/site-packages/airflow/example_dags/example_python_operator.py took 0.103 seconds
[2021-10-24 03:26:03,553] {scheduler_job.py:182} INFO - Started process (PID=8308) to work on /home/airflow/sandbox/lib/python3.8/site-packages/airflow/example_dags/example_python_operator.py
[2021-10-24 03:26:03,555] {scheduler_job.py:633} INFO - Processing file /home/airflow/sandbox/lib/python3.8/site-packages/airflow/example_dags/example_python_operator.py for tasks to queue
[2021-10-24 03:26:03,556] {logging_mixin.py:104} INFO - [2021-10-24 03:26:03,556] {dagbag.py:487} INFO - Filling up the DagBag from /home/airflow/sandbox/lib/python3.8/site-packages/airflow/example_dags/example_python_operator.py
[2021-10-24 03:26:03,575] {scheduler_job.py:643} INFO - DAG(s) dict_keys(['example_python_operator']) retrieved from /home/airflow/sandbox/lib/python3.8/site-packages/airflow/example_dags/example_python_operator.py
[2021-10-24 03:26:03,596] {logging_mixin.py:104} INFO - [2021-10-24 03:26:03,596] {dag.py:1832} INFO - Sync 1 DAGs
[2021-10-24 03:26:03,614] {logging_mixin.py:104} INFO - [2021-10-24 03:26:03,614] {dag.py:2305} INFO - Setting next_dagrun for example_python_operator to None
[2021-10-24 03:26:03,638] {scheduler_job.py:190} INFO - Processing /home/airflow/sandbox/lib/python3.8/site-packages/airflow/example_dags/example_python_operator.py took 0.089 seconds
[2021-10-24 03:26:41,351] {scheduler_job.py:182} INFO - Started process (PID=8340) to work on /home/airflow/sandbox/lib/python3.8/site-packages/airflow/example_dags/example_python_operator.py
[2021-10-24 03:26:41,353] {scheduler_job.py:633} INFO - Processing file /home/airflow/sandbox/lib/python3.8/site-packages/airflow/example_dags/example_python_operator.py for tasks to queue
[2021-10-24 03:26:41,354] {logging_mixin.py:104} INFO - [2021-10-24 03:26:41,353] {dagbag.py:487} INFO - Filling up the DagBag from /home/airflow/sandbox/lib/python3.8/site-packages/airflow/example_dags/example_python_operator.py
[2021-10-24 03:26:41,372] {scheduler_job.py:643} INFO - DAG(s) dict_keys(['example_python_operator']) retrieved from /home/airflow/sandbox/lib/python3.8/site-packages/airflow/example_dags/example_python_operator.py
[2021-10-24 03:26:41,396] {logging_mixin.py:104} INFO - [2021-10-24 03:26:41,395] {dag.py:1832} INFO - Sync 1 DAGs
[2021-10-24 03:26:41,415] {logging_mixin.py:104} INFO - [2021-10-24 03:26:41,415] {dag.py:2305} INFO - Setting next_dagrun for example_python_operator to None
[2021-10-24 03:26:41,437] {scheduler_job.py:190} INFO - Processing /home/airflow/sandbox/lib/python3.8/site-packages/airflow/example_dags/example_python_operator.py took 0.090 seconds
[2021-10-24 03:27:21,948] {scheduler_job.py:182} INFO - Started process (PID=8374) to work on /home/airflow/sandbox/lib/python3.8/site-packages/airflow/example_dags/example_python_operator.py
[2021-10-24 03:27:21,950] {scheduler_job.py:633} INFO - Processing file /home/airflow/sandbox/lib/python3.8/site-packages/airflow/example_dags/example_python_operator.py for tasks to queue
[2021-10-24 03:27:21,950] {logging_mixin.py:104} INFO - [2021-10-24 03:27:21,950] {dagbag.py:487} INFO - Filling up the DagBag from /home/airflow/sandbox/lib/python3.8/site-packages/airflow/example_dags/example_python_operator.py
[2021-10-24 03:27:21,970] {scheduler_job.py:643} INFO - DAG(s) dict_keys(['example_python_operator']) retrieved from /home/airflow/sandbox/lib/python3.8/site-packages/airflow/example_dags/example_python_operator.py
[2021-10-24 03:27:21,989] {logging_mixin.py:104} INFO - [2021-10-24 03:27:21,989] {dag.py:1832} INFO - Sync 1 DAGs
[2021-10-24 03:27:22,011] {logging_mixin.py:104} INFO - [2021-10-24 03:27:22,011] {dag.py:2305} INFO - Setting next_dagrun for example_python_operator to None
[2021-10-24 03:27:22,035] {scheduler_job.py:190} INFO - Processing /home/airflow/sandbox/lib/python3.8/site-packages/airflow/example_dags/example_python_operator.py took 0.092 seconds
[2021-10-24 03:27:59,556] {scheduler_job.py:182} INFO - Started process (PID=8408) to work on /home/airflow/sandbox/lib/python3.8/site-packages/airflow/example_dags/example_python_operator.py
[2021-10-24 03:27:59,558] {scheduler_job.py:633} INFO - Processing file /home/airflow/sandbox/lib/python3.8/site-packages/airflow/example_dags/example_python_operator.py for tasks to queue
[2021-10-24 03:27:59,560] {logging_mixin.py:104} INFO - [2021-10-24 03:27:59,559] {dagbag.py:487} INFO - Filling up the DagBag from /home/airflow/sandbox/lib/python3.8/site-packages/airflow/example_dags/example_python_operator.py
[2021-10-24 03:27:59,579] {scheduler_job.py:643} INFO - DAG(s) dict_keys(['example_python_operator']) retrieved from /home/airflow/sandbox/lib/python3.8/site-packages/airflow/example_dags/example_python_operator.py
[2021-10-24 03:27:59,602] {logging_mixin.py:104} INFO - [2021-10-24 03:27:59,602] {dag.py:1832} INFO - Sync 1 DAGs
[2021-10-24 03:27:59,622] {logging_mixin.py:104} INFO - [2021-10-24 03:27:59,622] {dag.py:2305} INFO - Setting next_dagrun for example_python_operator to None
[2021-10-24 03:27:59,647] {scheduler_job.py:190} INFO - Processing /home/airflow/sandbox/lib/python3.8/site-packages/airflow/example_dags/example_python_operator.py took 0.095 seconds
[2021-10-24 03:28:39,093] {scheduler_job.py:182} INFO - Started process (PID=8515) to work on /home/airflow/sandbox/lib/python3.8/site-packages/airflow/example_dags/example_python_operator.py
[2021-10-24 03:28:39,096] {scheduler_job.py:633} INFO - Processing file /home/airflow/sandbox/lib/python3.8/site-packages/airflow/example_dags/example_python_operator.py for tasks to queue
[2021-10-24 03:28:39,097] {logging_mixin.py:104} INFO - [2021-10-24 03:28:39,097] {dagbag.py:487} INFO - Filling up the DagBag from /home/airflow/sandbox/lib/python3.8/site-packages/airflow/example_dags/example_python_operator.py
[2021-10-24 03:28:39,111] {scheduler_job.py:643} INFO - DAG(s) dict_keys(['example_python_operator']) retrieved from /home/airflow/sandbox/lib/python3.8/site-packages/airflow/example_dags/example_python_operator.py
[2021-10-24 03:28:39,126] {logging_mixin.py:104} INFO - [2021-10-24 03:28:39,125] {dag.py:1832} INFO - Sync 1 DAGs
[2021-10-24 03:28:39,136] {logging_mixin.py:104} INFO - [2021-10-24 03:28:39,136] {dag.py:2305} INFO - Setting next_dagrun for example_python_operator to None
[2021-10-24 03:28:39,154] {scheduler_job.py:190} INFO - Processing /home/airflow/sandbox/lib/python3.8/site-packages/airflow/example_dags/example_python_operator.py took 0.066 seconds
[2021-10-24 03:29:17,159] {scheduler_job.py:182} INFO - Started process (PID=8699) to work on /home/airflow/sandbox/lib/python3.8/site-packages/airflow/example_dags/example_python_operator.py
[2021-10-24 03:29:17,160] {scheduler_job.py:633} INFO - Processing file /home/airflow/sandbox/lib/python3.8/site-packages/airflow/example_dags/example_python_operator.py for tasks to queue
[2021-10-24 03:29:17,161] {logging_mixin.py:104} INFO - [2021-10-24 03:29:17,161] {dagbag.py:487} INFO - Filling up the DagBag from /home/airflow/sandbox/lib/python3.8/site-packages/airflow/example_dags/example_python_operator.py
[2021-10-24 03:29:17,175] {scheduler_job.py:643} INFO - DAG(s) dict_keys(['example_python_operator']) retrieved from /home/airflow/sandbox/lib/python3.8/site-packages/airflow/example_dags/example_python_operator.py
[2021-10-24 03:29:17,198] {logging_mixin.py:104} INFO - [2021-10-24 03:29:17,197] {dag.py:1832} INFO - Sync 1 DAGs
[2021-10-24 03:29:17,212] {logging_mixin.py:104} INFO - [2021-10-24 03:29:17,212] {dag.py:2305} INFO - Setting next_dagrun for example_python_operator to None
[2021-10-24 03:29:17,235] {scheduler_job.py:190} INFO - Processing /home/airflow/sandbox/lib/python3.8/site-packages/airflow/example_dags/example_python_operator.py took 0.080 seconds
[2021-10-24 03:29:53,476] {scheduler_job.py:182} INFO - Started process (PID=8850) to work on /home/airflow/sandbox/lib/python3.8/site-packages/airflow/example_dags/example_python_operator.py
[2021-10-24 03:29:53,477] {scheduler_job.py:633} INFO - Processing file /home/airflow/sandbox/lib/python3.8/site-packages/airflow/example_dags/example_python_operator.py for tasks to queue
[2021-10-24 03:29:53,477] {logging_mixin.py:104} INFO - [2021-10-24 03:29:53,477] {dagbag.py:487} INFO - Filling up the DagBag from /home/airflow/sandbox/lib/python3.8/site-packages/airflow/example_dags/example_python_operator.py
[2021-10-24 03:29:53,509] {scheduler_job.py:643} INFO - DAG(s) dict_keys(['example_python_operator']) retrieved from /home/airflow/sandbox/lib/python3.8/site-packages/airflow/example_dags/example_python_operator.py
[2021-10-24 03:29:53,523] {logging_mixin.py:104} INFO - [2021-10-24 03:29:53,522] {dag.py:1832} INFO - Sync 1 DAGs
[2021-10-24 03:29:53,542] {logging_mixin.py:104} INFO - [2021-10-24 03:29:53,542] {dag.py:2305} INFO - Setting next_dagrun for example_python_operator to None
[2021-10-24 03:29:53,574] {scheduler_job.py:190} INFO - Processing /home/airflow/sandbox/lib/python3.8/site-packages/airflow/example_dags/example_python_operator.py took 0.101 seconds
[2021-10-24 06:05:36,047] {scheduler_job.py:182} INFO - Started process (PID=9218) to work on /home/airflow/sandbox/lib/python3.8/site-packages/airflow/example_dags/example_python_operator.py
[2021-10-24 06:05:36,049] {scheduler_job.py:633} INFO - Processing file /home/airflow/sandbox/lib/python3.8/site-packages/airflow/example_dags/example_python_operator.py for tasks to queue
[2021-10-24 06:05:36,050] {logging_mixin.py:104} INFO - [2021-10-24 06:05:36,050] {dagbag.py:487} INFO - Filling up the DagBag from /home/airflow/sandbox/lib/python3.8/site-packages/airflow/example_dags/example_python_operator.py
[2021-10-24 06:05:36,070] {scheduler_job.py:643} INFO - DAG(s) dict_keys(['example_python_operator']) retrieved from /home/airflow/sandbox/lib/python3.8/site-packages/airflow/example_dags/example_python_operator.py
[2021-10-24 06:05:36,092] {logging_mixin.py:104} INFO - [2021-10-24 06:05:36,091] {dag.py:1832} INFO - Sync 1 DAGs
[2021-10-24 06:05:36,107] {logging_mixin.py:104} INFO - [2021-10-24 06:05:36,107] {dag.py:2305} INFO - Setting next_dagrun for example_python_operator to None
[2021-10-24 06:05:36,130] {scheduler_job.py:190} INFO - Processing /home/airflow/sandbox/lib/python3.8/site-packages/airflow/example_dags/example_python_operator.py took 0.088 seconds
