[2021-10-24 03:08:11,623] {scheduler_job.py:182} INFO - Started process (PID=6188) to work on /home/airflow/sandbox/lib/python3.8/site-packages/airflow/example_dags/example_task_group_decorator.py
[2021-10-24 03:08:11,624] {scheduler_job.py:633} INFO - Processing file /home/airflow/sandbox/lib/python3.8/site-packages/airflow/example_dags/example_task_group_decorator.py for tasks to queue
[2021-10-24 03:08:11,624] {logging_mixin.py:104} INFO - [2021-10-24 03:08:11,624] {dagbag.py:487} INFO - Filling up the DagBag from /home/airflow/sandbox/lib/python3.8/site-packages/airflow/example_dags/example_task_group_decorator.py
[2021-10-24 03:08:11,657] {scheduler_job.py:643} INFO - DAG(s) dict_keys(['example_task_group_decorator']) retrieved from /home/airflow/sandbox/lib/python3.8/site-packages/airflow/example_dags/example_task_group_decorator.py
[2021-10-24 03:08:12,184] {logging_mixin.py:104} INFO - [2021-10-24 03:08:12,183] {dag.py:1832} INFO - Sync 1 DAGs
[2021-10-24 03:08:12,202] {logging_mixin.py:104} INFO - [2021-10-24 03:08:12,202] {dag.py:2305} INFO - Setting next_dagrun for example_task_group_decorator to 2021-10-22 00:00:00+00:00
[2021-10-24 03:08:12,223] {scheduler_job.py:190} INFO - Processing /home/airflow/sandbox/lib/python3.8/site-packages/airflow/example_dags/example_task_group_decorator.py took 0.606 seconds
[2021-10-24 03:08:46,901] {scheduler_job.py:182} INFO - Started process (PID=6333) to work on /home/airflow/sandbox/lib/python3.8/site-packages/airflow/example_dags/example_task_group_decorator.py
[2021-10-24 03:08:46,903] {scheduler_job.py:633} INFO - Processing file /home/airflow/sandbox/lib/python3.8/site-packages/airflow/example_dags/example_task_group_decorator.py for tasks to queue
[2021-10-24 03:08:46,904] {logging_mixin.py:104} INFO - [2021-10-24 03:08:46,903] {dagbag.py:487} INFO - Filling up the DagBag from /home/airflow/sandbox/lib/python3.8/site-packages/airflow/example_dags/example_task_group_decorator.py
[2021-10-24 03:08:46,936] {scheduler_job.py:643} INFO - DAG(s) dict_keys(['example_task_group_decorator']) retrieved from /home/airflow/sandbox/lib/python3.8/site-packages/airflow/example_dags/example_task_group_decorator.py
[2021-10-24 03:08:47,371] {logging_mixin.py:104} INFO - [2021-10-24 03:08:47,371] {dag.py:1832} INFO - Sync 1 DAGs
[2021-10-24 03:08:47,384] {logging_mixin.py:104} INFO - [2021-10-24 03:08:47,384] {dag.py:2305} INFO - Setting next_dagrun for example_task_group_decorator to 2021-10-22 00:00:00+00:00
[2021-10-24 03:08:47,405] {scheduler_job.py:190} INFO - Processing /home/airflow/sandbox/lib/python3.8/site-packages/airflow/example_dags/example_task_group_decorator.py took 0.508 seconds
[2021-10-24 03:09:23,744] {scheduler_job.py:182} INFO - Started process (PID=6364) to work on /home/airflow/sandbox/lib/python3.8/site-packages/airflow/example_dags/example_task_group_decorator.py
[2021-10-24 03:09:23,745] {scheduler_job.py:633} INFO - Processing file /home/airflow/sandbox/lib/python3.8/site-packages/airflow/example_dags/example_task_group_decorator.py for tasks to queue
[2021-10-24 03:09:23,746] {logging_mixin.py:104} INFO - [2021-10-24 03:09:23,746] {dagbag.py:487} INFO - Filling up the DagBag from /home/airflow/sandbox/lib/python3.8/site-packages/airflow/example_dags/example_task_group_decorator.py
[2021-10-24 03:09:23,778] {scheduler_job.py:643} INFO - DAG(s) dict_keys(['example_task_group_decorator']) retrieved from /home/airflow/sandbox/lib/python3.8/site-packages/airflow/example_dags/example_task_group_decorator.py
[2021-10-24 03:09:24,197] {logging_mixin.py:104} INFO - [2021-10-24 03:09:24,197] {dag.py:1832} INFO - Sync 1 DAGs
[2021-10-24 03:09:24,210] {logging_mixin.py:104} INFO - [2021-10-24 03:09:24,210] {dag.py:2305} INFO - Setting next_dagrun for example_task_group_decorator to 2021-10-22 00:00:00+00:00
[2021-10-24 03:09:24,235] {scheduler_job.py:190} INFO - Processing /home/airflow/sandbox/lib/python3.8/site-packages/airflow/example_dags/example_task_group_decorator.py took 0.495 seconds
[2021-10-24 03:09:55,650] {scheduler_job.py:182} INFO - Started process (PID=6394) to work on /home/airflow/sandbox/lib/python3.8/site-packages/airflow/example_dags/example_task_group_decorator.py
[2021-10-24 03:09:55,651] {scheduler_job.py:633} INFO - Processing file /home/airflow/sandbox/lib/python3.8/site-packages/airflow/example_dags/example_task_group_decorator.py for tasks to queue
[2021-10-24 03:09:55,651] {logging_mixin.py:104} INFO - [2021-10-24 03:09:55,651] {dagbag.py:487} INFO - Filling up the DagBag from /home/airflow/sandbox/lib/python3.8/site-packages/airflow/example_dags/example_task_group_decorator.py
[2021-10-24 03:09:55,683] {scheduler_job.py:643} INFO - DAG(s) dict_keys(['example_task_group_decorator']) retrieved from /home/airflow/sandbox/lib/python3.8/site-packages/airflow/example_dags/example_task_group_decorator.py
[2021-10-24 03:09:56,128] {logging_mixin.py:104} INFO - [2021-10-24 03:09:56,128] {dag.py:1832} INFO - Sync 1 DAGs
[2021-10-24 03:09:56,142] {logging_mixin.py:104} INFO - [2021-10-24 03:09:56,142] {dag.py:2305} INFO - Setting next_dagrun for example_task_group_decorator to 2021-10-22 00:00:00+00:00
[2021-10-24 03:09:56,167] {scheduler_job.py:190} INFO - Processing /home/airflow/sandbox/lib/python3.8/site-packages/airflow/example_dags/example_task_group_decorator.py took 0.520 seconds
[2021-10-24 03:10:27,748] {scheduler_job.py:182} INFO - Started process (PID=6457) to work on /home/airflow/sandbox/lib/python3.8/site-packages/airflow/example_dags/example_task_group_decorator.py
[2021-10-24 03:10:27,749] {scheduler_job.py:633} INFO - Processing file /home/airflow/sandbox/lib/python3.8/site-packages/airflow/example_dags/example_task_group_decorator.py for tasks to queue
[2021-10-24 03:10:27,750] {logging_mixin.py:104} INFO - [2021-10-24 03:10:27,750] {dagbag.py:487} INFO - Filling up the DagBag from /home/airflow/sandbox/lib/python3.8/site-packages/airflow/example_dags/example_task_group_decorator.py
[2021-10-24 03:10:27,780] {scheduler_job.py:643} INFO - DAG(s) dict_keys(['example_task_group_decorator']) retrieved from /home/airflow/sandbox/lib/python3.8/site-packages/airflow/example_dags/example_task_group_decorator.py
[2021-10-24 03:10:28,220] {logging_mixin.py:104} INFO - [2021-10-24 03:10:28,220] {dag.py:1832} INFO - Sync 1 DAGs
[2021-10-24 03:10:28,238] {logging_mixin.py:104} INFO - [2021-10-24 03:10:28,237] {dag.py:2305} INFO - Setting next_dagrun for example_task_group_decorator to 2021-10-22 00:00:00+00:00
[2021-10-24 03:10:28,261] {scheduler_job.py:190} INFO - Processing /home/airflow/sandbox/lib/python3.8/site-packages/airflow/example_dags/example_task_group_decorator.py took 0.516 seconds
[2021-10-24 03:11:04,716] {scheduler_job.py:182} INFO - Started process (PID=6607) to work on /home/airflow/sandbox/lib/python3.8/site-packages/airflow/example_dags/example_task_group_decorator.py
[2021-10-24 03:11:04,718] {scheduler_job.py:633} INFO - Processing file /home/airflow/sandbox/lib/python3.8/site-packages/airflow/example_dags/example_task_group_decorator.py for tasks to queue
[2021-10-24 03:11:04,718] {logging_mixin.py:104} INFO - [2021-10-24 03:11:04,718] {dagbag.py:487} INFO - Filling up the DagBag from /home/airflow/sandbox/lib/python3.8/site-packages/airflow/example_dags/example_task_group_decorator.py
[2021-10-24 03:11:04,755] {scheduler_job.py:643} INFO - DAG(s) dict_keys(['example_task_group_decorator']) retrieved from /home/airflow/sandbox/lib/python3.8/site-packages/airflow/example_dags/example_task_group_decorator.py
[2021-10-24 03:11:05,214] {logging_mixin.py:104} INFO - [2021-10-24 03:11:05,214] {dag.py:1832} INFO - Sync 1 DAGs
[2021-10-24 03:11:05,223] {logging_mixin.py:104} INFO - [2021-10-24 03:11:05,223] {dag.py:2305} INFO - Setting next_dagrun for example_task_group_decorator to 2021-10-22 00:00:00+00:00
[2021-10-24 03:11:05,250] {scheduler_job.py:190} INFO - Processing /home/airflow/sandbox/lib/python3.8/site-packages/airflow/example_dags/example_task_group_decorator.py took 0.538 seconds
[2021-10-24 03:11:37,235] {scheduler_job.py:182} INFO - Started process (PID=6636) to work on /home/airflow/sandbox/lib/python3.8/site-packages/airflow/example_dags/example_task_group_decorator.py
[2021-10-24 03:11:37,236] {scheduler_job.py:633} INFO - Processing file /home/airflow/sandbox/lib/python3.8/site-packages/airflow/example_dags/example_task_group_decorator.py for tasks to queue
[2021-10-24 03:11:37,237] {logging_mixin.py:104} INFO - [2021-10-24 03:11:37,237] {dagbag.py:487} INFO - Filling up the DagBag from /home/airflow/sandbox/lib/python3.8/site-packages/airflow/example_dags/example_task_group_decorator.py
[2021-10-24 03:11:37,271] {scheduler_job.py:643} INFO - DAG(s) dict_keys(['example_task_group_decorator']) retrieved from /home/airflow/sandbox/lib/python3.8/site-packages/airflow/example_dags/example_task_group_decorator.py
[2021-10-24 03:11:37,690] {logging_mixin.py:104} INFO - [2021-10-24 03:11:37,690] {dag.py:1832} INFO - Sync 1 DAGs
[2021-10-24 03:11:37,701] {logging_mixin.py:104} INFO - [2021-10-24 03:11:37,701] {dag.py:2305} INFO - Setting next_dagrun for example_task_group_decorator to 2021-10-22 00:00:00+00:00
[2021-10-24 03:11:37,728] {scheduler_job.py:190} INFO - Processing /home/airflow/sandbox/lib/python3.8/site-packages/airflow/example_dags/example_task_group_decorator.py took 0.498 seconds
[2021-10-24 03:12:09,165] {scheduler_job.py:182} INFO - Started process (PID=6689) to work on /home/airflow/sandbox/lib/python3.8/site-packages/airflow/example_dags/example_task_group_decorator.py
[2021-10-24 03:12:09,167] {scheduler_job.py:633} INFO - Processing file /home/airflow/sandbox/lib/python3.8/site-packages/airflow/example_dags/example_task_group_decorator.py for tasks to queue
[2021-10-24 03:12:09,168] {logging_mixin.py:104} INFO - [2021-10-24 03:12:09,168] {dagbag.py:487} INFO - Filling up the DagBag from /home/airflow/sandbox/lib/python3.8/site-packages/airflow/example_dags/example_task_group_decorator.py
[2021-10-24 03:12:09,200] {scheduler_job.py:643} INFO - DAG(s) dict_keys(['example_task_group_decorator']) retrieved from /home/airflow/sandbox/lib/python3.8/site-packages/airflow/example_dags/example_task_group_decorator.py
[2021-10-24 03:12:09,622] {logging_mixin.py:104} INFO - [2021-10-24 03:12:09,621] {dag.py:1832} INFO - Sync 1 DAGs
[2021-10-24 03:12:09,634] {logging_mixin.py:104} INFO - [2021-10-24 03:12:09,634] {dag.py:2305} INFO - Setting next_dagrun for example_task_group_decorator to 2021-10-22 00:00:00+00:00
[2021-10-24 03:12:09,655] {scheduler_job.py:190} INFO - Processing /home/airflow/sandbox/lib/python3.8/site-packages/airflow/example_dags/example_task_group_decorator.py took 0.495 seconds
[2021-10-24 03:12:42,046] {scheduler_job.py:182} INFO - Started process (PID=6744) to work on /home/airflow/sandbox/lib/python3.8/site-packages/airflow/example_dags/example_task_group_decorator.py
[2021-10-24 03:12:42,046] {scheduler_job.py:633} INFO - Processing file /home/airflow/sandbox/lib/python3.8/site-packages/airflow/example_dags/example_task_group_decorator.py for tasks to queue
[2021-10-24 03:12:42,047] {logging_mixin.py:104} INFO - [2021-10-24 03:12:42,047] {dagbag.py:487} INFO - Filling up the DagBag from /home/airflow/sandbox/lib/python3.8/site-packages/airflow/example_dags/example_task_group_decorator.py
[2021-10-24 03:12:42,081] {scheduler_job.py:643} INFO - DAG(s) dict_keys(['example_task_group_decorator']) retrieved from /home/airflow/sandbox/lib/python3.8/site-packages/airflow/example_dags/example_task_group_decorator.py
[2021-10-24 03:12:42,514] {logging_mixin.py:104} INFO - [2021-10-24 03:12:42,514] {dag.py:1832} INFO - Sync 1 DAGs
[2021-10-24 03:12:42,528] {logging_mixin.py:104} INFO - [2021-10-24 03:12:42,528] {dag.py:2305} INFO - Setting next_dagrun for example_task_group_decorator to 2021-10-22 00:00:00+00:00
[2021-10-24 03:12:42,552] {scheduler_job.py:190} INFO - Processing /home/airflow/sandbox/lib/python3.8/site-packages/airflow/example_dags/example_task_group_decorator.py took 0.511 seconds
[2021-10-24 03:13:13,959] {scheduler_job.py:182} INFO - Started process (PID=6794) to work on /home/airflow/sandbox/lib/python3.8/site-packages/airflow/example_dags/example_task_group_decorator.py
[2021-10-24 03:13:13,960] {scheduler_job.py:633} INFO - Processing file /home/airflow/sandbox/lib/python3.8/site-packages/airflow/example_dags/example_task_group_decorator.py for tasks to queue
[2021-10-24 03:13:13,961] {logging_mixin.py:104} INFO - [2021-10-24 03:13:13,961] {dagbag.py:487} INFO - Filling up the DagBag from /home/airflow/sandbox/lib/python3.8/site-packages/airflow/example_dags/example_task_group_decorator.py
[2021-10-24 03:13:13,995] {scheduler_job.py:643} INFO - DAG(s) dict_keys(['example_task_group_decorator']) retrieved from /home/airflow/sandbox/lib/python3.8/site-packages/airflow/example_dags/example_task_group_decorator.py
[2021-10-24 03:13:14,437] {logging_mixin.py:104} INFO - [2021-10-24 03:13:14,437] {dag.py:1832} INFO - Sync 1 DAGs
[2021-10-24 03:13:14,449] {logging_mixin.py:104} INFO - [2021-10-24 03:13:14,449] {dag.py:2305} INFO - Setting next_dagrun for example_task_group_decorator to 2021-10-22 00:00:00+00:00
[2021-10-24 03:13:14,474] {scheduler_job.py:190} INFO - Processing /home/airflow/sandbox/lib/python3.8/site-packages/airflow/example_dags/example_task_group_decorator.py took 0.520 seconds
[2021-10-24 03:13:45,819] {scheduler_job.py:182} INFO - Started process (PID=6845) to work on /home/airflow/sandbox/lib/python3.8/site-packages/airflow/example_dags/example_task_group_decorator.py
[2021-10-24 03:13:45,820] {scheduler_job.py:633} INFO - Processing file /home/airflow/sandbox/lib/python3.8/site-packages/airflow/example_dags/example_task_group_decorator.py for tasks to queue
[2021-10-24 03:13:45,820] {logging_mixin.py:104} INFO - [2021-10-24 03:13:45,820] {dagbag.py:487} INFO - Filling up the DagBag from /home/airflow/sandbox/lib/python3.8/site-packages/airflow/example_dags/example_task_group_decorator.py
[2021-10-24 03:13:45,847] {scheduler_job.py:643} INFO - DAG(s) dict_keys(['example_task_group_decorator']) retrieved from /home/airflow/sandbox/lib/python3.8/site-packages/airflow/example_dags/example_task_group_decorator.py
[2021-10-24 03:13:46,178] {logging_mixin.py:104} INFO - [2021-10-24 03:13:46,178] {dag.py:1832} INFO - Sync 1 DAGs
[2021-10-24 03:13:46,185] {logging_mixin.py:104} INFO - [2021-10-24 03:13:46,184] {dag.py:2305} INFO - Setting next_dagrun for example_task_group_decorator to 2021-10-22 00:00:00+00:00
[2021-10-24 03:13:46,203] {scheduler_job.py:190} INFO - Processing /home/airflow/sandbox/lib/python3.8/site-packages/airflow/example_dags/example_task_group_decorator.py took 0.391 seconds
[2021-10-24 03:14:17,591] {scheduler_job.py:182} INFO - Started process (PID=6874) to work on /home/airflow/sandbox/lib/python3.8/site-packages/airflow/example_dags/example_task_group_decorator.py
[2021-10-24 03:14:17,592] {scheduler_job.py:633} INFO - Processing file /home/airflow/sandbox/lib/python3.8/site-packages/airflow/example_dags/example_task_group_decorator.py for tasks to queue
[2021-10-24 03:14:17,593] {logging_mixin.py:104} INFO - [2021-10-24 03:14:17,593] {dagbag.py:487} INFO - Filling up the DagBag from /home/airflow/sandbox/lib/python3.8/site-packages/airflow/example_dags/example_task_group_decorator.py
[2021-10-24 03:14:17,627] {scheduler_job.py:643} INFO - DAG(s) dict_keys(['example_task_group_decorator']) retrieved from /home/airflow/sandbox/lib/python3.8/site-packages/airflow/example_dags/example_task_group_decorator.py
[2021-10-24 03:14:18,075] {logging_mixin.py:104} INFO - [2021-10-24 03:14:18,075] {dag.py:1832} INFO - Sync 1 DAGs
[2021-10-24 03:14:18,089] {logging_mixin.py:104} INFO - [2021-10-24 03:14:18,089] {dag.py:2305} INFO - Setting next_dagrun for example_task_group_decorator to 2021-10-22 00:00:00+00:00
[2021-10-24 03:14:18,108] {scheduler_job.py:190} INFO - Processing /home/airflow/sandbox/lib/python3.8/site-packages/airflow/example_dags/example_task_group_decorator.py took 0.521 seconds
[2021-10-24 03:14:49,908] {scheduler_job.py:182} INFO - Started process (PID=6998) to work on /home/airflow/sandbox/lib/python3.8/site-packages/airflow/example_dags/example_task_group_decorator.py
[2021-10-24 03:14:49,910] {scheduler_job.py:633} INFO - Processing file /home/airflow/sandbox/lib/python3.8/site-packages/airflow/example_dags/example_task_group_decorator.py for tasks to queue
[2021-10-24 03:14:49,911] {logging_mixin.py:104} INFO - [2021-10-24 03:14:49,911] {dagbag.py:487} INFO - Filling up the DagBag from /home/airflow/sandbox/lib/python3.8/site-packages/airflow/example_dags/example_task_group_decorator.py
[2021-10-24 03:14:49,944] {scheduler_job.py:643} INFO - DAG(s) dict_keys(['example_task_group_decorator']) retrieved from /home/airflow/sandbox/lib/python3.8/site-packages/airflow/example_dags/example_task_group_decorator.py
[2021-10-24 03:14:50,381] {logging_mixin.py:104} INFO - [2021-10-24 03:14:50,381] {dag.py:1832} INFO - Sync 1 DAGs
[2021-10-24 03:14:50,395] {logging_mixin.py:104} INFO - [2021-10-24 03:14:50,394] {dag.py:2305} INFO - Setting next_dagrun for example_task_group_decorator to 2021-10-22 00:00:00+00:00
[2021-10-24 03:14:50,418] {scheduler_job.py:190} INFO - Processing /home/airflow/sandbox/lib/python3.8/site-packages/airflow/example_dags/example_task_group_decorator.py took 0.515 seconds
[2021-10-24 03:15:23,887] {scheduler_job.py:182} INFO - Started process (PID=7027) to work on /home/airflow/sandbox/lib/python3.8/site-packages/airflow/example_dags/example_task_group_decorator.py
[2021-10-24 03:15:23,890] {scheduler_job.py:633} INFO - Processing file /home/airflow/sandbox/lib/python3.8/site-packages/airflow/example_dags/example_task_group_decorator.py for tasks to queue
[2021-10-24 03:15:23,891] {logging_mixin.py:104} INFO - [2021-10-24 03:15:23,891] {dagbag.py:487} INFO - Filling up the DagBag from /home/airflow/sandbox/lib/python3.8/site-packages/airflow/example_dags/example_task_group_decorator.py
[2021-10-24 03:15:23,921] {scheduler_job.py:643} INFO - DAG(s) dict_keys(['example_task_group_decorator']) retrieved from /home/airflow/sandbox/lib/python3.8/site-packages/airflow/example_dags/example_task_group_decorator.py
[2021-10-24 03:15:24,343] {logging_mixin.py:104} INFO - [2021-10-24 03:15:24,343] {dag.py:1832} INFO - Sync 1 DAGs
[2021-10-24 03:15:24,359] {logging_mixin.py:104} INFO - [2021-10-24 03:15:24,359] {dag.py:2305} INFO - Setting next_dagrun for example_task_group_decorator to 2021-10-22 00:00:00+00:00
[2021-10-24 03:15:24,383] {scheduler_job.py:190} INFO - Processing /home/airflow/sandbox/lib/python3.8/site-packages/airflow/example_dags/example_task_group_decorator.py took 0.500 seconds
[2021-10-24 03:15:57,911] {scheduler_job.py:182} INFO - Started process (PID=7057) to work on /home/airflow/sandbox/lib/python3.8/site-packages/airflow/example_dags/example_task_group_decorator.py
[2021-10-24 03:15:57,913] {scheduler_job.py:633} INFO - Processing file /home/airflow/sandbox/lib/python3.8/site-packages/airflow/example_dags/example_task_group_decorator.py for tasks to queue
[2021-10-24 03:15:57,914] {logging_mixin.py:104} INFO - [2021-10-24 03:15:57,914] {dagbag.py:487} INFO - Filling up the DagBag from /home/airflow/sandbox/lib/python3.8/site-packages/airflow/example_dags/example_task_group_decorator.py
[2021-10-24 03:15:57,941] {scheduler_job.py:643} INFO - DAG(s) dict_keys(['example_task_group_decorator']) retrieved from /home/airflow/sandbox/lib/python3.8/site-packages/airflow/example_dags/example_task_group_decorator.py
[2021-10-24 03:15:58,667] {logging_mixin.py:104} INFO - [2021-10-24 03:15:58,667] {dag.py:1832} INFO - Sync 1 DAGs
[2021-10-24 03:15:58,765] {logging_mixin.py:104} INFO - [2021-10-24 03:15:58,765] {dag.py:2305} INFO - Setting next_dagrun for example_task_group_decorator to 2021-10-22 00:00:00+00:00
[2021-10-24 03:15:58,800] {scheduler_job.py:190} INFO - Processing /home/airflow/sandbox/lib/python3.8/site-packages/airflow/example_dags/example_task_group_decorator.py took 0.895 seconds
[2021-10-24 03:16:29,625] {scheduler_job.py:182} INFO - Started process (PID=7145) to work on /home/airflow/sandbox/lib/python3.8/site-packages/airflow/example_dags/example_task_group_decorator.py
[2021-10-24 03:16:29,626] {scheduler_job.py:633} INFO - Processing file /home/airflow/sandbox/lib/python3.8/site-packages/airflow/example_dags/example_task_group_decorator.py for tasks to queue
[2021-10-24 03:16:29,627] {logging_mixin.py:104} INFO - [2021-10-24 03:16:29,627] {dagbag.py:487} INFO - Filling up the DagBag from /home/airflow/sandbox/lib/python3.8/site-packages/airflow/example_dags/example_task_group_decorator.py
[2021-10-24 03:16:29,662] {scheduler_job.py:643} INFO - DAG(s) dict_keys(['example_task_group_decorator']) retrieved from /home/airflow/sandbox/lib/python3.8/site-packages/airflow/example_dags/example_task_group_decorator.py
[2021-10-24 03:16:30,128] {logging_mixin.py:104} INFO - [2021-10-24 03:16:30,128] {dag.py:1832} INFO - Sync 1 DAGs
[2021-10-24 03:16:30,141] {logging_mixin.py:104} INFO - [2021-10-24 03:16:30,140] {dag.py:2305} INFO - Setting next_dagrun for example_task_group_decorator to 2021-10-22 00:00:00+00:00
[2021-10-24 03:16:30,162] {scheduler_job.py:190} INFO - Processing /home/airflow/sandbox/lib/python3.8/site-packages/airflow/example_dags/example_task_group_decorator.py took 0.542 seconds
[2021-10-24 03:17:15,525] {scheduler_job.py:182} INFO - Started process (PID=7449) to work on /home/airflow/sandbox/lib/python3.8/site-packages/airflow/example_dags/example_task_group_decorator.py
[2021-10-24 03:17:15,527] {scheduler_job.py:633} INFO - Processing file /home/airflow/sandbox/lib/python3.8/site-packages/airflow/example_dags/example_task_group_decorator.py for tasks to queue
[2021-10-24 03:17:15,527] {logging_mixin.py:104} INFO - [2021-10-24 03:17:15,527] {dagbag.py:487} INFO - Filling up the DagBag from /home/airflow/sandbox/lib/python3.8/site-packages/airflow/example_dags/example_task_group_decorator.py
[2021-10-24 03:17:15,560] {scheduler_job.py:643} INFO - DAG(s) dict_keys(['example_task_group_decorator']) retrieved from /home/airflow/sandbox/lib/python3.8/site-packages/airflow/example_dags/example_task_group_decorator.py
[2021-10-24 03:17:16,047] {logging_mixin.py:104} INFO - [2021-10-24 03:17:16,047] {dag.py:1832} INFO - Sync 1 DAGs
[2021-10-24 03:17:16,060] {logging_mixin.py:104} INFO - [2021-10-24 03:17:16,059] {dag.py:2305} INFO - Setting next_dagrun for example_task_group_decorator to 2021-10-22 00:00:00+00:00
[2021-10-24 03:17:16,080] {scheduler_job.py:190} INFO - Processing /home/airflow/sandbox/lib/python3.8/site-packages/airflow/example_dags/example_task_group_decorator.py took 0.560 seconds
[2021-10-24 03:18:10,033] {scheduler_job.py:182} INFO - Started process (PID=7687) to work on /home/airflow/sandbox/lib/python3.8/site-packages/airflow/example_dags/example_task_group_decorator.py
[2021-10-24 03:18:10,035] {scheduler_job.py:633} INFO - Processing file /home/airflow/sandbox/lib/python3.8/site-packages/airflow/example_dags/example_task_group_decorator.py for tasks to queue
[2021-10-24 03:18:10,036] {logging_mixin.py:104} INFO - [2021-10-24 03:18:10,036] {dagbag.py:487} INFO - Filling up the DagBag from /home/airflow/sandbox/lib/python3.8/site-packages/airflow/example_dags/example_task_group_decorator.py
[2021-10-24 03:18:10,071] {scheduler_job.py:643} INFO - DAG(s) dict_keys(['example_task_group_decorator']) retrieved from /home/airflow/sandbox/lib/python3.8/site-packages/airflow/example_dags/example_task_group_decorator.py
[2021-10-24 03:18:10,335] {logging_mixin.py:104} INFO - [2021-10-24 03:18:10,334] {dag.py:1832} INFO - Sync 1 DAGs
[2021-10-24 03:18:10,341] {logging_mixin.py:104} INFO - [2021-10-24 03:18:10,341] {dag.py:2305} INFO - Setting next_dagrun for example_task_group_decorator to 2021-10-22 00:00:00+00:00
[2021-10-24 03:18:10,362] {scheduler_job.py:190} INFO - Processing /home/airflow/sandbox/lib/python3.8/site-packages/airflow/example_dags/example_task_group_decorator.py took 0.333 seconds
[2021-10-24 03:18:45,650] {scheduler_job.py:182} INFO - Started process (PID=7823) to work on /home/airflow/sandbox/lib/python3.8/site-packages/airflow/example_dags/example_task_group_decorator.py
[2021-10-24 03:18:45,652] {scheduler_job.py:633} INFO - Processing file /home/airflow/sandbox/lib/python3.8/site-packages/airflow/example_dags/example_task_group_decorator.py for tasks to queue
[2021-10-24 03:18:45,653] {logging_mixin.py:104} INFO - [2021-10-24 03:18:45,653] {dagbag.py:487} INFO - Filling up the DagBag from /home/airflow/sandbox/lib/python3.8/site-packages/airflow/example_dags/example_task_group_decorator.py
[2021-10-24 03:18:45,690] {scheduler_job.py:643} INFO - DAG(s) dict_keys(['example_task_group_decorator']) retrieved from /home/airflow/sandbox/lib/python3.8/site-packages/airflow/example_dags/example_task_group_decorator.py
[2021-10-24 03:18:46,141] {logging_mixin.py:104} INFO - [2021-10-24 03:18:46,141] {dag.py:1832} INFO - Sync 1 DAGs
[2021-10-24 03:18:46,155] {logging_mixin.py:104} INFO - [2021-10-24 03:18:46,155] {dag.py:2305} INFO - Setting next_dagrun for example_task_group_decorator to 2021-10-22 00:00:00+00:00
[2021-10-24 03:18:46,177] {scheduler_job.py:190} INFO - Processing /home/airflow/sandbox/lib/python3.8/site-packages/airflow/example_dags/example_task_group_decorator.py took 0.532 seconds
[2021-10-24 03:19:17,695] {scheduler_job.py:182} INFO - Started process (PID=7852) to work on /home/airflow/sandbox/lib/python3.8/site-packages/airflow/example_dags/example_task_group_decorator.py
[2021-10-24 03:19:17,696] {scheduler_job.py:633} INFO - Processing file /home/airflow/sandbox/lib/python3.8/site-packages/airflow/example_dags/example_task_group_decorator.py for tasks to queue
[2021-10-24 03:19:17,697] {logging_mixin.py:104} INFO - [2021-10-24 03:19:17,697] {dagbag.py:487} INFO - Filling up the DagBag from /home/airflow/sandbox/lib/python3.8/site-packages/airflow/example_dags/example_task_group_decorator.py
[2021-10-24 03:19:17,737] {scheduler_job.py:643} INFO - DAG(s) dict_keys(['example_task_group_decorator']) retrieved from /home/airflow/sandbox/lib/python3.8/site-packages/airflow/example_dags/example_task_group_decorator.py
[2021-10-24 03:19:18,204] {logging_mixin.py:104} INFO - [2021-10-24 03:19:18,204] {dag.py:1832} INFO - Sync 1 DAGs
[2021-10-24 03:19:18,218] {logging_mixin.py:104} INFO - [2021-10-24 03:19:18,218] {dag.py:2305} INFO - Setting next_dagrun for example_task_group_decorator to 2021-10-22 00:00:00+00:00
[2021-10-24 03:19:18,240] {scheduler_job.py:190} INFO - Processing /home/airflow/sandbox/lib/python3.8/site-packages/airflow/example_dags/example_task_group_decorator.py took 0.551 seconds
[2021-10-24 03:19:54,240] {scheduler_job.py:182} INFO - Started process (PID=7883) to work on /home/airflow/sandbox/lib/python3.8/site-packages/airflow/example_dags/example_task_group_decorator.py
[2021-10-24 03:19:54,242] {scheduler_job.py:633} INFO - Processing file /home/airflow/sandbox/lib/python3.8/site-packages/airflow/example_dags/example_task_group_decorator.py for tasks to queue
[2021-10-24 03:19:54,243] {logging_mixin.py:104} INFO - [2021-10-24 03:19:54,243] {dagbag.py:487} INFO - Filling up the DagBag from /home/airflow/sandbox/lib/python3.8/site-packages/airflow/example_dags/example_task_group_decorator.py
[2021-10-24 03:19:54,277] {scheduler_job.py:643} INFO - DAG(s) dict_keys(['example_task_group_decorator']) retrieved from /home/airflow/sandbox/lib/python3.8/site-packages/airflow/example_dags/example_task_group_decorator.py
[2021-10-24 03:19:54,737] {logging_mixin.py:104} INFO - [2021-10-24 03:19:54,737] {dag.py:1832} INFO - Sync 1 DAGs
[2021-10-24 03:19:54,752] {logging_mixin.py:104} INFO - [2021-10-24 03:19:54,752] {dag.py:2305} INFO - Setting next_dagrun for example_task_group_decorator to 2021-10-22 00:00:00+00:00
[2021-10-24 03:19:54,774] {scheduler_job.py:190} INFO - Processing /home/airflow/sandbox/lib/python3.8/site-packages/airflow/example_dags/example_task_group_decorator.py took 0.539 seconds
[2021-10-24 03:20:28,812] {scheduler_job.py:182} INFO - Started process (PID=7912) to work on /home/airflow/sandbox/lib/python3.8/site-packages/airflow/example_dags/example_task_group_decorator.py
[2021-10-24 03:20:28,815] {scheduler_job.py:633} INFO - Processing file /home/airflow/sandbox/lib/python3.8/site-packages/airflow/example_dags/example_task_group_decorator.py for tasks to queue
[2021-10-24 03:20:28,816] {logging_mixin.py:104} INFO - [2021-10-24 03:20:28,816] {dagbag.py:487} INFO - Filling up the DagBag from /home/airflow/sandbox/lib/python3.8/site-packages/airflow/example_dags/example_task_group_decorator.py
[2021-10-24 03:20:28,849] {scheduler_job.py:643} INFO - DAG(s) dict_keys(['example_task_group_decorator']) retrieved from /home/airflow/sandbox/lib/python3.8/site-packages/airflow/example_dags/example_task_group_decorator.py
[2021-10-24 03:20:29,320] {logging_mixin.py:104} INFO - [2021-10-24 03:20:29,320] {dag.py:1832} INFO - Sync 1 DAGs
[2021-10-24 03:20:29,334] {logging_mixin.py:104} INFO - [2021-10-24 03:20:29,333] {dag.py:2305} INFO - Setting next_dagrun for example_task_group_decorator to 2021-10-22 00:00:00+00:00
[2021-10-24 03:20:29,359] {scheduler_job.py:190} INFO - Processing /home/airflow/sandbox/lib/python3.8/site-packages/airflow/example_dags/example_task_group_decorator.py took 0.552 seconds
[2021-10-24 03:21:02,440] {scheduler_job.py:182} INFO - Started process (PID=7942) to work on /home/airflow/sandbox/lib/python3.8/site-packages/airflow/example_dags/example_task_group_decorator.py
[2021-10-24 03:21:02,441] {scheduler_job.py:633} INFO - Processing file /home/airflow/sandbox/lib/python3.8/site-packages/airflow/example_dags/example_task_group_decorator.py for tasks to queue
[2021-10-24 03:21:02,443] {logging_mixin.py:104} INFO - [2021-10-24 03:21:02,443] {dagbag.py:487} INFO - Filling up the DagBag from /home/airflow/sandbox/lib/python3.8/site-packages/airflow/example_dags/example_task_group_decorator.py
[2021-10-24 03:21:02,489] {scheduler_job.py:643} INFO - DAG(s) dict_keys(['example_task_group_decorator']) retrieved from /home/airflow/sandbox/lib/python3.8/site-packages/airflow/example_dags/example_task_group_decorator.py
[2021-10-24 03:21:02,810] {logging_mixin.py:104} INFO - [2021-10-24 03:21:02,810] {dag.py:1832} INFO - Sync 1 DAGs
[2021-10-24 03:21:02,824] {logging_mixin.py:104} INFO - [2021-10-24 03:21:02,824] {dag.py:2305} INFO - Setting next_dagrun for example_task_group_decorator to 2021-10-22 00:00:00+00:00
[2021-10-24 03:21:02,852] {scheduler_job.py:190} INFO - Processing /home/airflow/sandbox/lib/python3.8/site-packages/airflow/example_dags/example_task_group_decorator.py took 0.417 seconds
[2021-10-24 03:21:37,636] {scheduler_job.py:182} INFO - Started process (PID=8034) to work on /home/airflow/sandbox/lib/python3.8/site-packages/airflow/example_dags/example_task_group_decorator.py
[2021-10-24 03:21:37,637] {scheduler_job.py:633} INFO - Processing file /home/airflow/sandbox/lib/python3.8/site-packages/airflow/example_dags/example_task_group_decorator.py for tasks to queue
[2021-10-24 03:21:37,638] {logging_mixin.py:104} INFO - [2021-10-24 03:21:37,638] {dagbag.py:487} INFO - Filling up the DagBag from /home/airflow/sandbox/lib/python3.8/site-packages/airflow/example_dags/example_task_group_decorator.py
[2021-10-24 03:21:37,676] {scheduler_job.py:643} INFO - DAG(s) dict_keys(['example_task_group_decorator']) retrieved from /home/airflow/sandbox/lib/python3.8/site-packages/airflow/example_dags/example_task_group_decorator.py
[2021-10-24 03:21:38,122] {logging_mixin.py:104} INFO - [2021-10-24 03:21:38,122] {dag.py:1832} INFO - Sync 1 DAGs
[2021-10-24 03:21:38,136] {logging_mixin.py:104} INFO - [2021-10-24 03:21:38,136] {dag.py:2305} INFO - Setting next_dagrun for example_task_group_decorator to 2021-10-22 00:00:00+00:00
[2021-10-24 03:21:38,165] {scheduler_job.py:190} INFO - Processing /home/airflow/sandbox/lib/python3.8/site-packages/airflow/example_dags/example_task_group_decorator.py took 0.532 seconds
[2021-10-24 03:22:11,330] {scheduler_job.py:182} INFO - Started process (PID=8064) to work on /home/airflow/sandbox/lib/python3.8/site-packages/airflow/example_dags/example_task_group_decorator.py
[2021-10-24 03:22:11,332] {scheduler_job.py:633} INFO - Processing file /home/airflow/sandbox/lib/python3.8/site-packages/airflow/example_dags/example_task_group_decorator.py for tasks to queue
[2021-10-24 03:22:11,333] {logging_mixin.py:104} INFO - [2021-10-24 03:22:11,333] {dagbag.py:487} INFO - Filling up the DagBag from /home/airflow/sandbox/lib/python3.8/site-packages/airflow/example_dags/example_task_group_decorator.py
[2021-10-24 03:22:11,367] {scheduler_job.py:643} INFO - DAG(s) dict_keys(['example_task_group_decorator']) retrieved from /home/airflow/sandbox/lib/python3.8/site-packages/airflow/example_dags/example_task_group_decorator.py
[2021-10-24 03:22:11,824] {logging_mixin.py:104} INFO - [2021-10-24 03:22:11,824] {dag.py:1832} INFO - Sync 1 DAGs
[2021-10-24 03:22:11,838] {logging_mixin.py:104} INFO - [2021-10-24 03:22:11,838] {dag.py:2305} INFO - Setting next_dagrun for example_task_group_decorator to 2021-10-22 00:00:00+00:00
[2021-10-24 03:22:11,868] {scheduler_job.py:190} INFO - Processing /home/airflow/sandbox/lib/python3.8/site-packages/airflow/example_dags/example_task_group_decorator.py took 0.543 seconds
[2021-10-24 03:22:48,123] {scheduler_job.py:182} INFO - Started process (PID=8095) to work on /home/airflow/sandbox/lib/python3.8/site-packages/airflow/example_dags/example_task_group_decorator.py
[2021-10-24 03:22:48,124] {scheduler_job.py:633} INFO - Processing file /home/airflow/sandbox/lib/python3.8/site-packages/airflow/example_dags/example_task_group_decorator.py for tasks to queue
[2021-10-24 03:22:48,125] {logging_mixin.py:104} INFO - [2021-10-24 03:22:48,125] {dagbag.py:487} INFO - Filling up the DagBag from /home/airflow/sandbox/lib/python3.8/site-packages/airflow/example_dags/example_task_group_decorator.py
[2021-10-24 03:22:48,163] {scheduler_job.py:643} INFO - DAG(s) dict_keys(['example_task_group_decorator']) retrieved from /home/airflow/sandbox/lib/python3.8/site-packages/airflow/example_dags/example_task_group_decorator.py
[2021-10-24 03:22:48,618] {logging_mixin.py:104} INFO - [2021-10-24 03:22:48,618] {dag.py:1832} INFO - Sync 1 DAGs
[2021-10-24 03:22:48,632] {logging_mixin.py:104} INFO - [2021-10-24 03:22:48,632] {dag.py:2305} INFO - Setting next_dagrun for example_task_group_decorator to 2021-10-22 00:00:00+00:00
[2021-10-24 03:22:48,659] {scheduler_job.py:190} INFO - Processing /home/airflow/sandbox/lib/python3.8/site-packages/airflow/example_dags/example_task_group_decorator.py took 0.552 seconds
[2021-10-24 03:23:22,724] {scheduler_job.py:182} INFO - Started process (PID=8169) to work on /home/airflow/sandbox/lib/python3.8/site-packages/airflow/example_dags/example_task_group_decorator.py
[2021-10-24 03:23:22,726] {scheduler_job.py:633} INFO - Processing file /home/airflow/sandbox/lib/python3.8/site-packages/airflow/example_dags/example_task_group_decorator.py for tasks to queue
[2021-10-24 03:23:22,727] {logging_mixin.py:104} INFO - [2021-10-24 03:23:22,727] {dagbag.py:487} INFO - Filling up the DagBag from /home/airflow/sandbox/lib/python3.8/site-packages/airflow/example_dags/example_task_group_decorator.py
[2021-10-24 03:23:22,761] {scheduler_job.py:643} INFO - DAG(s) dict_keys(['example_task_group_decorator']) retrieved from /home/airflow/sandbox/lib/python3.8/site-packages/airflow/example_dags/example_task_group_decorator.py
[2021-10-24 03:23:23,222] {logging_mixin.py:104} INFO - [2021-10-24 03:23:23,222] {dag.py:1832} INFO - Sync 1 DAGs
[2021-10-24 03:23:23,240] {logging_mixin.py:104} INFO - [2021-10-24 03:23:23,240] {dag.py:2305} INFO - Setting next_dagrun for example_task_group_decorator to 2021-10-22 00:00:00+00:00
[2021-10-24 03:23:23,261] {scheduler_job.py:190} INFO - Processing /home/airflow/sandbox/lib/python3.8/site-packages/airflow/example_dags/example_task_group_decorator.py took 0.542 seconds
[2021-10-24 03:23:55,984] {scheduler_job.py:182} INFO - Started process (PID=8199) to work on /home/airflow/sandbox/lib/python3.8/site-packages/airflow/example_dags/example_task_group_decorator.py
[2021-10-24 03:23:55,985] {scheduler_job.py:633} INFO - Processing file /home/airflow/sandbox/lib/python3.8/site-packages/airflow/example_dags/example_task_group_decorator.py for tasks to queue
[2021-10-24 03:23:55,985] {logging_mixin.py:104} INFO - [2021-10-24 03:23:55,985] {dagbag.py:487} INFO - Filling up the DagBag from /home/airflow/sandbox/lib/python3.8/site-packages/airflow/example_dags/example_task_group_decorator.py
[2021-10-24 03:23:56,022] {scheduler_job.py:643} INFO - DAG(s) dict_keys(['example_task_group_decorator']) retrieved from /home/airflow/sandbox/lib/python3.8/site-packages/airflow/example_dags/example_task_group_decorator.py
[2021-10-24 03:23:56,483] {logging_mixin.py:104} INFO - [2021-10-24 03:23:56,483] {dag.py:1832} INFO - Sync 1 DAGs
[2021-10-24 03:23:56,499] {logging_mixin.py:104} INFO - [2021-10-24 03:23:56,499] {dag.py:2305} INFO - Setting next_dagrun for example_task_group_decorator to 2021-10-22 00:00:00+00:00
[2021-10-24 03:23:56,520] {scheduler_job.py:190} INFO - Processing /home/airflow/sandbox/lib/python3.8/site-packages/airflow/example_dags/example_task_group_decorator.py took 0.540 seconds
[2021-10-24 03:24:31,525] {scheduler_job.py:182} INFO - Started process (PID=8229) to work on /home/airflow/sandbox/lib/python3.8/site-packages/airflow/example_dags/example_task_group_decorator.py
[2021-10-24 03:24:31,527] {scheduler_job.py:633} INFO - Processing file /home/airflow/sandbox/lib/python3.8/site-packages/airflow/example_dags/example_task_group_decorator.py for tasks to queue
[2021-10-24 03:24:31,528] {logging_mixin.py:104} INFO - [2021-10-24 03:24:31,527] {dagbag.py:487} INFO - Filling up the DagBag from /home/airflow/sandbox/lib/python3.8/site-packages/airflow/example_dags/example_task_group_decorator.py
[2021-10-24 03:24:31,564] {scheduler_job.py:643} INFO - DAG(s) dict_keys(['example_task_group_decorator']) retrieved from /home/airflow/sandbox/lib/python3.8/site-packages/airflow/example_dags/example_task_group_decorator.py
[2021-10-24 03:24:32,027] {logging_mixin.py:104} INFO - [2021-10-24 03:24:32,027] {dag.py:1832} INFO - Sync 1 DAGs
[2021-10-24 03:24:32,042] {logging_mixin.py:104} INFO - [2021-10-24 03:24:32,041] {dag.py:2305} INFO - Setting next_dagrun for example_task_group_decorator to 2021-10-22 00:00:00+00:00
[2021-10-24 03:24:32,066] {scheduler_job.py:190} INFO - Processing /home/airflow/sandbox/lib/python3.8/site-packages/airflow/example_dags/example_task_group_decorator.py took 0.546 seconds
[2021-10-24 03:25:07,148] {scheduler_job.py:182} INFO - Started process (PID=8261) to work on /home/airflow/sandbox/lib/python3.8/site-packages/airflow/example_dags/example_task_group_decorator.py
[2021-10-24 03:25:07,150] {scheduler_job.py:633} INFO - Processing file /home/airflow/sandbox/lib/python3.8/site-packages/airflow/example_dags/example_task_group_decorator.py for tasks to queue
[2021-10-24 03:25:07,151] {logging_mixin.py:104} INFO - [2021-10-24 03:25:07,151] {dagbag.py:487} INFO - Filling up the DagBag from /home/airflow/sandbox/lib/python3.8/site-packages/airflow/example_dags/example_task_group_decorator.py
[2021-10-24 03:25:07,186] {scheduler_job.py:643} INFO - DAG(s) dict_keys(['example_task_group_decorator']) retrieved from /home/airflow/sandbox/lib/python3.8/site-packages/airflow/example_dags/example_task_group_decorator.py
[2021-10-24 03:25:07,642] {logging_mixin.py:104} INFO - [2021-10-24 03:25:07,642] {dag.py:1832} INFO - Sync 1 DAGs
[2021-10-24 03:25:07,659] {logging_mixin.py:104} INFO - [2021-10-24 03:25:07,658] {dag.py:2305} INFO - Setting next_dagrun for example_task_group_decorator to 2021-10-22 00:00:00+00:00
[2021-10-24 03:25:07,683] {scheduler_job.py:190} INFO - Processing /home/airflow/sandbox/lib/python3.8/site-packages/airflow/example_dags/example_task_group_decorator.py took 0.540 seconds
[2021-10-24 03:25:41,107] {scheduler_job.py:182} INFO - Started process (PID=8289) to work on /home/airflow/sandbox/lib/python3.8/site-packages/airflow/example_dags/example_task_group_decorator.py
[2021-10-24 03:25:41,109] {scheduler_job.py:633} INFO - Processing file /home/airflow/sandbox/lib/python3.8/site-packages/airflow/example_dags/example_task_group_decorator.py for tasks to queue
[2021-10-24 03:25:41,110] {logging_mixin.py:104} INFO - [2021-10-24 03:25:41,110] {dagbag.py:487} INFO - Filling up the DagBag from /home/airflow/sandbox/lib/python3.8/site-packages/airflow/example_dags/example_task_group_decorator.py
[2021-10-24 03:25:41,141] {scheduler_job.py:643} INFO - DAG(s) dict_keys(['example_task_group_decorator']) retrieved from /home/airflow/sandbox/lib/python3.8/site-packages/airflow/example_dags/example_task_group_decorator.py
[2021-10-24 03:25:41,596] {logging_mixin.py:104} INFO - [2021-10-24 03:25:41,596] {dag.py:1832} INFO - Sync 1 DAGs
[2021-10-24 03:25:41,609] {logging_mixin.py:104} INFO - [2021-10-24 03:25:41,609] {dag.py:2305} INFO - Setting next_dagrun for example_task_group_decorator to 2021-10-22 00:00:00+00:00
[2021-10-24 03:25:41,637] {scheduler_job.py:190} INFO - Processing /home/airflow/sandbox/lib/python3.8/site-packages/airflow/example_dags/example_task_group_decorator.py took 0.536 seconds
[2021-10-24 03:26:17,812] {scheduler_job.py:182} INFO - Started process (PID=8320) to work on /home/airflow/sandbox/lib/python3.8/site-packages/airflow/example_dags/example_task_group_decorator.py
[2021-10-24 03:26:17,814] {scheduler_job.py:633} INFO - Processing file /home/airflow/sandbox/lib/python3.8/site-packages/airflow/example_dags/example_task_group_decorator.py for tasks to queue
[2021-10-24 03:26:17,815] {logging_mixin.py:104} INFO - [2021-10-24 03:26:17,815] {dagbag.py:487} INFO - Filling up the DagBag from /home/airflow/sandbox/lib/python3.8/site-packages/airflow/example_dags/example_task_group_decorator.py
[2021-10-24 03:26:17,853] {scheduler_job.py:643} INFO - DAG(s) dict_keys(['example_task_group_decorator']) retrieved from /home/airflow/sandbox/lib/python3.8/site-packages/airflow/example_dags/example_task_group_decorator.py
[2021-10-24 03:26:18,312] {logging_mixin.py:104} INFO - [2021-10-24 03:26:18,312] {dag.py:1832} INFO - Sync 1 DAGs
[2021-10-24 03:26:18,334] {logging_mixin.py:104} INFO - [2021-10-24 03:26:18,333] {dag.py:2305} INFO - Setting next_dagrun for example_task_group_decorator to 2021-10-22 00:00:00+00:00
[2021-10-24 03:26:18,364] {scheduler_job.py:190} INFO - Processing /home/airflow/sandbox/lib/python3.8/site-packages/airflow/example_dags/example_task_group_decorator.py took 0.557 seconds
[2021-10-24 03:26:54,184] {scheduler_job.py:182} INFO - Started process (PID=8351) to work on /home/airflow/sandbox/lib/python3.8/site-packages/airflow/example_dags/example_task_group_decorator.py
[2021-10-24 03:26:54,186] {scheduler_job.py:633} INFO - Processing file /home/airflow/sandbox/lib/python3.8/site-packages/airflow/example_dags/example_task_group_decorator.py for tasks to queue
[2021-10-24 03:26:54,187] {logging_mixin.py:104} INFO - [2021-10-24 03:26:54,187] {dagbag.py:487} INFO - Filling up the DagBag from /home/airflow/sandbox/lib/python3.8/site-packages/airflow/example_dags/example_task_group_decorator.py
[2021-10-24 03:26:54,224] {scheduler_job.py:643} INFO - DAG(s) dict_keys(['example_task_group_decorator']) retrieved from /home/airflow/sandbox/lib/python3.8/site-packages/airflow/example_dags/example_task_group_decorator.py
[2021-10-24 03:26:54,672] {logging_mixin.py:104} INFO - [2021-10-24 03:26:54,672] {dag.py:1832} INFO - Sync 1 DAGs
[2021-10-24 03:26:54,687] {logging_mixin.py:104} INFO - [2021-10-24 03:26:54,687] {dag.py:2305} INFO - Setting next_dagrun for example_task_group_decorator to 2021-10-22 00:00:00+00:00
[2021-10-24 03:26:54,712] {scheduler_job.py:190} INFO - Processing /home/airflow/sandbox/lib/python3.8/site-packages/airflow/example_dags/example_task_group_decorator.py took 0.533 seconds
[2021-10-24 03:27:30,299] {scheduler_job.py:182} INFO - Started process (PID=8382) to work on /home/airflow/sandbox/lib/python3.8/site-packages/airflow/example_dags/example_task_group_decorator.py
[2021-10-24 03:27:30,301] {scheduler_job.py:633} INFO - Processing file /home/airflow/sandbox/lib/python3.8/site-packages/airflow/example_dags/example_task_group_decorator.py for tasks to queue
[2021-10-24 03:27:30,302] {logging_mixin.py:104} INFO - [2021-10-24 03:27:30,302] {dagbag.py:487} INFO - Filling up the DagBag from /home/airflow/sandbox/lib/python3.8/site-packages/airflow/example_dags/example_task_group_decorator.py
[2021-10-24 03:27:30,338] {scheduler_job.py:643} INFO - DAG(s) dict_keys(['example_task_group_decorator']) retrieved from /home/airflow/sandbox/lib/python3.8/site-packages/airflow/example_dags/example_task_group_decorator.py
[2021-10-24 03:27:30,831] {logging_mixin.py:104} INFO - [2021-10-24 03:27:30,831] {dag.py:1832} INFO - Sync 1 DAGs
[2021-10-24 03:27:30,844] {logging_mixin.py:104} INFO - [2021-10-24 03:27:30,844] {dag.py:2305} INFO - Setting next_dagrun for example_task_group_decorator to 2021-10-22 00:00:00+00:00
[2021-10-24 03:27:30,869] {scheduler_job.py:190} INFO - Processing /home/airflow/sandbox/lib/python3.8/site-packages/airflow/example_dags/example_task_group_decorator.py took 0.575 seconds
[2021-10-24 03:28:02,061] {scheduler_job.py:182} INFO - Started process (PID=8410) to work on /home/airflow/sandbox/lib/python3.8/site-packages/airflow/example_dags/example_task_group_decorator.py
[2021-10-24 03:28:02,063] {scheduler_job.py:633} INFO - Processing file /home/airflow/sandbox/lib/python3.8/site-packages/airflow/example_dags/example_task_group_decorator.py for tasks to queue
[2021-10-24 03:28:02,064] {logging_mixin.py:104} INFO - [2021-10-24 03:28:02,064] {dagbag.py:487} INFO - Filling up the DagBag from /home/airflow/sandbox/lib/python3.8/site-packages/airflow/example_dags/example_task_group_decorator.py
[2021-10-24 03:28:02,103] {scheduler_job.py:643} INFO - DAG(s) dict_keys(['example_task_group_decorator']) retrieved from /home/airflow/sandbox/lib/python3.8/site-packages/airflow/example_dags/example_task_group_decorator.py
[2021-10-24 03:28:02,569] {logging_mixin.py:104} INFO - [2021-10-24 03:28:02,569] {dag.py:1832} INFO - Sync 1 DAGs
[2021-10-24 03:28:02,586] {logging_mixin.py:104} INFO - [2021-10-24 03:28:02,586] {dag.py:2305} INFO - Setting next_dagrun for example_task_group_decorator to 2021-10-22 00:00:00+00:00
[2021-10-24 03:28:02,608] {scheduler_job.py:190} INFO - Processing /home/airflow/sandbox/lib/python3.8/site-packages/airflow/example_dags/example_task_group_decorator.py took 0.552 seconds
[2021-10-24 03:28:33,984] {scheduler_job.py:182} INFO - Started process (PID=8481) to work on /home/airflow/sandbox/lib/python3.8/site-packages/airflow/example_dags/example_task_group_decorator.py
[2021-10-24 03:28:33,986] {scheduler_job.py:633} INFO - Processing file /home/airflow/sandbox/lib/python3.8/site-packages/airflow/example_dags/example_task_group_decorator.py for tasks to queue
[2021-10-24 03:28:33,987] {logging_mixin.py:104} INFO - [2021-10-24 03:28:33,987] {dagbag.py:487} INFO - Filling up the DagBag from /home/airflow/sandbox/lib/python3.8/site-packages/airflow/example_dags/example_task_group_decorator.py
[2021-10-24 03:28:34,023] {scheduler_job.py:643} INFO - DAG(s) dict_keys(['example_task_group_decorator']) retrieved from /home/airflow/sandbox/lib/python3.8/site-packages/airflow/example_dags/example_task_group_decorator.py
[2021-10-24 03:28:34,454] {logging_mixin.py:104} INFO - [2021-10-24 03:28:34,454] {dag.py:1832} INFO - Sync 1 DAGs
[2021-10-24 03:28:34,472] {logging_mixin.py:104} INFO - [2021-10-24 03:28:34,472] {dag.py:2305} INFO - Setting next_dagrun for example_task_group_decorator to 2021-10-22 00:00:00+00:00
[2021-10-24 03:28:34,499] {scheduler_job.py:190} INFO - Processing /home/airflow/sandbox/lib/python3.8/site-packages/airflow/example_dags/example_task_group_decorator.py took 0.520 seconds
[2021-10-24 03:29:09,153] {scheduler_job.py:182} INFO - Started process (PID=8648) to work on /home/airflow/sandbox/lib/python3.8/site-packages/airflow/example_dags/example_task_group_decorator.py
[2021-10-24 03:29:09,154] {scheduler_job.py:633} INFO - Processing file /home/airflow/sandbox/lib/python3.8/site-packages/airflow/example_dags/example_task_group_decorator.py for tasks to queue
[2021-10-24 03:29:09,155] {logging_mixin.py:104} INFO - [2021-10-24 03:29:09,155] {dagbag.py:487} INFO - Filling up the DagBag from /home/airflow/sandbox/lib/python3.8/site-packages/airflow/example_dags/example_task_group_decorator.py
[2021-10-24 03:29:09,193] {scheduler_job.py:643} INFO - DAG(s) dict_keys(['example_task_group_decorator']) retrieved from /home/airflow/sandbox/lib/python3.8/site-packages/airflow/example_dags/example_task_group_decorator.py
[2021-10-24 03:29:09,580] {logging_mixin.py:104} INFO - [2021-10-24 03:29:09,580] {dag.py:1832} INFO - Sync 1 DAGs
[2021-10-24 03:29:09,591] {logging_mixin.py:104} INFO - [2021-10-24 03:29:09,591] {dag.py:2305} INFO - Setting next_dagrun for example_task_group_decorator to 2021-10-22 00:00:00+00:00
[2021-10-24 03:29:09,605] {scheduler_job.py:190} INFO - Processing /home/airflow/sandbox/lib/python3.8/site-packages/airflow/example_dags/example_task_group_decorator.py took 0.458 seconds
[2021-10-24 03:29:45,465] {scheduler_job.py:182} INFO - Started process (PID=8843) to work on /home/airflow/sandbox/lib/python3.8/site-packages/airflow/example_dags/example_task_group_decorator.py
[2021-10-24 03:29:45,466] {scheduler_job.py:633} INFO - Processing file /home/airflow/sandbox/lib/python3.8/site-packages/airflow/example_dags/example_task_group_decorator.py for tasks to queue
[2021-10-24 03:29:45,467] {logging_mixin.py:104} INFO - [2021-10-24 03:29:45,467] {dagbag.py:487} INFO - Filling up the DagBag from /home/airflow/sandbox/lib/python3.8/site-packages/airflow/example_dags/example_task_group_decorator.py
[2021-10-24 03:29:45,505] {scheduler_job.py:643} INFO - DAG(s) dict_keys(['example_task_group_decorator']) retrieved from /home/airflow/sandbox/lib/python3.8/site-packages/airflow/example_dags/example_task_group_decorator.py
[2021-10-24 03:29:45,965] {logging_mixin.py:104} INFO - [2021-10-24 03:29:45,965] {dag.py:1832} INFO - Sync 1 DAGs
[2021-10-24 03:29:45,979] {logging_mixin.py:104} INFO - [2021-10-24 03:29:45,979] {dag.py:2305} INFO - Setting next_dagrun for example_task_group_decorator to 2021-10-22 00:00:00+00:00
[2021-10-24 03:29:46,007] {scheduler_job.py:190} INFO - Processing /home/airflow/sandbox/lib/python3.8/site-packages/airflow/example_dags/example_task_group_decorator.py took 0.546 seconds
[2021-10-24 06:05:05,666] {scheduler_job.py:182} INFO - Started process (PID=8870) to work on /home/airflow/sandbox/lib/python3.8/site-packages/airflow/example_dags/example_task_group_decorator.py
[2021-10-24 06:05:05,667] {scheduler_job.py:633} INFO - Processing file /home/airflow/sandbox/lib/python3.8/site-packages/airflow/example_dags/example_task_group_decorator.py for tasks to queue
[2021-10-24 06:05:05,668] {logging_mixin.py:104} INFO - [2021-10-24 06:05:05,668] {dagbag.py:487} INFO - Filling up the DagBag from /home/airflow/sandbox/lib/python3.8/site-packages/airflow/example_dags/example_task_group_decorator.py
[2021-10-24 06:05:05,803] {scheduler_job.py:643} INFO - DAG(s) dict_keys(['example_task_group_decorator']) retrieved from /home/airflow/sandbox/lib/python3.8/site-packages/airflow/example_dags/example_task_group_decorator.py
[2021-10-24 06:05:06,668] {logging_mixin.py:104} INFO - [2021-10-24 06:05:06,668] {dag.py:1832} INFO - Sync 1 DAGs
[2021-10-24 06:05:06,706] {logging_mixin.py:104} INFO - [2021-10-24 06:05:06,706] {dag.py:2305} INFO - Setting next_dagrun for example_task_group_decorator to 2021-10-22 00:00:00+00:00
[2021-10-24 06:05:06,748] {scheduler_job.py:190} INFO - Processing /home/airflow/sandbox/lib/python3.8/site-packages/airflow/example_dags/example_task_group_decorator.py took 1.084 seconds
[2021-10-24 06:05:44,765] {scheduler_job.py:182} INFO - Started process (PID=9251) to work on /home/airflow/sandbox/lib/python3.8/site-packages/airflow/example_dags/example_task_group_decorator.py
[2021-10-24 06:05:44,766] {scheduler_job.py:633} INFO - Processing file /home/airflow/sandbox/lib/python3.8/site-packages/airflow/example_dags/example_task_group_decorator.py for tasks to queue
[2021-10-24 06:05:44,767] {logging_mixin.py:104} INFO - [2021-10-24 06:05:44,767] {dagbag.py:487} INFO - Filling up the DagBag from /home/airflow/sandbox/lib/python3.8/site-packages/airflow/example_dags/example_task_group_decorator.py
[2021-10-24 06:05:44,801] {scheduler_job.py:643} INFO - DAG(s) dict_keys(['example_task_group_decorator']) retrieved from /home/airflow/sandbox/lib/python3.8/site-packages/airflow/example_dags/example_task_group_decorator.py
[2021-10-24 06:05:45,251] {logging_mixin.py:104} INFO - [2021-10-24 06:05:45,251] {dag.py:1832} INFO - Sync 1 DAGs
[2021-10-24 06:05:45,260] {logging_mixin.py:104} INFO - [2021-10-24 06:05:45,260] {dag.py:2305} INFO - Setting next_dagrun for example_task_group_decorator to 2021-10-22 00:00:00+00:00
[2021-10-24 06:05:45,281] {scheduler_job.py:190} INFO - Processing /home/airflow/sandbox/lib/python3.8/site-packages/airflow/example_dags/example_task_group_decorator.py took 0.521 seconds
