[2021-10-24 03:08:31,365] {scheduler_job.py:182} INFO - Started process (PID=6288) to work on /home/airflow/sandbox/lib/python3.8/site-packages/airflow/example_dags/example_branch_datetime_operator.py
[2021-10-24 03:08:31,366] {scheduler_job.py:633} INFO - Processing file /home/airflow/sandbox/lib/python3.8/site-packages/airflow/example_dags/example_branch_datetime_operator.py for tasks to queue
[2021-10-24 03:08:31,367] {logging_mixin.py:104} INFO - [2021-10-24 03:08:31,367] {dagbag.py:487} INFO - Filling up the DagBag from /home/airflow/sandbox/lib/python3.8/site-packages/airflow/example_dags/example_branch_datetime_operator.py
[2021-10-24 03:08:31,386] {scheduler_job.py:643} INFO - DAG(s) dict_keys(['example_branch_datetime_operator_2']) retrieved from /home/airflow/sandbox/lib/python3.8/site-packages/airflow/example_dags/example_branch_datetime_operator.py
[2021-10-24 03:08:31,402] {logging_mixin.py:104} INFO - [2021-10-24 03:08:31,401] {dag.py:1832} INFO - Sync 1 DAGs
[2021-10-24 03:08:31,413] {logging_mixin.py:104} INFO - [2021-10-24 03:08:31,413] {dag.py:2305} INFO - Setting next_dagrun for example_branch_datetime_operator_2 to 2021-10-22 00:00:00+00:00
[2021-10-24 03:08:31,427] {scheduler_job.py:190} INFO - Processing /home/airflow/sandbox/lib/python3.8/site-packages/airflow/example_dags/example_branch_datetime_operator.py took 0.068 seconds
[2021-10-24 03:09:08,030] {scheduler_job.py:182} INFO - Started process (PID=6350) to work on /home/airflow/sandbox/lib/python3.8/site-packages/airflow/example_dags/example_branch_datetime_operator.py
[2021-10-24 03:09:08,032] {scheduler_job.py:633} INFO - Processing file /home/airflow/sandbox/lib/python3.8/site-packages/airflow/example_dags/example_branch_datetime_operator.py for tasks to queue
[2021-10-24 03:09:08,033] {logging_mixin.py:104} INFO - [2021-10-24 03:09:08,032] {dagbag.py:487} INFO - Filling up the DagBag from /home/airflow/sandbox/lib/python3.8/site-packages/airflow/example_dags/example_branch_datetime_operator.py
[2021-10-24 03:09:08,054] {scheduler_job.py:643} INFO - DAG(s) dict_keys(['example_branch_datetime_operator_2']) retrieved from /home/airflow/sandbox/lib/python3.8/site-packages/airflow/example_dags/example_branch_datetime_operator.py
[2021-10-24 03:09:08,090] {logging_mixin.py:104} INFO - [2021-10-24 03:09:08,090] {dag.py:1832} INFO - Sync 1 DAGs
[2021-10-24 03:09:08,110] {logging_mixin.py:104} INFO - [2021-10-24 03:09:08,110] {dag.py:2305} INFO - Setting next_dagrun for example_branch_datetime_operator_2 to 2021-10-22 00:00:00+00:00
[2021-10-24 03:09:08,132] {scheduler_job.py:190} INFO - Processing /home/airflow/sandbox/lib/python3.8/site-packages/airflow/example_dags/example_branch_datetime_operator.py took 0.105 seconds
[2021-10-24 03:09:41,581] {scheduler_job.py:182} INFO - Started process (PID=6382) to work on /home/airflow/sandbox/lib/python3.8/site-packages/airflow/example_dags/example_branch_datetime_operator.py
[2021-10-24 03:09:41,582] {scheduler_job.py:633} INFO - Processing file /home/airflow/sandbox/lib/python3.8/site-packages/airflow/example_dags/example_branch_datetime_operator.py for tasks to queue
[2021-10-24 03:09:41,583] {logging_mixin.py:104} INFO - [2021-10-24 03:09:41,583] {dagbag.py:487} INFO - Filling up the DagBag from /home/airflow/sandbox/lib/python3.8/site-packages/airflow/example_dags/example_branch_datetime_operator.py
[2021-10-24 03:09:41,604] {scheduler_job.py:643} INFO - DAG(s) dict_keys(['example_branch_datetime_operator_2']) retrieved from /home/airflow/sandbox/lib/python3.8/site-packages/airflow/example_dags/example_branch_datetime_operator.py
[2021-10-24 03:09:41,628] {logging_mixin.py:104} INFO - [2021-10-24 03:09:41,628] {dag.py:1832} INFO - Sync 1 DAGs
[2021-10-24 03:09:41,650] {logging_mixin.py:104} INFO - [2021-10-24 03:09:41,650] {dag.py:2305} INFO - Setting next_dagrun for example_branch_datetime_operator_2 to 2021-10-22 00:00:00+00:00
[2021-10-24 03:09:41,671] {scheduler_job.py:190} INFO - Processing /home/airflow/sandbox/lib/python3.8/site-packages/airflow/example_dags/example_branch_datetime_operator.py took 0.095 seconds
[2021-10-24 03:10:18,486] {scheduler_job.py:182} INFO - Started process (PID=6423) to work on /home/airflow/sandbox/lib/python3.8/site-packages/airflow/example_dags/example_branch_datetime_operator.py
[2021-10-24 03:10:18,487] {scheduler_job.py:633} INFO - Processing file /home/airflow/sandbox/lib/python3.8/site-packages/airflow/example_dags/example_branch_datetime_operator.py for tasks to queue
[2021-10-24 03:10:18,488] {logging_mixin.py:104} INFO - [2021-10-24 03:10:18,488] {dagbag.py:487} INFO - Filling up the DagBag from /home/airflow/sandbox/lib/python3.8/site-packages/airflow/example_dags/example_branch_datetime_operator.py
[2021-10-24 03:10:18,506] {scheduler_job.py:643} INFO - DAG(s) dict_keys(['example_branch_datetime_operator_2']) retrieved from /home/airflow/sandbox/lib/python3.8/site-packages/airflow/example_dags/example_branch_datetime_operator.py
[2021-10-24 03:10:18,528] {logging_mixin.py:104} INFO - [2021-10-24 03:10:18,528] {dag.py:1832} INFO - Sync 1 DAGs
[2021-10-24 03:10:18,550] {logging_mixin.py:104} INFO - [2021-10-24 03:10:18,549] {dag.py:2305} INFO - Setting next_dagrun for example_branch_datetime_operator_2 to 2021-10-22 00:00:00+00:00
[2021-10-24 03:10:18,570] {scheduler_job.py:190} INFO - Processing /home/airflow/sandbox/lib/python3.8/site-packages/airflow/example_dags/example_branch_datetime_operator.py took 0.088 seconds
[2021-10-24 03:10:55,557] {scheduler_job.py:182} INFO - Started process (PID=6572) to work on /home/airflow/sandbox/lib/python3.8/site-packages/airflow/example_dags/example_branch_datetime_operator.py
[2021-10-24 03:10:55,561] {scheduler_job.py:633} INFO - Processing file /home/airflow/sandbox/lib/python3.8/site-packages/airflow/example_dags/example_branch_datetime_operator.py for tasks to queue
[2021-10-24 03:10:55,562] {logging_mixin.py:104} INFO - [2021-10-24 03:10:55,562] {dagbag.py:487} INFO - Filling up the DagBag from /home/airflow/sandbox/lib/python3.8/site-packages/airflow/example_dags/example_branch_datetime_operator.py
[2021-10-24 03:10:55,608] {scheduler_job.py:643} INFO - DAG(s) dict_keys(['example_branch_datetime_operator_2']) retrieved from /home/airflow/sandbox/lib/python3.8/site-packages/airflow/example_dags/example_branch_datetime_operator.py
[2021-10-24 03:10:55,674] {logging_mixin.py:104} INFO - [2021-10-24 03:10:55,674] {dag.py:1832} INFO - Sync 1 DAGs
[2021-10-24 03:10:55,726] {logging_mixin.py:104} INFO - [2021-10-24 03:10:55,726] {dag.py:2305} INFO - Setting next_dagrun for example_branch_datetime_operator_2 to 2021-10-22 00:00:00+00:00
[2021-10-24 03:10:55,768] {scheduler_job.py:190} INFO - Processing /home/airflow/sandbox/lib/python3.8/site-packages/airflow/example_dags/example_branch_datetime_operator.py took 0.226 seconds
[2021-10-24 03:11:30,908] {scheduler_job.py:182} INFO - Started process (PID=6630) to work on /home/airflow/sandbox/lib/python3.8/site-packages/airflow/example_dags/example_branch_datetime_operator.py
[2021-10-24 03:11:30,909] {scheduler_job.py:633} INFO - Processing file /home/airflow/sandbox/lib/python3.8/site-packages/airflow/example_dags/example_branch_datetime_operator.py for tasks to queue
[2021-10-24 03:11:30,909] {logging_mixin.py:104} INFO - [2021-10-24 03:11:30,909] {dagbag.py:487} INFO - Filling up the DagBag from /home/airflow/sandbox/lib/python3.8/site-packages/airflow/example_dags/example_branch_datetime_operator.py
[2021-10-24 03:11:30,925] {scheduler_job.py:643} INFO - DAG(s) dict_keys(['example_branch_datetime_operator_2']) retrieved from /home/airflow/sandbox/lib/python3.8/site-packages/airflow/example_dags/example_branch_datetime_operator.py
[2021-10-24 03:11:30,945] {logging_mixin.py:104} INFO - [2021-10-24 03:11:30,945] {dag.py:1832} INFO - Sync 1 DAGs
[2021-10-24 03:11:30,969] {logging_mixin.py:104} INFO - [2021-10-24 03:11:30,969] {dag.py:2305} INFO - Setting next_dagrun for example_branch_datetime_operator_2 to 2021-10-22 00:00:00+00:00
[2021-10-24 03:11:30,988] {scheduler_job.py:190} INFO - Processing /home/airflow/sandbox/lib/python3.8/site-packages/airflow/example_dags/example_branch_datetime_operator.py took 0.084 seconds
[2021-10-24 03:12:06,860] {scheduler_job.py:182} INFO - Started process (PID=6687) to work on /home/airflow/sandbox/lib/python3.8/site-packages/airflow/example_dags/example_branch_datetime_operator.py
[2021-10-24 03:12:06,862] {scheduler_job.py:633} INFO - Processing file /home/airflow/sandbox/lib/python3.8/site-packages/airflow/example_dags/example_branch_datetime_operator.py for tasks to queue
[2021-10-24 03:12:06,863] {logging_mixin.py:104} INFO - [2021-10-24 03:12:06,863] {dagbag.py:487} INFO - Filling up the DagBag from /home/airflow/sandbox/lib/python3.8/site-packages/airflow/example_dags/example_branch_datetime_operator.py
[2021-10-24 03:12:06,882] {scheduler_job.py:643} INFO - DAG(s) dict_keys(['example_branch_datetime_operator_2']) retrieved from /home/airflow/sandbox/lib/python3.8/site-packages/airflow/example_dags/example_branch_datetime_operator.py
[2021-10-24 03:12:06,901] {logging_mixin.py:104} INFO - [2021-10-24 03:12:06,901] {dag.py:1832} INFO - Sync 1 DAGs
[2021-10-24 03:12:06,917] {logging_mixin.py:104} INFO - [2021-10-24 03:12:06,917] {dag.py:2305} INFO - Setting next_dagrun for example_branch_datetime_operator_2 to 2021-10-22 00:00:00+00:00
[2021-10-24 03:12:06,937] {scheduler_job.py:190} INFO - Processing /home/airflow/sandbox/lib/python3.8/site-packages/airflow/example_dags/example_branch_datetime_operator.py took 0.082 seconds
[2021-10-24 03:12:43,702] {scheduler_job.py:182} INFO - Started process (PID=6745) to work on /home/airflow/sandbox/lib/python3.8/site-packages/airflow/example_dags/example_branch_datetime_operator.py
[2021-10-24 03:12:43,704] {scheduler_job.py:633} INFO - Processing file /home/airflow/sandbox/lib/python3.8/site-packages/airflow/example_dags/example_branch_datetime_operator.py for tasks to queue
[2021-10-24 03:12:43,704] {logging_mixin.py:104} INFO - [2021-10-24 03:12:43,704] {dagbag.py:487} INFO - Filling up the DagBag from /home/airflow/sandbox/lib/python3.8/site-packages/airflow/example_dags/example_branch_datetime_operator.py
[2021-10-24 03:12:43,722] {scheduler_job.py:643} INFO - DAG(s) dict_keys(['example_branch_datetime_operator_2']) retrieved from /home/airflow/sandbox/lib/python3.8/site-packages/airflow/example_dags/example_branch_datetime_operator.py
[2021-10-24 03:12:43,743] {logging_mixin.py:104} INFO - [2021-10-24 03:12:43,743] {dag.py:1832} INFO - Sync 1 DAGs
[2021-10-24 03:12:43,761] {logging_mixin.py:104} INFO - [2021-10-24 03:12:43,761] {dag.py:2305} INFO - Setting next_dagrun for example_branch_datetime_operator_2 to 2021-10-22 00:00:00+00:00
[2021-10-24 03:12:43,781] {scheduler_job.py:190} INFO - Processing /home/airflow/sandbox/lib/python3.8/site-packages/airflow/example_dags/example_branch_datetime_operator.py took 0.084 seconds
[2021-10-24 03:13:20,139] {scheduler_job.py:182} INFO - Started process (PID=6821) to work on /home/airflow/sandbox/lib/python3.8/site-packages/airflow/example_dags/example_branch_datetime_operator.py
[2021-10-24 03:13:20,141] {scheduler_job.py:633} INFO - Processing file /home/airflow/sandbox/lib/python3.8/site-packages/airflow/example_dags/example_branch_datetime_operator.py for tasks to queue
[2021-10-24 03:13:20,142] {logging_mixin.py:104} INFO - [2021-10-24 03:13:20,142] {dagbag.py:487} INFO - Filling up the DagBag from /home/airflow/sandbox/lib/python3.8/site-packages/airflow/example_dags/example_branch_datetime_operator.py
[2021-10-24 03:13:20,161] {scheduler_job.py:643} INFO - DAG(s) dict_keys(['example_branch_datetime_operator_2']) retrieved from /home/airflow/sandbox/lib/python3.8/site-packages/airflow/example_dags/example_branch_datetime_operator.py
[2021-10-24 03:13:20,183] {logging_mixin.py:104} INFO - [2021-10-24 03:13:20,183] {dag.py:1832} INFO - Sync 1 DAGs
[2021-10-24 03:13:20,202] {logging_mixin.py:104} INFO - [2021-10-24 03:13:20,202] {dag.py:2305} INFO - Setting next_dagrun for example_branch_datetime_operator_2 to 2021-10-22 00:00:00+00:00
[2021-10-24 03:13:20,218] {scheduler_job.py:190} INFO - Processing /home/airflow/sandbox/lib/python3.8/site-packages/airflow/example_dags/example_branch_datetime_operator.py took 0.083 seconds
[2021-10-24 03:13:54,774] {scheduler_job.py:182} INFO - Started process (PID=6852) to work on /home/airflow/sandbox/lib/python3.8/site-packages/airflow/example_dags/example_branch_datetime_operator.py
[2021-10-24 03:13:54,776] {scheduler_job.py:633} INFO - Processing file /home/airflow/sandbox/lib/python3.8/site-packages/airflow/example_dags/example_branch_datetime_operator.py for tasks to queue
[2021-10-24 03:13:54,776] {logging_mixin.py:104} INFO - [2021-10-24 03:13:54,776] {dagbag.py:487} INFO - Filling up the DagBag from /home/airflow/sandbox/lib/python3.8/site-packages/airflow/example_dags/example_branch_datetime_operator.py
[2021-10-24 03:13:54,794] {scheduler_job.py:643} INFO - DAG(s) dict_keys(['example_branch_datetime_operator_2']) retrieved from /home/airflow/sandbox/lib/python3.8/site-packages/airflow/example_dags/example_branch_datetime_operator.py
[2021-10-24 03:13:54,815] {logging_mixin.py:104} INFO - [2021-10-24 03:13:54,815] {dag.py:1832} INFO - Sync 1 DAGs
[2021-10-24 03:13:54,836] {logging_mixin.py:104} INFO - [2021-10-24 03:13:54,836] {dag.py:2305} INFO - Setting next_dagrun for example_branch_datetime_operator_2 to 2021-10-22 00:00:00+00:00
[2021-10-24 03:13:54,858] {scheduler_job.py:190} INFO - Processing /home/airflow/sandbox/lib/python3.8/site-packages/airflow/example_dags/example_branch_datetime_operator.py took 0.089 seconds
[2021-10-24 03:14:28,553] {scheduler_job.py:182} INFO - Started process (PID=6907) to work on /home/airflow/sandbox/lib/python3.8/site-packages/airflow/example_dags/example_branch_datetime_operator.py
[2021-10-24 03:14:28,554] {scheduler_job.py:633} INFO - Processing file /home/airflow/sandbox/lib/python3.8/site-packages/airflow/example_dags/example_branch_datetime_operator.py for tasks to queue
[2021-10-24 03:14:28,555] {logging_mixin.py:104} INFO - [2021-10-24 03:14:28,555] {dagbag.py:487} INFO - Filling up the DagBag from /home/airflow/sandbox/lib/python3.8/site-packages/airflow/example_dags/example_branch_datetime_operator.py
[2021-10-24 03:14:28,573] {scheduler_job.py:643} INFO - DAG(s) dict_keys(['example_branch_datetime_operator_2']) retrieved from /home/airflow/sandbox/lib/python3.8/site-packages/airflow/example_dags/example_branch_datetime_operator.py
[2021-10-24 03:14:28,591] {logging_mixin.py:104} INFO - [2021-10-24 03:14:28,591] {dag.py:1832} INFO - Sync 1 DAGs
[2021-10-24 03:14:28,612] {logging_mixin.py:104} INFO - [2021-10-24 03:14:28,612] {dag.py:2305} INFO - Setting next_dagrun for example_branch_datetime_operator_2 to 2021-10-22 00:00:00+00:00
[2021-10-24 03:14:28,634] {scheduler_job.py:190} INFO - Processing /home/airflow/sandbox/lib/python3.8/site-packages/airflow/example_dags/example_branch_datetime_operator.py took 0.086 seconds
[2021-10-24 03:15:05,331] {scheduler_job.py:182} INFO - Started process (PID=7011) to work on /home/airflow/sandbox/lib/python3.8/site-packages/airflow/example_dags/example_branch_datetime_operator.py
[2021-10-24 03:15:05,332] {scheduler_job.py:633} INFO - Processing file /home/airflow/sandbox/lib/python3.8/site-packages/airflow/example_dags/example_branch_datetime_operator.py for tasks to queue
[2021-10-24 03:15:05,333] {logging_mixin.py:104} INFO - [2021-10-24 03:15:05,333] {dagbag.py:487} INFO - Filling up the DagBag from /home/airflow/sandbox/lib/python3.8/site-packages/airflow/example_dags/example_branch_datetime_operator.py
[2021-10-24 03:15:05,350] {scheduler_job.py:643} INFO - DAG(s) dict_keys(['example_branch_datetime_operator_2']) retrieved from /home/airflow/sandbox/lib/python3.8/site-packages/airflow/example_dags/example_branch_datetime_operator.py
[2021-10-24 03:15:05,369] {logging_mixin.py:104} INFO - [2021-10-24 03:15:05,369] {dag.py:1832} INFO - Sync 1 DAGs
[2021-10-24 03:15:05,387] {logging_mixin.py:104} INFO - [2021-10-24 03:15:05,387] {dag.py:2305} INFO - Setting next_dagrun for example_branch_datetime_operator_2 to 2021-10-22 00:00:00+00:00
[2021-10-24 03:15:05,411] {scheduler_job.py:190} INFO - Processing /home/airflow/sandbox/lib/python3.8/site-packages/airflow/example_dags/example_branch_datetime_operator.py took 0.086 seconds
[2021-10-24 03:15:41,941] {scheduler_job.py:182} INFO - Started process (PID=7043) to work on /home/airflow/sandbox/lib/python3.8/site-packages/airflow/example_dags/example_branch_datetime_operator.py
[2021-10-24 03:15:41,944] {scheduler_job.py:633} INFO - Processing file /home/airflow/sandbox/lib/python3.8/site-packages/airflow/example_dags/example_branch_datetime_operator.py for tasks to queue
[2021-10-24 03:15:41,945] {logging_mixin.py:104} INFO - [2021-10-24 03:15:41,945] {dagbag.py:487} INFO - Filling up the DagBag from /home/airflow/sandbox/lib/python3.8/site-packages/airflow/example_dags/example_branch_datetime_operator.py
[2021-10-24 03:15:41,962] {scheduler_job.py:643} INFO - DAG(s) dict_keys(['example_branch_datetime_operator_2']) retrieved from /home/airflow/sandbox/lib/python3.8/site-packages/airflow/example_dags/example_branch_datetime_operator.py
[2021-10-24 03:15:41,984] {logging_mixin.py:104} INFO - [2021-10-24 03:15:41,984] {dag.py:1832} INFO - Sync 1 DAGs
[2021-10-24 03:15:42,005] {logging_mixin.py:104} INFO - [2021-10-24 03:15:42,005] {dag.py:2305} INFO - Setting next_dagrun for example_branch_datetime_operator_2 to 2021-10-22 00:00:00+00:00
[2021-10-24 03:15:42,028] {scheduler_job.py:190} INFO - Processing /home/airflow/sandbox/lib/python3.8/site-packages/airflow/example_dags/example_branch_datetime_operator.py took 0.091 seconds
[2021-10-24 03:16:19,020] {scheduler_job.py:182} INFO - Started process (PID=7135) to work on /home/airflow/sandbox/lib/python3.8/site-packages/airflow/example_dags/example_branch_datetime_operator.py
[2021-10-24 03:16:19,022] {scheduler_job.py:633} INFO - Processing file /home/airflow/sandbox/lib/python3.8/site-packages/airflow/example_dags/example_branch_datetime_operator.py for tasks to queue
[2021-10-24 03:16:19,023] {logging_mixin.py:104} INFO - [2021-10-24 03:16:19,023] {dagbag.py:487} INFO - Filling up the DagBag from /home/airflow/sandbox/lib/python3.8/site-packages/airflow/example_dags/example_branch_datetime_operator.py
[2021-10-24 03:16:19,040] {scheduler_job.py:643} INFO - DAG(s) dict_keys(['example_branch_datetime_operator_2']) retrieved from /home/airflow/sandbox/lib/python3.8/site-packages/airflow/example_dags/example_branch_datetime_operator.py
[2021-10-24 03:16:19,061] {logging_mixin.py:104} INFO - [2021-10-24 03:16:19,060] {dag.py:1832} INFO - Sync 1 DAGs
[2021-10-24 03:16:19,082] {logging_mixin.py:104} INFO - [2021-10-24 03:16:19,082] {dag.py:2305} INFO - Setting next_dagrun for example_branch_datetime_operator_2 to 2021-10-22 00:00:00+00:00
[2021-10-24 03:16:19,102] {scheduler_job.py:190} INFO - Processing /home/airflow/sandbox/lib/python3.8/site-packages/airflow/example_dags/example_branch_datetime_operator.py took 0.087 seconds
[2021-10-24 03:16:52,673] {scheduler_job.py:182} INFO - Started process (PID=7226) to work on /home/airflow/sandbox/lib/python3.8/site-packages/airflow/example_dags/example_branch_datetime_operator.py
[2021-10-24 03:16:52,674] {scheduler_job.py:633} INFO - Processing file /home/airflow/sandbox/lib/python3.8/site-packages/airflow/example_dags/example_branch_datetime_operator.py for tasks to queue
[2021-10-24 03:16:52,691] {logging_mixin.py:104} INFO - [2021-10-24 03:16:52,691] {dagbag.py:487} INFO - Filling up the DagBag from /home/airflow/sandbox/lib/python3.8/site-packages/airflow/example_dags/example_branch_datetime_operator.py
[2021-10-24 03:16:52,755] {scheduler_job.py:643} INFO - DAG(s) dict_keys(['example_branch_datetime_operator_2']) retrieved from /home/airflow/sandbox/lib/python3.8/site-packages/airflow/example_dags/example_branch_datetime_operator.py
[2021-10-24 03:16:52,786] {logging_mixin.py:104} INFO - [2021-10-24 03:16:52,786] {dag.py:1832} INFO - Sync 1 DAGs
[2021-10-24 03:16:52,805] {logging_mixin.py:104} INFO - [2021-10-24 03:16:52,805] {dag.py:2305} INFO - Setting next_dagrun for example_branch_datetime_operator_2 to 2021-10-22 00:00:00+00:00
[2021-10-24 03:16:52,823] {scheduler_job.py:190} INFO - Processing /home/airflow/sandbox/lib/python3.8/site-packages/airflow/example_dags/example_branch_datetime_operator.py took 0.170 seconds
[2021-10-24 03:17:56,784] {scheduler_job.py:182} INFO - Started process (PID=7675) to work on /home/airflow/sandbox/lib/python3.8/site-packages/airflow/example_dags/example_branch_datetime_operator.py
[2021-10-24 03:17:56,786] {scheduler_job.py:633} INFO - Processing file /home/airflow/sandbox/lib/python3.8/site-packages/airflow/example_dags/example_branch_datetime_operator.py for tasks to queue
[2021-10-24 03:17:56,787] {logging_mixin.py:104} INFO - [2021-10-24 03:17:56,787] {dagbag.py:487} INFO - Filling up the DagBag from /home/airflow/sandbox/lib/python3.8/site-packages/airflow/example_dags/example_branch_datetime_operator.py
[2021-10-24 03:17:56,808] {scheduler_job.py:643} INFO - DAG(s) dict_keys(['example_branch_datetime_operator_2']) retrieved from /home/airflow/sandbox/lib/python3.8/site-packages/airflow/example_dags/example_branch_datetime_operator.py
[2021-10-24 03:17:56,829] {logging_mixin.py:104} INFO - [2021-10-24 03:17:56,829] {dag.py:1832} INFO - Sync 1 DAGs
[2021-10-24 03:17:56,850] {logging_mixin.py:104} INFO - [2021-10-24 03:17:56,850] {dag.py:2305} INFO - Setting next_dagrun for example_branch_datetime_operator_2 to 2021-10-22 00:00:00+00:00
[2021-10-24 03:17:56,872] {scheduler_job.py:190} INFO - Processing /home/airflow/sandbox/lib/python3.8/site-packages/airflow/example_dags/example_branch_datetime_operator.py took 0.093 seconds
[2021-10-24 03:18:32,396] {scheduler_job.py:182} INFO - Started process (PID=7750) to work on /home/airflow/sandbox/lib/python3.8/site-packages/airflow/example_dags/example_branch_datetime_operator.py
[2021-10-24 03:18:32,397] {scheduler_job.py:633} INFO - Processing file /home/airflow/sandbox/lib/python3.8/site-packages/airflow/example_dags/example_branch_datetime_operator.py for tasks to queue
[2021-10-24 03:18:32,399] {logging_mixin.py:104} INFO - [2021-10-24 03:18:32,398] {dagbag.py:487} INFO - Filling up the DagBag from /home/airflow/sandbox/lib/python3.8/site-packages/airflow/example_dags/example_branch_datetime_operator.py
[2021-10-24 03:18:32,418] {scheduler_job.py:643} INFO - DAG(s) dict_keys(['example_branch_datetime_operator_2']) retrieved from /home/airflow/sandbox/lib/python3.8/site-packages/airflow/example_dags/example_branch_datetime_operator.py
[2021-10-24 03:18:32,440] {logging_mixin.py:104} INFO - [2021-10-24 03:18:32,440] {dag.py:1832} INFO - Sync 1 DAGs
[2021-10-24 03:18:32,461] {logging_mixin.py:104} INFO - [2021-10-24 03:18:32,461] {dag.py:2305} INFO - Setting next_dagrun for example_branch_datetime_operator_2 to 2021-10-22 00:00:00+00:00
[2021-10-24 03:18:32,484] {scheduler_job.py:190} INFO - Processing /home/airflow/sandbox/lib/python3.8/site-packages/airflow/example_dags/example_branch_datetime_operator.py took 0.093 seconds
[2021-10-24 03:19:06,730] {scheduler_job.py:182} INFO - Started process (PID=7842) to work on /home/airflow/sandbox/lib/python3.8/site-packages/airflow/example_dags/example_branch_datetime_operator.py
[2021-10-24 03:19:06,732] {scheduler_job.py:633} INFO - Processing file /home/airflow/sandbox/lib/python3.8/site-packages/airflow/example_dags/example_branch_datetime_operator.py for tasks to queue
[2021-10-24 03:19:06,733] {logging_mixin.py:104} INFO - [2021-10-24 03:19:06,732] {dagbag.py:487} INFO - Filling up the DagBag from /home/airflow/sandbox/lib/python3.8/site-packages/airflow/example_dags/example_branch_datetime_operator.py
[2021-10-24 03:19:06,761] {scheduler_job.py:643} INFO - DAG(s) dict_keys(['example_branch_datetime_operator_2']) retrieved from /home/airflow/sandbox/lib/python3.8/site-packages/airflow/example_dags/example_branch_datetime_operator.py
[2021-10-24 03:19:06,783] {logging_mixin.py:104} INFO - [2021-10-24 03:19:06,782] {dag.py:1832} INFO - Sync 1 DAGs
[2021-10-24 03:19:06,804] {logging_mixin.py:104} INFO - [2021-10-24 03:19:06,804] {dag.py:2305} INFO - Setting next_dagrun for example_branch_datetime_operator_2 to 2021-10-22 00:00:00+00:00
[2021-10-24 03:19:06,827] {scheduler_job.py:190} INFO - Processing /home/airflow/sandbox/lib/python3.8/site-packages/airflow/example_dags/example_branch_datetime_operator.py took 0.108 seconds
[2021-10-24 03:19:43,777] {scheduler_job.py:182} INFO - Started process (PID=7873) to work on /home/airflow/sandbox/lib/python3.8/site-packages/airflow/example_dags/example_branch_datetime_operator.py
[2021-10-24 03:19:43,779] {scheduler_job.py:633} INFO - Processing file /home/airflow/sandbox/lib/python3.8/site-packages/airflow/example_dags/example_branch_datetime_operator.py for tasks to queue
[2021-10-24 03:19:43,780] {logging_mixin.py:104} INFO - [2021-10-24 03:19:43,780] {dagbag.py:487} INFO - Filling up the DagBag from /home/airflow/sandbox/lib/python3.8/site-packages/airflow/example_dags/example_branch_datetime_operator.py
[2021-10-24 03:19:43,800] {scheduler_job.py:643} INFO - DAG(s) dict_keys(['example_branch_datetime_operator_2']) retrieved from /home/airflow/sandbox/lib/python3.8/site-packages/airflow/example_dags/example_branch_datetime_operator.py
[2021-10-24 03:19:43,823] {logging_mixin.py:104} INFO - [2021-10-24 03:19:43,823] {dag.py:1832} INFO - Sync 1 DAGs
[2021-10-24 03:19:43,845] {logging_mixin.py:104} INFO - [2021-10-24 03:19:43,845] {dag.py:2305} INFO - Setting next_dagrun for example_branch_datetime_operator_2 to 2021-10-22 00:00:00+00:00
[2021-10-24 03:19:43,867] {scheduler_job.py:190} INFO - Processing /home/airflow/sandbox/lib/python3.8/site-packages/airflow/example_dags/example_branch_datetime_operator.py took 0.094 seconds
[2021-10-24 03:20:20,437] {scheduler_job.py:182} INFO - Started process (PID=7904) to work on /home/airflow/sandbox/lib/python3.8/site-packages/airflow/example_dags/example_branch_datetime_operator.py
[2021-10-24 03:20:20,439] {scheduler_job.py:633} INFO - Processing file /home/airflow/sandbox/lib/python3.8/site-packages/airflow/example_dags/example_branch_datetime_operator.py for tasks to queue
[2021-10-24 03:20:20,440] {logging_mixin.py:104} INFO - [2021-10-24 03:20:20,440] {dagbag.py:487} INFO - Filling up the DagBag from /home/airflow/sandbox/lib/python3.8/site-packages/airflow/example_dags/example_branch_datetime_operator.py
[2021-10-24 03:20:20,463] {scheduler_job.py:643} INFO - DAG(s) dict_keys(['example_branch_datetime_operator_2']) retrieved from /home/airflow/sandbox/lib/python3.8/site-packages/airflow/example_dags/example_branch_datetime_operator.py
[2021-10-24 03:20:20,489] {logging_mixin.py:104} INFO - [2021-10-24 03:20:20,488] {dag.py:1832} INFO - Sync 1 DAGs
[2021-10-24 03:20:20,516] {logging_mixin.py:104} INFO - [2021-10-24 03:20:20,516] {dag.py:2305} INFO - Setting next_dagrun for example_branch_datetime_operator_2 to 2021-10-22 00:00:00+00:00
[2021-10-24 03:20:20,535] {scheduler_job.py:190} INFO - Processing /home/airflow/sandbox/lib/python3.8/site-packages/airflow/example_dags/example_branch_datetime_operator.py took 0.105 seconds
[2021-10-24 03:20:55,942] {scheduler_job.py:182} INFO - Started process (PID=7936) to work on /home/airflow/sandbox/lib/python3.8/site-packages/airflow/example_dags/example_branch_datetime_operator.py
[2021-10-24 03:20:55,944] {scheduler_job.py:633} INFO - Processing file /home/airflow/sandbox/lib/python3.8/site-packages/airflow/example_dags/example_branch_datetime_operator.py for tasks to queue
[2021-10-24 03:20:55,944] {logging_mixin.py:104} INFO - [2021-10-24 03:20:55,944] {dagbag.py:487} INFO - Filling up the DagBag from /home/airflow/sandbox/lib/python3.8/site-packages/airflow/example_dags/example_branch_datetime_operator.py
[2021-10-24 03:20:55,964] {scheduler_job.py:643} INFO - DAG(s) dict_keys(['example_branch_datetime_operator_2']) retrieved from /home/airflow/sandbox/lib/python3.8/site-packages/airflow/example_dags/example_branch_datetime_operator.py
[2021-10-24 03:20:55,985] {logging_mixin.py:104} INFO - [2021-10-24 03:20:55,985] {dag.py:1832} INFO - Sync 1 DAGs
[2021-10-24 03:20:56,013] {logging_mixin.py:104} INFO - [2021-10-24 03:20:56,013] {dag.py:2305} INFO - Setting next_dagrun for example_branch_datetime_operator_2 to 2021-10-22 00:00:00+00:00
[2021-10-24 03:20:56,036] {scheduler_job.py:190} INFO - Processing /home/airflow/sandbox/lib/python3.8/site-packages/airflow/example_dags/example_branch_datetime_operator.py took 0.098 seconds
[2021-10-24 03:21:31,619] {scheduler_job.py:182} INFO - Started process (PID=8027) to work on /home/airflow/sandbox/lib/python3.8/site-packages/airflow/example_dags/example_branch_datetime_operator.py
[2021-10-24 03:21:31,621] {scheduler_job.py:633} INFO - Processing file /home/airflow/sandbox/lib/python3.8/site-packages/airflow/example_dags/example_branch_datetime_operator.py for tasks to queue
[2021-10-24 03:21:31,622] {logging_mixin.py:104} INFO - [2021-10-24 03:21:31,622] {dagbag.py:487} INFO - Filling up the DagBag from /home/airflow/sandbox/lib/python3.8/site-packages/airflow/example_dags/example_branch_datetime_operator.py
[2021-10-24 03:21:31,642] {scheduler_job.py:643} INFO - DAG(s) dict_keys(['example_branch_datetime_operator_2']) retrieved from /home/airflow/sandbox/lib/python3.8/site-packages/airflow/example_dags/example_branch_datetime_operator.py
[2021-10-24 03:21:31,663] {logging_mixin.py:104} INFO - [2021-10-24 03:21:31,663] {dag.py:1832} INFO - Sync 1 DAGs
[2021-10-24 03:21:31,685] {logging_mixin.py:104} INFO - [2021-10-24 03:21:31,685] {dag.py:2305} INFO - Setting next_dagrun for example_branch_datetime_operator_2 to 2021-10-22 00:00:00+00:00
[2021-10-24 03:21:31,709] {scheduler_job.py:190} INFO - Processing /home/airflow/sandbox/lib/python3.8/site-packages/airflow/example_dags/example_branch_datetime_operator.py took 0.096 seconds
[2021-10-24 03:22:07,341] {scheduler_job.py:182} INFO - Started process (PID=8060) to work on /home/airflow/sandbox/lib/python3.8/site-packages/airflow/example_dags/example_branch_datetime_operator.py
[2021-10-24 03:22:07,343] {scheduler_job.py:633} INFO - Processing file /home/airflow/sandbox/lib/python3.8/site-packages/airflow/example_dags/example_branch_datetime_operator.py for tasks to queue
[2021-10-24 03:22:07,344] {logging_mixin.py:104} INFO - [2021-10-24 03:22:07,343] {dagbag.py:487} INFO - Filling up the DagBag from /home/airflow/sandbox/lib/python3.8/site-packages/airflow/example_dags/example_branch_datetime_operator.py
[2021-10-24 03:22:07,361] {scheduler_job.py:643} INFO - DAG(s) dict_keys(['example_branch_datetime_operator_2']) retrieved from /home/airflow/sandbox/lib/python3.8/site-packages/airflow/example_dags/example_branch_datetime_operator.py
[2021-10-24 03:22:07,380] {logging_mixin.py:104} INFO - [2021-10-24 03:22:07,379] {dag.py:1832} INFO - Sync 1 DAGs
[2021-10-24 03:22:07,402] {logging_mixin.py:104} INFO - [2021-10-24 03:22:07,402] {dag.py:2305} INFO - Setting next_dagrun for example_branch_datetime_operator_2 to 2021-10-22 00:00:00+00:00
[2021-10-24 03:22:07,421] {scheduler_job.py:190} INFO - Processing /home/airflow/sandbox/lib/python3.8/site-packages/airflow/example_dags/example_branch_datetime_operator.py took 0.084 seconds
[2021-10-24 03:22:42,930] {scheduler_job.py:182} INFO - Started process (PID=8090) to work on /home/airflow/sandbox/lib/python3.8/site-packages/airflow/example_dags/example_branch_datetime_operator.py
[2021-10-24 03:22:42,932] {scheduler_job.py:633} INFO - Processing file /home/airflow/sandbox/lib/python3.8/site-packages/airflow/example_dags/example_branch_datetime_operator.py for tasks to queue
[2021-10-24 03:22:42,933] {logging_mixin.py:104} INFO - [2021-10-24 03:22:42,933] {dagbag.py:487} INFO - Filling up the DagBag from /home/airflow/sandbox/lib/python3.8/site-packages/airflow/example_dags/example_branch_datetime_operator.py
[2021-10-24 03:22:42,950] {scheduler_job.py:643} INFO - DAG(s) dict_keys(['example_branch_datetime_operator_2']) retrieved from /home/airflow/sandbox/lib/python3.8/site-packages/airflow/example_dags/example_branch_datetime_operator.py
[2021-10-24 03:22:42,973] {logging_mixin.py:104} INFO - [2021-10-24 03:22:42,973] {dag.py:1832} INFO - Sync 1 DAGs
[2021-10-24 03:22:42,995] {logging_mixin.py:104} INFO - [2021-10-24 03:22:42,995] {dag.py:2305} INFO - Setting next_dagrun for example_branch_datetime_operator_2 to 2021-10-22 00:00:00+00:00
[2021-10-24 03:22:43,018] {scheduler_job.py:190} INFO - Processing /home/airflow/sandbox/lib/python3.8/site-packages/airflow/example_dags/example_branch_datetime_operator.py took 0.093 seconds
[2021-10-24 03:23:18,793] {scheduler_job.py:182} INFO - Started process (PID=8165) to work on /home/airflow/sandbox/lib/python3.8/site-packages/airflow/example_dags/example_branch_datetime_operator.py
[2021-10-24 03:23:18,795] {scheduler_job.py:633} INFO - Processing file /home/airflow/sandbox/lib/python3.8/site-packages/airflow/example_dags/example_branch_datetime_operator.py for tasks to queue
[2021-10-24 03:23:18,796] {logging_mixin.py:104} INFO - [2021-10-24 03:23:18,796] {dagbag.py:487} INFO - Filling up the DagBag from /home/airflow/sandbox/lib/python3.8/site-packages/airflow/example_dags/example_branch_datetime_operator.py
[2021-10-24 03:23:18,815] {scheduler_job.py:643} INFO - DAG(s) dict_keys(['example_branch_datetime_operator_2']) retrieved from /home/airflow/sandbox/lib/python3.8/site-packages/airflow/example_dags/example_branch_datetime_operator.py
[2021-10-24 03:23:18,836] {logging_mixin.py:104} INFO - [2021-10-24 03:23:18,836] {dag.py:1832} INFO - Sync 1 DAGs
[2021-10-24 03:23:18,855] {logging_mixin.py:104} INFO - [2021-10-24 03:23:18,854] {dag.py:2305} INFO - Setting next_dagrun for example_branch_datetime_operator_2 to 2021-10-22 00:00:00+00:00
[2021-10-24 03:23:18,876] {scheduler_job.py:190} INFO - Processing /home/airflow/sandbox/lib/python3.8/site-packages/airflow/example_dags/example_branch_datetime_operator.py took 0.089 seconds
[2021-10-24 03:23:51,495] {scheduler_job.py:182} INFO - Started process (PID=8195) to work on /home/airflow/sandbox/lib/python3.8/site-packages/airflow/example_dags/example_branch_datetime_operator.py
[2021-10-24 03:23:51,497] {scheduler_job.py:633} INFO - Processing file /home/airflow/sandbox/lib/python3.8/site-packages/airflow/example_dags/example_branch_datetime_operator.py for tasks to queue
[2021-10-24 03:23:51,498] {logging_mixin.py:104} INFO - [2021-10-24 03:23:51,498] {dagbag.py:487} INFO - Filling up the DagBag from /home/airflow/sandbox/lib/python3.8/site-packages/airflow/example_dags/example_branch_datetime_operator.py
[2021-10-24 03:23:51,519] {scheduler_job.py:643} INFO - DAG(s) dict_keys(['example_branch_datetime_operator_2']) retrieved from /home/airflow/sandbox/lib/python3.8/site-packages/airflow/example_dags/example_branch_datetime_operator.py
[2021-10-24 03:23:51,541] {logging_mixin.py:104} INFO - [2021-10-24 03:23:51,540] {dag.py:1832} INFO - Sync 1 DAGs
[2021-10-24 03:23:51,563] {logging_mixin.py:104} INFO - [2021-10-24 03:23:51,563] {dag.py:2305} INFO - Setting next_dagrun for example_branch_datetime_operator_2 to 2021-10-22 00:00:00+00:00
[2021-10-24 03:23:51,590] {scheduler_job.py:190} INFO - Processing /home/airflow/sandbox/lib/python3.8/site-packages/airflow/example_dags/example_branch_datetime_operator.py took 0.100 seconds
[2021-10-24 03:24:26,168] {scheduler_job.py:182} INFO - Started process (PID=8224) to work on /home/airflow/sandbox/lib/python3.8/site-packages/airflow/example_dags/example_branch_datetime_operator.py
[2021-10-24 03:24:26,170] {scheduler_job.py:633} INFO - Processing file /home/airflow/sandbox/lib/python3.8/site-packages/airflow/example_dags/example_branch_datetime_operator.py for tasks to queue
[2021-10-24 03:24:26,171] {logging_mixin.py:104} INFO - [2021-10-24 03:24:26,171] {dagbag.py:487} INFO - Filling up the DagBag from /home/airflow/sandbox/lib/python3.8/site-packages/airflow/example_dags/example_branch_datetime_operator.py
[2021-10-24 03:24:26,188] {scheduler_job.py:643} INFO - DAG(s) dict_keys(['example_branch_datetime_operator_2']) retrieved from /home/airflow/sandbox/lib/python3.8/site-packages/airflow/example_dags/example_branch_datetime_operator.py
[2021-10-24 03:24:26,211] {logging_mixin.py:104} INFO - [2021-10-24 03:24:26,211] {dag.py:1832} INFO - Sync 1 DAGs
[2021-10-24 03:24:26,231] {logging_mixin.py:104} INFO - [2021-10-24 03:24:26,230] {dag.py:2305} INFO - Setting next_dagrun for example_branch_datetime_operator_2 to 2021-10-22 00:00:00+00:00
[2021-10-24 03:24:26,253] {scheduler_job.py:190} INFO - Processing /home/airflow/sandbox/lib/python3.8/site-packages/airflow/example_dags/example_branch_datetime_operator.py took 0.090 seconds
[2021-10-24 03:25:01,786] {scheduler_job.py:182} INFO - Started process (PID=8256) to work on /home/airflow/sandbox/lib/python3.8/site-packages/airflow/example_dags/example_branch_datetime_operator.py
[2021-10-24 03:25:01,787] {scheduler_job.py:633} INFO - Processing file /home/airflow/sandbox/lib/python3.8/site-packages/airflow/example_dags/example_branch_datetime_operator.py for tasks to queue
[2021-10-24 03:25:01,788] {logging_mixin.py:104} INFO - [2021-10-24 03:25:01,788] {dagbag.py:487} INFO - Filling up the DagBag from /home/airflow/sandbox/lib/python3.8/site-packages/airflow/example_dags/example_branch_datetime_operator.py
[2021-10-24 03:25:01,806] {scheduler_job.py:643} INFO - DAG(s) dict_keys(['example_branch_datetime_operator_2']) retrieved from /home/airflow/sandbox/lib/python3.8/site-packages/airflow/example_dags/example_branch_datetime_operator.py
[2021-10-24 03:25:01,829] {logging_mixin.py:104} INFO - [2021-10-24 03:25:01,829] {dag.py:1832} INFO - Sync 1 DAGs
[2021-10-24 03:25:01,853] {logging_mixin.py:104} INFO - [2021-10-24 03:25:01,853] {dag.py:2305} INFO - Setting next_dagrun for example_branch_datetime_operator_2 to 2021-10-22 00:00:00+00:00
[2021-10-24 03:25:01,877] {scheduler_job.py:190} INFO - Processing /home/airflow/sandbox/lib/python3.8/site-packages/airflow/example_dags/example_branch_datetime_operator.py took 0.095 seconds
[2021-10-24 03:25:37,122] {scheduler_job.py:182} INFO - Started process (PID=8285) to work on /home/airflow/sandbox/lib/python3.8/site-packages/airflow/example_dags/example_branch_datetime_operator.py
[2021-10-24 03:25:37,123] {scheduler_job.py:633} INFO - Processing file /home/airflow/sandbox/lib/python3.8/site-packages/airflow/example_dags/example_branch_datetime_operator.py for tasks to queue
[2021-10-24 03:25:37,123] {logging_mixin.py:104} INFO - [2021-10-24 03:25:37,123] {dagbag.py:487} INFO - Filling up the DagBag from /home/airflow/sandbox/lib/python3.8/site-packages/airflow/example_dags/example_branch_datetime_operator.py
[2021-10-24 03:25:37,142] {scheduler_job.py:643} INFO - DAG(s) dict_keys(['example_branch_datetime_operator_2']) retrieved from /home/airflow/sandbox/lib/python3.8/site-packages/airflow/example_dags/example_branch_datetime_operator.py
[2021-10-24 03:25:37,164] {logging_mixin.py:104} INFO - [2021-10-24 03:25:37,164] {dag.py:1832} INFO - Sync 1 DAGs
[2021-10-24 03:25:37,187] {logging_mixin.py:104} INFO - [2021-10-24 03:25:37,186] {dag.py:2305} INFO - Setting next_dagrun for example_branch_datetime_operator_2 to 2021-10-22 00:00:00+00:00
[2021-10-24 03:25:37,209] {scheduler_job.py:190} INFO - Processing /home/airflow/sandbox/lib/python3.8/site-packages/airflow/example_dags/example_branch_datetime_operator.py took 0.092 seconds
[2021-10-24 03:26:13,191] {scheduler_job.py:182} INFO - Started process (PID=8316) to work on /home/airflow/sandbox/lib/python3.8/site-packages/airflow/example_dags/example_branch_datetime_operator.py
[2021-10-24 03:26:13,193] {scheduler_job.py:633} INFO - Processing file /home/airflow/sandbox/lib/python3.8/site-packages/airflow/example_dags/example_branch_datetime_operator.py for tasks to queue
[2021-10-24 03:26:13,194] {logging_mixin.py:104} INFO - [2021-10-24 03:26:13,194] {dagbag.py:487} INFO - Filling up the DagBag from /home/airflow/sandbox/lib/python3.8/site-packages/airflow/example_dags/example_branch_datetime_operator.py
[2021-10-24 03:26:13,212] {scheduler_job.py:643} INFO - DAG(s) dict_keys(['example_branch_datetime_operator_2']) retrieved from /home/airflow/sandbox/lib/python3.8/site-packages/airflow/example_dags/example_branch_datetime_operator.py
[2021-10-24 03:26:13,232] {logging_mixin.py:104} INFO - [2021-10-24 03:26:13,232] {dag.py:1832} INFO - Sync 1 DAGs
[2021-10-24 03:26:13,262] {logging_mixin.py:104} INFO - [2021-10-24 03:26:13,262] {dag.py:2305} INFO - Setting next_dagrun for example_branch_datetime_operator_2 to 2021-10-22 00:00:00+00:00
[2021-10-24 03:26:13,288] {scheduler_job.py:190} INFO - Processing /home/airflow/sandbox/lib/python3.8/site-packages/airflow/example_dags/example_branch_datetime_operator.py took 0.100 seconds
[2021-10-24 03:26:49,363] {scheduler_job.py:182} INFO - Started process (PID=8347) to work on /home/airflow/sandbox/lib/python3.8/site-packages/airflow/example_dags/example_branch_datetime_operator.py
[2021-10-24 03:26:49,365] {scheduler_job.py:633} INFO - Processing file /home/airflow/sandbox/lib/python3.8/site-packages/airflow/example_dags/example_branch_datetime_operator.py for tasks to queue
[2021-10-24 03:26:49,365] {logging_mixin.py:104} INFO - [2021-10-24 03:26:49,365] {dagbag.py:487} INFO - Filling up the DagBag from /home/airflow/sandbox/lib/python3.8/site-packages/airflow/example_dags/example_branch_datetime_operator.py
[2021-10-24 03:26:49,384] {scheduler_job.py:643} INFO - DAG(s) dict_keys(['example_branch_datetime_operator_2']) retrieved from /home/airflow/sandbox/lib/python3.8/site-packages/airflow/example_dags/example_branch_datetime_operator.py
[2021-10-24 03:26:49,410] {logging_mixin.py:104} INFO - [2021-10-24 03:26:49,410] {dag.py:1832} INFO - Sync 1 DAGs
[2021-10-24 03:26:49,431] {logging_mixin.py:104} INFO - [2021-10-24 03:26:49,431] {dag.py:2305} INFO - Setting next_dagrun for example_branch_datetime_operator_2 to 2021-10-22 00:00:00+00:00
[2021-10-24 03:26:49,451] {scheduler_job.py:190} INFO - Processing /home/airflow/sandbox/lib/python3.8/site-packages/airflow/example_dags/example_branch_datetime_operator.py took 0.092 seconds
[2021-10-24 03:27:25,591] {scheduler_job.py:182} INFO - Started process (PID=8377) to work on /home/airflow/sandbox/lib/python3.8/site-packages/airflow/example_dags/example_branch_datetime_operator.py
[2021-10-24 03:27:25,593] {scheduler_job.py:633} INFO - Processing file /home/airflow/sandbox/lib/python3.8/site-packages/airflow/example_dags/example_branch_datetime_operator.py for tasks to queue
[2021-10-24 03:27:25,594] {logging_mixin.py:104} INFO - [2021-10-24 03:27:25,594] {dagbag.py:487} INFO - Filling up the DagBag from /home/airflow/sandbox/lib/python3.8/site-packages/airflow/example_dags/example_branch_datetime_operator.py
[2021-10-24 03:27:25,614] {scheduler_job.py:643} INFO - DAG(s) dict_keys(['example_branch_datetime_operator_2']) retrieved from /home/airflow/sandbox/lib/python3.8/site-packages/airflow/example_dags/example_branch_datetime_operator.py
[2021-10-24 03:27:25,638] {logging_mixin.py:104} INFO - [2021-10-24 03:27:25,637] {dag.py:1832} INFO - Sync 1 DAGs
[2021-10-24 03:27:25,661] {logging_mixin.py:104} INFO - [2021-10-24 03:27:25,661] {dag.py:2305} INFO - Setting next_dagrun for example_branch_datetime_operator_2 to 2021-10-22 00:00:00+00:00
[2021-10-24 03:27:25,685] {scheduler_job.py:190} INFO - Processing /home/airflow/sandbox/lib/python3.8/site-packages/airflow/example_dags/example_branch_datetime_operator.py took 0.100 seconds
[2021-10-24 03:27:57,396] {scheduler_job.py:182} INFO - Started process (PID=8406) to work on /home/airflow/sandbox/lib/python3.8/site-packages/airflow/example_dags/example_branch_datetime_operator.py
[2021-10-24 03:27:57,397] {scheduler_job.py:633} INFO - Processing file /home/airflow/sandbox/lib/python3.8/site-packages/airflow/example_dags/example_branch_datetime_operator.py for tasks to queue
[2021-10-24 03:27:57,397] {logging_mixin.py:104} INFO - [2021-10-24 03:27:57,397] {dagbag.py:487} INFO - Filling up the DagBag from /home/airflow/sandbox/lib/python3.8/site-packages/airflow/example_dags/example_branch_datetime_operator.py
[2021-10-24 03:27:57,417] {scheduler_job.py:643} INFO - DAG(s) dict_keys(['example_branch_datetime_operator_2']) retrieved from /home/airflow/sandbox/lib/python3.8/site-packages/airflow/example_dags/example_branch_datetime_operator.py
[2021-10-24 03:27:57,441] {logging_mixin.py:104} INFO - [2021-10-24 03:27:57,441] {dag.py:1832} INFO - Sync 1 DAGs
[2021-10-24 03:27:57,465] {logging_mixin.py:104} INFO - [2021-10-24 03:27:57,465] {dag.py:2305} INFO - Setting next_dagrun for example_branch_datetime_operator_2 to 2021-10-22 00:00:00+00:00
[2021-10-24 03:27:57,487] {scheduler_job.py:190} INFO - Processing /home/airflow/sandbox/lib/python3.8/site-packages/airflow/example_dags/example_branch_datetime_operator.py took 0.097 seconds
[2021-10-24 03:28:36,788] {scheduler_job.py:182} INFO - Started process (PID=8483) to work on /home/airflow/sandbox/lib/python3.8/site-packages/airflow/example_dags/example_branch_datetime_operator.py
[2021-10-24 03:28:36,789] {scheduler_job.py:633} INFO - Processing file /home/airflow/sandbox/lib/python3.8/site-packages/airflow/example_dags/example_branch_datetime_operator.py for tasks to queue
[2021-10-24 03:28:36,790] {logging_mixin.py:104} INFO - [2021-10-24 03:28:36,790] {dagbag.py:487} INFO - Filling up the DagBag from /home/airflow/sandbox/lib/python3.8/site-packages/airflow/example_dags/example_branch_datetime_operator.py
[2021-10-24 03:28:36,811] {scheduler_job.py:643} INFO - DAG(s) dict_keys(['example_branch_datetime_operator_2']) retrieved from /home/airflow/sandbox/lib/python3.8/site-packages/airflow/example_dags/example_branch_datetime_operator.py
[2021-10-24 03:28:36,835] {logging_mixin.py:104} INFO - [2021-10-24 03:28:36,835] {dag.py:1832} INFO - Sync 1 DAGs
[2021-10-24 03:28:36,856] {logging_mixin.py:104} INFO - [2021-10-24 03:28:36,856] {dag.py:2305} INFO - Setting next_dagrun for example_branch_datetime_operator_2 to 2021-10-22 00:00:00+00:00
[2021-10-24 03:28:36,876] {scheduler_job.py:190} INFO - Processing /home/airflow/sandbox/lib/python3.8/site-packages/airflow/example_dags/example_branch_datetime_operator.py took 0.093 seconds
[2021-10-24 03:29:11,864] {scheduler_job.py:182} INFO - Started process (PID=8664) to work on /home/airflow/sandbox/lib/python3.8/site-packages/airflow/example_dags/example_branch_datetime_operator.py
[2021-10-24 03:29:11,865] {scheduler_job.py:633} INFO - Processing file /home/airflow/sandbox/lib/python3.8/site-packages/airflow/example_dags/example_branch_datetime_operator.py for tasks to queue
[2021-10-24 03:29:11,866] {logging_mixin.py:104} INFO - [2021-10-24 03:29:11,866] {dagbag.py:487} INFO - Filling up the DagBag from /home/airflow/sandbox/lib/python3.8/site-packages/airflow/example_dags/example_branch_datetime_operator.py
[2021-10-24 03:29:11,885] {scheduler_job.py:643} INFO - DAG(s) dict_keys(['example_branch_datetime_operator_2']) retrieved from /home/airflow/sandbox/lib/python3.8/site-packages/airflow/example_dags/example_branch_datetime_operator.py
[2021-10-24 03:29:11,905] {logging_mixin.py:104} INFO - [2021-10-24 03:29:11,905] {dag.py:1832} INFO - Sync 1 DAGs
[2021-10-24 03:29:11,925] {logging_mixin.py:104} INFO - [2021-10-24 03:29:11,925] {dag.py:2305} INFO - Setting next_dagrun for example_branch_datetime_operator_2 to 2021-10-22 00:00:00+00:00
[2021-10-24 03:29:11,946] {scheduler_job.py:190} INFO - Processing /home/airflow/sandbox/lib/python3.8/site-packages/airflow/example_dags/example_branch_datetime_operator.py took 0.087 seconds
[2021-10-24 03:29:48,238] {scheduler_job.py:182} INFO - Started process (PID=8845) to work on /home/airflow/sandbox/lib/python3.8/site-packages/airflow/example_dags/example_branch_datetime_operator.py
[2021-10-24 03:29:48,240] {scheduler_job.py:633} INFO - Processing file /home/airflow/sandbox/lib/python3.8/site-packages/airflow/example_dags/example_branch_datetime_operator.py for tasks to queue
[2021-10-24 03:29:48,240] {logging_mixin.py:104} INFO - [2021-10-24 03:29:48,240] {dagbag.py:487} INFO - Filling up the DagBag from /home/airflow/sandbox/lib/python3.8/site-packages/airflow/example_dags/example_branch_datetime_operator.py
[2021-10-24 03:29:48,259] {scheduler_job.py:643} INFO - DAG(s) dict_keys(['example_branch_datetime_operator_2']) retrieved from /home/airflow/sandbox/lib/python3.8/site-packages/airflow/example_dags/example_branch_datetime_operator.py
[2021-10-24 03:29:48,281] {logging_mixin.py:104} INFO - [2021-10-24 03:29:48,280] {dag.py:1832} INFO - Sync 1 DAGs
[2021-10-24 03:29:48,302] {logging_mixin.py:104} INFO - [2021-10-24 03:29:48,302] {dag.py:2305} INFO - Setting next_dagrun for example_branch_datetime_operator_2 to 2021-10-22 00:00:00+00:00
[2021-10-24 03:29:48,325] {scheduler_job.py:190} INFO - Processing /home/airflow/sandbox/lib/python3.8/site-packages/airflow/example_dags/example_branch_datetime_operator.py took 0.093 seconds
[2021-10-24 06:05:29,638] {scheduler_job.py:182} INFO - Started process (PID=9144) to work on /home/airflow/sandbox/lib/python3.8/site-packages/airflow/example_dags/example_branch_datetime_operator.py
[2021-10-24 06:05:29,639] {scheduler_job.py:633} INFO - Processing file /home/airflow/sandbox/lib/python3.8/site-packages/airflow/example_dags/example_branch_datetime_operator.py for tasks to queue
[2021-10-24 06:05:29,641] {logging_mixin.py:104} INFO - [2021-10-24 06:05:29,640] {dagbag.py:487} INFO - Filling up the DagBag from /home/airflow/sandbox/lib/python3.8/site-packages/airflow/example_dags/example_branch_datetime_operator.py
[2021-10-24 06:05:29,658] {scheduler_job.py:643} INFO - DAG(s) dict_keys(['example_branch_datetime_operator_2']) retrieved from /home/airflow/sandbox/lib/python3.8/site-packages/airflow/example_dags/example_branch_datetime_operator.py
[2021-10-24 06:05:29,680] {logging_mixin.py:104} INFO - [2021-10-24 06:05:29,680] {dag.py:1832} INFO - Sync 1 DAGs
[2021-10-24 06:05:29,702] {logging_mixin.py:104} INFO - [2021-10-24 06:05:29,702] {dag.py:2305} INFO - Setting next_dagrun for example_branch_datetime_operator_2 to 2021-10-22 00:00:00+00:00
[2021-10-24 06:05:29,727] {scheduler_job.py:190} INFO - Processing /home/airflow/sandbox/lib/python3.8/site-packages/airflow/example_dags/example_branch_datetime_operator.py took 0.093 seconds
