[2021-10-24 03:08:34,787] {scheduler_job.py:182} INFO - Started process (PID=6307) to work on /home/airflow/sandbox/lib/python3.8/site-packages/airflow/example_dags/example_branch_day_of_week_operator.py
[2021-10-24 03:08:34,790] {scheduler_job.py:633} INFO - Processing file /home/airflow/sandbox/lib/python3.8/site-packages/airflow/example_dags/example_branch_day_of_week_operator.py for tasks to queue
[2021-10-24 03:08:34,790] {logging_mixin.py:104} INFO - [2021-10-24 03:08:34,790] {dagbag.py:487} INFO - Filling up the DagBag from /home/airflow/sandbox/lib/python3.8/site-packages/airflow/example_dags/example_branch_day_of_week_operator.py
[2021-10-24 03:08:34,815] {scheduler_job.py:643} INFO - DAG(s) dict_keys(['example_weekday_branch_operator']) retrieved from /home/airflow/sandbox/lib/python3.8/site-packages/airflow/example_dags/example_branch_day_of_week_operator.py
[2021-10-24 03:08:34,846] {logging_mixin.py:104} INFO - [2021-10-24 03:08:34,846] {dag.py:1832} INFO - Sync 1 DAGs
[2021-10-24 03:08:34,867] {logging_mixin.py:104} INFO - [2021-10-24 03:08:34,867] {dag.py:2305} INFO - Setting next_dagrun for example_weekday_branch_operator to 2021-10-22 00:00:00+00:00
[2021-10-24 03:08:34,886] {scheduler_job.py:190} INFO - Processing /home/airflow/sandbox/lib/python3.8/site-packages/airflow/example_dags/example_branch_day_of_week_operator.py took 0.104 seconds
[2021-10-24 03:09:10,877] {scheduler_job.py:182} INFO - Started process (PID=6353) to work on /home/airflow/sandbox/lib/python3.8/site-packages/airflow/example_dags/example_branch_day_of_week_operator.py
[2021-10-24 03:09:10,879] {scheduler_job.py:633} INFO - Processing file /home/airflow/sandbox/lib/python3.8/site-packages/airflow/example_dags/example_branch_day_of_week_operator.py for tasks to queue
[2021-10-24 03:09:10,879] {logging_mixin.py:104} INFO - [2021-10-24 03:09:10,879] {dagbag.py:487} INFO - Filling up the DagBag from /home/airflow/sandbox/lib/python3.8/site-packages/airflow/example_dags/example_branch_day_of_week_operator.py
[2021-10-24 03:09:10,895] {scheduler_job.py:643} INFO - DAG(s) dict_keys(['example_weekday_branch_operator']) retrieved from /home/airflow/sandbox/lib/python3.8/site-packages/airflow/example_dags/example_branch_day_of_week_operator.py
[2021-10-24 03:09:10,916] {logging_mixin.py:104} INFO - [2021-10-24 03:09:10,916] {dag.py:1832} INFO - Sync 1 DAGs
[2021-10-24 03:09:10,935] {logging_mixin.py:104} INFO - [2021-10-24 03:09:10,935] {dag.py:2305} INFO - Setting next_dagrun for example_weekday_branch_operator to 2021-10-22 00:00:00+00:00
[2021-10-24 03:09:10,956] {scheduler_job.py:190} INFO - Processing /home/airflow/sandbox/lib/python3.8/site-packages/airflow/example_dags/example_branch_day_of_week_operator.py took 0.084 seconds
[2021-10-24 03:09:45,286] {scheduler_job.py:182} INFO - Started process (PID=6385) to work on /home/airflow/sandbox/lib/python3.8/site-packages/airflow/example_dags/example_branch_day_of_week_operator.py
[2021-10-24 03:09:45,286] {scheduler_job.py:633} INFO - Processing file /home/airflow/sandbox/lib/python3.8/site-packages/airflow/example_dags/example_branch_day_of_week_operator.py for tasks to queue
[2021-10-24 03:09:45,287] {logging_mixin.py:104} INFO - [2021-10-24 03:09:45,287] {dagbag.py:487} INFO - Filling up the DagBag from /home/airflow/sandbox/lib/python3.8/site-packages/airflow/example_dags/example_branch_day_of_week_operator.py
[2021-10-24 03:09:45,296] {scheduler_job.py:643} INFO - DAG(s) dict_keys(['example_weekday_branch_operator']) retrieved from /home/airflow/sandbox/lib/python3.8/site-packages/airflow/example_dags/example_branch_day_of_week_operator.py
[2021-10-24 03:09:45,318] {logging_mixin.py:104} INFO - [2021-10-24 03:09:45,318] {dag.py:1832} INFO - Sync 1 DAGs
[2021-10-24 03:09:45,329] {logging_mixin.py:104} INFO - [2021-10-24 03:09:45,329] {dag.py:2305} INFO - Setting next_dagrun for example_weekday_branch_operator to 2021-10-22 00:00:00+00:00
[2021-10-24 03:09:45,349] {scheduler_job.py:190} INFO - Processing /home/airflow/sandbox/lib/python3.8/site-packages/airflow/example_dags/example_branch_day_of_week_operator.py took 0.065 seconds
[2021-10-24 03:10:21,906] {scheduler_job.py:182} INFO - Started process (PID=6426) to work on /home/airflow/sandbox/lib/python3.8/site-packages/airflow/example_dags/example_branch_day_of_week_operator.py
[2021-10-24 03:10:21,908] {scheduler_job.py:633} INFO - Processing file /home/airflow/sandbox/lib/python3.8/site-packages/airflow/example_dags/example_branch_day_of_week_operator.py for tasks to queue
[2021-10-24 03:10:21,909] {logging_mixin.py:104} INFO - [2021-10-24 03:10:21,909] {dagbag.py:487} INFO - Filling up the DagBag from /home/airflow/sandbox/lib/python3.8/site-packages/airflow/example_dags/example_branch_day_of_week_operator.py
[2021-10-24 03:10:21,925] {scheduler_job.py:643} INFO - DAG(s) dict_keys(['example_weekday_branch_operator']) retrieved from /home/airflow/sandbox/lib/python3.8/site-packages/airflow/example_dags/example_branch_day_of_week_operator.py
[2021-10-24 03:10:21,944] {logging_mixin.py:104} INFO - [2021-10-24 03:10:21,944] {dag.py:1832} INFO - Sync 1 DAGs
[2021-10-24 03:10:21,965] {logging_mixin.py:104} INFO - [2021-10-24 03:10:21,965] {dag.py:2305} INFO - Setting next_dagrun for example_weekday_branch_operator to 2021-10-22 00:00:00+00:00
[2021-10-24 03:10:21,985] {scheduler_job.py:190} INFO - Processing /home/airflow/sandbox/lib/python3.8/site-packages/airflow/example_dags/example_branch_day_of_week_operator.py took 0.084 seconds
[2021-10-24 03:10:58,676] {scheduler_job.py:182} INFO - Started process (PID=6589) to work on /home/airflow/sandbox/lib/python3.8/site-packages/airflow/example_dags/example_branch_day_of_week_operator.py
[2021-10-24 03:10:58,678] {scheduler_job.py:633} INFO - Processing file /home/airflow/sandbox/lib/python3.8/site-packages/airflow/example_dags/example_branch_day_of_week_operator.py for tasks to queue
[2021-10-24 03:10:58,679] {logging_mixin.py:104} INFO - [2021-10-24 03:10:58,679] {dagbag.py:487} INFO - Filling up the DagBag from /home/airflow/sandbox/lib/python3.8/site-packages/airflow/example_dags/example_branch_day_of_week_operator.py
[2021-10-24 03:10:58,697] {scheduler_job.py:643} INFO - DAG(s) dict_keys(['example_weekday_branch_operator']) retrieved from /home/airflow/sandbox/lib/python3.8/site-packages/airflow/example_dags/example_branch_day_of_week_operator.py
[2021-10-24 03:10:58,719] {logging_mixin.py:104} INFO - [2021-10-24 03:10:58,719] {dag.py:1832} INFO - Sync 1 DAGs
[2021-10-24 03:10:58,739] {logging_mixin.py:104} INFO - [2021-10-24 03:10:58,739] {dag.py:2305} INFO - Setting next_dagrun for example_weekday_branch_operator to 2021-10-22 00:00:00+00:00
[2021-10-24 03:10:58,760] {scheduler_job.py:190} INFO - Processing /home/airflow/sandbox/lib/python3.8/site-packages/airflow/example_dags/example_branch_day_of_week_operator.py took 0.090 seconds
[2021-10-24 03:11:34,451] {scheduler_job.py:182} INFO - Started process (PID=6633) to work on /home/airflow/sandbox/lib/python3.8/site-packages/airflow/example_dags/example_branch_day_of_week_operator.py
[2021-10-24 03:11:34,453] {scheduler_job.py:633} INFO - Processing file /home/airflow/sandbox/lib/python3.8/site-packages/airflow/example_dags/example_branch_day_of_week_operator.py for tasks to queue
[2021-10-24 03:11:34,453] {logging_mixin.py:104} INFO - [2021-10-24 03:11:34,453] {dagbag.py:487} INFO - Filling up the DagBag from /home/airflow/sandbox/lib/python3.8/site-packages/airflow/example_dags/example_branch_day_of_week_operator.py
[2021-10-24 03:11:34,472] {scheduler_job.py:643} INFO - DAG(s) dict_keys(['example_weekday_branch_operator']) retrieved from /home/airflow/sandbox/lib/python3.8/site-packages/airflow/example_dags/example_branch_day_of_week_operator.py
[2021-10-24 03:11:34,492] {logging_mixin.py:104} INFO - [2021-10-24 03:11:34,492] {dag.py:1832} INFO - Sync 1 DAGs
[2021-10-24 03:11:34,517] {logging_mixin.py:104} INFO - [2021-10-24 03:11:34,517] {dag.py:2305} INFO - Setting next_dagrun for example_weekday_branch_operator to 2021-10-22 00:00:00+00:00
[2021-10-24 03:11:34,539] {scheduler_job.py:190} INFO - Processing /home/airflow/sandbox/lib/python3.8/site-packages/airflow/example_dags/example_branch_day_of_week_operator.py took 0.092 seconds
[2021-10-24 03:12:13,207] {scheduler_job.py:182} INFO - Started process (PID=6692) to work on /home/airflow/sandbox/lib/python3.8/site-packages/airflow/example_dags/example_branch_day_of_week_operator.py
[2021-10-24 03:12:13,208] {scheduler_job.py:633} INFO - Processing file /home/airflow/sandbox/lib/python3.8/site-packages/airflow/example_dags/example_branch_day_of_week_operator.py for tasks to queue
[2021-10-24 03:12:13,208] {logging_mixin.py:104} INFO - [2021-10-24 03:12:13,208] {dagbag.py:487} INFO - Filling up the DagBag from /home/airflow/sandbox/lib/python3.8/site-packages/airflow/example_dags/example_branch_day_of_week_operator.py
[2021-10-24 03:12:13,226] {scheduler_job.py:643} INFO - DAG(s) dict_keys(['example_weekday_branch_operator']) retrieved from /home/airflow/sandbox/lib/python3.8/site-packages/airflow/example_dags/example_branch_day_of_week_operator.py
[2021-10-24 03:12:13,245] {logging_mixin.py:104} INFO - [2021-10-24 03:12:13,245] {dag.py:1832} INFO - Sync 1 DAGs
[2021-10-24 03:12:13,267] {logging_mixin.py:104} INFO - [2021-10-24 03:12:13,267] {dag.py:2305} INFO - Setting next_dagrun for example_weekday_branch_operator to 2021-10-22 00:00:00+00:00
[2021-10-24 03:12:13,288] {scheduler_job.py:190} INFO - Processing /home/airflow/sandbox/lib/python3.8/site-packages/airflow/example_dags/example_branch_day_of_week_operator.py took 0.085 seconds
[2021-10-24 03:12:48,372] {scheduler_job.py:182} INFO - Started process (PID=6749) to work on /home/airflow/sandbox/lib/python3.8/site-packages/airflow/example_dags/example_branch_day_of_week_operator.py
[2021-10-24 03:12:48,374] {scheduler_job.py:633} INFO - Processing file /home/airflow/sandbox/lib/python3.8/site-packages/airflow/example_dags/example_branch_day_of_week_operator.py for tasks to queue
[2021-10-24 03:12:48,375] {logging_mixin.py:104} INFO - [2021-10-24 03:12:48,375] {dagbag.py:487} INFO - Filling up the DagBag from /home/airflow/sandbox/lib/python3.8/site-packages/airflow/example_dags/example_branch_day_of_week_operator.py
[2021-10-24 03:12:48,392] {scheduler_job.py:643} INFO - DAG(s) dict_keys(['example_weekday_branch_operator']) retrieved from /home/airflow/sandbox/lib/python3.8/site-packages/airflow/example_dags/example_branch_day_of_week_operator.py
[2021-10-24 03:12:48,414] {logging_mixin.py:104} INFO - [2021-10-24 03:12:48,414] {dag.py:1832} INFO - Sync 1 DAGs
[2021-10-24 03:12:48,433] {logging_mixin.py:104} INFO - [2021-10-24 03:12:48,433] {dag.py:2305} INFO - Setting next_dagrun for example_weekday_branch_operator to 2021-10-22 00:00:00+00:00
[2021-10-24 03:12:48,451] {scheduler_job.py:190} INFO - Processing /home/airflow/sandbox/lib/python3.8/site-packages/airflow/example_dags/example_branch_day_of_week_operator.py took 0.085 seconds
[2021-10-24 03:13:22,644] {scheduler_job.py:182} INFO - Started process (PID=6824) to work on /home/airflow/sandbox/lib/python3.8/site-packages/airflow/example_dags/example_branch_day_of_week_operator.py
[2021-10-24 03:13:22,645] {scheduler_job.py:633} INFO - Processing file /home/airflow/sandbox/lib/python3.8/site-packages/airflow/example_dags/example_branch_day_of_week_operator.py for tasks to queue
[2021-10-24 03:13:22,646] {logging_mixin.py:104} INFO - [2021-10-24 03:13:22,646] {dagbag.py:487} INFO - Filling up the DagBag from /home/airflow/sandbox/lib/python3.8/site-packages/airflow/example_dags/example_branch_day_of_week_operator.py
[2021-10-24 03:13:22,665] {scheduler_job.py:643} INFO - DAG(s) dict_keys(['example_weekday_branch_operator']) retrieved from /home/airflow/sandbox/lib/python3.8/site-packages/airflow/example_dags/example_branch_day_of_week_operator.py
[2021-10-24 03:13:22,686] {logging_mixin.py:104} INFO - [2021-10-24 03:13:22,686] {dag.py:1832} INFO - Sync 1 DAGs
[2021-10-24 03:13:22,705] {logging_mixin.py:104} INFO - [2021-10-24 03:13:22,705] {dag.py:2305} INFO - Setting next_dagrun for example_weekday_branch_operator to 2021-10-22 00:00:00+00:00
[2021-10-24 03:13:22,726] {scheduler_job.py:190} INFO - Processing /home/airflow/sandbox/lib/python3.8/site-packages/airflow/example_dags/example_branch_day_of_week_operator.py took 0.086 seconds
[2021-10-24 03:13:57,552] {scheduler_job.py:182} INFO - Started process (PID=6855) to work on /home/airflow/sandbox/lib/python3.8/site-packages/airflow/example_dags/example_branch_day_of_week_operator.py
[2021-10-24 03:13:57,554] {scheduler_job.py:633} INFO - Processing file /home/airflow/sandbox/lib/python3.8/site-packages/airflow/example_dags/example_branch_day_of_week_operator.py for tasks to queue
[2021-10-24 03:13:57,555] {logging_mixin.py:104} INFO - [2021-10-24 03:13:57,555] {dagbag.py:487} INFO - Filling up the DagBag from /home/airflow/sandbox/lib/python3.8/site-packages/airflow/example_dags/example_branch_day_of_week_operator.py
[2021-10-24 03:13:57,573] {scheduler_job.py:643} INFO - DAG(s) dict_keys(['example_weekday_branch_operator']) retrieved from /home/airflow/sandbox/lib/python3.8/site-packages/airflow/example_dags/example_branch_day_of_week_operator.py
[2021-10-24 03:13:57,592] {logging_mixin.py:104} INFO - [2021-10-24 03:13:57,592] {dag.py:1832} INFO - Sync 1 DAGs
[2021-10-24 03:13:57,611] {logging_mixin.py:104} INFO - [2021-10-24 03:13:57,610] {dag.py:2305} INFO - Setting next_dagrun for example_weekday_branch_operator to 2021-10-22 00:00:00+00:00
[2021-10-24 03:13:57,631] {scheduler_job.py:190} INFO - Processing /home/airflow/sandbox/lib/python3.8/site-packages/airflow/example_dags/example_branch_day_of_week_operator.py took 0.084 seconds
[2021-10-24 03:14:31,589] {scheduler_job.py:182} INFO - Started process (PID=6922) to work on /home/airflow/sandbox/lib/python3.8/site-packages/airflow/example_dags/example_branch_day_of_week_operator.py
[2021-10-24 03:14:31,591] {scheduler_job.py:633} INFO - Processing file /home/airflow/sandbox/lib/python3.8/site-packages/airflow/example_dags/example_branch_day_of_week_operator.py for tasks to queue
[2021-10-24 03:14:31,592] {logging_mixin.py:104} INFO - [2021-10-24 03:14:31,592] {dagbag.py:487} INFO - Filling up the DagBag from /home/airflow/sandbox/lib/python3.8/site-packages/airflow/example_dags/example_branch_day_of_week_operator.py
[2021-10-24 03:14:31,612] {scheduler_job.py:643} INFO - DAG(s) dict_keys(['example_weekday_branch_operator']) retrieved from /home/airflow/sandbox/lib/python3.8/site-packages/airflow/example_dags/example_branch_day_of_week_operator.py
[2021-10-24 03:14:31,631] {logging_mixin.py:104} INFO - [2021-10-24 03:14:31,631] {dag.py:1832} INFO - Sync 1 DAGs
[2021-10-24 03:14:31,653] {logging_mixin.py:104} INFO - [2021-10-24 03:14:31,652] {dag.py:2305} INFO - Setting next_dagrun for example_weekday_branch_operator to 2021-10-22 00:00:00+00:00
[2021-10-24 03:14:31,675] {scheduler_job.py:190} INFO - Processing /home/airflow/sandbox/lib/python3.8/site-packages/airflow/example_dags/example_branch_day_of_week_operator.py took 0.090 seconds
[2021-10-24 03:15:08,275] {scheduler_job.py:182} INFO - Started process (PID=7014) to work on /home/airflow/sandbox/lib/python3.8/site-packages/airflow/example_dags/example_branch_day_of_week_operator.py
[2021-10-24 03:15:08,276] {scheduler_job.py:633} INFO - Processing file /home/airflow/sandbox/lib/python3.8/site-packages/airflow/example_dags/example_branch_day_of_week_operator.py for tasks to queue
[2021-10-24 03:15:08,277] {logging_mixin.py:104} INFO - [2021-10-24 03:15:08,277] {dagbag.py:487} INFO - Filling up the DagBag from /home/airflow/sandbox/lib/python3.8/site-packages/airflow/example_dags/example_branch_day_of_week_operator.py
[2021-10-24 03:15:08,297] {scheduler_job.py:643} INFO - DAG(s) dict_keys(['example_weekday_branch_operator']) retrieved from /home/airflow/sandbox/lib/python3.8/site-packages/airflow/example_dags/example_branch_day_of_week_operator.py
[2021-10-24 03:15:08,316] {logging_mixin.py:104} INFO - [2021-10-24 03:15:08,316] {dag.py:1832} INFO - Sync 1 DAGs
[2021-10-24 03:15:08,336] {logging_mixin.py:104} INFO - [2021-10-24 03:15:08,336] {dag.py:2305} INFO - Setting next_dagrun for example_weekday_branch_operator to 2021-10-22 00:00:00+00:00
[2021-10-24 03:15:08,358] {scheduler_job.py:190} INFO - Processing /home/airflow/sandbox/lib/python3.8/site-packages/airflow/example_dags/example_branch_day_of_week_operator.py took 0.088 seconds
[2021-10-24 03:15:46,498] {scheduler_job.py:182} INFO - Started process (PID=7047) to work on /home/airflow/sandbox/lib/python3.8/site-packages/airflow/example_dags/example_branch_day_of_week_operator.py
[2021-10-24 03:15:46,500] {scheduler_job.py:633} INFO - Processing file /home/airflow/sandbox/lib/python3.8/site-packages/airflow/example_dags/example_branch_day_of_week_operator.py for tasks to queue
[2021-10-24 03:15:46,501] {logging_mixin.py:104} INFO - [2021-10-24 03:15:46,501] {dagbag.py:487} INFO - Filling up the DagBag from /home/airflow/sandbox/lib/python3.8/site-packages/airflow/example_dags/example_branch_day_of_week_operator.py
[2021-10-24 03:15:46,516] {scheduler_job.py:643} INFO - DAG(s) dict_keys(['example_weekday_branch_operator']) retrieved from /home/airflow/sandbox/lib/python3.8/site-packages/airflow/example_dags/example_branch_day_of_week_operator.py
[2021-10-24 03:15:46,537] {logging_mixin.py:104} INFO - [2021-10-24 03:15:46,537] {dag.py:1832} INFO - Sync 1 DAGs
[2021-10-24 03:15:46,558] {logging_mixin.py:104} INFO - [2021-10-24 03:15:46,558] {dag.py:2305} INFO - Setting next_dagrun for example_weekday_branch_operator to 2021-10-22 00:00:00+00:00
[2021-10-24 03:15:46,572] {scheduler_job.py:190} INFO - Processing /home/airflow/sandbox/lib/python3.8/site-packages/airflow/example_dags/example_branch_day_of_week_operator.py took 0.080 seconds
[2021-10-24 03:16:21,674] {scheduler_job.py:182} INFO - Started process (PID=7138) to work on /home/airflow/sandbox/lib/python3.8/site-packages/airflow/example_dags/example_branch_day_of_week_operator.py
[2021-10-24 03:16:21,675] {scheduler_job.py:633} INFO - Processing file /home/airflow/sandbox/lib/python3.8/site-packages/airflow/example_dags/example_branch_day_of_week_operator.py for tasks to queue
[2021-10-24 03:16:21,676] {logging_mixin.py:104} INFO - [2021-10-24 03:16:21,676] {dagbag.py:487} INFO - Filling up the DagBag from /home/airflow/sandbox/lib/python3.8/site-packages/airflow/example_dags/example_branch_day_of_week_operator.py
[2021-10-24 03:16:21,691] {scheduler_job.py:643} INFO - DAG(s) dict_keys(['example_weekday_branch_operator']) retrieved from /home/airflow/sandbox/lib/python3.8/site-packages/airflow/example_dags/example_branch_day_of_week_operator.py
[2021-10-24 03:16:21,711] {logging_mixin.py:104} INFO - [2021-10-24 03:16:21,710] {dag.py:1832} INFO - Sync 1 DAGs
[2021-10-24 03:16:21,732] {logging_mixin.py:104} INFO - [2021-10-24 03:16:21,731] {dag.py:2305} INFO - Setting next_dagrun for example_weekday_branch_operator to 2021-10-22 00:00:00+00:00
[2021-10-24 03:16:21,752] {scheduler_job.py:190} INFO - Processing /home/airflow/sandbox/lib/python3.8/site-packages/airflow/example_dags/example_branch_day_of_week_operator.py took 0.081 seconds
[2021-10-24 03:16:56,392] {scheduler_job.py:182} INFO - Started process (PID=7259) to work on /home/airflow/sandbox/lib/python3.8/site-packages/airflow/example_dags/example_branch_day_of_week_operator.py
[2021-10-24 03:16:56,394] {scheduler_job.py:633} INFO - Processing file /home/airflow/sandbox/lib/python3.8/site-packages/airflow/example_dags/example_branch_day_of_week_operator.py for tasks to queue
[2021-10-24 03:16:56,395] {logging_mixin.py:104} INFO - [2021-10-24 03:16:56,394] {dagbag.py:487} INFO - Filling up the DagBag from /home/airflow/sandbox/lib/python3.8/site-packages/airflow/example_dags/example_branch_day_of_week_operator.py
[2021-10-24 03:16:56,412] {scheduler_job.py:643} INFO - DAG(s) dict_keys(['example_weekday_branch_operator']) retrieved from /home/airflow/sandbox/lib/python3.8/site-packages/airflow/example_dags/example_branch_day_of_week_operator.py
[2021-10-24 03:16:56,436] {logging_mixin.py:104} INFO - [2021-10-24 03:16:56,435] {dag.py:1832} INFO - Sync 1 DAGs
[2021-10-24 03:16:56,470] {logging_mixin.py:104} INFO - [2021-10-24 03:16:56,470] {dag.py:2305} INFO - Setting next_dagrun for example_weekday_branch_operator to 2021-10-22 00:00:00+00:00
[2021-10-24 03:16:56,496] {scheduler_job.py:190} INFO - Processing /home/airflow/sandbox/lib/python3.8/site-packages/airflow/example_dags/example_branch_day_of_week_operator.py took 0.109 seconds
[2021-10-24 03:17:59,550] {scheduler_job.py:182} INFO - Started process (PID=7678) to work on /home/airflow/sandbox/lib/python3.8/site-packages/airflow/example_dags/example_branch_day_of_week_operator.py
[2021-10-24 03:17:59,551] {scheduler_job.py:633} INFO - Processing file /home/airflow/sandbox/lib/python3.8/site-packages/airflow/example_dags/example_branch_day_of_week_operator.py for tasks to queue
[2021-10-24 03:17:59,552] {logging_mixin.py:104} INFO - [2021-10-24 03:17:59,552] {dagbag.py:487} INFO - Filling up the DagBag from /home/airflow/sandbox/lib/python3.8/site-packages/airflow/example_dags/example_branch_day_of_week_operator.py
[2021-10-24 03:17:59,572] {scheduler_job.py:643} INFO - DAG(s) dict_keys(['example_weekday_branch_operator']) retrieved from /home/airflow/sandbox/lib/python3.8/site-packages/airflow/example_dags/example_branch_day_of_week_operator.py
[2021-10-24 03:17:59,595] {logging_mixin.py:104} INFO - [2021-10-24 03:17:59,595] {dag.py:1832} INFO - Sync 1 DAGs
[2021-10-24 03:17:59,618] {logging_mixin.py:104} INFO - [2021-10-24 03:17:59,617] {dag.py:2305} INFO - Setting next_dagrun for example_weekday_branch_operator to 2021-10-22 00:00:00+00:00
[2021-10-24 03:17:59,639] {scheduler_job.py:190} INFO - Processing /home/airflow/sandbox/lib/python3.8/site-packages/airflow/example_dags/example_branch_day_of_week_operator.py took 0.093 seconds
[2021-10-24 03:18:35,181] {scheduler_job.py:182} INFO - Started process (PID=7754) to work on /home/airflow/sandbox/lib/python3.8/site-packages/airflow/example_dags/example_branch_day_of_week_operator.py
[2021-10-24 03:18:35,187] {scheduler_job.py:633} INFO - Processing file /home/airflow/sandbox/lib/python3.8/site-packages/airflow/example_dags/example_branch_day_of_week_operator.py for tasks to queue
[2021-10-24 03:18:35,188] {logging_mixin.py:104} INFO - [2021-10-24 03:18:35,188] {dagbag.py:487} INFO - Filling up the DagBag from /home/airflow/sandbox/lib/python3.8/site-packages/airflow/example_dags/example_branch_day_of_week_operator.py
[2021-10-24 03:18:35,220] {scheduler_job.py:643} INFO - DAG(s) dict_keys(['example_weekday_branch_operator']) retrieved from /home/airflow/sandbox/lib/python3.8/site-packages/airflow/example_dags/example_branch_day_of_week_operator.py
[2021-10-24 03:18:35,283] {logging_mixin.py:104} INFO - [2021-10-24 03:18:35,283] {dag.py:1832} INFO - Sync 1 DAGs
[2021-10-24 03:18:35,331] {logging_mixin.py:104} INFO - [2021-10-24 03:18:35,331] {dag.py:2305} INFO - Setting next_dagrun for example_weekday_branch_operator to 2021-10-22 00:00:00+00:00
[2021-10-24 03:18:35,364] {scheduler_job.py:190} INFO - Processing /home/airflow/sandbox/lib/python3.8/site-packages/airflow/example_dags/example_branch_day_of_week_operator.py took 0.192 seconds
[2021-10-24 03:19:09,646] {scheduler_job.py:182} INFO - Started process (PID=7845) to work on /home/airflow/sandbox/lib/python3.8/site-packages/airflow/example_dags/example_branch_day_of_week_operator.py
[2021-10-24 03:19:09,647] {scheduler_job.py:633} INFO - Processing file /home/airflow/sandbox/lib/python3.8/site-packages/airflow/example_dags/example_branch_day_of_week_operator.py for tasks to queue
[2021-10-24 03:19:09,648] {logging_mixin.py:104} INFO - [2021-10-24 03:19:09,648] {dagbag.py:487} INFO - Filling up the DagBag from /home/airflow/sandbox/lib/python3.8/site-packages/airflow/example_dags/example_branch_day_of_week_operator.py
[2021-10-24 03:19:09,665] {scheduler_job.py:643} INFO - DAG(s) dict_keys(['example_weekday_branch_operator']) retrieved from /home/airflow/sandbox/lib/python3.8/site-packages/airflow/example_dags/example_branch_day_of_week_operator.py
[2021-10-24 03:19:09,689] {logging_mixin.py:104} INFO - [2021-10-24 03:19:09,689] {dag.py:1832} INFO - Sync 1 DAGs
[2021-10-24 03:19:09,705] {logging_mixin.py:104} INFO - [2021-10-24 03:19:09,705] {dag.py:2305} INFO - Setting next_dagrun for example_weekday_branch_operator to 2021-10-22 00:00:00+00:00
[2021-10-24 03:19:09,727] {scheduler_job.py:190} INFO - Processing /home/airflow/sandbox/lib/python3.8/site-packages/airflow/example_dags/example_branch_day_of_week_operator.py took 0.085 seconds
[2021-10-24 03:19:46,651] {scheduler_job.py:182} INFO - Started process (PID=7876) to work on /home/airflow/sandbox/lib/python3.8/site-packages/airflow/example_dags/example_branch_day_of_week_operator.py
[2021-10-24 03:19:46,653] {scheduler_job.py:633} INFO - Processing file /home/airflow/sandbox/lib/python3.8/site-packages/airflow/example_dags/example_branch_day_of_week_operator.py for tasks to queue
[2021-10-24 03:19:46,654] {logging_mixin.py:104} INFO - [2021-10-24 03:19:46,654] {dagbag.py:487} INFO - Filling up the DagBag from /home/airflow/sandbox/lib/python3.8/site-packages/airflow/example_dags/example_branch_day_of_week_operator.py
[2021-10-24 03:19:46,673] {scheduler_job.py:643} INFO - DAG(s) dict_keys(['example_weekday_branch_operator']) retrieved from /home/airflow/sandbox/lib/python3.8/site-packages/airflow/example_dags/example_branch_day_of_week_operator.py
[2021-10-24 03:19:46,696] {logging_mixin.py:104} INFO - [2021-10-24 03:19:46,696] {dag.py:1832} INFO - Sync 1 DAGs
[2021-10-24 03:19:46,715] {logging_mixin.py:104} INFO - [2021-10-24 03:19:46,715] {dag.py:2305} INFO - Setting next_dagrun for example_weekday_branch_operator to 2021-10-22 00:00:00+00:00
[2021-10-24 03:19:46,738] {scheduler_job.py:190} INFO - Processing /home/airflow/sandbox/lib/python3.8/site-packages/airflow/example_dags/example_branch_day_of_week_operator.py took 0.092 seconds
[2021-10-24 03:20:23,510] {scheduler_job.py:182} INFO - Started process (PID=7908) to work on /home/airflow/sandbox/lib/python3.8/site-packages/airflow/example_dags/example_branch_day_of_week_operator.py
[2021-10-24 03:20:23,513] {scheduler_job.py:633} INFO - Processing file /home/airflow/sandbox/lib/python3.8/site-packages/airflow/example_dags/example_branch_day_of_week_operator.py for tasks to queue
[2021-10-24 03:20:23,514] {logging_mixin.py:104} INFO - [2021-10-24 03:20:23,514] {dagbag.py:487} INFO - Filling up the DagBag from /home/airflow/sandbox/lib/python3.8/site-packages/airflow/example_dags/example_branch_day_of_week_operator.py
[2021-10-24 03:20:23,531] {scheduler_job.py:643} INFO - DAG(s) dict_keys(['example_weekday_branch_operator']) retrieved from /home/airflow/sandbox/lib/python3.8/site-packages/airflow/example_dags/example_branch_day_of_week_operator.py
[2021-10-24 03:20:23,554] {logging_mixin.py:104} INFO - [2021-10-24 03:20:23,554] {dag.py:1832} INFO - Sync 1 DAGs
[2021-10-24 03:20:23,577] {logging_mixin.py:104} INFO - [2021-10-24 03:20:23,576] {dag.py:2305} INFO - Setting next_dagrun for example_weekday_branch_operator to 2021-10-22 00:00:00+00:00
[2021-10-24 03:20:23,598] {scheduler_job.py:190} INFO - Processing /home/airflow/sandbox/lib/python3.8/site-packages/airflow/example_dags/example_branch_day_of_week_operator.py took 0.094 seconds
[2021-10-24 03:20:58,808] {scheduler_job.py:182} INFO - Started process (PID=7939) to work on /home/airflow/sandbox/lib/python3.8/site-packages/airflow/example_dags/example_branch_day_of_week_operator.py
[2021-10-24 03:20:58,810] {scheduler_job.py:633} INFO - Processing file /home/airflow/sandbox/lib/python3.8/site-packages/airflow/example_dags/example_branch_day_of_week_operator.py for tasks to queue
[2021-10-24 03:20:58,811] {logging_mixin.py:104} INFO - [2021-10-24 03:20:58,811] {dagbag.py:487} INFO - Filling up the DagBag from /home/airflow/sandbox/lib/python3.8/site-packages/airflow/example_dags/example_branch_day_of_week_operator.py
[2021-10-24 03:20:58,832] {scheduler_job.py:643} INFO - DAG(s) dict_keys(['example_weekday_branch_operator']) retrieved from /home/airflow/sandbox/lib/python3.8/site-packages/airflow/example_dags/example_branch_day_of_week_operator.py
[2021-10-24 03:20:58,854] {logging_mixin.py:104} INFO - [2021-10-24 03:20:58,853] {dag.py:1832} INFO - Sync 1 DAGs
[2021-10-24 03:20:58,877] {logging_mixin.py:104} INFO - [2021-10-24 03:20:58,876] {dag.py:2305} INFO - Setting next_dagrun for example_weekday_branch_operator to 2021-10-22 00:00:00+00:00
[2021-10-24 03:20:58,899] {scheduler_job.py:190} INFO - Processing /home/airflow/sandbox/lib/python3.8/site-packages/airflow/example_dags/example_branch_day_of_week_operator.py took 0.096 seconds
[2021-10-24 03:21:34,469] {scheduler_job.py:182} INFO - Started process (PID=8031) to work on /home/airflow/sandbox/lib/python3.8/site-packages/airflow/example_dags/example_branch_day_of_week_operator.py
[2021-10-24 03:21:34,470] {scheduler_job.py:633} INFO - Processing file /home/airflow/sandbox/lib/python3.8/site-packages/airflow/example_dags/example_branch_day_of_week_operator.py for tasks to queue
[2021-10-24 03:21:34,472] {logging_mixin.py:104} INFO - [2021-10-24 03:21:34,471] {dagbag.py:487} INFO - Filling up the DagBag from /home/airflow/sandbox/lib/python3.8/site-packages/airflow/example_dags/example_branch_day_of_week_operator.py
[2021-10-24 03:21:34,491] {scheduler_job.py:643} INFO - DAG(s) dict_keys(['example_weekday_branch_operator']) retrieved from /home/airflow/sandbox/lib/python3.8/site-packages/airflow/example_dags/example_branch_day_of_week_operator.py
[2021-10-24 03:21:34,514] {logging_mixin.py:104} INFO - [2021-10-24 03:21:34,514] {dag.py:1832} INFO - Sync 1 DAGs
[2021-10-24 03:21:34,536] {logging_mixin.py:104} INFO - [2021-10-24 03:21:34,536] {dag.py:2305} INFO - Setting next_dagrun for example_weekday_branch_operator to 2021-10-22 00:00:00+00:00
[2021-10-24 03:21:34,559] {scheduler_job.py:190} INFO - Processing /home/airflow/sandbox/lib/python3.8/site-packages/airflow/example_dags/example_branch_day_of_week_operator.py took 0.094 seconds
[2021-10-24 03:22:10,984] {scheduler_job.py:182} INFO - Started process (PID=8063) to work on /home/airflow/sandbox/lib/python3.8/site-packages/airflow/example_dags/example_branch_day_of_week_operator.py
[2021-10-24 03:22:10,986] {scheduler_job.py:633} INFO - Processing file /home/airflow/sandbox/lib/python3.8/site-packages/airflow/example_dags/example_branch_day_of_week_operator.py for tasks to queue
[2021-10-24 03:22:10,987] {logging_mixin.py:104} INFO - [2021-10-24 03:22:10,987] {dagbag.py:487} INFO - Filling up the DagBag from /home/airflow/sandbox/lib/python3.8/site-packages/airflow/example_dags/example_branch_day_of_week_operator.py
[2021-10-24 03:22:11,004] {scheduler_job.py:643} INFO - DAG(s) dict_keys(['example_weekday_branch_operator']) retrieved from /home/airflow/sandbox/lib/python3.8/site-packages/airflow/example_dags/example_branch_day_of_week_operator.py
[2021-10-24 03:22:11,027] {logging_mixin.py:104} INFO - [2021-10-24 03:22:11,027] {dag.py:1832} INFO - Sync 1 DAGs
[2021-10-24 03:22:11,048] {logging_mixin.py:104} INFO - [2021-10-24 03:22:11,048] {dag.py:2305} INFO - Setting next_dagrun for example_weekday_branch_operator to 2021-10-22 00:00:00+00:00
[2021-10-24 03:22:11,071] {scheduler_job.py:190} INFO - Processing /home/airflow/sandbox/lib/python3.8/site-packages/airflow/example_dags/example_branch_day_of_week_operator.py took 0.091 seconds
[2021-10-24 03:22:46,386] {scheduler_job.py:182} INFO - Started process (PID=8093) to work on /home/airflow/sandbox/lib/python3.8/site-packages/airflow/example_dags/example_branch_day_of_week_operator.py
[2021-10-24 03:22:46,387] {scheduler_job.py:633} INFO - Processing file /home/airflow/sandbox/lib/python3.8/site-packages/airflow/example_dags/example_branch_day_of_week_operator.py for tasks to queue
[2021-10-24 03:22:46,388] {logging_mixin.py:104} INFO - [2021-10-24 03:22:46,388] {dagbag.py:487} INFO - Filling up the DagBag from /home/airflow/sandbox/lib/python3.8/site-packages/airflow/example_dags/example_branch_day_of_week_operator.py
[2021-10-24 03:22:46,409] {scheduler_job.py:643} INFO - DAG(s) dict_keys(['example_weekday_branch_operator']) retrieved from /home/airflow/sandbox/lib/python3.8/site-packages/airflow/example_dags/example_branch_day_of_week_operator.py
[2021-10-24 03:22:46,432] {logging_mixin.py:104} INFO - [2021-10-24 03:22:46,432] {dag.py:1832} INFO - Sync 1 DAGs
[2021-10-24 03:22:46,455] {logging_mixin.py:104} INFO - [2021-10-24 03:22:46,455] {dag.py:2305} INFO - Setting next_dagrun for example_weekday_branch_operator to 2021-10-22 00:00:00+00:00
[2021-10-24 03:22:46,474] {scheduler_job.py:190} INFO - Processing /home/airflow/sandbox/lib/python3.8/site-packages/airflow/example_dags/example_branch_day_of_week_operator.py took 0.094 seconds
[2021-10-24 03:23:21,483] {scheduler_job.py:182} INFO - Started process (PID=8168) to work on /home/airflow/sandbox/lib/python3.8/site-packages/airflow/example_dags/example_branch_day_of_week_operator.py
[2021-10-24 03:23:21,485] {scheduler_job.py:633} INFO - Processing file /home/airflow/sandbox/lib/python3.8/site-packages/airflow/example_dags/example_branch_day_of_week_operator.py for tasks to queue
[2021-10-24 03:23:21,486] {logging_mixin.py:104} INFO - [2021-10-24 03:23:21,486] {dagbag.py:487} INFO - Filling up the DagBag from /home/airflow/sandbox/lib/python3.8/site-packages/airflow/example_dags/example_branch_day_of_week_operator.py
[2021-10-24 03:23:21,507] {scheduler_job.py:643} INFO - DAG(s) dict_keys(['example_weekday_branch_operator']) retrieved from /home/airflow/sandbox/lib/python3.8/site-packages/airflow/example_dags/example_branch_day_of_week_operator.py
[2021-10-24 03:23:21,529] {logging_mixin.py:104} INFO - [2021-10-24 03:23:21,529] {dag.py:1832} INFO - Sync 1 DAGs
[2021-10-24 03:23:21,548] {logging_mixin.py:104} INFO - [2021-10-24 03:23:21,548] {dag.py:2305} INFO - Setting next_dagrun for example_weekday_branch_operator to 2021-10-22 00:00:00+00:00
[2021-10-24 03:23:21,572] {scheduler_job.py:190} INFO - Processing /home/airflow/sandbox/lib/python3.8/site-packages/airflow/example_dags/example_branch_day_of_week_operator.py took 0.093 seconds
[2021-10-24 03:23:59,573] {scheduler_job.py:182} INFO - Started process (PID=8202) to work on /home/airflow/sandbox/lib/python3.8/site-packages/airflow/example_dags/example_branch_day_of_week_operator.py
[2021-10-24 03:23:59,575] {scheduler_job.py:633} INFO - Processing file /home/airflow/sandbox/lib/python3.8/site-packages/airflow/example_dags/example_branch_day_of_week_operator.py for tasks to queue
[2021-10-24 03:23:59,576] {logging_mixin.py:104} INFO - [2021-10-24 03:23:59,576] {dagbag.py:487} INFO - Filling up the DagBag from /home/airflow/sandbox/lib/python3.8/site-packages/airflow/example_dags/example_branch_day_of_week_operator.py
[2021-10-24 03:23:59,594] {scheduler_job.py:643} INFO - DAG(s) dict_keys(['example_weekday_branch_operator']) retrieved from /home/airflow/sandbox/lib/python3.8/site-packages/airflow/example_dags/example_branch_day_of_week_operator.py
[2021-10-24 03:23:59,615] {logging_mixin.py:104} INFO - [2021-10-24 03:23:59,615] {dag.py:1832} INFO - Sync 1 DAGs
[2021-10-24 03:23:59,637] {logging_mixin.py:104} INFO - [2021-10-24 03:23:59,637] {dag.py:2305} INFO - Setting next_dagrun for example_weekday_branch_operator to 2021-10-22 00:00:00+00:00
[2021-10-24 03:23:59,663] {scheduler_job.py:190} INFO - Processing /home/airflow/sandbox/lib/python3.8/site-packages/airflow/example_dags/example_branch_day_of_week_operator.py took 0.096 seconds
[2021-10-24 03:24:37,510] {scheduler_job.py:182} INFO - Started process (PID=8234) to work on /home/airflow/sandbox/lib/python3.8/site-packages/airflow/example_dags/example_branch_day_of_week_operator.py
[2021-10-24 03:24:37,511] {scheduler_job.py:633} INFO - Processing file /home/airflow/sandbox/lib/python3.8/site-packages/airflow/example_dags/example_branch_day_of_week_operator.py for tasks to queue
[2021-10-24 03:24:37,512] {logging_mixin.py:104} INFO - [2021-10-24 03:24:37,512] {dagbag.py:487} INFO - Filling up the DagBag from /home/airflow/sandbox/lib/python3.8/site-packages/airflow/example_dags/example_branch_day_of_week_operator.py
[2021-10-24 03:24:37,533] {scheduler_job.py:643} INFO - DAG(s) dict_keys(['example_weekday_branch_operator']) retrieved from /home/airflow/sandbox/lib/python3.8/site-packages/airflow/example_dags/example_branch_day_of_week_operator.py
[2021-10-24 03:24:37,554] {logging_mixin.py:104} INFO - [2021-10-24 03:24:37,554] {dag.py:1832} INFO - Sync 1 DAGs
[2021-10-24 03:24:37,573] {logging_mixin.py:104} INFO - [2021-10-24 03:24:37,573] {dag.py:2305} INFO - Setting next_dagrun for example_weekday_branch_operator to 2021-10-22 00:00:00+00:00
[2021-10-24 03:24:37,598] {scheduler_job.py:190} INFO - Processing /home/airflow/sandbox/lib/python3.8/site-packages/airflow/example_dags/example_branch_day_of_week_operator.py took 0.093 seconds
[2021-10-24 03:25:17,416] {scheduler_job.py:182} INFO - Started process (PID=8269) to work on /home/airflow/sandbox/lib/python3.8/site-packages/airflow/example_dags/example_branch_day_of_week_operator.py
[2021-10-24 03:25:17,417] {scheduler_job.py:633} INFO - Processing file /home/airflow/sandbox/lib/python3.8/site-packages/airflow/example_dags/example_branch_day_of_week_operator.py for tasks to queue
[2021-10-24 03:25:17,418] {logging_mixin.py:104} INFO - [2021-10-24 03:25:17,418] {dagbag.py:487} INFO - Filling up the DagBag from /home/airflow/sandbox/lib/python3.8/site-packages/airflow/example_dags/example_branch_day_of_week_operator.py
[2021-10-24 03:25:17,434] {scheduler_job.py:643} INFO - DAG(s) dict_keys(['example_weekday_branch_operator']) retrieved from /home/airflow/sandbox/lib/python3.8/site-packages/airflow/example_dags/example_branch_day_of_week_operator.py
[2021-10-24 03:25:17,451] {logging_mixin.py:104} INFO - [2021-10-24 03:25:17,451] {dag.py:1832} INFO - Sync 1 DAGs
[2021-10-24 03:25:17,465] {logging_mixin.py:104} INFO - [2021-10-24 03:25:17,465] {dag.py:2305} INFO - Setting next_dagrun for example_weekday_branch_operator to 2021-10-22 00:00:00+00:00
[2021-10-24 03:25:17,483] {scheduler_job.py:190} INFO - Processing /home/airflow/sandbox/lib/python3.8/site-packages/airflow/example_dags/example_branch_day_of_week_operator.py took 0.070 seconds
[2021-10-24 03:25:55,515] {scheduler_job.py:182} INFO - Started process (PID=8300) to work on /home/airflow/sandbox/lib/python3.8/site-packages/airflow/example_dags/example_branch_day_of_week_operator.py
[2021-10-24 03:25:55,516] {scheduler_job.py:633} INFO - Processing file /home/airflow/sandbox/lib/python3.8/site-packages/airflow/example_dags/example_branch_day_of_week_operator.py for tasks to queue
[2021-10-24 03:25:55,517] {logging_mixin.py:104} INFO - [2021-10-24 03:25:55,517] {dagbag.py:487} INFO - Filling up the DagBag from /home/airflow/sandbox/lib/python3.8/site-packages/airflow/example_dags/example_branch_day_of_week_operator.py
[2021-10-24 03:25:55,536] {scheduler_job.py:643} INFO - DAG(s) dict_keys(['example_weekday_branch_operator']) retrieved from /home/airflow/sandbox/lib/python3.8/site-packages/airflow/example_dags/example_branch_day_of_week_operator.py
[2021-10-24 03:25:55,559] {logging_mixin.py:104} INFO - [2021-10-24 03:25:55,559] {dag.py:1832} INFO - Sync 1 DAGs
[2021-10-24 03:25:55,582] {logging_mixin.py:104} INFO - [2021-10-24 03:25:55,582] {dag.py:2305} INFO - Setting next_dagrun for example_weekday_branch_operator to 2021-10-22 00:00:00+00:00
[2021-10-24 03:25:55,615] {scheduler_job.py:190} INFO - Processing /home/airflow/sandbox/lib/python3.8/site-packages/airflow/example_dags/example_branch_day_of_week_operator.py took 0.105 seconds
[2021-10-24 03:26:33,859] {scheduler_job.py:182} INFO - Started process (PID=8334) to work on /home/airflow/sandbox/lib/python3.8/site-packages/airflow/example_dags/example_branch_day_of_week_operator.py
[2021-10-24 03:26:33,859] {scheduler_job.py:633} INFO - Processing file /home/airflow/sandbox/lib/python3.8/site-packages/airflow/example_dags/example_branch_day_of_week_operator.py for tasks to queue
[2021-10-24 03:26:33,860] {logging_mixin.py:104} INFO - [2021-10-24 03:26:33,860] {dagbag.py:487} INFO - Filling up the DagBag from /home/airflow/sandbox/lib/python3.8/site-packages/airflow/example_dags/example_branch_day_of_week_operator.py
[2021-10-24 03:26:33,878] {scheduler_job.py:643} INFO - DAG(s) dict_keys(['example_weekday_branch_operator']) retrieved from /home/airflow/sandbox/lib/python3.8/site-packages/airflow/example_dags/example_branch_day_of_week_operator.py
[2021-10-24 03:26:33,903] {logging_mixin.py:104} INFO - [2021-10-24 03:26:33,902] {dag.py:1832} INFO - Sync 1 DAGs
[2021-10-24 03:26:33,926] {logging_mixin.py:104} INFO - [2021-10-24 03:26:33,926] {dag.py:2305} INFO - Setting next_dagrun for example_weekday_branch_operator to 2021-10-22 00:00:00+00:00
[2021-10-24 03:26:33,946] {scheduler_job.py:190} INFO - Processing /home/airflow/sandbox/lib/python3.8/site-packages/airflow/example_dags/example_branch_day_of_week_operator.py took 0.089 seconds
[2021-10-24 03:27:15,132] {scheduler_job.py:182} INFO - Started process (PID=8368) to work on /home/airflow/sandbox/lib/python3.8/site-packages/airflow/example_dags/example_branch_day_of_week_operator.py
[2021-10-24 03:27:15,133] {scheduler_job.py:633} INFO - Processing file /home/airflow/sandbox/lib/python3.8/site-packages/airflow/example_dags/example_branch_day_of_week_operator.py for tasks to queue
[2021-10-24 03:27:15,133] {logging_mixin.py:104} INFO - [2021-10-24 03:27:15,133] {dagbag.py:487} INFO - Filling up the DagBag from /home/airflow/sandbox/lib/python3.8/site-packages/airflow/example_dags/example_branch_day_of_week_operator.py
[2021-10-24 03:27:15,141] {scheduler_job.py:643} INFO - DAG(s) dict_keys(['example_weekday_branch_operator']) retrieved from /home/airflow/sandbox/lib/python3.8/site-packages/airflow/example_dags/example_branch_day_of_week_operator.py
[2021-10-24 03:27:15,155] {logging_mixin.py:104} INFO - [2021-10-24 03:27:15,154] {dag.py:1832} INFO - Sync 1 DAGs
[2021-10-24 03:27:15,166] {logging_mixin.py:104} INFO - [2021-10-24 03:27:15,166] {dag.py:2305} INFO - Setting next_dagrun for example_weekday_branch_operator to 2021-10-22 00:00:00+00:00
[2021-10-24 03:27:15,177] {scheduler_job.py:190} INFO - Processing /home/airflow/sandbox/lib/python3.8/site-packages/airflow/example_dags/example_branch_day_of_week_operator.py took 0.047 seconds
[2021-10-24 03:27:49,621] {scheduler_job.py:182} INFO - Started process (PID=8400) to work on /home/airflow/sandbox/lib/python3.8/site-packages/airflow/example_dags/example_branch_day_of_week_operator.py
[2021-10-24 03:27:49,623] {scheduler_job.py:633} INFO - Processing file /home/airflow/sandbox/lib/python3.8/site-packages/airflow/example_dags/example_branch_day_of_week_operator.py for tasks to queue
[2021-10-24 03:27:49,624] {logging_mixin.py:104} INFO - [2021-10-24 03:27:49,624] {dagbag.py:487} INFO - Filling up the DagBag from /home/airflow/sandbox/lib/python3.8/site-packages/airflow/example_dags/example_branch_day_of_week_operator.py
[2021-10-24 03:27:49,644] {scheduler_job.py:643} INFO - DAG(s) dict_keys(['example_weekday_branch_operator']) retrieved from /home/airflow/sandbox/lib/python3.8/site-packages/airflow/example_dags/example_branch_day_of_week_operator.py
[2021-10-24 03:27:49,667] {logging_mixin.py:104} INFO - [2021-10-24 03:27:49,667] {dag.py:1832} INFO - Sync 1 DAGs
[2021-10-24 03:27:49,692] {logging_mixin.py:104} INFO - [2021-10-24 03:27:49,692] {dag.py:2305} INFO - Setting next_dagrun for example_weekday_branch_operator to 2021-10-22 00:00:00+00:00
[2021-10-24 03:27:49,715] {scheduler_job.py:190} INFO - Processing /home/airflow/sandbox/lib/python3.8/site-packages/airflow/example_dags/example_branch_day_of_week_operator.py took 0.099 seconds
[2021-10-24 03:28:32,269] {scheduler_job.py:182} INFO - Started process (PID=8479) to work on /home/airflow/sandbox/lib/python3.8/site-packages/airflow/example_dags/example_branch_day_of_week_operator.py
[2021-10-24 03:28:32,270] {scheduler_job.py:633} INFO - Processing file /home/airflow/sandbox/lib/python3.8/site-packages/airflow/example_dags/example_branch_day_of_week_operator.py for tasks to queue
[2021-10-24 03:28:32,270] {logging_mixin.py:104} INFO - [2021-10-24 03:28:32,270] {dagbag.py:487} INFO - Filling up the DagBag from /home/airflow/sandbox/lib/python3.8/site-packages/airflow/example_dags/example_branch_day_of_week_operator.py
[2021-10-24 03:28:32,290] {scheduler_job.py:643} INFO - DAG(s) dict_keys(['example_weekday_branch_operator']) retrieved from /home/airflow/sandbox/lib/python3.8/site-packages/airflow/example_dags/example_branch_day_of_week_operator.py
[2021-10-24 03:28:32,316] {logging_mixin.py:104} INFO - [2021-10-24 03:28:32,316] {dag.py:1832} INFO - Sync 1 DAGs
[2021-10-24 03:28:32,339] {logging_mixin.py:104} INFO - [2021-10-24 03:28:32,339] {dag.py:2305} INFO - Setting next_dagrun for example_weekday_branch_operator to 2021-10-22 00:00:00+00:00
[2021-10-24 03:28:32,360] {scheduler_job.py:190} INFO - Processing /home/airflow/sandbox/lib/python3.8/site-packages/airflow/example_dags/example_branch_day_of_week_operator.py took 0.095 seconds
[2021-10-24 03:29:07,879] {scheduler_job.py:182} INFO - Started process (PID=8631) to work on /home/airflow/sandbox/lib/python3.8/site-packages/airflow/example_dags/example_branch_day_of_week_operator.py
[2021-10-24 03:29:07,881] {scheduler_job.py:633} INFO - Processing file /home/airflow/sandbox/lib/python3.8/site-packages/airflow/example_dags/example_branch_day_of_week_operator.py for tasks to queue
[2021-10-24 03:29:07,882] {logging_mixin.py:104} INFO - [2021-10-24 03:29:07,882] {dagbag.py:487} INFO - Filling up the DagBag from /home/airflow/sandbox/lib/python3.8/site-packages/airflow/example_dags/example_branch_day_of_week_operator.py
[2021-10-24 03:29:07,908] {scheduler_job.py:643} INFO - DAG(s) dict_keys(['example_weekday_branch_operator']) retrieved from /home/airflow/sandbox/lib/python3.8/site-packages/airflow/example_dags/example_branch_day_of_week_operator.py
[2021-10-24 03:29:07,929] {logging_mixin.py:104} INFO - [2021-10-24 03:29:07,929] {dag.py:1832} INFO - Sync 1 DAGs
[2021-10-24 03:29:07,949] {logging_mixin.py:104} INFO - [2021-10-24 03:29:07,949] {dag.py:2305} INFO - Setting next_dagrun for example_weekday_branch_operator to 2021-10-22 00:00:00+00:00
[2021-10-24 03:29:07,981] {scheduler_job.py:190} INFO - Processing /home/airflow/sandbox/lib/python3.8/site-packages/airflow/example_dags/example_branch_day_of_week_operator.py took 0.108 seconds
[2021-10-24 03:29:43,074] {scheduler_job.py:182} INFO - Started process (PID=8841) to work on /home/airflow/sandbox/lib/python3.8/site-packages/airflow/example_dags/example_branch_day_of_week_operator.py
[2021-10-24 03:29:43,076] {scheduler_job.py:633} INFO - Processing file /home/airflow/sandbox/lib/python3.8/site-packages/airflow/example_dags/example_branch_day_of_week_operator.py for tasks to queue
[2021-10-24 03:29:43,077] {logging_mixin.py:104} INFO - [2021-10-24 03:29:43,077] {dagbag.py:487} INFO - Filling up the DagBag from /home/airflow/sandbox/lib/python3.8/site-packages/airflow/example_dags/example_branch_day_of_week_operator.py
[2021-10-24 03:29:43,096] {scheduler_job.py:643} INFO - DAG(s) dict_keys(['example_weekday_branch_operator']) retrieved from /home/airflow/sandbox/lib/python3.8/site-packages/airflow/example_dags/example_branch_day_of_week_operator.py
[2021-10-24 03:29:43,118] {logging_mixin.py:104} INFO - [2021-10-24 03:29:43,118] {dag.py:1832} INFO - Sync 1 DAGs
[2021-10-24 03:29:43,140] {logging_mixin.py:104} INFO - [2021-10-24 03:29:43,140] {dag.py:2305} INFO - Setting next_dagrun for example_weekday_branch_operator to 2021-10-22 00:00:00+00:00
[2021-10-24 03:29:43,158] {scheduler_job.py:190} INFO - Processing /home/airflow/sandbox/lib/python3.8/site-packages/airflow/example_dags/example_branch_day_of_week_operator.py took 0.088 seconds
[2021-10-24 06:05:32,407] {scheduler_job.py:182} INFO - Started process (PID=9189) to work on /home/airflow/sandbox/lib/python3.8/site-packages/airflow/example_dags/example_branch_day_of_week_operator.py
[2021-10-24 06:05:32,409] {scheduler_job.py:633} INFO - Processing file /home/airflow/sandbox/lib/python3.8/site-packages/airflow/example_dags/example_branch_day_of_week_operator.py for tasks to queue
[2021-10-24 06:05:32,410] {logging_mixin.py:104} INFO - [2021-10-24 06:05:32,410] {dagbag.py:487} INFO - Filling up the DagBag from /home/airflow/sandbox/lib/python3.8/site-packages/airflow/example_dags/example_branch_day_of_week_operator.py
[2021-10-24 06:05:32,428] {scheduler_job.py:643} INFO - DAG(s) dict_keys(['example_weekday_branch_operator']) retrieved from /home/airflow/sandbox/lib/python3.8/site-packages/airflow/example_dags/example_branch_day_of_week_operator.py
[2021-10-24 06:05:32,450] {logging_mixin.py:104} INFO - [2021-10-24 06:05:32,450] {dag.py:1832} INFO - Sync 1 DAGs
[2021-10-24 06:05:32,470] {logging_mixin.py:104} INFO - [2021-10-24 06:05:32,470] {dag.py:2305} INFO - Setting next_dagrun for example_weekday_branch_operator to 2021-10-22 00:00:00+00:00
[2021-10-24 06:05:32,493] {scheduler_job.py:190} INFO - Processing /home/airflow/sandbox/lib/python3.8/site-packages/airflow/example_dags/example_branch_day_of_week_operator.py took 0.092 seconds
