[2021-10-24 03:08:32,505] {scheduler_job.py:182} INFO - Started process (PID=6289) to work on /home/airflow/sandbox/lib/python3.8/site-packages/airflow/example_dags/example_bash_operator.py
[2021-10-24 03:08:32,506] {scheduler_job.py:633} INFO - Processing file /home/airflow/sandbox/lib/python3.8/site-packages/airflow/example_dags/example_bash_operator.py for tasks to queue
[2021-10-24 03:08:32,507] {logging_mixin.py:104} INFO - [2021-10-24 03:08:32,507] {dagbag.py:487} INFO - Filling up the DagBag from /home/airflow/sandbox/lib/python3.8/site-packages/airflow/example_dags/example_bash_operator.py
[2021-10-24 03:08:32,525] {scheduler_job.py:643} INFO - DAG(s) dict_keys(['example_bash_operator']) retrieved from /home/airflow/sandbox/lib/python3.8/site-packages/airflow/example_dags/example_bash_operator.py
[2021-10-24 03:08:32,549] {logging_mixin.py:104} INFO - [2021-10-24 03:08:32,548] {dag.py:1832} INFO - Sync 1 DAGs
[2021-10-24 03:08:32,570] {logging_mixin.py:104} INFO - [2021-10-24 03:08:32,570] {dag.py:2305} INFO - Setting next_dagrun for example_bash_operator to 2021-10-22 00:00:00+00:00
[2021-10-24 03:08:32,589] {scheduler_job.py:190} INFO - Processing /home/airflow/sandbox/lib/python3.8/site-packages/airflow/example_dags/example_bash_operator.py took 0.089 seconds
[2021-10-24 03:09:08,607] {scheduler_job.py:182} INFO - Started process (PID=6351) to work on /home/airflow/sandbox/lib/python3.8/site-packages/airflow/example_dags/example_bash_operator.py
[2021-10-24 03:09:08,609] {scheduler_job.py:633} INFO - Processing file /home/airflow/sandbox/lib/python3.8/site-packages/airflow/example_dags/example_bash_operator.py for tasks to queue
[2021-10-24 03:09:08,609] {logging_mixin.py:104} INFO - [2021-10-24 03:09:08,609] {dagbag.py:487} INFO - Filling up the DagBag from /home/airflow/sandbox/lib/python3.8/site-packages/airflow/example_dags/example_bash_operator.py
[2021-10-24 03:09:08,628] {scheduler_job.py:643} INFO - DAG(s) dict_keys(['example_bash_operator']) retrieved from /home/airflow/sandbox/lib/python3.8/site-packages/airflow/example_dags/example_bash_operator.py
[2021-10-24 03:09:08,650] {logging_mixin.py:104} INFO - [2021-10-24 03:09:08,650] {dag.py:1832} INFO - Sync 1 DAGs
[2021-10-24 03:09:08,671] {logging_mixin.py:104} INFO - [2021-10-24 03:09:08,671] {dag.py:2305} INFO - Setting next_dagrun for example_bash_operator to 2021-10-22 00:00:00+00:00
[2021-10-24 03:09:08,686] {scheduler_job.py:190} INFO - Processing /home/airflow/sandbox/lib/python3.8/site-packages/airflow/example_dags/example_bash_operator.py took 0.084 seconds
[2021-10-24 03:09:42,913] {scheduler_job.py:182} INFO - Started process (PID=6383) to work on /home/airflow/sandbox/lib/python3.8/site-packages/airflow/example_dags/example_bash_operator.py
[2021-10-24 03:09:42,915] {scheduler_job.py:633} INFO - Processing file /home/airflow/sandbox/lib/python3.8/site-packages/airflow/example_dags/example_bash_operator.py for tasks to queue
[2021-10-24 03:09:42,916] {logging_mixin.py:104} INFO - [2021-10-24 03:09:42,916] {dagbag.py:487} INFO - Filling up the DagBag from /home/airflow/sandbox/lib/python3.8/site-packages/airflow/example_dags/example_bash_operator.py
[2021-10-24 03:09:42,939] {scheduler_job.py:643} INFO - DAG(s) dict_keys(['example_bash_operator']) retrieved from /home/airflow/sandbox/lib/python3.8/site-packages/airflow/example_dags/example_bash_operator.py
[2021-10-24 03:09:42,962] {logging_mixin.py:104} INFO - [2021-10-24 03:09:42,961] {dag.py:1832} INFO - Sync 1 DAGs
[2021-10-24 03:09:42,986] {logging_mixin.py:104} INFO - [2021-10-24 03:09:42,986] {dag.py:2305} INFO - Setting next_dagrun for example_bash_operator to 2021-10-22 00:00:00+00:00
[2021-10-24 03:09:43,008] {scheduler_job.py:190} INFO - Processing /home/airflow/sandbox/lib/python3.8/site-packages/airflow/example_dags/example_bash_operator.py took 0.099 seconds
[2021-10-24 03:10:19,627] {scheduler_job.py:182} INFO - Started process (PID=6424) to work on /home/airflow/sandbox/lib/python3.8/site-packages/airflow/example_dags/example_bash_operator.py
[2021-10-24 03:10:19,627] {scheduler_job.py:633} INFO - Processing file /home/airflow/sandbox/lib/python3.8/site-packages/airflow/example_dags/example_bash_operator.py for tasks to queue
[2021-10-24 03:10:19,628] {logging_mixin.py:104} INFO - [2021-10-24 03:10:19,628] {dagbag.py:487} INFO - Filling up the DagBag from /home/airflow/sandbox/lib/python3.8/site-packages/airflow/example_dags/example_bash_operator.py
[2021-10-24 03:10:19,650] {scheduler_job.py:643} INFO - DAG(s) dict_keys(['example_bash_operator']) retrieved from /home/airflow/sandbox/lib/python3.8/site-packages/airflow/example_dags/example_bash_operator.py
[2021-10-24 03:10:19,674] {logging_mixin.py:104} INFO - [2021-10-24 03:10:19,673] {dag.py:1832} INFO - Sync 1 DAGs
[2021-10-24 03:10:19,693] {logging_mixin.py:104} INFO - [2021-10-24 03:10:19,693] {dag.py:2305} INFO - Setting next_dagrun for example_bash_operator to 2021-10-22 00:00:00+00:00
[2021-10-24 03:10:19,714] {scheduler_job.py:190} INFO - Processing /home/airflow/sandbox/lib/python3.8/site-packages/airflow/example_dags/example_bash_operator.py took 0.091 seconds
[2021-10-24 03:10:56,892] {scheduler_job.py:182} INFO - Started process (PID=6583) to work on /home/airflow/sandbox/lib/python3.8/site-packages/airflow/example_dags/example_bash_operator.py
[2021-10-24 03:10:56,895] {scheduler_job.py:633} INFO - Processing file /home/airflow/sandbox/lib/python3.8/site-packages/airflow/example_dags/example_bash_operator.py for tasks to queue
[2021-10-24 03:10:56,896] {logging_mixin.py:104} INFO - [2021-10-24 03:10:56,896] {dagbag.py:487} INFO - Filling up the DagBag from /home/airflow/sandbox/lib/python3.8/site-packages/airflow/example_dags/example_bash_operator.py
[2021-10-24 03:10:56,919] {scheduler_job.py:643} INFO - DAG(s) dict_keys(['example_bash_operator']) retrieved from /home/airflow/sandbox/lib/python3.8/site-packages/airflow/example_dags/example_bash_operator.py
[2021-10-24 03:10:56,940] {logging_mixin.py:104} INFO - [2021-10-24 03:10:56,940] {dag.py:1832} INFO - Sync 1 DAGs
[2021-10-24 03:10:56,959] {logging_mixin.py:104} INFO - [2021-10-24 03:10:56,959] {dag.py:2305} INFO - Setting next_dagrun for example_bash_operator to 2021-10-22 00:00:00+00:00
[2021-10-24 03:10:56,986] {scheduler_job.py:190} INFO - Processing /home/airflow/sandbox/lib/python3.8/site-packages/airflow/example_dags/example_bash_operator.py took 0.099 seconds
[2021-10-24 03:11:32,069] {scheduler_job.py:182} INFO - Started process (PID=6631) to work on /home/airflow/sandbox/lib/python3.8/site-packages/airflow/example_dags/example_bash_operator.py
[2021-10-24 03:11:32,071] {scheduler_job.py:633} INFO - Processing file /home/airflow/sandbox/lib/python3.8/site-packages/airflow/example_dags/example_bash_operator.py for tasks to queue
[2021-10-24 03:11:32,072] {logging_mixin.py:104} INFO - [2021-10-24 03:11:32,072] {dagbag.py:487} INFO - Filling up the DagBag from /home/airflow/sandbox/lib/python3.8/site-packages/airflow/example_dags/example_bash_operator.py
[2021-10-24 03:11:32,092] {scheduler_job.py:643} INFO - DAG(s) dict_keys(['example_bash_operator']) retrieved from /home/airflow/sandbox/lib/python3.8/site-packages/airflow/example_dags/example_bash_operator.py
[2021-10-24 03:11:32,115] {logging_mixin.py:104} INFO - [2021-10-24 03:11:32,115] {dag.py:1832} INFO - Sync 1 DAGs
[2021-10-24 03:11:32,137] {logging_mixin.py:104} INFO - [2021-10-24 03:11:32,137] {dag.py:2305} INFO - Setting next_dagrun for example_bash_operator to 2021-10-22 00:00:00+00:00
[2021-10-24 03:11:32,161] {scheduler_job.py:190} INFO - Processing /home/airflow/sandbox/lib/python3.8/site-packages/airflow/example_dags/example_bash_operator.py took 0.098 seconds
[2021-10-24 03:12:10,808] {scheduler_job.py:182} INFO - Started process (PID=6690) to work on /home/airflow/sandbox/lib/python3.8/site-packages/airflow/example_dags/example_bash_operator.py
[2021-10-24 03:12:10,810] {scheduler_job.py:633} INFO - Processing file /home/airflow/sandbox/lib/python3.8/site-packages/airflow/example_dags/example_bash_operator.py for tasks to queue
[2021-10-24 03:12:10,810] {logging_mixin.py:104} INFO - [2021-10-24 03:12:10,810] {dagbag.py:487} INFO - Filling up the DagBag from /home/airflow/sandbox/lib/python3.8/site-packages/airflow/example_dags/example_bash_operator.py
[2021-10-24 03:12:10,832] {scheduler_job.py:643} INFO - DAG(s) dict_keys(['example_bash_operator']) retrieved from /home/airflow/sandbox/lib/python3.8/site-packages/airflow/example_dags/example_bash_operator.py
[2021-10-24 03:12:10,854] {logging_mixin.py:104} INFO - [2021-10-24 03:12:10,854] {dag.py:1832} INFO - Sync 1 DAGs
[2021-10-24 03:12:10,874] {logging_mixin.py:104} INFO - [2021-10-24 03:12:10,874] {dag.py:2305} INFO - Setting next_dagrun for example_bash_operator to 2021-10-22 00:00:00+00:00
[2021-10-24 03:12:10,898] {scheduler_job.py:190} INFO - Processing /home/airflow/sandbox/lib/python3.8/site-packages/airflow/example_dags/example_bash_operator.py took 0.095 seconds
[2021-10-24 03:12:45,988] {scheduler_job.py:182} INFO - Started process (PID=6747) to work on /home/airflow/sandbox/lib/python3.8/site-packages/airflow/example_dags/example_bash_operator.py
[2021-10-24 03:12:45,990] {scheduler_job.py:633} INFO - Processing file /home/airflow/sandbox/lib/python3.8/site-packages/airflow/example_dags/example_bash_operator.py for tasks to queue
[2021-10-24 03:12:45,991] {logging_mixin.py:104} INFO - [2021-10-24 03:12:45,991] {dagbag.py:487} INFO - Filling up the DagBag from /home/airflow/sandbox/lib/python3.8/site-packages/airflow/example_dags/example_bash_operator.py
[2021-10-24 03:12:46,016] {scheduler_job.py:643} INFO - DAG(s) dict_keys(['example_bash_operator']) retrieved from /home/airflow/sandbox/lib/python3.8/site-packages/airflow/example_dags/example_bash_operator.py
[2021-10-24 03:12:46,039] {logging_mixin.py:104} INFO - [2021-10-24 03:12:46,039] {dag.py:1832} INFO - Sync 1 DAGs
[2021-10-24 03:12:46,057] {logging_mixin.py:104} INFO - [2021-10-24 03:12:46,057] {dag.py:2305} INFO - Setting next_dagrun for example_bash_operator to 2021-10-22 00:00:00+00:00
[2021-10-24 03:12:46,079] {scheduler_job.py:190} INFO - Processing /home/airflow/sandbox/lib/python3.8/site-packages/airflow/example_dags/example_bash_operator.py took 0.096 seconds
[2021-10-24 03:13:20,340] {scheduler_job.py:182} INFO - Started process (PID=6822) to work on /home/airflow/sandbox/lib/python3.8/site-packages/airflow/example_dags/example_bash_operator.py
[2021-10-24 03:13:20,341] {scheduler_job.py:633} INFO - Processing file /home/airflow/sandbox/lib/python3.8/site-packages/airflow/example_dags/example_bash_operator.py for tasks to queue
[2021-10-24 03:13:20,341] {logging_mixin.py:104} INFO - [2021-10-24 03:13:20,341] {dagbag.py:487} INFO - Filling up the DagBag from /home/airflow/sandbox/lib/python3.8/site-packages/airflow/example_dags/example_bash_operator.py
[2021-10-24 03:13:20,358] {scheduler_job.py:643} INFO - DAG(s) dict_keys(['example_bash_operator']) retrieved from /home/airflow/sandbox/lib/python3.8/site-packages/airflow/example_dags/example_bash_operator.py
[2021-10-24 03:13:20,381] {logging_mixin.py:104} INFO - [2021-10-24 03:13:20,381] {dag.py:1832} INFO - Sync 1 DAGs
[2021-10-24 03:13:20,401] {logging_mixin.py:104} INFO - [2021-10-24 03:13:20,401] {dag.py:2305} INFO - Setting next_dagrun for example_bash_operator to 2021-10-22 00:00:00+00:00
[2021-10-24 03:13:20,423] {scheduler_job.py:190} INFO - Processing /home/airflow/sandbox/lib/python3.8/site-packages/airflow/example_dags/example_bash_operator.py took 0.087 seconds
[2021-10-24 03:13:55,918] {scheduler_job.py:182} INFO - Started process (PID=6853) to work on /home/airflow/sandbox/lib/python3.8/site-packages/airflow/example_dags/example_bash_operator.py
[2021-10-24 03:13:55,919] {scheduler_job.py:633} INFO - Processing file /home/airflow/sandbox/lib/python3.8/site-packages/airflow/example_dags/example_bash_operator.py for tasks to queue
[2021-10-24 03:13:55,920] {logging_mixin.py:104} INFO - [2021-10-24 03:13:55,920] {dagbag.py:487} INFO - Filling up the DagBag from /home/airflow/sandbox/lib/python3.8/site-packages/airflow/example_dags/example_bash_operator.py
[2021-10-24 03:13:55,939] {scheduler_job.py:643} INFO - DAG(s) dict_keys(['example_bash_operator']) retrieved from /home/airflow/sandbox/lib/python3.8/site-packages/airflow/example_dags/example_bash_operator.py
[2021-10-24 03:13:55,962] {logging_mixin.py:104} INFO - [2021-10-24 03:13:55,961] {dag.py:1832} INFO - Sync 1 DAGs
[2021-10-24 03:13:55,978] {logging_mixin.py:104} INFO - [2021-10-24 03:13:55,978] {dag.py:2305} INFO - Setting next_dagrun for example_bash_operator to 2021-10-22 00:00:00+00:00
[2021-10-24 03:13:55,993] {scheduler_job.py:190} INFO - Processing /home/airflow/sandbox/lib/python3.8/site-packages/airflow/example_dags/example_bash_operator.py took 0.080 seconds
[2021-10-24 03:14:29,711] {scheduler_job.py:182} INFO - Started process (PID=6908) to work on /home/airflow/sandbox/lib/python3.8/site-packages/airflow/example_dags/example_bash_operator.py
[2021-10-24 03:14:29,712] {scheduler_job.py:633} INFO - Processing file /home/airflow/sandbox/lib/python3.8/site-packages/airflow/example_dags/example_bash_operator.py for tasks to queue
[2021-10-24 03:14:29,713] {logging_mixin.py:104} INFO - [2021-10-24 03:14:29,713] {dagbag.py:487} INFO - Filling up the DagBag from /home/airflow/sandbox/lib/python3.8/site-packages/airflow/example_dags/example_bash_operator.py
[2021-10-24 03:14:29,731] {scheduler_job.py:643} INFO - DAG(s) dict_keys(['example_bash_operator']) retrieved from /home/airflow/sandbox/lib/python3.8/site-packages/airflow/example_dags/example_bash_operator.py
[2021-10-24 03:14:29,754] {logging_mixin.py:104} INFO - [2021-10-24 03:14:29,754] {dag.py:1832} INFO - Sync 1 DAGs
[2021-10-24 03:14:29,775] {logging_mixin.py:104} INFO - [2021-10-24 03:14:29,775] {dag.py:2305} INFO - Setting next_dagrun for example_bash_operator to 2021-10-22 00:00:00+00:00
[2021-10-24 03:14:29,795] {scheduler_job.py:190} INFO - Processing /home/airflow/sandbox/lib/python3.8/site-packages/airflow/example_dags/example_bash_operator.py took 0.089 seconds
[2021-10-24 03:15:05,976] {scheduler_job.py:182} INFO - Started process (PID=7012) to work on /home/airflow/sandbox/lib/python3.8/site-packages/airflow/example_dags/example_bash_operator.py
[2021-10-24 03:15:05,978] {scheduler_job.py:633} INFO - Processing file /home/airflow/sandbox/lib/python3.8/site-packages/airflow/example_dags/example_bash_operator.py for tasks to queue
[2021-10-24 03:15:05,979] {logging_mixin.py:104} INFO - [2021-10-24 03:15:05,979] {dagbag.py:487} INFO - Filling up the DagBag from /home/airflow/sandbox/lib/python3.8/site-packages/airflow/example_dags/example_bash_operator.py
[2021-10-24 03:15:06,000] {scheduler_job.py:643} INFO - DAG(s) dict_keys(['example_bash_operator']) retrieved from /home/airflow/sandbox/lib/python3.8/site-packages/airflow/example_dags/example_bash_operator.py
[2021-10-24 03:15:06,015] {logging_mixin.py:104} INFO - [2021-10-24 03:15:06,014] {dag.py:1832} INFO - Sync 1 DAGs
[2021-10-24 03:15:06,034] {logging_mixin.py:104} INFO - [2021-10-24 03:15:06,034] {dag.py:2305} INFO - Setting next_dagrun for example_bash_operator to 2021-10-22 00:00:00+00:00
[2021-10-24 03:15:06,060] {scheduler_job.py:190} INFO - Processing /home/airflow/sandbox/lib/python3.8/site-packages/airflow/example_dags/example_bash_operator.py took 0.090 seconds
[2021-10-24 03:15:42,409] {scheduler_job.py:182} INFO - Started process (PID=7044) to work on /home/airflow/sandbox/lib/python3.8/site-packages/airflow/example_dags/example_bash_operator.py
[2021-10-24 03:15:42,411] {scheduler_job.py:633} INFO - Processing file /home/airflow/sandbox/lib/python3.8/site-packages/airflow/example_dags/example_bash_operator.py for tasks to queue
[2021-10-24 03:15:42,412] {logging_mixin.py:104} INFO - [2021-10-24 03:15:42,412] {dagbag.py:487} INFO - Filling up the DagBag from /home/airflow/sandbox/lib/python3.8/site-packages/airflow/example_dags/example_bash_operator.py
[2021-10-24 03:15:42,433] {scheduler_job.py:643} INFO - DAG(s) dict_keys(['example_bash_operator']) retrieved from /home/airflow/sandbox/lib/python3.8/site-packages/airflow/example_dags/example_bash_operator.py
[2021-10-24 03:15:42,457] {logging_mixin.py:104} INFO - [2021-10-24 03:15:42,457] {dag.py:1832} INFO - Sync 1 DAGs
[2021-10-24 03:15:42,482] {logging_mixin.py:104} INFO - [2021-10-24 03:15:42,482] {dag.py:2305} INFO - Setting next_dagrun for example_bash_operator to 2021-10-22 00:00:00+00:00
[2021-10-24 03:15:42,503] {scheduler_job.py:190} INFO - Processing /home/airflow/sandbox/lib/python3.8/site-packages/airflow/example_dags/example_bash_operator.py took 0.098 seconds
[2021-10-24 03:16:19,379] {scheduler_job.py:182} INFO - Started process (PID=7136) to work on /home/airflow/sandbox/lib/python3.8/site-packages/airflow/example_dags/example_bash_operator.py
[2021-10-24 03:16:19,380] {scheduler_job.py:633} INFO - Processing file /home/airflow/sandbox/lib/python3.8/site-packages/airflow/example_dags/example_bash_operator.py for tasks to queue
[2021-10-24 03:16:19,381] {logging_mixin.py:104} INFO - [2021-10-24 03:16:19,380] {dagbag.py:487} INFO - Filling up the DagBag from /home/airflow/sandbox/lib/python3.8/site-packages/airflow/example_dags/example_bash_operator.py
[2021-10-24 03:16:19,401] {scheduler_job.py:643} INFO - DAG(s) dict_keys(['example_bash_operator']) retrieved from /home/airflow/sandbox/lib/python3.8/site-packages/airflow/example_dags/example_bash_operator.py
[2021-10-24 03:16:19,423] {logging_mixin.py:104} INFO - [2021-10-24 03:16:19,423] {dag.py:1832} INFO - Sync 1 DAGs
[2021-10-24 03:16:19,444] {logging_mixin.py:104} INFO - [2021-10-24 03:16:19,444] {dag.py:2305} INFO - Setting next_dagrun for example_bash_operator to 2021-10-22 00:00:00+00:00
[2021-10-24 03:16:19,466] {scheduler_job.py:190} INFO - Processing /home/airflow/sandbox/lib/python3.8/site-packages/airflow/example_dags/example_bash_operator.py took 0.091 seconds
[2021-10-24 03:16:53,955] {scheduler_job.py:182} INFO - Started process (PID=7227) to work on /home/airflow/sandbox/lib/python3.8/site-packages/airflow/example_dags/example_bash_operator.py
[2021-10-24 03:16:53,966] {scheduler_job.py:633} INFO - Processing file /home/airflow/sandbox/lib/python3.8/site-packages/airflow/example_dags/example_bash_operator.py for tasks to queue
[2021-10-24 03:16:53,977] {logging_mixin.py:104} INFO - [2021-10-24 03:16:53,977] {dagbag.py:487} INFO - Filling up the DagBag from /home/airflow/sandbox/lib/python3.8/site-packages/airflow/example_dags/example_bash_operator.py
[2021-10-24 03:16:54,056] {scheduler_job.py:643} INFO - DAG(s) dict_keys(['example_bash_operator']) retrieved from /home/airflow/sandbox/lib/python3.8/site-packages/airflow/example_dags/example_bash_operator.py
[2021-10-24 03:16:54,078] {logging_mixin.py:104} INFO - [2021-10-24 03:16:54,078] {dag.py:1832} INFO - Sync 1 DAGs
[2021-10-24 03:16:54,093] {logging_mixin.py:104} INFO - [2021-10-24 03:16:54,092] {dag.py:2305} INFO - Setting next_dagrun for example_bash_operator to 2021-10-22 00:00:00+00:00
[2021-10-24 03:16:54,108] {scheduler_job.py:190} INFO - Processing /home/airflow/sandbox/lib/python3.8/site-packages/airflow/example_dags/example_bash_operator.py took 0.199 seconds
[2021-10-24 03:17:57,930] {scheduler_job.py:182} INFO - Started process (PID=7676) to work on /home/airflow/sandbox/lib/python3.8/site-packages/airflow/example_dags/example_bash_operator.py
[2021-10-24 03:17:57,932] {scheduler_job.py:633} INFO - Processing file /home/airflow/sandbox/lib/python3.8/site-packages/airflow/example_dags/example_bash_operator.py for tasks to queue
[2021-10-24 03:17:57,933] {logging_mixin.py:104} INFO - [2021-10-24 03:17:57,933] {dagbag.py:487} INFO - Filling up the DagBag from /home/airflow/sandbox/lib/python3.8/site-packages/airflow/example_dags/example_bash_operator.py
[2021-10-24 03:17:57,956] {scheduler_job.py:643} INFO - DAG(s) dict_keys(['example_bash_operator']) retrieved from /home/airflow/sandbox/lib/python3.8/site-packages/airflow/example_dags/example_bash_operator.py
[2021-10-24 03:17:57,977] {logging_mixin.py:104} INFO - [2021-10-24 03:17:57,977] {dag.py:1832} INFO - Sync 1 DAGs
[2021-10-24 03:17:57,996] {logging_mixin.py:104} INFO - [2021-10-24 03:17:57,996] {dag.py:2305} INFO - Setting next_dagrun for example_bash_operator to 2021-10-24 00:00:00+00:00
[2021-10-24 03:17:58,017] {scheduler_job.py:190} INFO - Processing /home/airflow/sandbox/lib/python3.8/site-packages/airflow/example_dags/example_bash_operator.py took 0.092 seconds
[2021-10-24 03:18:33,638] {scheduler_job.py:182} INFO - Started process (PID=7751) to work on /home/airflow/sandbox/lib/python3.8/site-packages/airflow/example_dags/example_bash_operator.py
[2021-10-24 03:18:33,639] {scheduler_job.py:633} INFO - Processing file /home/airflow/sandbox/lib/python3.8/site-packages/airflow/example_dags/example_bash_operator.py for tasks to queue
[2021-10-24 03:18:33,640] {logging_mixin.py:104} INFO - [2021-10-24 03:18:33,640] {dagbag.py:487} INFO - Filling up the DagBag from /home/airflow/sandbox/lib/python3.8/site-packages/airflow/example_dags/example_bash_operator.py
[2021-10-24 03:18:33,655] {scheduler_job.py:643} INFO - DAG(s) dict_keys(['example_bash_operator']) retrieved from /home/airflow/sandbox/lib/python3.8/site-packages/airflow/example_dags/example_bash_operator.py
[2021-10-24 03:18:33,681] {logging_mixin.py:104} INFO - [2021-10-24 03:18:33,681] {dag.py:1832} INFO - Sync 1 DAGs
[2021-10-24 03:18:33,695] {logging_mixin.py:104} INFO - [2021-10-24 03:18:33,695] {dag.py:2305} INFO - Setting next_dagrun for example_bash_operator to 2021-10-24 00:00:00+00:00
[2021-10-24 03:18:33,720] {scheduler_job.py:190} INFO - Processing /home/airflow/sandbox/lib/python3.8/site-packages/airflow/example_dags/example_bash_operator.py took 0.087 seconds
[2021-10-24 03:19:07,321] {scheduler_job.py:182} INFO - Started process (PID=7843) to work on /home/airflow/sandbox/lib/python3.8/site-packages/airflow/example_dags/example_bash_operator.py
[2021-10-24 03:19:07,323] {scheduler_job.py:633} INFO - Processing file /home/airflow/sandbox/lib/python3.8/site-packages/airflow/example_dags/example_bash_operator.py for tasks to queue
[2021-10-24 03:19:07,324] {logging_mixin.py:104} INFO - [2021-10-24 03:19:07,324] {dagbag.py:487} INFO - Filling up the DagBag from /home/airflow/sandbox/lib/python3.8/site-packages/airflow/example_dags/example_bash_operator.py
[2021-10-24 03:19:07,345] {scheduler_job.py:643} INFO - DAG(s) dict_keys(['example_bash_operator']) retrieved from /home/airflow/sandbox/lib/python3.8/site-packages/airflow/example_dags/example_bash_operator.py
[2021-10-24 03:19:07,368] {logging_mixin.py:104} INFO - [2021-10-24 03:19:07,368] {dag.py:1832} INFO - Sync 1 DAGs
[2021-10-24 03:19:07,388] {logging_mixin.py:104} INFO - [2021-10-24 03:19:07,388] {dag.py:2305} INFO - Setting next_dagrun for example_bash_operator to 2021-10-24 00:00:00+00:00
[2021-10-24 03:19:07,410] {scheduler_job.py:190} INFO - Processing /home/airflow/sandbox/lib/python3.8/site-packages/airflow/example_dags/example_bash_operator.py took 0.093 seconds
[2021-10-24 03:19:44,240] {scheduler_job.py:182} INFO - Started process (PID=7874) to work on /home/airflow/sandbox/lib/python3.8/site-packages/airflow/example_dags/example_bash_operator.py
[2021-10-24 03:19:44,242] {scheduler_job.py:633} INFO - Processing file /home/airflow/sandbox/lib/python3.8/site-packages/airflow/example_dags/example_bash_operator.py for tasks to queue
[2021-10-24 03:19:44,243] {logging_mixin.py:104} INFO - [2021-10-24 03:19:44,243] {dagbag.py:487} INFO - Filling up the DagBag from /home/airflow/sandbox/lib/python3.8/site-packages/airflow/example_dags/example_bash_operator.py
[2021-10-24 03:19:44,263] {scheduler_job.py:643} INFO - DAG(s) dict_keys(['example_bash_operator']) retrieved from /home/airflow/sandbox/lib/python3.8/site-packages/airflow/example_dags/example_bash_operator.py
[2021-10-24 03:19:44,288] {logging_mixin.py:104} INFO - [2021-10-24 03:19:44,288] {dag.py:1832} INFO - Sync 1 DAGs
[2021-10-24 03:19:44,308] {logging_mixin.py:104} INFO - [2021-10-24 03:19:44,308] {dag.py:2305} INFO - Setting next_dagrun for example_bash_operator to 2021-10-24 00:00:00+00:00
[2021-10-24 03:19:44,336] {scheduler_job.py:190} INFO - Processing /home/airflow/sandbox/lib/python3.8/site-packages/airflow/example_dags/example_bash_operator.py took 0.101 seconds
[2021-10-24 03:20:20,799] {scheduler_job.py:182} INFO - Started process (PID=7905) to work on /home/airflow/sandbox/lib/python3.8/site-packages/airflow/example_dags/example_bash_operator.py
[2021-10-24 03:20:20,800] {scheduler_job.py:633} INFO - Processing file /home/airflow/sandbox/lib/python3.8/site-packages/airflow/example_dags/example_bash_operator.py for tasks to queue
[2021-10-24 03:20:20,802] {logging_mixin.py:104} INFO - [2021-10-24 03:20:20,801] {dagbag.py:487} INFO - Filling up the DagBag from /home/airflow/sandbox/lib/python3.8/site-packages/airflow/example_dags/example_bash_operator.py
[2021-10-24 03:20:20,815] {scheduler_job.py:643} INFO - DAG(s) dict_keys(['example_bash_operator']) retrieved from /home/airflow/sandbox/lib/python3.8/site-packages/airflow/example_dags/example_bash_operator.py
[2021-10-24 03:20:20,826] {logging_mixin.py:104} INFO - [2021-10-24 03:20:20,826] {dag.py:1832} INFO - Sync 1 DAGs
[2021-10-24 03:20:20,834] {logging_mixin.py:104} INFO - [2021-10-24 03:20:20,834] {dag.py:2305} INFO - Setting next_dagrun for example_bash_operator to 2021-10-24 00:00:00+00:00
[2021-10-24 03:20:20,845] {scheduler_job.py:190} INFO - Processing /home/airflow/sandbox/lib/python3.8/site-packages/airflow/example_dags/example_bash_operator.py took 0.051 seconds
[2021-10-24 03:20:57,190] {scheduler_job.py:182} INFO - Started process (PID=7937) to work on /home/airflow/sandbox/lib/python3.8/site-packages/airflow/example_dags/example_bash_operator.py
[2021-10-24 03:20:57,192] {scheduler_job.py:633} INFO - Processing file /home/airflow/sandbox/lib/python3.8/site-packages/airflow/example_dags/example_bash_operator.py for tasks to queue
[2021-10-24 03:20:57,193] {logging_mixin.py:104} INFO - [2021-10-24 03:20:57,193] {dagbag.py:487} INFO - Filling up the DagBag from /home/airflow/sandbox/lib/python3.8/site-packages/airflow/example_dags/example_bash_operator.py
[2021-10-24 03:20:57,212] {scheduler_job.py:643} INFO - DAG(s) dict_keys(['example_bash_operator']) retrieved from /home/airflow/sandbox/lib/python3.8/site-packages/airflow/example_dags/example_bash_operator.py
[2021-10-24 03:20:57,237] {logging_mixin.py:104} INFO - [2021-10-24 03:20:57,237] {dag.py:1832} INFO - Sync 1 DAGs
[2021-10-24 03:20:57,257] {logging_mixin.py:104} INFO - [2021-10-24 03:20:57,257] {dag.py:2305} INFO - Setting next_dagrun for example_bash_operator to 2021-10-24 00:00:00+00:00
[2021-10-24 03:20:57,283] {scheduler_job.py:190} INFO - Processing /home/airflow/sandbox/lib/python3.8/site-packages/airflow/example_dags/example_bash_operator.py took 0.098 seconds
[2021-10-24 03:21:32,863] {scheduler_job.py:182} INFO - Started process (PID=8028) to work on /home/airflow/sandbox/lib/python3.8/site-packages/airflow/example_dags/example_bash_operator.py
[2021-10-24 03:21:32,865] {scheduler_job.py:633} INFO - Processing file /home/airflow/sandbox/lib/python3.8/site-packages/airflow/example_dags/example_bash_operator.py for tasks to queue
[2021-10-24 03:21:32,866] {logging_mixin.py:104} INFO - [2021-10-24 03:21:32,866] {dagbag.py:487} INFO - Filling up the DagBag from /home/airflow/sandbox/lib/python3.8/site-packages/airflow/example_dags/example_bash_operator.py
[2021-10-24 03:21:32,888] {scheduler_job.py:643} INFO - DAG(s) dict_keys(['example_bash_operator']) retrieved from /home/airflow/sandbox/lib/python3.8/site-packages/airflow/example_dags/example_bash_operator.py
[2021-10-24 03:21:32,911] {logging_mixin.py:104} INFO - [2021-10-24 03:21:32,911] {dag.py:1832} INFO - Sync 1 DAGs
[2021-10-24 03:21:32,941] {logging_mixin.py:104} INFO - [2021-10-24 03:21:32,940] {dag.py:2305} INFO - Setting next_dagrun for example_bash_operator to 2021-10-24 00:00:00+00:00
[2021-10-24 03:21:32,967] {scheduler_job.py:190} INFO - Processing /home/airflow/sandbox/lib/python3.8/site-packages/airflow/example_dags/example_bash_operator.py took 0.109 seconds
[2021-10-24 03:22:08,499] {scheduler_job.py:182} INFO - Started process (PID=8061) to work on /home/airflow/sandbox/lib/python3.8/site-packages/airflow/example_dags/example_bash_operator.py
[2021-10-24 03:22:08,500] {scheduler_job.py:633} INFO - Processing file /home/airflow/sandbox/lib/python3.8/site-packages/airflow/example_dags/example_bash_operator.py for tasks to queue
[2021-10-24 03:22:08,502] {logging_mixin.py:104} INFO - [2021-10-24 03:22:08,501] {dagbag.py:487} INFO - Filling up the DagBag from /home/airflow/sandbox/lib/python3.8/site-packages/airflow/example_dags/example_bash_operator.py
[2021-10-24 03:22:08,522] {scheduler_job.py:643} INFO - DAG(s) dict_keys(['example_bash_operator']) retrieved from /home/airflow/sandbox/lib/python3.8/site-packages/airflow/example_dags/example_bash_operator.py
[2021-10-24 03:22:08,545] {logging_mixin.py:104} INFO - [2021-10-24 03:22:08,545] {dag.py:1832} INFO - Sync 1 DAGs
[2021-10-24 03:22:08,565] {logging_mixin.py:104} INFO - [2021-10-24 03:22:08,565] {dag.py:2305} INFO - Setting next_dagrun for example_bash_operator to 2021-10-24 00:00:00+00:00
[2021-10-24 03:22:08,588] {scheduler_job.py:190} INFO - Processing /home/airflow/sandbox/lib/python3.8/site-packages/airflow/example_dags/example_bash_operator.py took 0.102 seconds
[2021-10-24 03:22:44,113] {scheduler_job.py:182} INFO - Started process (PID=8091) to work on /home/airflow/sandbox/lib/python3.8/site-packages/airflow/example_dags/example_bash_operator.py
[2021-10-24 03:22:44,115] {scheduler_job.py:633} INFO - Processing file /home/airflow/sandbox/lib/python3.8/site-packages/airflow/example_dags/example_bash_operator.py for tasks to queue
[2021-10-24 03:22:44,116] {logging_mixin.py:104} INFO - [2021-10-24 03:22:44,116] {dagbag.py:487} INFO - Filling up the DagBag from /home/airflow/sandbox/lib/python3.8/site-packages/airflow/example_dags/example_bash_operator.py
[2021-10-24 03:22:44,139] {scheduler_job.py:643} INFO - DAG(s) dict_keys(['example_bash_operator']) retrieved from /home/airflow/sandbox/lib/python3.8/site-packages/airflow/example_dags/example_bash_operator.py
[2021-10-24 03:22:44,164] {logging_mixin.py:104} INFO - [2021-10-24 03:22:44,164] {dag.py:1832} INFO - Sync 1 DAGs
[2021-10-24 03:22:44,180] {logging_mixin.py:104} INFO - [2021-10-24 03:22:44,180] {dag.py:2305} INFO - Setting next_dagrun for example_bash_operator to 2021-10-24 00:00:00+00:00
[2021-10-24 03:22:44,194] {scheduler_job.py:190} INFO - Processing /home/airflow/sandbox/lib/python3.8/site-packages/airflow/example_dags/example_bash_operator.py took 0.086 seconds
[2021-10-24 03:23:19,935] {scheduler_job.py:182} INFO - Started process (PID=8166) to work on /home/airflow/sandbox/lib/python3.8/site-packages/airflow/example_dags/example_bash_operator.py
[2021-10-24 03:23:19,936] {scheduler_job.py:633} INFO - Processing file /home/airflow/sandbox/lib/python3.8/site-packages/airflow/example_dags/example_bash_operator.py for tasks to queue
[2021-10-24 03:23:19,937] {logging_mixin.py:104} INFO - [2021-10-24 03:23:19,937] {dagbag.py:487} INFO - Filling up the DagBag from /home/airflow/sandbox/lib/python3.8/site-packages/airflow/example_dags/example_bash_operator.py
[2021-10-24 03:23:19,959] {scheduler_job.py:643} INFO - DAG(s) dict_keys(['example_bash_operator']) retrieved from /home/airflow/sandbox/lib/python3.8/site-packages/airflow/example_dags/example_bash_operator.py
[2021-10-24 03:23:19,981] {logging_mixin.py:104} INFO - [2021-10-24 03:23:19,981] {dag.py:1832} INFO - Sync 1 DAGs
[2021-10-24 03:23:20,003] {logging_mixin.py:104} INFO - [2021-10-24 03:23:20,002] {dag.py:2305} INFO - Setting next_dagrun for example_bash_operator to 2021-10-24 00:00:00+00:00
[2021-10-24 03:23:20,029] {scheduler_job.py:190} INFO - Processing /home/airflow/sandbox/lib/python3.8/site-packages/airflow/example_dags/example_bash_operator.py took 0.099 seconds
[2021-10-24 03:23:52,779] {scheduler_job.py:182} INFO - Started process (PID=8196) to work on /home/airflow/sandbox/lib/python3.8/site-packages/airflow/example_dags/example_bash_operator.py
[2021-10-24 03:23:52,780] {scheduler_job.py:633} INFO - Processing file /home/airflow/sandbox/lib/python3.8/site-packages/airflow/example_dags/example_bash_operator.py for tasks to queue
[2021-10-24 03:23:52,781] {logging_mixin.py:104} INFO - [2021-10-24 03:23:52,781] {dagbag.py:487} INFO - Filling up the DagBag from /home/airflow/sandbox/lib/python3.8/site-packages/airflow/example_dags/example_bash_operator.py
[2021-10-24 03:23:52,803] {scheduler_job.py:643} INFO - DAG(s) dict_keys(['example_bash_operator']) retrieved from /home/airflow/sandbox/lib/python3.8/site-packages/airflow/example_dags/example_bash_operator.py
[2021-10-24 03:23:52,823] {logging_mixin.py:104} INFO - [2021-10-24 03:23:52,823] {dag.py:1832} INFO - Sync 1 DAGs
[2021-10-24 03:23:52,842] {logging_mixin.py:104} INFO - [2021-10-24 03:23:52,842] {dag.py:2305} INFO - Setting next_dagrun for example_bash_operator to 2021-10-24 00:00:00+00:00
[2021-10-24 03:23:52,865] {scheduler_job.py:190} INFO - Processing /home/airflow/sandbox/lib/python3.8/site-packages/airflow/example_dags/example_bash_operator.py took 0.092 seconds
[2021-10-24 03:24:27,307] {scheduler_job.py:182} INFO - Started process (PID=8225) to work on /home/airflow/sandbox/lib/python3.8/site-packages/airflow/example_dags/example_bash_operator.py
[2021-10-24 03:24:27,309] {scheduler_job.py:633} INFO - Processing file /home/airflow/sandbox/lib/python3.8/site-packages/airflow/example_dags/example_bash_operator.py for tasks to queue
[2021-10-24 03:24:27,310] {logging_mixin.py:104} INFO - [2021-10-24 03:24:27,310] {dagbag.py:487} INFO - Filling up the DagBag from /home/airflow/sandbox/lib/python3.8/site-packages/airflow/example_dags/example_bash_operator.py
[2021-10-24 03:24:27,333] {scheduler_job.py:643} INFO - DAG(s) dict_keys(['example_bash_operator']) retrieved from /home/airflow/sandbox/lib/python3.8/site-packages/airflow/example_dags/example_bash_operator.py
[2021-10-24 03:24:27,355] {logging_mixin.py:104} INFO - [2021-10-24 03:24:27,355] {dag.py:1832} INFO - Sync 1 DAGs
[2021-10-24 03:24:27,374] {logging_mixin.py:104} INFO - [2021-10-24 03:24:27,374] {dag.py:2305} INFO - Setting next_dagrun for example_bash_operator to 2021-10-24 00:00:00+00:00
[2021-10-24 03:24:27,399] {scheduler_job.py:190} INFO - Processing /home/airflow/sandbox/lib/python3.8/site-packages/airflow/example_dags/example_bash_operator.py took 0.096 seconds
[2021-10-24 03:25:03,028] {scheduler_job.py:182} INFO - Started process (PID=8257) to work on /home/airflow/sandbox/lib/python3.8/site-packages/airflow/example_dags/example_bash_operator.py
[2021-10-24 03:25:03,029] {scheduler_job.py:633} INFO - Processing file /home/airflow/sandbox/lib/python3.8/site-packages/airflow/example_dags/example_bash_operator.py for tasks to queue
[2021-10-24 03:25:03,030] {logging_mixin.py:104} INFO - [2021-10-24 03:25:03,030] {dagbag.py:487} INFO - Filling up the DagBag from /home/airflow/sandbox/lib/python3.8/site-packages/airflow/example_dags/example_bash_operator.py
[2021-10-24 03:25:03,051] {scheduler_job.py:643} INFO - DAG(s) dict_keys(['example_bash_operator']) retrieved from /home/airflow/sandbox/lib/python3.8/site-packages/airflow/example_dags/example_bash_operator.py
[2021-10-24 03:25:03,070] {logging_mixin.py:104} INFO - [2021-10-24 03:25:03,070] {dag.py:1832} INFO - Sync 1 DAGs
[2021-10-24 03:25:03,089] {logging_mixin.py:104} INFO - [2021-10-24 03:25:03,089] {dag.py:2305} INFO - Setting next_dagrun for example_bash_operator to 2021-10-24 00:00:00+00:00
[2021-10-24 03:25:03,115] {scheduler_job.py:190} INFO - Processing /home/airflow/sandbox/lib/python3.8/site-packages/airflow/example_dags/example_bash_operator.py took 0.092 seconds
[2021-10-24 03:25:38,363] {scheduler_job.py:182} INFO - Started process (PID=8286) to work on /home/airflow/sandbox/lib/python3.8/site-packages/airflow/example_dags/example_bash_operator.py
[2021-10-24 03:25:38,364] {scheduler_job.py:633} INFO - Processing file /home/airflow/sandbox/lib/python3.8/site-packages/airflow/example_dags/example_bash_operator.py for tasks to queue
[2021-10-24 03:25:38,365] {logging_mixin.py:104} INFO - [2021-10-24 03:25:38,365] {dagbag.py:487} INFO - Filling up the DagBag from /home/airflow/sandbox/lib/python3.8/site-packages/airflow/example_dags/example_bash_operator.py
[2021-10-24 03:25:38,385] {scheduler_job.py:643} INFO - DAG(s) dict_keys(['example_bash_operator']) retrieved from /home/airflow/sandbox/lib/python3.8/site-packages/airflow/example_dags/example_bash_operator.py
[2021-10-24 03:25:38,402] {logging_mixin.py:104} INFO - [2021-10-24 03:25:38,402] {dag.py:1832} INFO - Sync 1 DAGs
[2021-10-24 03:25:38,413] {logging_mixin.py:104} INFO - [2021-10-24 03:25:38,413] {dag.py:2305} INFO - Setting next_dagrun for example_bash_operator to 2021-10-24 00:00:00+00:00
[2021-10-24 03:25:38,431] {scheduler_job.py:190} INFO - Processing /home/airflow/sandbox/lib/python3.8/site-packages/airflow/example_dags/example_bash_operator.py took 0.074 seconds
[2021-10-24 03:26:14,450] {scheduler_job.py:182} INFO - Started process (PID=8317) to work on /home/airflow/sandbox/lib/python3.8/site-packages/airflow/example_dags/example_bash_operator.py
[2021-10-24 03:26:14,452] {scheduler_job.py:633} INFO - Processing file /home/airflow/sandbox/lib/python3.8/site-packages/airflow/example_dags/example_bash_operator.py for tasks to queue
[2021-10-24 03:26:14,453] {logging_mixin.py:104} INFO - [2021-10-24 03:26:14,453] {dagbag.py:487} INFO - Filling up the DagBag from /home/airflow/sandbox/lib/python3.8/site-packages/airflow/example_dags/example_bash_operator.py
[2021-10-24 03:26:14,475] {scheduler_job.py:643} INFO - DAG(s) dict_keys(['example_bash_operator']) retrieved from /home/airflow/sandbox/lib/python3.8/site-packages/airflow/example_dags/example_bash_operator.py
[2021-10-24 03:26:14,500] {logging_mixin.py:104} INFO - [2021-10-24 03:26:14,500] {dag.py:1832} INFO - Sync 1 DAGs
[2021-10-24 03:26:14,519] {logging_mixin.py:104} INFO - [2021-10-24 03:26:14,519] {dag.py:2305} INFO - Setting next_dagrun for example_bash_operator to 2021-10-24 00:00:00+00:00
[2021-10-24 03:26:14,544] {scheduler_job.py:190} INFO - Processing /home/airflow/sandbox/lib/python3.8/site-packages/airflow/example_dags/example_bash_operator.py took 0.099 seconds
[2021-10-24 03:26:50,531] {scheduler_job.py:182} INFO - Started process (PID=8348) to work on /home/airflow/sandbox/lib/python3.8/site-packages/airflow/example_dags/example_bash_operator.py
[2021-10-24 03:26:50,533] {scheduler_job.py:633} INFO - Processing file /home/airflow/sandbox/lib/python3.8/site-packages/airflow/example_dags/example_bash_operator.py for tasks to queue
[2021-10-24 03:26:50,534] {logging_mixin.py:104} INFO - [2021-10-24 03:26:50,534] {dagbag.py:487} INFO - Filling up the DagBag from /home/airflow/sandbox/lib/python3.8/site-packages/airflow/example_dags/example_bash_operator.py
[2021-10-24 03:26:50,556] {scheduler_job.py:643} INFO - DAG(s) dict_keys(['example_bash_operator']) retrieved from /home/airflow/sandbox/lib/python3.8/site-packages/airflow/example_dags/example_bash_operator.py
[2021-10-24 03:26:50,582] {logging_mixin.py:104} INFO - [2021-10-24 03:26:50,582] {dag.py:1832} INFO - Sync 1 DAGs
[2021-10-24 03:26:50,603] {logging_mixin.py:104} INFO - [2021-10-24 03:26:50,602] {dag.py:2305} INFO - Setting next_dagrun for example_bash_operator to 2021-10-24 00:00:00+00:00
[2021-10-24 03:26:50,625] {scheduler_job.py:190} INFO - Processing /home/airflow/sandbox/lib/python3.8/site-packages/airflow/example_dags/example_bash_operator.py took 0.098 seconds
[2021-10-24 03:27:25,946] {scheduler_job.py:182} INFO - Started process (PID=8378) to work on /home/airflow/sandbox/lib/python3.8/site-packages/airflow/example_dags/example_bash_operator.py
[2021-10-24 03:27:25,948] {scheduler_job.py:633} INFO - Processing file /home/airflow/sandbox/lib/python3.8/site-packages/airflow/example_dags/example_bash_operator.py for tasks to queue
[2021-10-24 03:27:25,949] {logging_mixin.py:104} INFO - [2021-10-24 03:27:25,949] {dagbag.py:487} INFO - Filling up the DagBag from /home/airflow/sandbox/lib/python3.8/site-packages/airflow/example_dags/example_bash_operator.py
[2021-10-24 03:27:25,972] {scheduler_job.py:643} INFO - DAG(s) dict_keys(['example_bash_operator']) retrieved from /home/airflow/sandbox/lib/python3.8/site-packages/airflow/example_dags/example_bash_operator.py
[2021-10-24 03:27:25,996] {logging_mixin.py:104} INFO - [2021-10-24 03:27:25,996] {dag.py:1832} INFO - Sync 1 DAGs
[2021-10-24 03:27:26,019] {logging_mixin.py:104} INFO - [2021-10-24 03:27:26,018] {dag.py:2305} INFO - Setting next_dagrun for example_bash_operator to 2021-10-24 00:00:00+00:00
[2021-10-24 03:27:26,044] {scheduler_job.py:190} INFO - Processing /home/airflow/sandbox/lib/python3.8/site-packages/airflow/example_dags/example_bash_operator.py took 0.103 seconds
[2021-10-24 03:28:04,869] {scheduler_job.py:182} INFO - Started process (PID=8412) to work on /home/airflow/sandbox/lib/python3.8/site-packages/airflow/example_dags/example_bash_operator.py
[2021-10-24 03:28:04,871] {scheduler_job.py:633} INFO - Processing file /home/airflow/sandbox/lib/python3.8/site-packages/airflow/example_dags/example_bash_operator.py for tasks to queue
[2021-10-24 03:28:04,872] {logging_mixin.py:104} INFO - [2021-10-24 03:28:04,872] {dagbag.py:487} INFO - Filling up the DagBag from /home/airflow/sandbox/lib/python3.8/site-packages/airflow/example_dags/example_bash_operator.py
[2021-10-24 03:28:04,893] {scheduler_job.py:643} INFO - DAG(s) dict_keys(['example_bash_operator']) retrieved from /home/airflow/sandbox/lib/python3.8/site-packages/airflow/example_dags/example_bash_operator.py
[2021-10-24 03:28:04,916] {logging_mixin.py:104} INFO - [2021-10-24 03:28:04,915] {dag.py:1832} INFO - Sync 1 DAGs
[2021-10-24 03:28:04,937] {logging_mixin.py:104} INFO - [2021-10-24 03:28:04,936] {dag.py:2305} INFO - Setting next_dagrun for example_bash_operator to 2021-10-24 00:00:00+00:00
[2021-10-24 03:28:04,956] {scheduler_job.py:190} INFO - Processing /home/airflow/sandbox/lib/python3.8/site-packages/airflow/example_dags/example_bash_operator.py took 0.092 seconds
[2021-10-24 03:28:42,057] {scheduler_job.py:182} INFO - Started process (PID=8518) to work on /home/airflow/sandbox/lib/python3.8/site-packages/airflow/example_dags/example_bash_operator.py
[2021-10-24 03:28:42,059] {scheduler_job.py:633} INFO - Processing file /home/airflow/sandbox/lib/python3.8/site-packages/airflow/example_dags/example_bash_operator.py for tasks to queue
[2021-10-24 03:28:42,061] {logging_mixin.py:104} INFO - [2021-10-24 03:28:42,061] {dagbag.py:487} INFO - Filling up the DagBag from /home/airflow/sandbox/lib/python3.8/site-packages/airflow/example_dags/example_bash_operator.py
[2021-10-24 03:28:42,079] {scheduler_job.py:643} INFO - DAG(s) dict_keys(['example_bash_operator']) retrieved from /home/airflow/sandbox/lib/python3.8/site-packages/airflow/example_dags/example_bash_operator.py
[2021-10-24 03:28:42,099] {logging_mixin.py:104} INFO - [2021-10-24 03:28:42,099] {dag.py:1832} INFO - Sync 1 DAGs
[2021-10-24 03:28:42,117] {logging_mixin.py:104} INFO - [2021-10-24 03:28:42,117] {dag.py:2305} INFO - Setting next_dagrun for example_bash_operator to 2021-10-24 00:00:00+00:00
[2021-10-24 03:28:42,139] {scheduler_job.py:190} INFO - Processing /home/airflow/sandbox/lib/python3.8/site-packages/airflow/example_dags/example_bash_operator.py took 0.088 seconds
[2021-10-24 03:29:15,861] {scheduler_job.py:182} INFO - Started process (PID=8698) to work on /home/airflow/sandbox/lib/python3.8/site-packages/airflow/example_dags/example_bash_operator.py
[2021-10-24 03:29:15,862] {scheduler_job.py:633} INFO - Processing file /home/airflow/sandbox/lib/python3.8/site-packages/airflow/example_dags/example_bash_operator.py for tasks to queue
[2021-10-24 03:29:15,863] {logging_mixin.py:104} INFO - [2021-10-24 03:29:15,863] {dagbag.py:487} INFO - Filling up the DagBag from /home/airflow/sandbox/lib/python3.8/site-packages/airflow/example_dags/example_bash_operator.py
[2021-10-24 03:29:15,885] {scheduler_job.py:643} INFO - DAG(s) dict_keys(['example_bash_operator']) retrieved from /home/airflow/sandbox/lib/python3.8/site-packages/airflow/example_dags/example_bash_operator.py
[2021-10-24 03:29:15,912] {logging_mixin.py:104} INFO - [2021-10-24 03:29:15,912] {dag.py:1832} INFO - Sync 1 DAGs
[2021-10-24 03:29:15,933] {logging_mixin.py:104} INFO - [2021-10-24 03:29:15,932] {dag.py:2305} INFO - Setting next_dagrun for example_bash_operator to 2021-10-24 00:00:00+00:00
[2021-10-24 03:29:15,958] {scheduler_job.py:190} INFO - Processing /home/airflow/sandbox/lib/python3.8/site-packages/airflow/example_dags/example_bash_operator.py took 0.102 seconds
[2021-10-24 03:29:52,250] {scheduler_job.py:182} INFO - Started process (PID=8849) to work on /home/airflow/sandbox/lib/python3.8/site-packages/airflow/example_dags/example_bash_operator.py
[2021-10-24 03:29:52,252] {scheduler_job.py:633} INFO - Processing file /home/airflow/sandbox/lib/python3.8/site-packages/airflow/example_dags/example_bash_operator.py for tasks to queue
[2021-10-24 03:29:52,253] {logging_mixin.py:104} INFO - [2021-10-24 03:29:52,253] {dagbag.py:487} INFO - Filling up the DagBag from /home/airflow/sandbox/lib/python3.8/site-packages/airflow/example_dags/example_bash_operator.py
[2021-10-24 03:29:52,272] {scheduler_job.py:643} INFO - DAG(s) dict_keys(['example_bash_operator']) retrieved from /home/airflow/sandbox/lib/python3.8/site-packages/airflow/example_dags/example_bash_operator.py
[2021-10-24 03:29:52,282] {logging_mixin.py:104} INFO - [2021-10-24 03:29:52,281] {dag.py:1832} INFO - Sync 1 DAGs
[2021-10-24 03:29:52,302] {logging_mixin.py:104} INFO - [2021-10-24 03:29:52,301] {dag.py:2305} INFO - Setting next_dagrun for example_bash_operator to 2021-10-24 00:00:00+00:00
[2021-10-24 03:29:52,323] {scheduler_job.py:190} INFO - Processing /home/airflow/sandbox/lib/python3.8/site-packages/airflow/example_dags/example_bash_operator.py took 0.078 seconds
[2021-10-24 06:05:30,779] {scheduler_job.py:182} INFO - Started process (PID=9169) to work on /home/airflow/sandbox/lib/python3.8/site-packages/airflow/example_dags/example_bash_operator.py
[2021-10-24 06:05:30,781] {scheduler_job.py:633} INFO - Processing file /home/airflow/sandbox/lib/python3.8/site-packages/airflow/example_dags/example_bash_operator.py for tasks to queue
[2021-10-24 06:05:30,781] {logging_mixin.py:104} INFO - [2021-10-24 06:05:30,781] {dagbag.py:487} INFO - Filling up the DagBag from /home/airflow/sandbox/lib/python3.8/site-packages/airflow/example_dags/example_bash_operator.py
[2021-10-24 06:05:30,804] {scheduler_job.py:643} INFO - DAG(s) dict_keys(['example_bash_operator']) retrieved from /home/airflow/sandbox/lib/python3.8/site-packages/airflow/example_dags/example_bash_operator.py
[2021-10-24 06:05:30,830] {logging_mixin.py:104} INFO - [2021-10-24 06:05:30,830] {dag.py:1832} INFO - Sync 1 DAGs
[2021-10-24 06:05:30,852] {logging_mixin.py:104} INFO - [2021-10-24 06:05:30,852] {dag.py:2305} INFO - Setting next_dagrun for example_bash_operator to 2021-10-24 00:00:00+00:00
[2021-10-24 06:05:30,881] {scheduler_job.py:190} INFO - Processing /home/airflow/sandbox/lib/python3.8/site-packages/airflow/example_dags/example_bash_operator.py took 0.107 seconds
