[2021-10-24 03:08:44,043] {scheduler_job.py:182} INFO - Started process (PID=6330) to work on /home/airflow/sandbox/lib/python3.8/site-packages/airflow/example_dags/example_complex.py
[2021-10-24 03:08:44,044] {scheduler_job.py:633} INFO - Processing file /home/airflow/sandbox/lib/python3.8/site-packages/airflow/example_dags/example_complex.py for tasks to queue
[2021-10-24 03:08:44,044] {logging_mixin.py:104} INFO - [2021-10-24 03:08:44,044] {dagbag.py:487} INFO - Filling up the DagBag from /home/airflow/sandbox/lib/python3.8/site-packages/airflow/example_dags/example_complex.py
[2021-10-24 03:08:44,072] {scheduler_job.py:643} INFO - DAG(s) dict_keys(['example_complex']) retrieved from /home/airflow/sandbox/lib/python3.8/site-packages/airflow/example_dags/example_complex.py
[2021-10-24 03:08:44,101] {logging_mixin.py:104} INFO - [2021-10-24 03:08:44,101] {dag.py:1832} INFO - Sync 1 DAGs
[2021-10-24 03:08:44,118] {logging_mixin.py:104} INFO - [2021-10-24 03:08:44,118] {dag.py:2305} INFO - Setting next_dagrun for example_complex to None
[2021-10-24 03:08:44,142] {scheduler_job.py:190} INFO - Processing /home/airflow/sandbox/lib/python3.8/site-packages/airflow/example_dags/example_complex.py took 0.105 seconds
[2021-10-24 03:09:20,103] {scheduler_job.py:182} INFO - Started process (PID=6361) to work on /home/airflow/sandbox/lib/python3.8/site-packages/airflow/example_dags/example_complex.py
[2021-10-24 03:09:20,105] {scheduler_job.py:633} INFO - Processing file /home/airflow/sandbox/lib/python3.8/site-packages/airflow/example_dags/example_complex.py for tasks to queue
[2021-10-24 03:09:20,106] {logging_mixin.py:104} INFO - [2021-10-24 03:09:20,106] {dagbag.py:487} INFO - Filling up the DagBag from /home/airflow/sandbox/lib/python3.8/site-packages/airflow/example_dags/example_complex.py
[2021-10-24 03:09:20,132] {scheduler_job.py:643} INFO - DAG(s) dict_keys(['example_complex']) retrieved from /home/airflow/sandbox/lib/python3.8/site-packages/airflow/example_dags/example_complex.py
[2021-10-24 03:09:20,160] {logging_mixin.py:104} INFO - [2021-10-24 03:09:20,160] {dag.py:1832} INFO - Sync 1 DAGs
[2021-10-24 03:09:20,177] {logging_mixin.py:104} INFO - [2021-10-24 03:09:20,176] {dag.py:2305} INFO - Setting next_dagrun for example_complex to None
[2021-10-24 03:09:20,194] {scheduler_job.py:190} INFO - Processing /home/airflow/sandbox/lib/python3.8/site-packages/airflow/example_dags/example_complex.py took 0.095 seconds
[2021-10-24 03:09:56,914] {scheduler_job.py:182} INFO - Started process (PID=6395) to work on /home/airflow/sandbox/lib/python3.8/site-packages/airflow/example_dags/example_complex.py
[2021-10-24 03:09:56,916] {scheduler_job.py:633} INFO - Processing file /home/airflow/sandbox/lib/python3.8/site-packages/airflow/example_dags/example_complex.py for tasks to queue
[2021-10-24 03:09:56,917] {logging_mixin.py:104} INFO - [2021-10-24 03:09:56,917] {dagbag.py:487} INFO - Filling up the DagBag from /home/airflow/sandbox/lib/python3.8/site-packages/airflow/example_dags/example_complex.py
[2021-10-24 03:09:56,944] {scheduler_job.py:643} INFO - DAG(s) dict_keys(['example_complex']) retrieved from /home/airflow/sandbox/lib/python3.8/site-packages/airflow/example_dags/example_complex.py
[2021-10-24 03:09:56,972] {logging_mixin.py:104} INFO - [2021-10-24 03:09:56,972] {dag.py:1832} INFO - Sync 1 DAGs
[2021-10-24 03:09:56,988] {logging_mixin.py:104} INFO - [2021-10-24 03:09:56,988] {dag.py:2305} INFO - Setting next_dagrun for example_complex to None
[2021-10-24 03:09:57,008] {scheduler_job.py:190} INFO - Processing /home/airflow/sandbox/lib/python3.8/site-packages/airflow/example_dags/example_complex.py took 0.099 seconds
[2021-10-24 03:10:33,421] {scheduler_job.py:182} INFO - Started process (PID=6482) to work on /home/airflow/sandbox/lib/python3.8/site-packages/airflow/example_dags/example_complex.py
[2021-10-24 03:10:33,423] {scheduler_job.py:633} INFO - Processing file /home/airflow/sandbox/lib/python3.8/site-packages/airflow/example_dags/example_complex.py for tasks to queue
[2021-10-24 03:10:33,424] {logging_mixin.py:104} INFO - [2021-10-24 03:10:33,424] {dagbag.py:487} INFO - Filling up the DagBag from /home/airflow/sandbox/lib/python3.8/site-packages/airflow/example_dags/example_complex.py
[2021-10-24 03:10:33,451] {scheduler_job.py:643} INFO - DAG(s) dict_keys(['example_complex']) retrieved from /home/airflow/sandbox/lib/python3.8/site-packages/airflow/example_dags/example_complex.py
[2021-10-24 03:10:33,475] {logging_mixin.py:104} INFO - [2021-10-24 03:10:33,474] {dag.py:1832} INFO - Sync 1 DAGs
[2021-10-24 03:10:33,492] {logging_mixin.py:104} INFO - [2021-10-24 03:10:33,492] {dag.py:2305} INFO - Setting next_dagrun for example_complex to None
[2021-10-24 03:10:33,515] {scheduler_job.py:190} INFO - Processing /home/airflow/sandbox/lib/python3.8/site-packages/airflow/example_dags/example_complex.py took 0.100 seconds
[2021-10-24 03:11:10,248] {scheduler_job.py:182} INFO - Started process (PID=6611) to work on /home/airflow/sandbox/lib/python3.8/site-packages/airflow/example_dags/example_complex.py
[2021-10-24 03:11:10,250] {scheduler_job.py:633} INFO - Processing file /home/airflow/sandbox/lib/python3.8/site-packages/airflow/example_dags/example_complex.py for tasks to queue
[2021-10-24 03:11:10,251] {logging_mixin.py:104} INFO - [2021-10-24 03:11:10,251] {dagbag.py:487} INFO - Filling up the DagBag from /home/airflow/sandbox/lib/python3.8/site-packages/airflow/example_dags/example_complex.py
[2021-10-24 03:11:10,277] {scheduler_job.py:643} INFO - DAG(s) dict_keys(['example_complex']) retrieved from /home/airflow/sandbox/lib/python3.8/site-packages/airflow/example_dags/example_complex.py
[2021-10-24 03:11:10,307] {logging_mixin.py:104} INFO - [2021-10-24 03:11:10,307] {dag.py:1832} INFO - Sync 1 DAGs
[2021-10-24 03:11:10,326] {logging_mixin.py:104} INFO - [2021-10-24 03:11:10,326] {dag.py:2305} INFO - Setting next_dagrun for example_complex to None
[2021-10-24 03:11:10,347] {scheduler_job.py:190} INFO - Processing /home/airflow/sandbox/lib/python3.8/site-packages/airflow/example_dags/example_complex.py took 0.105 seconds
[2021-10-24 03:11:47,429] {scheduler_job.py:182} INFO - Started process (PID=6644) to work on /home/airflow/sandbox/lib/python3.8/site-packages/airflow/example_dags/example_complex.py
[2021-10-24 03:11:47,430] {scheduler_job.py:633} INFO - Processing file /home/airflow/sandbox/lib/python3.8/site-packages/airflow/example_dags/example_complex.py for tasks to queue
[2021-10-24 03:11:47,431] {logging_mixin.py:104} INFO - [2021-10-24 03:11:47,431] {dagbag.py:487} INFO - Filling up the DagBag from /home/airflow/sandbox/lib/python3.8/site-packages/airflow/example_dags/example_complex.py
[2021-10-24 03:11:47,460] {scheduler_job.py:643} INFO - DAG(s) dict_keys(['example_complex']) retrieved from /home/airflow/sandbox/lib/python3.8/site-packages/airflow/example_dags/example_complex.py
[2021-10-24 03:11:47,488] {logging_mixin.py:104} INFO - [2021-10-24 03:11:47,488] {dag.py:1832} INFO - Sync 1 DAGs
[2021-10-24 03:11:47,507] {logging_mixin.py:104} INFO - [2021-10-24 03:11:47,507] {dag.py:2305} INFO - Setting next_dagrun for example_complex to None
[2021-10-24 03:11:47,530] {scheduler_job.py:190} INFO - Processing /home/airflow/sandbox/lib/python3.8/site-packages/airflow/example_dags/example_complex.py took 0.107 seconds
[2021-10-24 03:12:23,648] {scheduler_job.py:182} INFO - Started process (PID=6702) to work on /home/airflow/sandbox/lib/python3.8/site-packages/airflow/example_dags/example_complex.py
[2021-10-24 03:12:23,649] {scheduler_job.py:633} INFO - Processing file /home/airflow/sandbox/lib/python3.8/site-packages/airflow/example_dags/example_complex.py for tasks to queue
[2021-10-24 03:12:23,649] {logging_mixin.py:104} INFO - [2021-10-24 03:12:23,649] {dagbag.py:487} INFO - Filling up the DagBag from /home/airflow/sandbox/lib/python3.8/site-packages/airflow/example_dags/example_complex.py
[2021-10-24 03:12:23,676] {scheduler_job.py:643} INFO - DAG(s) dict_keys(['example_complex']) retrieved from /home/airflow/sandbox/lib/python3.8/site-packages/airflow/example_dags/example_complex.py
[2021-10-24 03:12:23,704] {logging_mixin.py:104} INFO - [2021-10-24 03:12:23,704] {dag.py:1832} INFO - Sync 1 DAGs
[2021-10-24 03:12:23,721] {logging_mixin.py:104} INFO - [2021-10-24 03:12:23,721] {dag.py:2305} INFO - Setting next_dagrun for example_complex to None
[2021-10-24 03:12:23,746] {scheduler_job.py:190} INFO - Processing /home/airflow/sandbox/lib/python3.8/site-packages/airflow/example_dags/example_complex.py took 0.101 seconds
[2021-10-24 03:12:59,148] {scheduler_job.py:182} INFO - Started process (PID=6758) to work on /home/airflow/sandbox/lib/python3.8/site-packages/airflow/example_dags/example_complex.py
[2021-10-24 03:12:59,149] {scheduler_job.py:633} INFO - Processing file /home/airflow/sandbox/lib/python3.8/site-packages/airflow/example_dags/example_complex.py for tasks to queue
[2021-10-24 03:12:59,151] {logging_mixin.py:104} INFO - [2021-10-24 03:12:59,150] {dagbag.py:487} INFO - Filling up the DagBag from /home/airflow/sandbox/lib/python3.8/site-packages/airflow/example_dags/example_complex.py
[2021-10-24 03:12:59,175] {scheduler_job.py:643} INFO - DAG(s) dict_keys(['example_complex']) retrieved from /home/airflow/sandbox/lib/python3.8/site-packages/airflow/example_dags/example_complex.py
[2021-10-24 03:12:59,202] {logging_mixin.py:104} INFO - [2021-10-24 03:12:59,202] {dag.py:1832} INFO - Sync 1 DAGs
[2021-10-24 03:12:59,216] {logging_mixin.py:104} INFO - [2021-10-24 03:12:59,216] {dag.py:2305} INFO - Setting next_dagrun for example_complex to None
[2021-10-24 03:12:59,242] {scheduler_job.py:190} INFO - Processing /home/airflow/sandbox/lib/python3.8/site-packages/airflow/example_dags/example_complex.py took 0.099 seconds
[2021-10-24 03:13:35,795] {scheduler_job.py:182} INFO - Started process (PID=6836) to work on /home/airflow/sandbox/lib/python3.8/site-packages/airflow/example_dags/example_complex.py
[2021-10-24 03:13:35,795] {scheduler_job.py:633} INFO - Processing file /home/airflow/sandbox/lib/python3.8/site-packages/airflow/example_dags/example_complex.py for tasks to queue
[2021-10-24 03:13:35,796] {logging_mixin.py:104} INFO - [2021-10-24 03:13:35,796] {dagbag.py:487} INFO - Filling up the DagBag from /home/airflow/sandbox/lib/python3.8/site-packages/airflow/example_dags/example_complex.py
[2021-10-24 03:13:35,809] {scheduler_job.py:643} INFO - DAG(s) dict_keys(['example_complex']) retrieved from /home/airflow/sandbox/lib/python3.8/site-packages/airflow/example_dags/example_complex.py
[2021-10-24 03:13:35,834] {logging_mixin.py:104} INFO - [2021-10-24 03:13:35,834] {dag.py:1832} INFO - Sync 1 DAGs
[2021-10-24 03:13:35,848] {logging_mixin.py:104} INFO - [2021-10-24 03:13:35,848] {dag.py:2305} INFO - Setting next_dagrun for example_complex to None
[2021-10-24 03:13:35,869] {scheduler_job.py:190} INFO - Processing /home/airflow/sandbox/lib/python3.8/site-packages/airflow/example_dags/example_complex.py took 0.077 seconds
[2021-10-24 03:14:11,016] {scheduler_job.py:182} INFO - Started process (PID=6867) to work on /home/airflow/sandbox/lib/python3.8/site-packages/airflow/example_dags/example_complex.py
[2021-10-24 03:14:11,018] {scheduler_job.py:633} INFO - Processing file /home/airflow/sandbox/lib/python3.8/site-packages/airflow/example_dags/example_complex.py for tasks to queue
[2021-10-24 03:14:11,019] {logging_mixin.py:104} INFO - [2021-10-24 03:14:11,019] {dagbag.py:487} INFO - Filling up the DagBag from /home/airflow/sandbox/lib/python3.8/site-packages/airflow/example_dags/example_complex.py
[2021-10-24 03:14:11,041] {scheduler_job.py:643} INFO - DAG(s) dict_keys(['example_complex']) retrieved from /home/airflow/sandbox/lib/python3.8/site-packages/airflow/example_dags/example_complex.py
[2021-10-24 03:14:11,070] {logging_mixin.py:104} INFO - [2021-10-24 03:14:11,070] {dag.py:1832} INFO - Sync 1 DAGs
[2021-10-24 03:14:11,087] {logging_mixin.py:104} INFO - [2021-10-24 03:14:11,086] {dag.py:2305} INFO - Setting next_dagrun for example_complex to None
[2021-10-24 03:14:11,110] {scheduler_job.py:190} INFO - Processing /home/airflow/sandbox/lib/python3.8/site-packages/airflow/example_dags/example_complex.py took 0.098 seconds
[2021-10-24 03:14:47,877] {scheduler_job.py:182} INFO - Started process (PID=6996) to work on /home/airflow/sandbox/lib/python3.8/site-packages/airflow/example_dags/example_complex.py
[2021-10-24 03:14:47,879] {scheduler_job.py:633} INFO - Processing file /home/airflow/sandbox/lib/python3.8/site-packages/airflow/example_dags/example_complex.py for tasks to queue
[2021-10-24 03:14:47,880] {logging_mixin.py:104} INFO - [2021-10-24 03:14:47,880] {dagbag.py:487} INFO - Filling up the DagBag from /home/airflow/sandbox/lib/python3.8/site-packages/airflow/example_dags/example_complex.py
[2021-10-24 03:14:47,908] {scheduler_job.py:643} INFO - DAG(s) dict_keys(['example_complex']) retrieved from /home/airflow/sandbox/lib/python3.8/site-packages/airflow/example_dags/example_complex.py
[2021-10-24 03:14:47,936] {logging_mixin.py:104} INFO - [2021-10-24 03:14:47,936] {dag.py:1832} INFO - Sync 1 DAGs
[2021-10-24 03:14:47,954] {logging_mixin.py:104} INFO - [2021-10-24 03:14:47,954] {dag.py:2305} INFO - Setting next_dagrun for example_complex to None
[2021-10-24 03:14:47,978] {scheduler_job.py:190} INFO - Processing /home/airflow/sandbox/lib/python3.8/site-packages/airflow/example_dags/example_complex.py took 0.105 seconds
[2021-10-24 03:15:28,984] {scheduler_job.py:182} INFO - Started process (PID=7031) to work on /home/airflow/sandbox/lib/python3.8/site-packages/airflow/example_dags/example_complex.py
[2021-10-24 03:15:28,986] {scheduler_job.py:633} INFO - Processing file /home/airflow/sandbox/lib/python3.8/site-packages/airflow/example_dags/example_complex.py for tasks to queue
[2021-10-24 03:15:28,987] {logging_mixin.py:104} INFO - [2021-10-24 03:15:28,986] {dagbag.py:487} INFO - Filling up the DagBag from /home/airflow/sandbox/lib/python3.8/site-packages/airflow/example_dags/example_complex.py
[2021-10-24 03:15:29,011] {scheduler_job.py:643} INFO - DAG(s) dict_keys(['example_complex']) retrieved from /home/airflow/sandbox/lib/python3.8/site-packages/airflow/example_dags/example_complex.py
[2021-10-24 03:15:29,040] {logging_mixin.py:104} INFO - [2021-10-24 03:15:29,040] {dag.py:1832} INFO - Sync 1 DAGs
[2021-10-24 03:15:29,065] {logging_mixin.py:104} INFO - [2021-10-24 03:15:29,065] {dag.py:2305} INFO - Setting next_dagrun for example_complex to None
[2021-10-24 03:15:29,095] {scheduler_job.py:190} INFO - Processing /home/airflow/sandbox/lib/python3.8/site-packages/airflow/example_dags/example_complex.py took 0.115 seconds
[2021-10-24 03:16:08,943] {scheduler_job.py:182} INFO - Started process (PID=7126) to work on /home/airflow/sandbox/lib/python3.8/site-packages/airflow/example_dags/example_complex.py
[2021-10-24 03:16:08,944] {scheduler_job.py:633} INFO - Processing file /home/airflow/sandbox/lib/python3.8/site-packages/airflow/example_dags/example_complex.py for tasks to queue
[2021-10-24 03:16:08,945] {logging_mixin.py:104} INFO - [2021-10-24 03:16:08,945] {dagbag.py:487} INFO - Filling up the DagBag from /home/airflow/sandbox/lib/python3.8/site-packages/airflow/example_dags/example_complex.py
[2021-10-24 03:16:08,977] {scheduler_job.py:643} INFO - DAG(s) dict_keys(['example_complex']) retrieved from /home/airflow/sandbox/lib/python3.8/site-packages/airflow/example_dags/example_complex.py
[2021-10-24 03:16:09,001] {logging_mixin.py:104} INFO - [2021-10-24 03:16:09,000] {dag.py:1832} INFO - Sync 1 DAGs
[2021-10-24 03:16:09,015] {logging_mixin.py:104} INFO - [2021-10-24 03:16:09,015] {dag.py:2305} INFO - Setting next_dagrun for example_complex to None
[2021-10-24 03:16:09,038] {scheduler_job.py:190} INFO - Processing /home/airflow/sandbox/lib/python3.8/site-packages/airflow/example_dags/example_complex.py took 0.098 seconds
[2021-10-24 03:16:43,259] {scheduler_job.py:182} INFO - Started process (PID=7157) to work on /home/airflow/sandbox/lib/python3.8/site-packages/airflow/example_dags/example_complex.py
[2021-10-24 03:16:43,261] {scheduler_job.py:633} INFO - Processing file /home/airflow/sandbox/lib/python3.8/site-packages/airflow/example_dags/example_complex.py for tasks to queue
[2021-10-24 03:16:43,261] {logging_mixin.py:104} INFO - [2021-10-24 03:16:43,261] {dagbag.py:487} INFO - Filling up the DagBag from /home/airflow/sandbox/lib/python3.8/site-packages/airflow/example_dags/example_complex.py
[2021-10-24 03:16:43,290] {scheduler_job.py:643} INFO - DAG(s) dict_keys(['example_complex']) retrieved from /home/airflow/sandbox/lib/python3.8/site-packages/airflow/example_dags/example_complex.py
[2021-10-24 03:16:43,315] {logging_mixin.py:104} INFO - [2021-10-24 03:16:43,315] {dag.py:1832} INFO - Sync 1 DAGs
[2021-10-24 03:16:43,330] {logging_mixin.py:104} INFO - [2021-10-24 03:16:43,330] {dag.py:2305} INFO - Setting next_dagrun for example_complex to None
[2021-10-24 03:16:43,356] {scheduler_job.py:190} INFO - Processing /home/airflow/sandbox/lib/python3.8/site-packages/airflow/example_dags/example_complex.py took 0.102 seconds
[2021-10-24 03:18:07,156] {scheduler_job.py:182} INFO - Started process (PID=7684) to work on /home/airflow/sandbox/lib/python3.8/site-packages/airflow/example_dags/example_complex.py
[2021-10-24 03:18:07,157] {scheduler_job.py:633} INFO - Processing file /home/airflow/sandbox/lib/python3.8/site-packages/airflow/example_dags/example_complex.py for tasks to queue
[2021-10-24 03:18:07,157] {logging_mixin.py:104} INFO - [2021-10-24 03:18:07,157] {dagbag.py:487} INFO - Filling up the DagBag from /home/airflow/sandbox/lib/python3.8/site-packages/airflow/example_dags/example_complex.py
[2021-10-24 03:18:07,181] {scheduler_job.py:643} INFO - DAG(s) dict_keys(['example_complex']) retrieved from /home/airflow/sandbox/lib/python3.8/site-packages/airflow/example_dags/example_complex.py
[2021-10-24 03:18:07,211] {logging_mixin.py:104} INFO - [2021-10-24 03:18:07,211] {dag.py:1832} INFO - Sync 1 DAGs
[2021-10-24 03:18:07,226] {logging_mixin.py:104} INFO - [2021-10-24 03:18:07,226] {dag.py:2305} INFO - Setting next_dagrun for example_complex to None
[2021-10-24 03:18:07,247] {scheduler_job.py:190} INFO - Processing /home/airflow/sandbox/lib/python3.8/site-packages/airflow/example_dags/example_complex.py took 0.094 seconds
[2021-10-24 03:18:42,791] {scheduler_job.py:182} INFO - Started process (PID=7820) to work on /home/airflow/sandbox/lib/python3.8/site-packages/airflow/example_dags/example_complex.py
[2021-10-24 03:18:42,793] {scheduler_job.py:633} INFO - Processing file /home/airflow/sandbox/lib/python3.8/site-packages/airflow/example_dags/example_complex.py for tasks to queue
[2021-10-24 03:18:42,794] {logging_mixin.py:104} INFO - [2021-10-24 03:18:42,793] {dagbag.py:487} INFO - Filling up the DagBag from /home/airflow/sandbox/lib/python3.8/site-packages/airflow/example_dags/example_complex.py
[2021-10-24 03:18:42,823] {scheduler_job.py:643} INFO - DAG(s) dict_keys(['example_complex']) retrieved from /home/airflow/sandbox/lib/python3.8/site-packages/airflow/example_dags/example_complex.py
[2021-10-24 03:18:42,850] {logging_mixin.py:104} INFO - [2021-10-24 03:18:42,850] {dag.py:1832} INFO - Sync 1 DAGs
[2021-10-24 03:18:42,868] {logging_mixin.py:104} INFO - [2021-10-24 03:18:42,867] {dag.py:2305} INFO - Setting next_dagrun for example_complex to None
[2021-10-24 03:18:42,891] {scheduler_job.py:190} INFO - Processing /home/airflow/sandbox/lib/python3.8/site-packages/airflow/example_dags/example_complex.py took 0.104 seconds
[2021-10-24 03:19:19,374] {scheduler_job.py:182} INFO - Started process (PID=7853) to work on /home/airflow/sandbox/lib/python3.8/site-packages/airflow/example_dags/example_complex.py
[2021-10-24 03:19:19,376] {scheduler_job.py:633} INFO - Processing file /home/airflow/sandbox/lib/python3.8/site-packages/airflow/example_dags/example_complex.py for tasks to queue
[2021-10-24 03:19:19,377] {logging_mixin.py:104} INFO - [2021-10-24 03:19:19,377] {dagbag.py:487} INFO - Filling up the DagBag from /home/airflow/sandbox/lib/python3.8/site-packages/airflow/example_dags/example_complex.py
[2021-10-24 03:19:19,403] {scheduler_job.py:643} INFO - DAG(s) dict_keys(['example_complex']) retrieved from /home/airflow/sandbox/lib/python3.8/site-packages/airflow/example_dags/example_complex.py
[2021-10-24 03:19:19,431] {logging_mixin.py:104} INFO - [2021-10-24 03:19:19,430] {dag.py:1832} INFO - Sync 1 DAGs
[2021-10-24 03:19:19,448] {logging_mixin.py:104} INFO - [2021-10-24 03:19:19,448] {dag.py:2305} INFO - Setting next_dagrun for example_complex to None
[2021-10-24 03:19:19,471] {scheduler_job.py:190} INFO - Processing /home/airflow/sandbox/lib/python3.8/site-packages/airflow/example_dags/example_complex.py took 0.102 seconds
[2021-10-24 03:19:58,691] {scheduler_job.py:182} INFO - Started process (PID=7886) to work on /home/airflow/sandbox/lib/python3.8/site-packages/airflow/example_dags/example_complex.py
[2021-10-24 03:19:58,693] {scheduler_job.py:633} INFO - Processing file /home/airflow/sandbox/lib/python3.8/site-packages/airflow/example_dags/example_complex.py for tasks to queue
[2021-10-24 03:19:58,693] {logging_mixin.py:104} INFO - [2021-10-24 03:19:58,693] {dagbag.py:487} INFO - Filling up the DagBag from /home/airflow/sandbox/lib/python3.8/site-packages/airflow/example_dags/example_complex.py
[2021-10-24 03:19:58,723] {scheduler_job.py:643} INFO - DAG(s) dict_keys(['example_complex']) retrieved from /home/airflow/sandbox/lib/python3.8/site-packages/airflow/example_dags/example_complex.py
[2021-10-24 03:19:58,751] {logging_mixin.py:104} INFO - [2021-10-24 03:19:58,751] {dag.py:1832} INFO - Sync 1 DAGs
[2021-10-24 03:19:58,769] {logging_mixin.py:104} INFO - [2021-10-24 03:19:58,769] {dag.py:2305} INFO - Setting next_dagrun for example_complex to None
[2021-10-24 03:19:58,795] {scheduler_job.py:190} INFO - Processing /home/airflow/sandbox/lib/python3.8/site-packages/airflow/example_dags/example_complex.py took 0.109 seconds
[2021-10-24 03:20:39,244] {scheduler_job.py:182} INFO - Started process (PID=7921) to work on /home/airflow/sandbox/lib/python3.8/site-packages/airflow/example_dags/example_complex.py
[2021-10-24 03:20:39,245] {scheduler_job.py:633} INFO - Processing file /home/airflow/sandbox/lib/python3.8/site-packages/airflow/example_dags/example_complex.py for tasks to queue
[2021-10-24 03:20:39,246] {logging_mixin.py:104} INFO - [2021-10-24 03:20:39,246] {dagbag.py:487} INFO - Filling up the DagBag from /home/airflow/sandbox/lib/python3.8/site-packages/airflow/example_dags/example_complex.py
[2021-10-24 03:20:39,274] {scheduler_job.py:643} INFO - DAG(s) dict_keys(['example_complex']) retrieved from /home/airflow/sandbox/lib/python3.8/site-packages/airflow/example_dags/example_complex.py
[2021-10-24 03:20:39,304] {logging_mixin.py:104} INFO - [2021-10-24 03:20:39,303] {dag.py:1832} INFO - Sync 1 DAGs
[2021-10-24 03:20:39,320] {logging_mixin.py:104} INFO - [2021-10-24 03:20:39,320] {dag.py:2305} INFO - Setting next_dagrun for example_complex to None
[2021-10-24 03:20:39,340] {scheduler_job.py:190} INFO - Processing /home/airflow/sandbox/lib/python3.8/site-packages/airflow/example_dags/example_complex.py took 0.101 seconds
[2021-10-24 03:21:18,574] {scheduler_job.py:182} INFO - Started process (PID=7955) to work on /home/airflow/sandbox/lib/python3.8/site-packages/airflow/example_dags/example_complex.py
[2021-10-24 03:21:18,576] {scheduler_job.py:633} INFO - Processing file /home/airflow/sandbox/lib/python3.8/site-packages/airflow/example_dags/example_complex.py for tasks to queue
[2021-10-24 03:21:18,576] {logging_mixin.py:104} INFO - [2021-10-24 03:21:18,576] {dagbag.py:487} INFO - Filling up the DagBag from /home/airflow/sandbox/lib/python3.8/site-packages/airflow/example_dags/example_complex.py
[2021-10-24 03:21:18,608] {scheduler_job.py:643} INFO - DAG(s) dict_keys(['example_complex']) retrieved from /home/airflow/sandbox/lib/python3.8/site-packages/airflow/example_dags/example_complex.py
[2021-10-24 03:21:18,640] {logging_mixin.py:104} INFO - [2021-10-24 03:21:18,640] {dag.py:1832} INFO - Sync 1 DAGs
[2021-10-24 03:21:18,665] {logging_mixin.py:104} INFO - [2021-10-24 03:21:18,665] {dag.py:2305} INFO - Setting next_dagrun for example_complex to None
[2021-10-24 03:21:18,693] {scheduler_job.py:190} INFO - Processing /home/airflow/sandbox/lib/python3.8/site-packages/airflow/example_dags/example_complex.py took 0.125 seconds
[2021-10-24 03:21:56,862] {scheduler_job.py:182} INFO - Started process (PID=8050) to work on /home/airflow/sandbox/lib/python3.8/site-packages/airflow/example_dags/example_complex.py
[2021-10-24 03:21:56,863] {scheduler_job.py:633} INFO - Processing file /home/airflow/sandbox/lib/python3.8/site-packages/airflow/example_dags/example_complex.py for tasks to queue
[2021-10-24 03:21:56,864] {logging_mixin.py:104} INFO - [2021-10-24 03:21:56,864] {dagbag.py:487} INFO - Filling up the DagBag from /home/airflow/sandbox/lib/python3.8/site-packages/airflow/example_dags/example_complex.py
[2021-10-24 03:21:56,892] {scheduler_job.py:643} INFO - DAG(s) dict_keys(['example_complex']) retrieved from /home/airflow/sandbox/lib/python3.8/site-packages/airflow/example_dags/example_complex.py
[2021-10-24 03:21:56,919] {logging_mixin.py:104} INFO - [2021-10-24 03:21:56,919] {dag.py:1832} INFO - Sync 1 DAGs
[2021-10-24 03:21:56,933] {logging_mixin.py:104} INFO - [2021-10-24 03:21:56,933] {dag.py:2305} INFO - Setting next_dagrun for example_complex to None
[2021-10-24 03:21:56,952] {scheduler_job.py:190} INFO - Processing /home/airflow/sandbox/lib/python3.8/site-packages/airflow/example_dags/example_complex.py took 0.096 seconds
[2021-10-24 03:22:38,941] {scheduler_job.py:182} INFO - Started process (PID=8086) to work on /home/airflow/sandbox/lib/python3.8/site-packages/airflow/example_dags/example_complex.py
[2021-10-24 03:22:38,943] {scheduler_job.py:633} INFO - Processing file /home/airflow/sandbox/lib/python3.8/site-packages/airflow/example_dags/example_complex.py for tasks to queue
[2021-10-24 03:22:38,944] {logging_mixin.py:104} INFO - [2021-10-24 03:22:38,944] {dagbag.py:487} INFO - Filling up the DagBag from /home/airflow/sandbox/lib/python3.8/site-packages/airflow/example_dags/example_complex.py
[2021-10-24 03:22:38,986] {scheduler_job.py:643} INFO - DAG(s) dict_keys(['example_complex']) retrieved from /home/airflow/sandbox/lib/python3.8/site-packages/airflow/example_dags/example_complex.py
[2021-10-24 03:22:39,014] {logging_mixin.py:104} INFO - [2021-10-24 03:22:39,014] {dag.py:1832} INFO - Sync 1 DAGs
[2021-10-24 03:22:39,032] {logging_mixin.py:104} INFO - [2021-10-24 03:22:39,032] {dag.py:2305} INFO - Setting next_dagrun for example_complex to None
[2021-10-24 03:22:39,053] {scheduler_job.py:190} INFO - Processing /home/airflow/sandbox/lib/python3.8/site-packages/airflow/example_dags/example_complex.py took 0.116 seconds
[2021-10-24 03:23:15,043] {scheduler_job.py:182} INFO - Started process (PID=8141) to work on /home/airflow/sandbox/lib/python3.8/site-packages/airflow/example_dags/example_complex.py
[2021-10-24 03:23:15,045] {scheduler_job.py:633} INFO - Processing file /home/airflow/sandbox/lib/python3.8/site-packages/airflow/example_dags/example_complex.py for tasks to queue
[2021-10-24 03:23:15,046] {logging_mixin.py:104} INFO - [2021-10-24 03:23:15,046] {dagbag.py:487} INFO - Filling up the DagBag from /home/airflow/sandbox/lib/python3.8/site-packages/airflow/example_dags/example_complex.py
[2021-10-24 03:23:15,075] {scheduler_job.py:643} INFO - DAG(s) dict_keys(['example_complex']) retrieved from /home/airflow/sandbox/lib/python3.8/site-packages/airflow/example_dags/example_complex.py
[2021-10-24 03:23:15,105] {logging_mixin.py:104} INFO - [2021-10-24 03:23:15,105] {dag.py:1832} INFO - Sync 1 DAGs
[2021-10-24 03:23:15,124] {logging_mixin.py:104} INFO - [2021-10-24 03:23:15,124] {dag.py:2305} INFO - Setting next_dagrun for example_complex to None
[2021-10-24 03:23:15,147] {scheduler_job.py:190} INFO - Processing /home/airflow/sandbox/lib/python3.8/site-packages/airflow/example_dags/example_complex.py took 0.109 seconds
[2021-10-24 03:23:49,876] {scheduler_job.py:182} INFO - Started process (PID=8193) to work on /home/airflow/sandbox/lib/python3.8/site-packages/airflow/example_dags/example_complex.py
[2021-10-24 03:23:49,878] {scheduler_job.py:633} INFO - Processing file /home/airflow/sandbox/lib/python3.8/site-packages/airflow/example_dags/example_complex.py for tasks to queue
[2021-10-24 03:23:49,879] {logging_mixin.py:104} INFO - [2021-10-24 03:23:49,879] {dagbag.py:487} INFO - Filling up the DagBag from /home/airflow/sandbox/lib/python3.8/site-packages/airflow/example_dags/example_complex.py
[2021-10-24 03:23:49,907] {scheduler_job.py:643} INFO - DAG(s) dict_keys(['example_complex']) retrieved from /home/airflow/sandbox/lib/python3.8/site-packages/airflow/example_dags/example_complex.py
[2021-10-24 03:23:49,938] {logging_mixin.py:104} INFO - [2021-10-24 03:23:49,938] {dag.py:1832} INFO - Sync 1 DAGs
[2021-10-24 03:23:49,954] {logging_mixin.py:104} INFO - [2021-10-24 03:23:49,953] {dag.py:2305} INFO - Setting next_dagrun for example_complex to None
[2021-10-24 03:23:49,976] {scheduler_job.py:190} INFO - Processing /home/airflow/sandbox/lib/python3.8/site-packages/airflow/example_dags/example_complex.py took 0.105 seconds
[2021-10-24 03:24:30,280] {scheduler_job.py:182} INFO - Started process (PID=8228) to work on /home/airflow/sandbox/lib/python3.8/site-packages/airflow/example_dags/example_complex.py
[2021-10-24 03:24:30,282] {scheduler_job.py:633} INFO - Processing file /home/airflow/sandbox/lib/python3.8/site-packages/airflow/example_dags/example_complex.py for tasks to queue
[2021-10-24 03:24:30,283] {logging_mixin.py:104} INFO - [2021-10-24 03:24:30,283] {dagbag.py:487} INFO - Filling up the DagBag from /home/airflow/sandbox/lib/python3.8/site-packages/airflow/example_dags/example_complex.py
[2021-10-24 03:24:30,313] {scheduler_job.py:643} INFO - DAG(s) dict_keys(['example_complex']) retrieved from /home/airflow/sandbox/lib/python3.8/site-packages/airflow/example_dags/example_complex.py
[2021-10-24 03:24:30,345] {logging_mixin.py:104} INFO - [2021-10-24 03:24:30,345] {dag.py:1832} INFO - Sync 1 DAGs
[2021-10-24 03:24:30,361] {logging_mixin.py:104} INFO - [2021-10-24 03:24:30,360] {dag.py:2305} INFO - Setting next_dagrun for example_complex to None
[2021-10-24 03:24:30,385] {scheduler_job.py:190} INFO - Processing /home/airflow/sandbox/lib/python3.8/site-packages/airflow/example_dags/example_complex.py took 0.110 seconds
[2021-10-24 03:25:05,913] {scheduler_job.py:182} INFO - Started process (PID=8260) to work on /home/airflow/sandbox/lib/python3.8/site-packages/airflow/example_dags/example_complex.py
[2021-10-24 03:25:05,914] {scheduler_job.py:633} INFO - Processing file /home/airflow/sandbox/lib/python3.8/site-packages/airflow/example_dags/example_complex.py for tasks to queue
[2021-10-24 03:25:05,915] {logging_mixin.py:104} INFO - [2021-10-24 03:25:05,915] {dagbag.py:487} INFO - Filling up the DagBag from /home/airflow/sandbox/lib/python3.8/site-packages/airflow/example_dags/example_complex.py
[2021-10-24 03:25:05,939] {scheduler_job.py:643} INFO - DAG(s) dict_keys(['example_complex']) retrieved from /home/airflow/sandbox/lib/python3.8/site-packages/airflow/example_dags/example_complex.py
[2021-10-24 03:25:05,968] {logging_mixin.py:104} INFO - [2021-10-24 03:25:05,968] {dag.py:1832} INFO - Sync 1 DAGs
[2021-10-24 03:25:05,986] {logging_mixin.py:104} INFO - [2021-10-24 03:25:05,986] {dag.py:2305} INFO - Setting next_dagrun for example_complex to None
[2021-10-24 03:25:06,010] {scheduler_job.py:190} INFO - Processing /home/airflow/sandbox/lib/python3.8/site-packages/airflow/example_dags/example_complex.py took 0.102 seconds
[2021-10-24 03:25:48,073] {scheduler_job.py:182} INFO - Started process (PID=8294) to work on /home/airflow/sandbox/lib/python3.8/site-packages/airflow/example_dags/example_complex.py
[2021-10-24 03:25:48,075] {scheduler_job.py:633} INFO - Processing file /home/airflow/sandbox/lib/python3.8/site-packages/airflow/example_dags/example_complex.py for tasks to queue
[2021-10-24 03:25:48,076] {logging_mixin.py:104} INFO - [2021-10-24 03:25:48,076] {dagbag.py:487} INFO - Filling up the DagBag from /home/airflow/sandbox/lib/python3.8/site-packages/airflow/example_dags/example_complex.py
[2021-10-24 03:25:48,107] {scheduler_job.py:643} INFO - DAG(s) dict_keys(['example_complex']) retrieved from /home/airflow/sandbox/lib/python3.8/site-packages/airflow/example_dags/example_complex.py
[2021-10-24 03:25:48,132] {logging_mixin.py:104} INFO - [2021-10-24 03:25:48,131] {dag.py:1832} INFO - Sync 1 DAGs
[2021-10-24 03:25:48,147] {logging_mixin.py:104} INFO - [2021-10-24 03:25:48,147] {dag.py:2305} INFO - Setting next_dagrun for example_complex to None
[2021-10-24 03:25:48,170] {scheduler_job.py:190} INFO - Processing /home/airflow/sandbox/lib/python3.8/site-packages/airflow/example_dags/example_complex.py took 0.101 seconds
[2021-10-24 03:26:29,865] {scheduler_job.py:182} INFO - Started process (PID=8330) to work on /home/airflow/sandbox/lib/python3.8/site-packages/airflow/example_dags/example_complex.py
[2021-10-24 03:26:29,867] {scheduler_job.py:633} INFO - Processing file /home/airflow/sandbox/lib/python3.8/site-packages/airflow/example_dags/example_complex.py for tasks to queue
[2021-10-24 03:26:29,868] {logging_mixin.py:104} INFO - [2021-10-24 03:26:29,868] {dagbag.py:487} INFO - Filling up the DagBag from /home/airflow/sandbox/lib/python3.8/site-packages/airflow/example_dags/example_complex.py
[2021-10-24 03:26:29,890] {scheduler_job.py:643} INFO - DAG(s) dict_keys(['example_complex']) retrieved from /home/airflow/sandbox/lib/python3.8/site-packages/airflow/example_dags/example_complex.py
[2021-10-24 03:26:29,917] {logging_mixin.py:104} INFO - [2021-10-24 03:26:29,917] {dag.py:1832} INFO - Sync 1 DAGs
[2021-10-24 03:26:29,928] {logging_mixin.py:104} INFO - [2021-10-24 03:26:29,928] {dag.py:2305} INFO - Setting next_dagrun for example_complex to None
[2021-10-24 03:26:29,943] {scheduler_job.py:190} INFO - Processing /home/airflow/sandbox/lib/python3.8/site-packages/airflow/example_dags/example_complex.py took 0.083 seconds
[2021-10-24 03:27:08,504] {scheduler_job.py:182} INFO - Started process (PID=8362) to work on /home/airflow/sandbox/lib/python3.8/site-packages/airflow/example_dags/example_complex.py
[2021-10-24 03:27:08,506] {scheduler_job.py:633} INFO - Processing file /home/airflow/sandbox/lib/python3.8/site-packages/airflow/example_dags/example_complex.py for tasks to queue
[2021-10-24 03:27:08,507] {logging_mixin.py:104} INFO - [2021-10-24 03:27:08,507] {dagbag.py:487} INFO - Filling up the DagBag from /home/airflow/sandbox/lib/python3.8/site-packages/airflow/example_dags/example_complex.py
[2021-10-24 03:27:08,550] {scheduler_job.py:643} INFO - DAG(s) dict_keys(['example_complex']) retrieved from /home/airflow/sandbox/lib/python3.8/site-packages/airflow/example_dags/example_complex.py
[2021-10-24 03:27:08,582] {logging_mixin.py:104} INFO - [2021-10-24 03:27:08,582] {dag.py:1832} INFO - Sync 1 DAGs
[2021-10-24 03:27:08,600] {logging_mixin.py:104} INFO - [2021-10-24 03:27:08,599] {dag.py:2305} INFO - Setting next_dagrun for example_complex to None
[2021-10-24 03:27:08,619] {scheduler_job.py:190} INFO - Processing /home/airflow/sandbox/lib/python3.8/site-packages/airflow/example_dags/example_complex.py took 0.120 seconds
[2021-10-24 03:27:44,300] {scheduler_job.py:182} INFO - Started process (PID=8396) to work on /home/airflow/sandbox/lib/python3.8/site-packages/airflow/example_dags/example_complex.py
[2021-10-24 03:27:44,302] {scheduler_job.py:633} INFO - Processing file /home/airflow/sandbox/lib/python3.8/site-packages/airflow/example_dags/example_complex.py for tasks to queue
[2021-10-24 03:27:44,303] {logging_mixin.py:104} INFO - [2021-10-24 03:27:44,303] {dagbag.py:487} INFO - Filling up the DagBag from /home/airflow/sandbox/lib/python3.8/site-packages/airflow/example_dags/example_complex.py
[2021-10-24 03:27:44,334] {scheduler_job.py:643} INFO - DAG(s) dict_keys(['example_complex']) retrieved from /home/airflow/sandbox/lib/python3.8/site-packages/airflow/example_dags/example_complex.py
[2021-10-24 03:27:44,360] {logging_mixin.py:104} INFO - [2021-10-24 03:27:44,360] {dag.py:1832} INFO - Sync 1 DAGs
[2021-10-24 03:27:44,378] {logging_mixin.py:104} INFO - [2021-10-24 03:27:44,378] {dag.py:2305} INFO - Setting next_dagrun for example_complex to None
[2021-10-24 03:27:44,399] {scheduler_job.py:190} INFO - Processing /home/airflow/sandbox/lib/python3.8/site-packages/airflow/example_dags/example_complex.py took 0.104 seconds
[2021-10-24 03:28:25,860] {scheduler_job.py:182} INFO - Started process (PID=8473) to work on /home/airflow/sandbox/lib/python3.8/site-packages/airflow/example_dags/example_complex.py
[2021-10-24 03:28:25,862] {scheduler_job.py:633} INFO - Processing file /home/airflow/sandbox/lib/python3.8/site-packages/airflow/example_dags/example_complex.py for tasks to queue
[2021-10-24 03:28:25,863] {logging_mixin.py:104} INFO - [2021-10-24 03:28:25,863] {dagbag.py:487} INFO - Filling up the DagBag from /home/airflow/sandbox/lib/python3.8/site-packages/airflow/example_dags/example_complex.py
[2021-10-24 03:28:25,900] {scheduler_job.py:643} INFO - DAG(s) dict_keys(['example_complex']) retrieved from /home/airflow/sandbox/lib/python3.8/site-packages/airflow/example_dags/example_complex.py
[2021-10-24 03:28:25,926] {logging_mixin.py:104} INFO - [2021-10-24 03:28:25,926] {dag.py:1832} INFO - Sync 1 DAGs
[2021-10-24 03:28:25,943] {logging_mixin.py:104} INFO - [2021-10-24 03:28:25,943] {dag.py:2305} INFO - Setting next_dagrun for example_complex to None
[2021-10-24 03:28:25,957] {scheduler_job.py:190} INFO - Processing /home/airflow/sandbox/lib/python3.8/site-packages/airflow/example_dags/example_complex.py took 0.102 seconds
[2021-10-24 03:29:01,567] {scheduler_job.py:182} INFO - Started process (PID=8595) to work on /home/airflow/sandbox/lib/python3.8/site-packages/airflow/example_dags/example_complex.py
[2021-10-24 03:29:01,568] {scheduler_job.py:633} INFO - Processing file /home/airflow/sandbox/lib/python3.8/site-packages/airflow/example_dags/example_complex.py for tasks to queue
[2021-10-24 03:29:01,569] {logging_mixin.py:104} INFO - [2021-10-24 03:29:01,569] {dagbag.py:487} INFO - Filling up the DagBag from /home/airflow/sandbox/lib/python3.8/site-packages/airflow/example_dags/example_complex.py
[2021-10-24 03:29:01,595] {scheduler_job.py:643} INFO - DAG(s) dict_keys(['example_complex']) retrieved from /home/airflow/sandbox/lib/python3.8/site-packages/airflow/example_dags/example_complex.py
[2021-10-24 03:29:01,623] {logging_mixin.py:104} INFO - [2021-10-24 03:29:01,623] {dag.py:1832} INFO - Sync 1 DAGs
[2021-10-24 03:29:01,641] {logging_mixin.py:104} INFO - [2021-10-24 03:29:01,641] {dag.py:2305} INFO - Setting next_dagrun for example_complex to None
[2021-10-24 03:29:01,662] {scheduler_job.py:190} INFO - Processing /home/airflow/sandbox/lib/python3.8/site-packages/airflow/example_dags/example_complex.py took 0.101 seconds
[2021-10-24 03:29:44,221] {scheduler_job.py:182} INFO - Started process (PID=8842) to work on /home/airflow/sandbox/lib/python3.8/site-packages/airflow/example_dags/example_complex.py
[2021-10-24 03:29:44,223] {scheduler_job.py:633} INFO - Processing file /home/airflow/sandbox/lib/python3.8/site-packages/airflow/example_dags/example_complex.py for tasks to queue
[2021-10-24 03:29:44,224] {logging_mixin.py:104} INFO - [2021-10-24 03:29:44,224] {dagbag.py:487} INFO - Filling up the DagBag from /home/airflow/sandbox/lib/python3.8/site-packages/airflow/example_dags/example_complex.py
[2021-10-24 03:29:44,256] {scheduler_job.py:643} INFO - DAG(s) dict_keys(['example_complex']) retrieved from /home/airflow/sandbox/lib/python3.8/site-packages/airflow/example_dags/example_complex.py
[2021-10-24 03:29:44,283] {logging_mixin.py:104} INFO - [2021-10-24 03:29:44,282] {dag.py:1832} INFO - Sync 1 DAGs
[2021-10-24 03:29:44,300] {logging_mixin.py:104} INFO - [2021-10-24 03:29:44,300] {dag.py:2305} INFO - Setting next_dagrun for example_complex to None
[2021-10-24 03:29:44,324] {scheduler_job.py:190} INFO - Processing /home/airflow/sandbox/lib/python3.8/site-packages/airflow/example_dags/example_complex.py took 0.109 seconds
[2021-10-24 06:05:41,688] {scheduler_job.py:182} INFO - Started process (PID=9225) to work on /home/airflow/sandbox/lib/python3.8/site-packages/airflow/example_dags/example_complex.py
[2021-10-24 06:05:41,694] {scheduler_job.py:633} INFO - Processing file /home/airflow/sandbox/lib/python3.8/site-packages/airflow/example_dags/example_complex.py for tasks to queue
[2021-10-24 06:05:41,694] {logging_mixin.py:104} INFO - [2021-10-24 06:05:41,694] {dagbag.py:487} INFO - Filling up the DagBag from /home/airflow/sandbox/lib/python3.8/site-packages/airflow/example_dags/example_complex.py
[2021-10-24 06:05:41,759] {scheduler_job.py:643} INFO - DAG(s) dict_keys(['example_complex']) retrieved from /home/airflow/sandbox/lib/python3.8/site-packages/airflow/example_dags/example_complex.py
[2021-10-24 06:05:41,855] {logging_mixin.py:104} INFO - [2021-10-24 06:05:41,855] {dag.py:1832} INFO - Sync 1 DAGs
[2021-10-24 06:05:41,919] {logging_mixin.py:104} INFO - [2021-10-24 06:05:41,919] {dag.py:2305} INFO - Setting next_dagrun for example_complex to None
[2021-10-24 06:05:41,939] {scheduler_job.py:190} INFO - Processing /home/airflow/sandbox/lib/python3.8/site-packages/airflow/example_dags/example_complex.py took 0.259 seconds
