[2021-10-24 03:08:27,362] {scheduler_job.py:182} INFO - Started process (PID=6254) to work on /home/airflow/sandbox/lib/python3.8/site-packages/airflow/example_dags/example_external_task_marker_dag.py
[2021-10-24 03:08:27,364] {scheduler_job.py:633} INFO - Processing file /home/airflow/sandbox/lib/python3.8/site-packages/airflow/example_dags/example_external_task_marker_dag.py for tasks to queue
[2021-10-24 03:08:27,364] {logging_mixin.py:104} INFO - [2021-10-24 03:08:27,364] {dagbag.py:487} INFO - Filling up the DagBag from /home/airflow/sandbox/lib/python3.8/site-packages/airflow/example_dags/example_external_task_marker_dag.py
[2021-10-24 03:08:27,378] {scheduler_job.py:643} INFO - DAG(s) dict_keys(['example_external_task_marker_parent', 'example_external_task_marker_child']) retrieved from /home/airflow/sandbox/lib/python3.8/site-packages/airflow/example_dags/example_external_task_marker_dag.py
[2021-10-24 03:08:27,816] {logging_mixin.py:104} INFO - [2021-10-24 03:08:27,816] {dag.py:1832} INFO - Sync 2 DAGs
[2021-10-24 03:08:27,828] {logging_mixin.py:104} INFO - [2021-10-24 03:08:27,828] {dag.py:2305} INFO - Setting next_dagrun for example_external_task_marker_child to None
[2021-10-24 03:08:27,829] {logging_mixin.py:104} INFO - [2021-10-24 03:08:27,829] {dag.py:2305} INFO - Setting next_dagrun for example_external_task_marker_parent to None
[2021-10-24 03:08:27,852] {scheduler_job.py:190} INFO - Processing /home/airflow/sandbox/lib/python3.8/site-packages/airflow/example_dags/example_external_task_marker_dag.py took 0.493 seconds
[2021-10-24 03:09:02,937] {scheduler_job.py:182} INFO - Started process (PID=6346) to work on /home/airflow/sandbox/lib/python3.8/site-packages/airflow/example_dags/example_external_task_marker_dag.py
[2021-10-24 03:09:02,939] {scheduler_job.py:633} INFO - Processing file /home/airflow/sandbox/lib/python3.8/site-packages/airflow/example_dags/example_external_task_marker_dag.py for tasks to queue
[2021-10-24 03:09:02,939] {logging_mixin.py:104} INFO - [2021-10-24 03:09:02,939] {dagbag.py:487} INFO - Filling up the DagBag from /home/airflow/sandbox/lib/python3.8/site-packages/airflow/example_dags/example_external_task_marker_dag.py
[2021-10-24 03:09:02,955] {scheduler_job.py:643} INFO - DAG(s) dict_keys(['example_external_task_marker_parent', 'example_external_task_marker_child']) retrieved from /home/airflow/sandbox/lib/python3.8/site-packages/airflow/example_dags/example_external_task_marker_dag.py
[2021-10-24 03:09:03,409] {logging_mixin.py:104} INFO - [2021-10-24 03:09:03,409] {dag.py:1832} INFO - Sync 2 DAGs
[2021-10-24 03:09:03,423] {logging_mixin.py:104} INFO - [2021-10-24 03:09:03,423] {dag.py:2305} INFO - Setting next_dagrun for example_external_task_marker_child to None
[2021-10-24 03:09:03,424] {logging_mixin.py:104} INFO - [2021-10-24 03:09:03,424] {dag.py:2305} INFO - Setting next_dagrun for example_external_task_marker_parent to None
[2021-10-24 03:09:03,455] {scheduler_job.py:190} INFO - Processing /home/airflow/sandbox/lib/python3.8/site-packages/airflow/example_dags/example_external_task_marker_dag.py took 0.523 seconds
[2021-10-24 03:09:38,417] {scheduler_job.py:182} INFO - Started process (PID=6378) to work on /home/airflow/sandbox/lib/python3.8/site-packages/airflow/example_dags/example_external_task_marker_dag.py
[2021-10-24 03:09:38,418] {scheduler_job.py:633} INFO - Processing file /home/airflow/sandbox/lib/python3.8/site-packages/airflow/example_dags/example_external_task_marker_dag.py for tasks to queue
[2021-10-24 03:09:38,418] {logging_mixin.py:104} INFO - [2021-10-24 03:09:38,418] {dagbag.py:487} INFO - Filling up the DagBag from /home/airflow/sandbox/lib/python3.8/site-packages/airflow/example_dags/example_external_task_marker_dag.py
[2021-10-24 03:09:38,434] {scheduler_job.py:643} INFO - DAG(s) dict_keys(['example_external_task_marker_parent', 'example_external_task_marker_child']) retrieved from /home/airflow/sandbox/lib/python3.8/site-packages/airflow/example_dags/example_external_task_marker_dag.py
[2021-10-24 03:09:38,458] {logging_mixin.py:104} INFO - [2021-10-24 03:09:38,458] {dag.py:1832} INFO - Sync 2 DAGs
[2021-10-24 03:09:38,476] {logging_mixin.py:104} INFO - [2021-10-24 03:09:38,476] {dag.py:2305} INFO - Setting next_dagrun for example_external_task_marker_child to None
[2021-10-24 03:09:38,478] {logging_mixin.py:104} INFO - [2021-10-24 03:09:38,478] {dag.py:2305} INFO - Setting next_dagrun for example_external_task_marker_parent to None
[2021-10-24 03:09:38,498] {scheduler_job.py:190} INFO - Processing /home/airflow/sandbox/lib/python3.8/site-packages/airflow/example_dags/example_external_task_marker_dag.py took 0.085 seconds
[2021-10-24 03:10:13,331] {scheduler_job.py:182} INFO - Started process (PID=6419) to work on /home/airflow/sandbox/lib/python3.8/site-packages/airflow/example_dags/example_external_task_marker_dag.py
[2021-10-24 03:10:13,332] {scheduler_job.py:633} INFO - Processing file /home/airflow/sandbox/lib/python3.8/site-packages/airflow/example_dags/example_external_task_marker_dag.py for tasks to queue
[2021-10-24 03:10:13,333] {logging_mixin.py:104} INFO - [2021-10-24 03:10:13,333] {dagbag.py:487} INFO - Filling up the DagBag from /home/airflow/sandbox/lib/python3.8/site-packages/airflow/example_dags/example_external_task_marker_dag.py
[2021-10-24 03:10:13,351] {scheduler_job.py:643} INFO - DAG(s) dict_keys(['example_external_task_marker_parent', 'example_external_task_marker_child']) retrieved from /home/airflow/sandbox/lib/python3.8/site-packages/airflow/example_dags/example_external_task_marker_dag.py
[2021-10-24 03:10:13,795] {logging_mixin.py:104} INFO - [2021-10-24 03:10:13,795] {dag.py:1832} INFO - Sync 2 DAGs
[2021-10-24 03:10:13,811] {logging_mixin.py:104} INFO - [2021-10-24 03:10:13,810] {dag.py:2305} INFO - Setting next_dagrun for example_external_task_marker_child to None
[2021-10-24 03:10:13,812] {logging_mixin.py:104} INFO - [2021-10-24 03:10:13,812] {dag.py:2305} INFO - Setting next_dagrun for example_external_task_marker_parent to None
[2021-10-24 03:10:13,834] {scheduler_job.py:190} INFO - Processing /home/airflow/sandbox/lib/python3.8/site-packages/airflow/example_dags/example_external_task_marker_dag.py took 0.508 seconds
[2021-10-24 03:10:50,194] {scheduler_job.py:182} INFO - Started process (PID=6535) to work on /home/airflow/sandbox/lib/python3.8/site-packages/airflow/example_dags/example_external_task_marker_dag.py
[2021-10-24 03:10:50,195] {scheduler_job.py:633} INFO - Processing file /home/airflow/sandbox/lib/python3.8/site-packages/airflow/example_dags/example_external_task_marker_dag.py for tasks to queue
[2021-10-24 03:10:50,195] {logging_mixin.py:104} INFO - [2021-10-24 03:10:50,195] {dagbag.py:487} INFO - Filling up the DagBag from /home/airflow/sandbox/lib/python3.8/site-packages/airflow/example_dags/example_external_task_marker_dag.py
[2021-10-24 03:10:50,210] {scheduler_job.py:643} INFO - DAG(s) dict_keys(['example_external_task_marker_parent', 'example_external_task_marker_child']) retrieved from /home/airflow/sandbox/lib/python3.8/site-packages/airflow/example_dags/example_external_task_marker_dag.py
[2021-10-24 03:10:50,628] {logging_mixin.py:104} INFO - [2021-10-24 03:10:50,628] {dag.py:1832} INFO - Sync 2 DAGs
[2021-10-24 03:10:50,640] {logging_mixin.py:104} INFO - [2021-10-24 03:10:50,640] {dag.py:2305} INFO - Setting next_dagrun for example_external_task_marker_child to None
[2021-10-24 03:10:50,642] {logging_mixin.py:104} INFO - [2021-10-24 03:10:50,642] {dag.py:2305} INFO - Setting next_dagrun for example_external_task_marker_parent to None
[2021-10-24 03:10:50,666] {scheduler_job.py:190} INFO - Processing /home/airflow/sandbox/lib/python3.8/site-packages/airflow/example_dags/example_external_task_marker_dag.py took 0.478 seconds
[2021-10-24 03:11:26,908] {scheduler_job.py:182} INFO - Started process (PID=6625) to work on /home/airflow/sandbox/lib/python3.8/site-packages/airflow/example_dags/example_external_task_marker_dag.py
[2021-10-24 03:11:26,909] {scheduler_job.py:633} INFO - Processing file /home/airflow/sandbox/lib/python3.8/site-packages/airflow/example_dags/example_external_task_marker_dag.py for tasks to queue
[2021-10-24 03:11:26,910] {logging_mixin.py:104} INFO - [2021-10-24 03:11:26,910] {dagbag.py:487} INFO - Filling up the DagBag from /home/airflow/sandbox/lib/python3.8/site-packages/airflow/example_dags/example_external_task_marker_dag.py
[2021-10-24 03:11:26,923] {scheduler_job.py:643} INFO - DAG(s) dict_keys(['example_external_task_marker_parent', 'example_external_task_marker_child']) retrieved from /home/airflow/sandbox/lib/python3.8/site-packages/airflow/example_dags/example_external_task_marker_dag.py
[2021-10-24 03:11:27,344] {logging_mixin.py:104} INFO - [2021-10-24 03:11:27,344] {dag.py:1832} INFO - Sync 2 DAGs
[2021-10-24 03:11:27,354] {logging_mixin.py:104} INFO - [2021-10-24 03:11:27,354] {dag.py:2305} INFO - Setting next_dagrun for example_external_task_marker_child to None
[2021-10-24 03:11:27,356] {logging_mixin.py:104} INFO - [2021-10-24 03:11:27,356] {dag.py:2305} INFO - Setting next_dagrun for example_external_task_marker_parent to None
[2021-10-24 03:11:27,379] {scheduler_job.py:190} INFO - Processing /home/airflow/sandbox/lib/python3.8/site-packages/airflow/example_dags/example_external_task_marker_dag.py took 0.474 seconds
[2021-10-24 03:12:02,861] {scheduler_job.py:182} INFO - Started process (PID=6683) to work on /home/airflow/sandbox/lib/python3.8/site-packages/airflow/example_dags/example_external_task_marker_dag.py
[2021-10-24 03:12:02,862] {scheduler_job.py:633} INFO - Processing file /home/airflow/sandbox/lib/python3.8/site-packages/airflow/example_dags/example_external_task_marker_dag.py for tasks to queue
[2021-10-24 03:12:02,862] {logging_mixin.py:104} INFO - [2021-10-24 03:12:02,862] {dagbag.py:487} INFO - Filling up the DagBag from /home/airflow/sandbox/lib/python3.8/site-packages/airflow/example_dags/example_external_task_marker_dag.py
[2021-10-24 03:12:02,878] {scheduler_job.py:643} INFO - DAG(s) dict_keys(['example_external_task_marker_parent', 'example_external_task_marker_child']) retrieved from /home/airflow/sandbox/lib/python3.8/site-packages/airflow/example_dags/example_external_task_marker_dag.py
[2021-10-24 03:12:02,903] {logging_mixin.py:104} INFO - [2021-10-24 03:12:02,903] {dag.py:1832} INFO - Sync 2 DAGs
[2021-10-24 03:12:02,918] {logging_mixin.py:104} INFO - [2021-10-24 03:12:02,917] {dag.py:2305} INFO - Setting next_dagrun for example_external_task_marker_child to None
[2021-10-24 03:12:02,919] {logging_mixin.py:104} INFO - [2021-10-24 03:12:02,919] {dag.py:2305} INFO - Setting next_dagrun for example_external_task_marker_parent to None
[2021-10-24 03:12:02,940] {scheduler_job.py:190} INFO - Processing /home/airflow/sandbox/lib/python3.8/site-packages/airflow/example_dags/example_external_task_marker_dag.py took 0.084 seconds
[2021-10-24 03:12:36,782] {scheduler_job.py:182} INFO - Started process (PID=6736) to work on /home/airflow/sandbox/lib/python3.8/site-packages/airflow/example_dags/example_external_task_marker_dag.py
[2021-10-24 03:12:36,784] {scheduler_job.py:633} INFO - Processing file /home/airflow/sandbox/lib/python3.8/site-packages/airflow/example_dags/example_external_task_marker_dag.py for tasks to queue
[2021-10-24 03:12:36,785] {logging_mixin.py:104} INFO - [2021-10-24 03:12:36,784] {dagbag.py:487} INFO - Filling up the DagBag from /home/airflow/sandbox/lib/python3.8/site-packages/airflow/example_dags/example_external_task_marker_dag.py
[2021-10-24 03:12:36,799] {scheduler_job.py:643} INFO - DAG(s) dict_keys(['example_external_task_marker_parent', 'example_external_task_marker_child']) retrieved from /home/airflow/sandbox/lib/python3.8/site-packages/airflow/example_dags/example_external_task_marker_dag.py
[2021-10-24 03:12:36,825] {logging_mixin.py:104} INFO - [2021-10-24 03:12:36,825] {dag.py:1832} INFO - Sync 2 DAGs
[2021-10-24 03:12:36,842] {logging_mixin.py:104} INFO - [2021-10-24 03:12:36,842] {dag.py:2305} INFO - Setting next_dagrun for example_external_task_marker_child to None
[2021-10-24 03:12:36,843] {logging_mixin.py:104} INFO - [2021-10-24 03:12:36,843] {dag.py:2305} INFO - Setting next_dagrun for example_external_task_marker_parent to None
[2021-10-24 03:12:36,865] {scheduler_job.py:190} INFO - Processing /home/airflow/sandbox/lib/python3.8/site-packages/airflow/example_dags/example_external_task_marker_dag.py took 0.089 seconds
[2021-10-24 03:13:14,673] {scheduler_job.py:182} INFO - Started process (PID=6795) to work on /home/airflow/sandbox/lib/python3.8/site-packages/airflow/example_dags/example_external_task_marker_dag.py
[2021-10-24 03:13:14,674] {scheduler_job.py:633} INFO - Processing file /home/airflow/sandbox/lib/python3.8/site-packages/airflow/example_dags/example_external_task_marker_dag.py for tasks to queue
[2021-10-24 03:13:14,679] {logging_mixin.py:104} INFO - [2021-10-24 03:13:14,678] {dagbag.py:487} INFO - Filling up the DagBag from /home/airflow/sandbox/lib/python3.8/site-packages/airflow/example_dags/example_external_task_marker_dag.py
[2021-10-24 03:13:14,696] {scheduler_job.py:643} INFO - DAG(s) dict_keys(['example_external_task_marker_parent', 'example_external_task_marker_child']) retrieved from /home/airflow/sandbox/lib/python3.8/site-packages/airflow/example_dags/example_external_task_marker_dag.py
[2021-10-24 03:13:15,133] {logging_mixin.py:104} INFO - [2021-10-24 03:13:15,133] {dag.py:1832} INFO - Sync 2 DAGs
[2021-10-24 03:13:15,145] {logging_mixin.py:104} INFO - [2021-10-24 03:13:15,145] {dag.py:2305} INFO - Setting next_dagrun for example_external_task_marker_child to None
[2021-10-24 03:13:15,146] {logging_mixin.py:104} INFO - [2021-10-24 03:13:15,146] {dag.py:2305} INFO - Setting next_dagrun for example_external_task_marker_parent to None
[2021-10-24 03:13:15,168] {scheduler_job.py:190} INFO - Processing /home/airflow/sandbox/lib/python3.8/site-packages/airflow/example_dags/example_external_task_marker_dag.py took 0.500 seconds
[2021-10-24 03:13:48,448] {scheduler_job.py:182} INFO - Started process (PID=6847) to work on /home/airflow/sandbox/lib/python3.8/site-packages/airflow/example_dags/example_external_task_marker_dag.py
[2021-10-24 03:13:48,450] {scheduler_job.py:633} INFO - Processing file /home/airflow/sandbox/lib/python3.8/site-packages/airflow/example_dags/example_external_task_marker_dag.py for tasks to queue
[2021-10-24 03:13:48,451] {logging_mixin.py:104} INFO - [2021-10-24 03:13:48,451] {dagbag.py:487} INFO - Filling up the DagBag from /home/airflow/sandbox/lib/python3.8/site-packages/airflow/example_dags/example_external_task_marker_dag.py
[2021-10-24 03:13:48,469] {scheduler_job.py:643} INFO - DAG(s) dict_keys(['example_external_task_marker_parent', 'example_external_task_marker_child']) retrieved from /home/airflow/sandbox/lib/python3.8/site-packages/airflow/example_dags/example_external_task_marker_dag.py
[2021-10-24 03:13:48,910] {logging_mixin.py:104} INFO - [2021-10-24 03:13:48,910] {dag.py:1832} INFO - Sync 2 DAGs
[2021-10-24 03:13:48,922] {logging_mixin.py:104} INFO - [2021-10-24 03:13:48,921] {dag.py:2305} INFO - Setting next_dagrun for example_external_task_marker_child to None
[2021-10-24 03:13:48,923] {logging_mixin.py:104} INFO - [2021-10-24 03:13:48,923] {dag.py:2305} INFO - Setting next_dagrun for example_external_task_marker_parent to None
[2021-10-24 03:13:48,939] {scheduler_job.py:190} INFO - Processing /home/airflow/sandbox/lib/python3.8/site-packages/airflow/example_dags/example_external_task_marker_dag.py took 0.495 seconds
[2021-10-24 03:14:22,988] {scheduler_job.py:182} INFO - Started process (PID=6878) to work on /home/airflow/sandbox/lib/python3.8/site-packages/airflow/example_dags/example_external_task_marker_dag.py
[2021-10-24 03:14:22,990] {scheduler_job.py:633} INFO - Processing file /home/airflow/sandbox/lib/python3.8/site-packages/airflow/example_dags/example_external_task_marker_dag.py for tasks to queue
[2021-10-24 03:14:22,991] {logging_mixin.py:104} INFO - [2021-10-24 03:14:22,991] {dagbag.py:487} INFO - Filling up the DagBag from /home/airflow/sandbox/lib/python3.8/site-packages/airflow/example_dags/example_external_task_marker_dag.py
[2021-10-24 03:14:23,006] {scheduler_job.py:643} INFO - DAG(s) dict_keys(['example_external_task_marker_parent', 'example_external_task_marker_child']) retrieved from /home/airflow/sandbox/lib/python3.8/site-packages/airflow/example_dags/example_external_task_marker_dag.py
[2021-10-24 03:14:23,432] {logging_mixin.py:104} INFO - [2021-10-24 03:14:23,432] {dag.py:1832} INFO - Sync 2 DAGs
[2021-10-24 03:14:23,444] {logging_mixin.py:104} INFO - [2021-10-24 03:14:23,444] {dag.py:2305} INFO - Setting next_dagrun for example_external_task_marker_child to None
[2021-10-24 03:14:23,445] {logging_mixin.py:104} INFO - [2021-10-24 03:14:23,445] {dag.py:2305} INFO - Setting next_dagrun for example_external_task_marker_parent to None
[2021-10-24 03:14:23,469] {scheduler_job.py:190} INFO - Processing /home/airflow/sandbox/lib/python3.8/site-packages/airflow/example_dags/example_external_task_marker_dag.py took 0.485 seconds
[2021-10-24 03:14:59,174] {scheduler_job.py:182} INFO - Started process (PID=7005) to work on /home/airflow/sandbox/lib/python3.8/site-packages/airflow/example_dags/example_external_task_marker_dag.py
[2021-10-24 03:14:59,175] {scheduler_job.py:633} INFO - Processing file /home/airflow/sandbox/lib/python3.8/site-packages/airflow/example_dags/example_external_task_marker_dag.py for tasks to queue
[2021-10-24 03:14:59,176] {logging_mixin.py:104} INFO - [2021-10-24 03:14:59,176] {dagbag.py:487} INFO - Filling up the DagBag from /home/airflow/sandbox/lib/python3.8/site-packages/airflow/example_dags/example_external_task_marker_dag.py
[2021-10-24 03:14:59,195] {scheduler_job.py:643} INFO - DAG(s) dict_keys(['example_external_task_marker_parent', 'example_external_task_marker_child']) retrieved from /home/airflow/sandbox/lib/python3.8/site-packages/airflow/example_dags/example_external_task_marker_dag.py
[2021-10-24 03:14:59,661] {logging_mixin.py:104} INFO - [2021-10-24 03:14:59,661] {dag.py:1832} INFO - Sync 2 DAGs
[2021-10-24 03:14:59,679] {logging_mixin.py:104} INFO - [2021-10-24 03:14:59,679] {dag.py:2305} INFO - Setting next_dagrun for example_external_task_marker_child to None
[2021-10-24 03:14:59,680] {logging_mixin.py:104} INFO - [2021-10-24 03:14:59,680] {dag.py:2305} INFO - Setting next_dagrun for example_external_task_marker_parent to None
[2021-10-24 03:14:59,705] {scheduler_job.py:190} INFO - Processing /home/airflow/sandbox/lib/python3.8/site-packages/airflow/example_dags/example_external_task_marker_dag.py took 0.537 seconds
[2021-10-24 03:15:34,490] {scheduler_job.py:182} INFO - Started process (PID=7037) to work on /home/airflow/sandbox/lib/python3.8/site-packages/airflow/example_dags/example_external_task_marker_dag.py
[2021-10-24 03:15:34,493] {scheduler_job.py:633} INFO - Processing file /home/airflow/sandbox/lib/python3.8/site-packages/airflow/example_dags/example_external_task_marker_dag.py for tasks to queue
[2021-10-24 03:15:34,494] {logging_mixin.py:104} INFO - [2021-10-24 03:15:34,494] {dagbag.py:487} INFO - Filling up the DagBag from /home/airflow/sandbox/lib/python3.8/site-packages/airflow/example_dags/example_external_task_marker_dag.py
[2021-10-24 03:15:34,510] {scheduler_job.py:643} INFO - DAG(s) dict_keys(['example_external_task_marker_parent', 'example_external_task_marker_child']) retrieved from /home/airflow/sandbox/lib/python3.8/site-packages/airflow/example_dags/example_external_task_marker_dag.py
[2021-10-24 03:15:34,951] {logging_mixin.py:104} INFO - [2021-10-24 03:15:34,951] {dag.py:1832} INFO - Sync 2 DAGs
[2021-10-24 03:15:34,964] {logging_mixin.py:104} INFO - [2021-10-24 03:15:34,964] {dag.py:2305} INFO - Setting next_dagrun for example_external_task_marker_child to None
[2021-10-24 03:15:34,965] {logging_mixin.py:104} INFO - [2021-10-24 03:15:34,965] {dag.py:2305} INFO - Setting next_dagrun for example_external_task_marker_parent to None
[2021-10-24 03:15:34,987] {scheduler_job.py:190} INFO - Processing /home/airflow/sandbox/lib/python3.8/site-packages/airflow/example_dags/example_external_task_marker_dag.py took 0.501 seconds
[2021-10-24 03:16:12,499] {scheduler_job.py:182} INFO - Started process (PID=7129) to work on /home/airflow/sandbox/lib/python3.8/site-packages/airflow/example_dags/example_external_task_marker_dag.py
[2021-10-24 03:16:12,500] {scheduler_job.py:633} INFO - Processing file /home/airflow/sandbox/lib/python3.8/site-packages/airflow/example_dags/example_external_task_marker_dag.py for tasks to queue
[2021-10-24 03:16:12,501] {logging_mixin.py:104} INFO - [2021-10-24 03:16:12,501] {dagbag.py:487} INFO - Filling up the DagBag from /home/airflow/sandbox/lib/python3.8/site-packages/airflow/example_dags/example_external_task_marker_dag.py
[2021-10-24 03:16:12,517] {scheduler_job.py:643} INFO - DAG(s) dict_keys(['example_external_task_marker_parent', 'example_external_task_marker_child']) retrieved from /home/airflow/sandbox/lib/python3.8/site-packages/airflow/example_dags/example_external_task_marker_dag.py
[2021-10-24 03:16:12,945] {logging_mixin.py:104} INFO - [2021-10-24 03:16:12,945] {dag.py:1832} INFO - Sync 2 DAGs
[2021-10-24 03:16:12,956] {logging_mixin.py:104} INFO - [2021-10-24 03:16:12,956] {dag.py:2305} INFO - Setting next_dagrun for example_external_task_marker_child to None
[2021-10-24 03:16:12,957] {logging_mixin.py:104} INFO - [2021-10-24 03:16:12,957] {dag.py:2305} INFO - Setting next_dagrun for example_external_task_marker_parent to None
[2021-10-24 03:16:12,981] {scheduler_job.py:190} INFO - Processing /home/airflow/sandbox/lib/python3.8/site-packages/airflow/example_dags/example_external_task_marker_dag.py took 0.487 seconds
[2021-10-24 03:16:46,116] {scheduler_job.py:182} INFO - Started process (PID=7175) to work on /home/airflow/sandbox/lib/python3.8/site-packages/airflow/example_dags/example_external_task_marker_dag.py
[2021-10-24 03:16:46,117] {scheduler_job.py:633} INFO - Processing file /home/airflow/sandbox/lib/python3.8/site-packages/airflow/example_dags/example_external_task_marker_dag.py for tasks to queue
[2021-10-24 03:16:46,118] {logging_mixin.py:104} INFO - [2021-10-24 03:16:46,118] {dagbag.py:487} INFO - Filling up the DagBag from /home/airflow/sandbox/lib/python3.8/site-packages/airflow/example_dags/example_external_task_marker_dag.py
[2021-10-24 03:16:46,135] {scheduler_job.py:643} INFO - DAG(s) dict_keys(['example_external_task_marker_parent', 'example_external_task_marker_child']) retrieved from /home/airflow/sandbox/lib/python3.8/site-packages/airflow/example_dags/example_external_task_marker_dag.py
[2021-10-24 03:16:46,163] {logging_mixin.py:104} INFO - [2021-10-24 03:16:46,163] {dag.py:1832} INFO - Sync 2 DAGs
[2021-10-24 03:16:46,180] {logging_mixin.py:104} INFO - [2021-10-24 03:16:46,180] {dag.py:2305} INFO - Setting next_dagrun for example_external_task_marker_child to None
[2021-10-24 03:16:46,182] {logging_mixin.py:104} INFO - [2021-10-24 03:16:46,182] {dag.py:2305} INFO - Setting next_dagrun for example_external_task_marker_parent to None
[2021-10-24 03:16:46,205] {scheduler_job.py:190} INFO - Processing /home/airflow/sandbox/lib/python3.8/site-packages/airflow/example_dags/example_external_task_marker_dag.py took 0.094 seconds
[2021-10-24 03:17:51,581] {scheduler_job.py:182} INFO - Started process (PID=7671) to work on /home/airflow/sandbox/lib/python3.8/site-packages/airflow/example_dags/example_external_task_marker_dag.py
[2021-10-24 03:17:51,583] {scheduler_job.py:633} INFO - Processing file /home/airflow/sandbox/lib/python3.8/site-packages/airflow/example_dags/example_external_task_marker_dag.py for tasks to queue
[2021-10-24 03:17:51,584] {logging_mixin.py:104} INFO - [2021-10-24 03:17:51,584] {dagbag.py:487} INFO - Filling up the DagBag from /home/airflow/sandbox/lib/python3.8/site-packages/airflow/example_dags/example_external_task_marker_dag.py
[2021-10-24 03:17:51,600] {scheduler_job.py:643} INFO - DAG(s) dict_keys(['example_external_task_marker_parent', 'example_external_task_marker_child']) retrieved from /home/airflow/sandbox/lib/python3.8/site-packages/airflow/example_dags/example_external_task_marker_dag.py
[2021-10-24 03:17:52,049] {logging_mixin.py:104} INFO - [2021-10-24 03:17:52,049] {dag.py:1832} INFO - Sync 2 DAGs
[2021-10-24 03:17:52,062] {logging_mixin.py:104} INFO - [2021-10-24 03:17:52,062] {dag.py:2305} INFO - Setting next_dagrun for example_external_task_marker_child to None
[2021-10-24 03:17:52,063] {logging_mixin.py:104} INFO - [2021-10-24 03:17:52,063] {dag.py:2305} INFO - Setting next_dagrun for example_external_task_marker_parent to None
[2021-10-24 03:17:52,089] {scheduler_job.py:190} INFO - Processing /home/airflow/sandbox/lib/python3.8/site-packages/airflow/example_dags/example_external_task_marker_dag.py took 0.513 seconds
[2021-10-24 03:18:27,292] {scheduler_job.py:182} INFO - Started process (PID=7746) to work on /home/airflow/sandbox/lib/python3.8/site-packages/airflow/example_dags/example_external_task_marker_dag.py
[2021-10-24 03:18:27,294] {scheduler_job.py:633} INFO - Processing file /home/airflow/sandbox/lib/python3.8/site-packages/airflow/example_dags/example_external_task_marker_dag.py for tasks to queue
[2021-10-24 03:18:27,295] {logging_mixin.py:104} INFO - [2021-10-24 03:18:27,295] {dagbag.py:487} INFO - Filling up the DagBag from /home/airflow/sandbox/lib/python3.8/site-packages/airflow/example_dags/example_external_task_marker_dag.py
[2021-10-24 03:18:27,313] {scheduler_job.py:643} INFO - DAG(s) dict_keys(['example_external_task_marker_parent', 'example_external_task_marker_child']) retrieved from /home/airflow/sandbox/lib/python3.8/site-packages/airflow/example_dags/example_external_task_marker_dag.py
[2021-10-24 03:18:27,760] {logging_mixin.py:104} INFO - [2021-10-24 03:18:27,760] {dag.py:1832} INFO - Sync 2 DAGs
[2021-10-24 03:18:27,771] {logging_mixin.py:104} INFO - [2021-10-24 03:18:27,771] {dag.py:2305} INFO - Setting next_dagrun for example_external_task_marker_child to None
[2021-10-24 03:18:27,772] {logging_mixin.py:104} INFO - [2021-10-24 03:18:27,772] {dag.py:2305} INFO - Setting next_dagrun for example_external_task_marker_parent to None
[2021-10-24 03:18:27,797] {scheduler_job.py:190} INFO - Processing /home/airflow/sandbox/lib/python3.8/site-packages/airflow/example_dags/example_external_task_marker_dag.py took 0.509 seconds
[2021-10-24 03:19:02,156] {scheduler_job.py:182} INFO - Started process (PID=7838) to work on /home/airflow/sandbox/lib/python3.8/site-packages/airflow/example_dags/example_external_task_marker_dag.py
[2021-10-24 03:19:02,158] {scheduler_job.py:633} INFO - Processing file /home/airflow/sandbox/lib/python3.8/site-packages/airflow/example_dags/example_external_task_marker_dag.py for tasks to queue
[2021-10-24 03:19:02,159] {logging_mixin.py:104} INFO - [2021-10-24 03:19:02,159] {dagbag.py:487} INFO - Filling up the DagBag from /home/airflow/sandbox/lib/python3.8/site-packages/airflow/example_dags/example_external_task_marker_dag.py
[2021-10-24 03:19:02,177] {scheduler_job.py:643} INFO - DAG(s) dict_keys(['example_external_task_marker_parent', 'example_external_task_marker_child']) retrieved from /home/airflow/sandbox/lib/python3.8/site-packages/airflow/example_dags/example_external_task_marker_dag.py
[2021-10-24 03:19:02,202] {logging_mixin.py:104} INFO - [2021-10-24 03:19:02,202] {dag.py:1832} INFO - Sync 2 DAGs
[2021-10-24 03:19:02,222] {logging_mixin.py:104} INFO - [2021-10-24 03:19:02,222] {dag.py:2305} INFO - Setting next_dagrun for example_external_task_marker_child to None
[2021-10-24 03:19:02,223] {logging_mixin.py:104} INFO - [2021-10-24 03:19:02,223] {dag.py:2305} INFO - Setting next_dagrun for example_external_task_marker_parent to None
[2021-10-24 03:19:02,246] {scheduler_job.py:190} INFO - Processing /home/airflow/sandbox/lib/python3.8/site-packages/airflow/example_dags/example_external_task_marker_dag.py took 0.094 seconds
[2021-10-24 03:19:38,570] {scheduler_job.py:182} INFO - Started process (PID=7869) to work on /home/airflow/sandbox/lib/python3.8/site-packages/airflow/example_dags/example_external_task_marker_dag.py
[2021-10-24 03:19:38,572] {scheduler_job.py:633} INFO - Processing file /home/airflow/sandbox/lib/python3.8/site-packages/airflow/example_dags/example_external_task_marker_dag.py for tasks to queue
[2021-10-24 03:19:38,572] {logging_mixin.py:104} INFO - [2021-10-24 03:19:38,572] {dagbag.py:487} INFO - Filling up the DagBag from /home/airflow/sandbox/lib/python3.8/site-packages/airflow/example_dags/example_external_task_marker_dag.py
[2021-10-24 03:19:38,592] {scheduler_job.py:643} INFO - DAG(s) dict_keys(['example_external_task_marker_parent', 'example_external_task_marker_child']) retrieved from /home/airflow/sandbox/lib/python3.8/site-packages/airflow/example_dags/example_external_task_marker_dag.py
[2021-10-24 03:19:39,046] {logging_mixin.py:104} INFO - [2021-10-24 03:19:39,046] {dag.py:1832} INFO - Sync 2 DAGs
[2021-10-24 03:19:39,058] {logging_mixin.py:104} INFO - [2021-10-24 03:19:39,058] {dag.py:2305} INFO - Setting next_dagrun for example_external_task_marker_child to None
[2021-10-24 03:19:39,059] {logging_mixin.py:104} INFO - [2021-10-24 03:19:39,059] {dag.py:2305} INFO - Setting next_dagrun for example_external_task_marker_parent to None
[2021-10-24 03:19:39,086] {scheduler_job.py:190} INFO - Processing /home/airflow/sandbox/lib/python3.8/site-packages/airflow/example_dags/example_external_task_marker_dag.py took 0.522 seconds
[2021-10-24 03:20:15,232] {scheduler_job.py:182} INFO - Started process (PID=7900) to work on /home/airflow/sandbox/lib/python3.8/site-packages/airflow/example_dags/example_external_task_marker_dag.py
[2021-10-24 03:20:15,234] {scheduler_job.py:633} INFO - Processing file /home/airflow/sandbox/lib/python3.8/site-packages/airflow/example_dags/example_external_task_marker_dag.py for tasks to queue
[2021-10-24 03:20:15,234] {logging_mixin.py:104} INFO - [2021-10-24 03:20:15,234] {dagbag.py:487} INFO - Filling up the DagBag from /home/airflow/sandbox/lib/python3.8/site-packages/airflow/example_dags/example_external_task_marker_dag.py
[2021-10-24 03:20:15,253] {scheduler_job.py:643} INFO - DAG(s) dict_keys(['example_external_task_marker_parent', 'example_external_task_marker_child']) retrieved from /home/airflow/sandbox/lib/python3.8/site-packages/airflow/example_dags/example_external_task_marker_dag.py
[2021-10-24 03:20:15,679] {logging_mixin.py:104} INFO - [2021-10-24 03:20:15,679] {dag.py:1832} INFO - Sync 2 DAGs
[2021-10-24 03:20:15,693] {logging_mixin.py:104} INFO - [2021-10-24 03:20:15,692] {dag.py:2305} INFO - Setting next_dagrun for example_external_task_marker_child to None
[2021-10-24 03:20:15,694] {logging_mixin.py:104} INFO - [2021-10-24 03:20:15,694] {dag.py:2305} INFO - Setting next_dagrun for example_external_task_marker_parent to None
[2021-10-24 03:20:15,719] {scheduler_job.py:190} INFO - Processing /home/airflow/sandbox/lib/python3.8/site-packages/airflow/example_dags/example_external_task_marker_dag.py took 0.492 seconds
[2021-10-24 03:20:50,771] {scheduler_job.py:182} INFO - Started process (PID=7931) to work on /home/airflow/sandbox/lib/python3.8/site-packages/airflow/example_dags/example_external_task_marker_dag.py
[2021-10-24 03:20:50,772] {scheduler_job.py:633} INFO - Processing file /home/airflow/sandbox/lib/python3.8/site-packages/airflow/example_dags/example_external_task_marker_dag.py for tasks to queue
[2021-10-24 03:20:50,773] {logging_mixin.py:104} INFO - [2021-10-24 03:20:50,773] {dagbag.py:487} INFO - Filling up the DagBag from /home/airflow/sandbox/lib/python3.8/site-packages/airflow/example_dags/example_external_task_marker_dag.py
[2021-10-24 03:20:50,792] {scheduler_job.py:643} INFO - DAG(s) dict_keys(['example_external_task_marker_parent', 'example_external_task_marker_child']) retrieved from /home/airflow/sandbox/lib/python3.8/site-packages/airflow/example_dags/example_external_task_marker_dag.py
[2021-10-24 03:20:51,242] {logging_mixin.py:104} INFO - [2021-10-24 03:20:51,242] {dag.py:1832} INFO - Sync 2 DAGs
[2021-10-24 03:20:51,256] {logging_mixin.py:104} INFO - [2021-10-24 03:20:51,256] {dag.py:2305} INFO - Setting next_dagrun for example_external_task_marker_child to None
[2021-10-24 03:20:51,257] {logging_mixin.py:104} INFO - [2021-10-24 03:20:51,257] {dag.py:2305} INFO - Setting next_dagrun for example_external_task_marker_parent to None
[2021-10-24 03:20:51,283] {scheduler_job.py:190} INFO - Processing /home/airflow/sandbox/lib/python3.8/site-packages/airflow/example_dags/example_external_task_marker_dag.py took 0.516 seconds
[2021-10-24 03:21:26,525] {scheduler_job.py:182} INFO - Started process (PID=7993) to work on /home/airflow/sandbox/lib/python3.8/site-packages/airflow/example_dags/example_external_task_marker_dag.py
[2021-10-24 03:21:26,526] {scheduler_job.py:633} INFO - Processing file /home/airflow/sandbox/lib/python3.8/site-packages/airflow/example_dags/example_external_task_marker_dag.py for tasks to queue
[2021-10-24 03:21:26,527] {logging_mixin.py:104} INFO - [2021-10-24 03:21:26,527] {dagbag.py:487} INFO - Filling up the DagBag from /home/airflow/sandbox/lib/python3.8/site-packages/airflow/example_dags/example_external_task_marker_dag.py
[2021-10-24 03:21:26,540] {scheduler_job.py:643} INFO - DAG(s) dict_keys(['example_external_task_marker_parent', 'example_external_task_marker_child']) retrieved from /home/airflow/sandbox/lib/python3.8/site-packages/airflow/example_dags/example_external_task_marker_dag.py
[2021-10-24 03:21:26,999] {logging_mixin.py:104} INFO - [2021-10-24 03:21:26,999] {dag.py:1832} INFO - Sync 2 DAGs
[2021-10-24 03:21:27,013] {logging_mixin.py:104} INFO - [2021-10-24 03:21:27,013] {dag.py:2305} INFO - Setting next_dagrun for example_external_task_marker_child to None
[2021-10-24 03:21:27,014] {logging_mixin.py:104} INFO - [2021-10-24 03:21:27,014] {dag.py:2305} INFO - Setting next_dagrun for example_external_task_marker_parent to None
[2021-10-24 03:21:27,038] {scheduler_job.py:190} INFO - Processing /home/airflow/sandbox/lib/python3.8/site-packages/airflow/example_dags/example_external_task_marker_dag.py took 0.518 seconds
[2021-10-24 03:22:00,492] {scheduler_job.py:182} INFO - Started process (PID=8053) to work on /home/airflow/sandbox/lib/python3.8/site-packages/airflow/example_dags/example_external_task_marker_dag.py
[2021-10-24 03:22:00,493] {scheduler_job.py:633} INFO - Processing file /home/airflow/sandbox/lib/python3.8/site-packages/airflow/example_dags/example_external_task_marker_dag.py for tasks to queue
[2021-10-24 03:22:00,495] {logging_mixin.py:104} INFO - [2021-10-24 03:22:00,494] {dagbag.py:487} INFO - Filling up the DagBag from /home/airflow/sandbox/lib/python3.8/site-packages/airflow/example_dags/example_external_task_marker_dag.py
[2021-10-24 03:22:00,514] {scheduler_job.py:643} INFO - DAG(s) dict_keys(['example_external_task_marker_parent', 'example_external_task_marker_child']) retrieved from /home/airflow/sandbox/lib/python3.8/site-packages/airflow/example_dags/example_external_task_marker_dag.py
[2021-10-24 03:22:00,975] {logging_mixin.py:104} INFO - [2021-10-24 03:22:00,975] {dag.py:1832} INFO - Sync 2 DAGs
[2021-10-24 03:22:00,989] {logging_mixin.py:104} INFO - [2021-10-24 03:22:00,989] {dag.py:2305} INFO - Setting next_dagrun for example_external_task_marker_child to None
[2021-10-24 03:22:00,991] {logging_mixin.py:104} INFO - [2021-10-24 03:22:00,990] {dag.py:2305} INFO - Setting next_dagrun for example_external_task_marker_parent to None
[2021-10-24 03:22:01,015] {scheduler_job.py:190} INFO - Processing /home/airflow/sandbox/lib/python3.8/site-packages/airflow/example_dags/example_external_task_marker_dag.py took 0.528 seconds
[2021-10-24 03:22:34,874] {scheduler_job.py:182} INFO - Started process (PID=8083) to work on /home/airflow/sandbox/lib/python3.8/site-packages/airflow/example_dags/example_external_task_marker_dag.py
[2021-10-24 03:22:34,876] {scheduler_job.py:633} INFO - Processing file /home/airflow/sandbox/lib/python3.8/site-packages/airflow/example_dags/example_external_task_marker_dag.py for tasks to queue
[2021-10-24 03:22:34,877] {logging_mixin.py:104} INFO - [2021-10-24 03:22:34,877] {dagbag.py:487} INFO - Filling up the DagBag from /home/airflow/sandbox/lib/python3.8/site-packages/airflow/example_dags/example_external_task_marker_dag.py
[2021-10-24 03:22:34,899] {scheduler_job.py:643} INFO - DAG(s) dict_keys(['example_external_task_marker_parent', 'example_external_task_marker_child']) retrieved from /home/airflow/sandbox/lib/python3.8/site-packages/airflow/example_dags/example_external_task_marker_dag.py
[2021-10-24 03:22:35,337] {logging_mixin.py:104} INFO - [2021-10-24 03:22:35,337] {dag.py:1832} INFO - Sync 2 DAGs
[2021-10-24 03:22:35,350] {logging_mixin.py:104} INFO - [2021-10-24 03:22:35,350] {dag.py:2305} INFO - Setting next_dagrun for example_external_task_marker_child to None
[2021-10-24 03:22:35,351] {logging_mixin.py:104} INFO - [2021-10-24 03:22:35,351] {dag.py:2305} INFO - Setting next_dagrun for example_external_task_marker_parent to None
[2021-10-24 03:22:35,373] {scheduler_job.py:190} INFO - Processing /home/airflow/sandbox/lib/python3.8/site-packages/airflow/example_dags/example_external_task_marker_dag.py took 0.503 seconds
[2021-10-24 03:23:09,359] {scheduler_job.py:182} INFO - Started process (PID=8113) to work on /home/airflow/sandbox/lib/python3.8/site-packages/airflow/example_dags/example_external_task_marker_dag.py
[2021-10-24 03:23:09,360] {scheduler_job.py:633} INFO - Processing file /home/airflow/sandbox/lib/python3.8/site-packages/airflow/example_dags/example_external_task_marker_dag.py for tasks to queue
[2021-10-24 03:23:09,361] {logging_mixin.py:104} INFO - [2021-10-24 03:23:09,360] {dagbag.py:487} INFO - Filling up the DagBag from /home/airflow/sandbox/lib/python3.8/site-packages/airflow/example_dags/example_external_task_marker_dag.py
[2021-10-24 03:23:09,381] {scheduler_job.py:643} INFO - DAG(s) dict_keys(['example_external_task_marker_parent', 'example_external_task_marker_child']) retrieved from /home/airflow/sandbox/lib/python3.8/site-packages/airflow/example_dags/example_external_task_marker_dag.py
[2021-10-24 03:23:09,841] {logging_mixin.py:104} INFO - [2021-10-24 03:23:09,841] {dag.py:1832} INFO - Sync 2 DAGs
[2021-10-24 03:23:09,856] {logging_mixin.py:104} INFO - [2021-10-24 03:23:09,856] {dag.py:2305} INFO - Setting next_dagrun for example_external_task_marker_child to None
[2021-10-24 03:23:09,857] {logging_mixin.py:104} INFO - [2021-10-24 03:23:09,857] {dag.py:2305} INFO - Setting next_dagrun for example_external_task_marker_parent to None
[2021-10-24 03:23:09,880] {scheduler_job.py:190} INFO - Processing /home/airflow/sandbox/lib/python3.8/site-packages/airflow/example_dags/example_external_task_marker_dag.py took 0.527 seconds
[2021-10-24 03:23:44,630] {scheduler_job.py:182} INFO - Started process (PID=8188) to work on /home/airflow/sandbox/lib/python3.8/site-packages/airflow/example_dags/example_external_task_marker_dag.py
[2021-10-24 03:23:44,632] {scheduler_job.py:633} INFO - Processing file /home/airflow/sandbox/lib/python3.8/site-packages/airflow/example_dags/example_external_task_marker_dag.py for tasks to queue
[2021-10-24 03:23:44,633] {logging_mixin.py:104} INFO - [2021-10-24 03:23:44,633] {dagbag.py:487} INFO - Filling up the DagBag from /home/airflow/sandbox/lib/python3.8/site-packages/airflow/example_dags/example_external_task_marker_dag.py
[2021-10-24 03:23:44,652] {scheduler_job.py:643} INFO - DAG(s) dict_keys(['example_external_task_marker_parent', 'example_external_task_marker_child']) retrieved from /home/airflow/sandbox/lib/python3.8/site-packages/airflow/example_dags/example_external_task_marker_dag.py
[2021-10-24 03:23:45,066] {logging_mixin.py:104} INFO - [2021-10-24 03:23:45,066] {dag.py:1832} INFO - Sync 2 DAGs
[2021-10-24 03:23:45,073] {logging_mixin.py:104} INFO - [2021-10-24 03:23:45,073] {dag.py:2305} INFO - Setting next_dagrun for example_external_task_marker_child to None
[2021-10-24 03:23:45,073] {logging_mixin.py:104} INFO - [2021-10-24 03:23:45,073] {dag.py:2305} INFO - Setting next_dagrun for example_external_task_marker_parent to None
[2021-10-24 03:23:45,088] {scheduler_job.py:190} INFO - Processing /home/airflow/sandbox/lib/python3.8/site-packages/airflow/example_dags/example_external_task_marker_dag.py took 0.463 seconds
[2021-10-24 03:24:19,740] {scheduler_job.py:182} INFO - Started process (PID=8219) to work on /home/airflow/sandbox/lib/python3.8/site-packages/airflow/example_dags/example_external_task_marker_dag.py
[2021-10-24 03:24:19,742] {scheduler_job.py:633} INFO - Processing file /home/airflow/sandbox/lib/python3.8/site-packages/airflow/example_dags/example_external_task_marker_dag.py for tasks to queue
[2021-10-24 03:24:19,743] {logging_mixin.py:104} INFO - [2021-10-24 03:24:19,743] {dagbag.py:487} INFO - Filling up the DagBag from /home/airflow/sandbox/lib/python3.8/site-packages/airflow/example_dags/example_external_task_marker_dag.py
[2021-10-24 03:24:19,761] {scheduler_job.py:643} INFO - DAG(s) dict_keys(['example_external_task_marker_parent', 'example_external_task_marker_child']) retrieved from /home/airflow/sandbox/lib/python3.8/site-packages/airflow/example_dags/example_external_task_marker_dag.py
[2021-10-24 03:24:20,216] {logging_mixin.py:104} INFO - [2021-10-24 03:24:20,216] {dag.py:1832} INFO - Sync 2 DAGs
[2021-10-24 03:24:20,232] {logging_mixin.py:104} INFO - [2021-10-24 03:24:20,232] {dag.py:2305} INFO - Setting next_dagrun for example_external_task_marker_child to None
[2021-10-24 03:24:20,233] {logging_mixin.py:104} INFO - [2021-10-24 03:24:20,233] {dag.py:2305} INFO - Setting next_dagrun for example_external_task_marker_parent to None
[2021-10-24 03:24:20,253] {scheduler_job.py:190} INFO - Processing /home/airflow/sandbox/lib/python3.8/site-packages/airflow/example_dags/example_external_task_marker_dag.py took 0.519 seconds
[2021-10-24 03:24:55,485] {scheduler_job.py:182} INFO - Started process (PID=8250) to work on /home/airflow/sandbox/lib/python3.8/site-packages/airflow/example_dags/example_external_task_marker_dag.py
[2021-10-24 03:24:55,486] {scheduler_job.py:633} INFO - Processing file /home/airflow/sandbox/lib/python3.8/site-packages/airflow/example_dags/example_external_task_marker_dag.py for tasks to queue
[2021-10-24 03:24:55,486] {logging_mixin.py:104} INFO - [2021-10-24 03:24:55,486] {dagbag.py:487} INFO - Filling up the DagBag from /home/airflow/sandbox/lib/python3.8/site-packages/airflow/example_dags/example_external_task_marker_dag.py
[2021-10-24 03:24:55,503] {scheduler_job.py:643} INFO - DAG(s) dict_keys(['example_external_task_marker_parent', 'example_external_task_marker_child']) retrieved from /home/airflow/sandbox/lib/python3.8/site-packages/airflow/example_dags/example_external_task_marker_dag.py
[2021-10-24 03:24:55,946] {logging_mixin.py:104} INFO - [2021-10-24 03:24:55,946] {dag.py:1832} INFO - Sync 2 DAGs
[2021-10-24 03:24:55,961] {logging_mixin.py:104} INFO - [2021-10-24 03:24:55,960] {dag.py:2305} INFO - Setting next_dagrun for example_external_task_marker_child to None
[2021-10-24 03:24:55,962] {logging_mixin.py:104} INFO - [2021-10-24 03:24:55,962] {dag.py:2305} INFO - Setting next_dagrun for example_external_task_marker_parent to None
[2021-10-24 03:24:55,984] {scheduler_job.py:190} INFO - Processing /home/airflow/sandbox/lib/python3.8/site-packages/airflow/example_dags/example_external_task_marker_dag.py took 0.505 seconds
[2021-10-24 03:25:29,029] {scheduler_job.py:182} INFO - Started process (PID=8279) to work on /home/airflow/sandbox/lib/python3.8/site-packages/airflow/example_dags/example_external_task_marker_dag.py
[2021-10-24 03:25:29,031] {scheduler_job.py:633} INFO - Processing file /home/airflow/sandbox/lib/python3.8/site-packages/airflow/example_dags/example_external_task_marker_dag.py for tasks to queue
[2021-10-24 03:25:29,032] {logging_mixin.py:104} INFO - [2021-10-24 03:25:29,032] {dagbag.py:487} INFO - Filling up the DagBag from /home/airflow/sandbox/lib/python3.8/site-packages/airflow/example_dags/example_external_task_marker_dag.py
[2021-10-24 03:25:29,048] {scheduler_job.py:643} INFO - DAG(s) dict_keys(['example_external_task_marker_parent', 'example_external_task_marker_child']) retrieved from /home/airflow/sandbox/lib/python3.8/site-packages/airflow/example_dags/example_external_task_marker_dag.py
[2021-10-24 03:25:29,489] {logging_mixin.py:104} INFO - [2021-10-24 03:25:29,489] {dag.py:1832} INFO - Sync 2 DAGs
[2021-10-24 03:25:29,502] {logging_mixin.py:104} INFO - [2021-10-24 03:25:29,502] {dag.py:2305} INFO - Setting next_dagrun for example_external_task_marker_child to None
[2021-10-24 03:25:29,503] {logging_mixin.py:104} INFO - [2021-10-24 03:25:29,503] {dag.py:2305} INFO - Setting next_dagrun for example_external_task_marker_parent to None
[2021-10-24 03:25:29,528] {scheduler_job.py:190} INFO - Processing /home/airflow/sandbox/lib/python3.8/site-packages/airflow/example_dags/example_external_task_marker_dag.py took 0.503 seconds
[2021-10-24 03:26:05,843] {scheduler_job.py:182} INFO - Started process (PID=8310) to work on /home/airflow/sandbox/lib/python3.8/site-packages/airflow/example_dags/example_external_task_marker_dag.py
[2021-10-24 03:26:05,845] {scheduler_job.py:633} INFO - Processing file /home/airflow/sandbox/lib/python3.8/site-packages/airflow/example_dags/example_external_task_marker_dag.py for tasks to queue
[2021-10-24 03:26:05,846] {logging_mixin.py:104} INFO - [2021-10-24 03:26:05,846] {dagbag.py:487} INFO - Filling up the DagBag from /home/airflow/sandbox/lib/python3.8/site-packages/airflow/example_dags/example_external_task_marker_dag.py
[2021-10-24 03:26:05,864] {scheduler_job.py:643} INFO - DAG(s) dict_keys(['example_external_task_marker_parent', 'example_external_task_marker_child']) retrieved from /home/airflow/sandbox/lib/python3.8/site-packages/airflow/example_dags/example_external_task_marker_dag.py
[2021-10-24 03:26:06,324] {logging_mixin.py:104} INFO - [2021-10-24 03:26:06,324] {dag.py:1832} INFO - Sync 2 DAGs
[2021-10-24 03:26:06,339] {logging_mixin.py:104} INFO - [2021-10-24 03:26:06,339] {dag.py:2305} INFO - Setting next_dagrun for example_external_task_marker_child to None
[2021-10-24 03:26:06,340] {logging_mixin.py:104} INFO - [2021-10-24 03:26:06,340] {dag.py:2305} INFO - Setting next_dagrun for example_external_task_marker_parent to None
[2021-10-24 03:26:06,365] {scheduler_job.py:190} INFO - Processing /home/airflow/sandbox/lib/python3.8/site-packages/airflow/example_dags/example_external_task_marker_dag.py took 0.526 seconds
[2021-10-24 03:26:42,497] {scheduler_job.py:182} INFO - Started process (PID=8341) to work on /home/airflow/sandbox/lib/python3.8/site-packages/airflow/example_dags/example_external_task_marker_dag.py
[2021-10-24 03:26:42,499] {scheduler_job.py:633} INFO - Processing file /home/airflow/sandbox/lib/python3.8/site-packages/airflow/example_dags/example_external_task_marker_dag.py for tasks to queue
[2021-10-24 03:26:42,500] {logging_mixin.py:104} INFO - [2021-10-24 03:26:42,500] {dagbag.py:487} INFO - Filling up the DagBag from /home/airflow/sandbox/lib/python3.8/site-packages/airflow/example_dags/example_external_task_marker_dag.py
[2021-10-24 03:26:42,517] {scheduler_job.py:643} INFO - DAG(s) dict_keys(['example_external_task_marker_parent', 'example_external_task_marker_child']) retrieved from /home/airflow/sandbox/lib/python3.8/site-packages/airflow/example_dags/example_external_task_marker_dag.py
[2021-10-24 03:26:42,544] {logging_mixin.py:104} INFO - [2021-10-24 03:26:42,544] {dag.py:1832} INFO - Sync 2 DAGs
[2021-10-24 03:26:42,563] {logging_mixin.py:104} INFO - [2021-10-24 03:26:42,563] {dag.py:2305} INFO - Setting next_dagrun for example_external_task_marker_child to None
[2021-10-24 03:26:42,565] {logging_mixin.py:104} INFO - [2021-10-24 03:26:42,565] {dag.py:2305} INFO - Setting next_dagrun for example_external_task_marker_parent to None
[2021-10-24 03:26:42,590] {scheduler_job.py:190} INFO - Processing /home/airflow/sandbox/lib/python3.8/site-packages/airflow/example_dags/example_external_task_marker_dag.py took 0.098 seconds
[2021-10-24 03:27:16,746] {scheduler_job.py:182} INFO - Started process (PID=8370) to work on /home/airflow/sandbox/lib/python3.8/site-packages/airflow/example_dags/example_external_task_marker_dag.py
[2021-10-24 03:27:16,748] {scheduler_job.py:633} INFO - Processing file /home/airflow/sandbox/lib/python3.8/site-packages/airflow/example_dags/example_external_task_marker_dag.py for tasks to queue
[2021-10-24 03:27:16,749] {logging_mixin.py:104} INFO - [2021-10-24 03:27:16,749] {dagbag.py:487} INFO - Filling up the DagBag from /home/airflow/sandbox/lib/python3.8/site-packages/airflow/example_dags/example_external_task_marker_dag.py
[2021-10-24 03:27:16,769] {scheduler_job.py:643} INFO - DAG(s) dict_keys(['example_external_task_marker_parent', 'example_external_task_marker_child']) retrieved from /home/airflow/sandbox/lib/python3.8/site-packages/airflow/example_dags/example_external_task_marker_dag.py
[2021-10-24 03:27:17,234] {logging_mixin.py:104} INFO - [2021-10-24 03:27:17,234] {dag.py:1832} INFO - Sync 2 DAGs
[2021-10-24 03:27:17,261] {logging_mixin.py:104} INFO - [2021-10-24 03:27:17,261] {dag.py:2305} INFO - Setting next_dagrun for example_external_task_marker_child to None
[2021-10-24 03:27:17,261] {logging_mixin.py:104} INFO - [2021-10-24 03:27:17,261] {dag.py:2305} INFO - Setting next_dagrun for example_external_task_marker_parent to None
[2021-10-24 03:27:17,287] {scheduler_job.py:190} INFO - Processing /home/airflow/sandbox/lib/python3.8/site-packages/airflow/example_dags/example_external_task_marker_dag.py took 0.546 seconds
[2021-10-24 03:27:50,864] {scheduler_job.py:182} INFO - Started process (PID=8401) to work on /home/airflow/sandbox/lib/python3.8/site-packages/airflow/example_dags/example_external_task_marker_dag.py
[2021-10-24 03:27:50,865] {scheduler_job.py:633} INFO - Processing file /home/airflow/sandbox/lib/python3.8/site-packages/airflow/example_dags/example_external_task_marker_dag.py for tasks to queue
[2021-10-24 03:27:50,867] {logging_mixin.py:104} INFO - [2021-10-24 03:27:50,866] {dagbag.py:487} INFO - Filling up the DagBag from /home/airflow/sandbox/lib/python3.8/site-packages/airflow/example_dags/example_external_task_marker_dag.py
[2021-10-24 03:27:50,884] {scheduler_job.py:643} INFO - DAG(s) dict_keys(['example_external_task_marker_parent', 'example_external_task_marker_child']) retrieved from /home/airflow/sandbox/lib/python3.8/site-packages/airflow/example_dags/example_external_task_marker_dag.py
[2021-10-24 03:27:51,345] {logging_mixin.py:104} INFO - [2021-10-24 03:27:51,344] {dag.py:1832} INFO - Sync 2 DAGs
[2021-10-24 03:27:51,361] {logging_mixin.py:104} INFO - [2021-10-24 03:27:51,361] {dag.py:2305} INFO - Setting next_dagrun for example_external_task_marker_child to None
[2021-10-24 03:27:51,362] {logging_mixin.py:104} INFO - [2021-10-24 03:27:51,362] {dag.py:2305} INFO - Setting next_dagrun for example_external_task_marker_parent to None
[2021-10-24 03:27:51,385] {scheduler_job.py:190} INFO - Processing /home/airflow/sandbox/lib/python3.8/site-packages/airflow/example_dags/example_external_task_marker_dag.py took 0.526 seconds
[2021-10-24 03:28:28,366] {scheduler_job.py:182} INFO - Started process (PID=8475) to work on /home/airflow/sandbox/lib/python3.8/site-packages/airflow/example_dags/example_external_task_marker_dag.py
[2021-10-24 03:28:28,367] {scheduler_job.py:633} INFO - Processing file /home/airflow/sandbox/lib/python3.8/site-packages/airflow/example_dags/example_external_task_marker_dag.py for tasks to queue
[2021-10-24 03:28:28,368] {logging_mixin.py:104} INFO - [2021-10-24 03:28:28,367] {dagbag.py:487} INFO - Filling up the DagBag from /home/airflow/sandbox/lib/python3.8/site-packages/airflow/example_dags/example_external_task_marker_dag.py
[2021-10-24 03:28:28,401] {scheduler_job.py:643} INFO - DAG(s) dict_keys(['example_external_task_marker_parent', 'example_external_task_marker_child']) retrieved from /home/airflow/sandbox/lib/python3.8/site-packages/airflow/example_dags/example_external_task_marker_dag.py
[2021-10-24 03:28:28,429] {logging_mixin.py:104} INFO - [2021-10-24 03:28:28,429] {dag.py:1832} INFO - Sync 2 DAGs
[2021-10-24 03:28:28,447] {logging_mixin.py:104} INFO - [2021-10-24 03:28:28,447] {dag.py:2305} INFO - Setting next_dagrun for example_external_task_marker_child to None
[2021-10-24 03:28:28,449] {logging_mixin.py:104} INFO - [2021-10-24 03:28:28,449] {dag.py:2305} INFO - Setting next_dagrun for example_external_task_marker_parent to None
[2021-10-24 03:28:28,472] {scheduler_job.py:190} INFO - Processing /home/airflow/sandbox/lib/python3.8/site-packages/airflow/example_dags/example_external_task_marker_dag.py took 0.112 seconds
[2021-10-24 03:29:02,831] {scheduler_job.py:182} INFO - Started process (PID=8612) to work on /home/airflow/sandbox/lib/python3.8/site-packages/airflow/example_dags/example_external_task_marker_dag.py
[2021-10-24 03:29:02,833] {scheduler_job.py:633} INFO - Processing file /home/airflow/sandbox/lib/python3.8/site-packages/airflow/example_dags/example_external_task_marker_dag.py for tasks to queue
[2021-10-24 03:29:02,835] {logging_mixin.py:104} INFO - [2021-10-24 03:29:02,834] {dagbag.py:487} INFO - Filling up the DagBag from /home/airflow/sandbox/lib/python3.8/site-packages/airflow/example_dags/example_external_task_marker_dag.py
[2021-10-24 03:29:02,862] {scheduler_job.py:643} INFO - DAG(s) dict_keys(['example_external_task_marker_parent', 'example_external_task_marker_child']) retrieved from /home/airflow/sandbox/lib/python3.8/site-packages/airflow/example_dags/example_external_task_marker_dag.py
[2021-10-24 03:29:03,346] {logging_mixin.py:104} INFO - [2021-10-24 03:29:03,346] {dag.py:1832} INFO - Sync 2 DAGs
[2021-10-24 03:29:03,364] {logging_mixin.py:104} INFO - [2021-10-24 03:29:03,364] {dag.py:2305} INFO - Setting next_dagrun for example_external_task_marker_child to None
[2021-10-24 03:29:03,366] {logging_mixin.py:104} INFO - [2021-10-24 03:29:03,366] {dag.py:2305} INFO - Setting next_dagrun for example_external_task_marker_parent to None
[2021-10-24 03:29:03,388] {scheduler_job.py:190} INFO - Processing /home/airflow/sandbox/lib/python3.8/site-packages/airflow/example_dags/example_external_task_marker_dag.py took 0.563 seconds
[2021-10-24 03:29:39,140] {scheduler_job.py:182} INFO - Started process (PID=8807) to work on /home/airflow/sandbox/lib/python3.8/site-packages/airflow/example_dags/example_external_task_marker_dag.py
[2021-10-24 03:29:39,141] {scheduler_job.py:633} INFO - Processing file /home/airflow/sandbox/lib/python3.8/site-packages/airflow/example_dags/example_external_task_marker_dag.py for tasks to queue
[2021-10-24 03:29:39,141] {logging_mixin.py:104} INFO - [2021-10-24 03:29:39,141] {dagbag.py:487} INFO - Filling up the DagBag from /home/airflow/sandbox/lib/python3.8/site-packages/airflow/example_dags/example_external_task_marker_dag.py
[2021-10-24 03:29:39,158] {scheduler_job.py:643} INFO - DAG(s) dict_keys(['example_external_task_marker_parent', 'example_external_task_marker_child']) retrieved from /home/airflow/sandbox/lib/python3.8/site-packages/airflow/example_dags/example_external_task_marker_dag.py
[2021-10-24 03:29:39,183] {logging_mixin.py:104} INFO - [2021-10-24 03:29:39,183] {dag.py:1832} INFO - Sync 2 DAGs
[2021-10-24 03:29:39,200] {logging_mixin.py:104} INFO - [2021-10-24 03:29:39,200] {dag.py:2305} INFO - Setting next_dagrun for example_external_task_marker_child to None
[2021-10-24 03:29:39,202] {logging_mixin.py:104} INFO - [2021-10-24 03:29:39,202] {dag.py:2305} INFO - Setting next_dagrun for example_external_task_marker_parent to None
[2021-10-24 03:29:39,224] {scheduler_job.py:190} INFO - Processing /home/airflow/sandbox/lib/python3.8/site-packages/airflow/example_dags/example_external_task_marker_dag.py took 0.087 seconds
[2021-10-24 06:05:24,051] {scheduler_job.py:182} INFO - Started process (PID=9062) to work on /home/airflow/sandbox/lib/python3.8/site-packages/airflow/example_dags/example_external_task_marker_dag.py
[2021-10-24 06:05:24,055] {scheduler_job.py:633} INFO - Processing file /home/airflow/sandbox/lib/python3.8/site-packages/airflow/example_dags/example_external_task_marker_dag.py for tasks to queue
[2021-10-24 06:05:24,055] {logging_mixin.py:104} INFO - [2021-10-24 06:05:24,055] {dagbag.py:487} INFO - Filling up the DagBag from /home/airflow/sandbox/lib/python3.8/site-packages/airflow/example_dags/example_external_task_marker_dag.py
[2021-10-24 06:05:24,095] {scheduler_job.py:643} INFO - DAG(s) dict_keys(['example_external_task_marker_parent', 'example_external_task_marker_child']) retrieved from /home/airflow/sandbox/lib/python3.8/site-packages/airflow/example_dags/example_external_task_marker_dag.py
[2021-10-24 06:05:25,172] {logging_mixin.py:104} INFO - [2021-10-24 06:05:25,164] {dag.py:1832} INFO - Sync 2 DAGs
[2021-10-24 06:05:25,215] {logging_mixin.py:104} INFO - [2021-10-24 06:05:25,215] {dag.py:2305} INFO - Setting next_dagrun for example_external_task_marker_child to None
[2021-10-24 06:05:25,232] {logging_mixin.py:104} INFO - [2021-10-24 06:05:25,216] {dag.py:2305} INFO - Setting next_dagrun for example_external_task_marker_parent to None
[2021-10-24 06:05:25,290] {scheduler_job.py:190} INFO - Processing /home/airflow/sandbox/lib/python3.8/site-packages/airflow/example_dags/example_external_task_marker_dag.py took 1.244 seconds
