[2021-10-24 03:08:14,512] {scheduler_job.py:182} INFO - Started process (PID=6213) to work on /home/airflow/sandbox/lib/python3.8/site-packages/airflow/example_dags/example_xcomargs.py
[2021-10-24 03:08:14,513] {scheduler_job.py:633} INFO - Processing file /home/airflow/sandbox/lib/python3.8/site-packages/airflow/example_dags/example_xcomargs.py for tasks to queue
[2021-10-24 03:08:14,514] {logging_mixin.py:104} INFO - [2021-10-24 03:08:14,514] {dagbag.py:487} INFO - Filling up the DagBag from /home/airflow/sandbox/lib/python3.8/site-packages/airflow/example_dags/example_xcomargs.py
[2021-10-24 03:08:14,531] {scheduler_job.py:643} INFO - DAG(s) dict_keys(['example_xcom_args', 'example_xcom_args_with_operators']) retrieved from /home/airflow/sandbox/lib/python3.8/site-packages/airflow/example_dags/example_xcomargs.py
[2021-10-24 03:08:14,957] {logging_mixin.py:104} INFO - [2021-10-24 03:08:14,957] {dag.py:1832} INFO - Sync 2 DAGs
[2021-10-24 03:08:14,970] {logging_mixin.py:104} INFO - [2021-10-24 03:08:14,970] {dag.py:2305} INFO - Setting next_dagrun for example_xcom_args to None
[2021-10-24 03:08:14,971] {logging_mixin.py:104} INFO - [2021-10-24 03:08:14,971] {dag.py:2305} INFO - Setting next_dagrun for example_xcom_args_with_operators to None
[2021-10-24 03:08:14,993] {scheduler_job.py:190} INFO - Processing /home/airflow/sandbox/lib/python3.8/site-packages/airflow/example_dags/example_xcomargs.py took 0.486 seconds
[2021-10-24 03:08:49,709] {scheduler_job.py:182} INFO - Started process (PID=6335) to work on /home/airflow/sandbox/lib/python3.8/site-packages/airflow/example_dags/example_xcomargs.py
[2021-10-24 03:08:49,711] {scheduler_job.py:633} INFO - Processing file /home/airflow/sandbox/lib/python3.8/site-packages/airflow/example_dags/example_xcomargs.py for tasks to queue
[2021-10-24 03:08:49,712] {logging_mixin.py:104} INFO - [2021-10-24 03:08:49,712] {dagbag.py:487} INFO - Filling up the DagBag from /home/airflow/sandbox/lib/python3.8/site-packages/airflow/example_dags/example_xcomargs.py
[2021-10-24 03:08:49,736] {scheduler_job.py:643} INFO - DAG(s) dict_keys(['example_xcom_args', 'example_xcom_args_with_operators']) retrieved from /home/airflow/sandbox/lib/python3.8/site-packages/airflow/example_dags/example_xcomargs.py
[2021-10-24 03:08:50,171] {logging_mixin.py:104} INFO - [2021-10-24 03:08:50,171] {dag.py:1832} INFO - Sync 2 DAGs
[2021-10-24 03:08:50,185] {logging_mixin.py:104} INFO - [2021-10-24 03:08:50,185] {dag.py:2305} INFO - Setting next_dagrun for example_xcom_args to None
[2021-10-24 03:08:50,186] {logging_mixin.py:104} INFO - [2021-10-24 03:08:50,186] {dag.py:2305} INFO - Setting next_dagrun for example_xcom_args_with_operators to None
[2021-10-24 03:08:50,205] {scheduler_job.py:190} INFO - Processing /home/airflow/sandbox/lib/python3.8/site-packages/airflow/example_dags/example_xcomargs.py took 0.500 seconds
[2021-10-24 03:09:26,029] {scheduler_job.py:182} INFO - Started process (PID=6366) to work on /home/airflow/sandbox/lib/python3.8/site-packages/airflow/example_dags/example_xcomargs.py
[2021-10-24 03:09:26,030] {scheduler_job.py:633} INFO - Processing file /home/airflow/sandbox/lib/python3.8/site-packages/airflow/example_dags/example_xcomargs.py for tasks to queue
[2021-10-24 03:09:26,031] {logging_mixin.py:104} INFO - [2021-10-24 03:09:26,031] {dagbag.py:487} INFO - Filling up the DagBag from /home/airflow/sandbox/lib/python3.8/site-packages/airflow/example_dags/example_xcomargs.py
[2021-10-24 03:09:26,057] {scheduler_job.py:643} INFO - DAG(s) dict_keys(['example_xcom_args', 'example_xcom_args_with_operators']) retrieved from /home/airflow/sandbox/lib/python3.8/site-packages/airflow/example_dags/example_xcomargs.py
[2021-10-24 03:09:26,471] {logging_mixin.py:104} INFO - [2021-10-24 03:09:26,470] {dag.py:1832} INFO - Sync 2 DAGs
[2021-10-24 03:09:26,483] {logging_mixin.py:104} INFO - [2021-10-24 03:09:26,483] {dag.py:2305} INFO - Setting next_dagrun for example_xcom_args to None
[2021-10-24 03:09:26,484] {logging_mixin.py:104} INFO - [2021-10-24 03:09:26,484] {dag.py:2305} INFO - Setting next_dagrun for example_xcom_args_with_operators to None
[2021-10-24 03:09:26,502] {scheduler_job.py:190} INFO - Processing /home/airflow/sandbox/lib/python3.8/site-packages/airflow/example_dags/example_xcomargs.py took 0.478 seconds
[2021-10-24 03:10:00,549] {scheduler_job.py:182} INFO - Started process (PID=6398) to work on /home/airflow/sandbox/lib/python3.8/site-packages/airflow/example_dags/example_xcomargs.py
[2021-10-24 03:10:00,550] {scheduler_job.py:633} INFO - Processing file /home/airflow/sandbox/lib/python3.8/site-packages/airflow/example_dags/example_xcomargs.py for tasks to queue
[2021-10-24 03:10:00,551] {logging_mixin.py:104} INFO - [2021-10-24 03:10:00,551] {dagbag.py:487} INFO - Filling up the DagBag from /home/airflow/sandbox/lib/python3.8/site-packages/airflow/example_dags/example_xcomargs.py
[2021-10-24 03:10:00,579] {scheduler_job.py:643} INFO - DAG(s) dict_keys(['example_xcom_args', 'example_xcom_args_with_operators']) retrieved from /home/airflow/sandbox/lib/python3.8/site-packages/airflow/example_dags/example_xcomargs.py
[2021-10-24 03:10:01,004] {logging_mixin.py:104} INFO - [2021-10-24 03:10:01,004] {dag.py:1832} INFO - Sync 2 DAGs
[2021-10-24 03:10:01,016] {logging_mixin.py:104} INFO - [2021-10-24 03:10:01,016] {dag.py:2305} INFO - Setting next_dagrun for example_xcom_args to None
[2021-10-24 03:10:01,018] {logging_mixin.py:104} INFO - [2021-10-24 03:10:01,017] {dag.py:2305} INFO - Setting next_dagrun for example_xcom_args_with_operators to None
[2021-10-24 03:10:01,038] {scheduler_job.py:190} INFO - Processing /home/airflow/sandbox/lib/python3.8/site-packages/airflow/example_dags/example_xcomargs.py took 0.494 seconds
[2021-10-24 03:10:35,830] {scheduler_job.py:182} INFO - Started process (PID=6487) to work on /home/airflow/sandbox/lib/python3.8/site-packages/airflow/example_dags/example_xcomargs.py
[2021-10-24 03:10:35,832] {scheduler_job.py:633} INFO - Processing file /home/airflow/sandbox/lib/python3.8/site-packages/airflow/example_dags/example_xcomargs.py for tasks to queue
[2021-10-24 03:10:35,833] {logging_mixin.py:104} INFO - [2021-10-24 03:10:35,832] {dagbag.py:487} INFO - Filling up the DagBag from /home/airflow/sandbox/lib/python3.8/site-packages/airflow/example_dags/example_xcomargs.py
[2021-10-24 03:10:35,862] {scheduler_job.py:643} INFO - DAG(s) dict_keys(['example_xcom_args', 'example_xcom_args_with_operators']) retrieved from /home/airflow/sandbox/lib/python3.8/site-packages/airflow/example_dags/example_xcomargs.py
[2021-10-24 03:10:36,289] {logging_mixin.py:104} INFO - [2021-10-24 03:10:36,289] {dag.py:1832} INFO - Sync 2 DAGs
[2021-10-24 03:10:36,303] {logging_mixin.py:104} INFO - [2021-10-24 03:10:36,303] {dag.py:2305} INFO - Setting next_dagrun for example_xcom_args to None
[2021-10-24 03:10:36,304] {logging_mixin.py:104} INFO - [2021-10-24 03:10:36,304] {dag.py:2305} INFO - Setting next_dagrun for example_xcom_args_with_operators to None
[2021-10-24 03:10:36,330] {scheduler_job.py:190} INFO - Processing /home/airflow/sandbox/lib/python3.8/site-packages/airflow/example_dags/example_xcomargs.py took 0.506 seconds
[2021-10-24 03:11:12,659] {scheduler_job.py:182} INFO - Started process (PID=6613) to work on /home/airflow/sandbox/lib/python3.8/site-packages/airflow/example_dags/example_xcomargs.py
[2021-10-24 03:11:12,663] {scheduler_job.py:633} INFO - Processing file /home/airflow/sandbox/lib/python3.8/site-packages/airflow/example_dags/example_xcomargs.py for tasks to queue
[2021-10-24 03:11:12,666] {logging_mixin.py:104} INFO - [2021-10-24 03:11:12,665] {dagbag.py:487} INFO - Filling up the DagBag from /home/airflow/sandbox/lib/python3.8/site-packages/airflow/example_dags/example_xcomargs.py
[2021-10-24 03:11:12,690] {scheduler_job.py:643} INFO - DAG(s) dict_keys(['example_xcom_args', 'example_xcom_args_with_operators']) retrieved from /home/airflow/sandbox/lib/python3.8/site-packages/airflow/example_dags/example_xcomargs.py
[2021-10-24 03:11:13,138] {logging_mixin.py:104} INFO - [2021-10-24 03:11:13,138] {dag.py:1832} INFO - Sync 2 DAGs
[2021-10-24 03:11:13,151] {logging_mixin.py:104} INFO - [2021-10-24 03:11:13,151] {dag.py:2305} INFO - Setting next_dagrun for example_xcom_args to None
[2021-10-24 03:11:13,152] {logging_mixin.py:104} INFO - [2021-10-24 03:11:13,152] {dag.py:2305} INFO - Setting next_dagrun for example_xcom_args_with_operators to None
[2021-10-24 03:11:13,174] {scheduler_job.py:190} INFO - Processing /home/airflow/sandbox/lib/python3.8/site-packages/airflow/example_dags/example_xcomargs.py took 0.519 seconds
[2021-10-24 03:11:48,668] {scheduler_job.py:182} INFO - Started process (PID=6645) to work on /home/airflow/sandbox/lib/python3.8/site-packages/airflow/example_dags/example_xcomargs.py
[2021-10-24 03:11:48,669] {scheduler_job.py:633} INFO - Processing file /home/airflow/sandbox/lib/python3.8/site-packages/airflow/example_dags/example_xcomargs.py for tasks to queue
[2021-10-24 03:11:48,669] {logging_mixin.py:104} INFO - [2021-10-24 03:11:48,669] {dagbag.py:487} INFO - Filling up the DagBag from /home/airflow/sandbox/lib/python3.8/site-packages/airflow/example_dags/example_xcomargs.py
[2021-10-24 03:11:48,693] {scheduler_job.py:643} INFO - DAG(s) dict_keys(['example_xcom_args', 'example_xcom_args_with_operators']) retrieved from /home/airflow/sandbox/lib/python3.8/site-packages/airflow/example_dags/example_xcomargs.py
[2021-10-24 03:11:49,124] {logging_mixin.py:104} INFO - [2021-10-24 03:11:49,123] {dag.py:1832} INFO - Sync 2 DAGs
[2021-10-24 03:11:49,138] {logging_mixin.py:104} INFO - [2021-10-24 03:11:49,138] {dag.py:2305} INFO - Setting next_dagrun for example_xcom_args to None
[2021-10-24 03:11:49,139] {logging_mixin.py:104} INFO - [2021-10-24 03:11:49,139] {dag.py:2305} INFO - Setting next_dagrun for example_xcom_args_with_operators to None
[2021-10-24 03:11:49,165] {scheduler_job.py:190} INFO - Processing /home/airflow/sandbox/lib/python3.8/site-packages/airflow/example_dags/example_xcomargs.py took 0.502 seconds
[2021-10-24 03:12:20,125] {scheduler_job.py:182} INFO - Started process (PID=6699) to work on /home/airflow/sandbox/lib/python3.8/site-packages/airflow/example_dags/example_xcomargs.py
[2021-10-24 03:12:20,125] {scheduler_job.py:633} INFO - Processing file /home/airflow/sandbox/lib/python3.8/site-packages/airflow/example_dags/example_xcomargs.py for tasks to queue
[2021-10-24 03:12:20,127] {logging_mixin.py:104} INFO - [2021-10-24 03:12:20,126] {dagbag.py:487} INFO - Filling up the DagBag from /home/airflow/sandbox/lib/python3.8/site-packages/airflow/example_dags/example_xcomargs.py
[2021-10-24 03:12:20,155] {scheduler_job.py:643} INFO - DAG(s) dict_keys(['example_xcom_args', 'example_xcom_args_with_operators']) retrieved from /home/airflow/sandbox/lib/python3.8/site-packages/airflow/example_dags/example_xcomargs.py
[2021-10-24 03:12:20,586] {logging_mixin.py:104} INFO - [2021-10-24 03:12:20,585] {dag.py:1832} INFO - Sync 2 DAGs
[2021-10-24 03:12:20,598] {logging_mixin.py:104} INFO - [2021-10-24 03:12:20,598] {dag.py:2305} INFO - Setting next_dagrun for example_xcom_args to None
[2021-10-24 03:12:20,599] {logging_mixin.py:104} INFO - [2021-10-24 03:12:20,599] {dag.py:2305} INFO - Setting next_dagrun for example_xcom_args_with_operators to None
[2021-10-24 03:12:20,621] {scheduler_job.py:190} INFO - Processing /home/airflow/sandbox/lib/python3.8/site-packages/airflow/example_dags/example_xcomargs.py took 0.502 seconds
[2021-10-24 03:12:55,215] {scheduler_job.py:182} INFO - Started process (PID=6755) to work on /home/airflow/sandbox/lib/python3.8/site-packages/airflow/example_dags/example_xcomargs.py
[2021-10-24 03:12:55,216] {scheduler_job.py:633} INFO - Processing file /home/airflow/sandbox/lib/python3.8/site-packages/airflow/example_dags/example_xcomargs.py for tasks to queue
[2021-10-24 03:12:55,216] {logging_mixin.py:104} INFO - [2021-10-24 03:12:55,216] {dagbag.py:487} INFO - Filling up the DagBag from /home/airflow/sandbox/lib/python3.8/site-packages/airflow/example_dags/example_xcomargs.py
[2021-10-24 03:12:55,231] {scheduler_job.py:643} INFO - DAG(s) dict_keys(['example_xcom_args', 'example_xcom_args_with_operators']) retrieved from /home/airflow/sandbox/lib/python3.8/site-packages/airflow/example_dags/example_xcomargs.py
[2021-10-24 03:12:55,633] {logging_mixin.py:104} INFO - [2021-10-24 03:12:55,633] {dag.py:1832} INFO - Sync 2 DAGs
[2021-10-24 03:12:55,648] {logging_mixin.py:104} INFO - [2021-10-24 03:12:55,648] {dag.py:2305} INFO - Setting next_dagrun for example_xcom_args to None
[2021-10-24 03:12:55,649] {logging_mixin.py:104} INFO - [2021-10-24 03:12:55,649] {dag.py:2305} INFO - Setting next_dagrun for example_xcom_args_with_operators to None
[2021-10-24 03:12:55,670] {scheduler_job.py:190} INFO - Processing /home/airflow/sandbox/lib/python3.8/site-packages/airflow/example_dags/example_xcomargs.py took 0.458 seconds
[2021-10-24 03:13:29,330] {scheduler_job.py:182} INFO - Started process (PID=6830) to work on /home/airflow/sandbox/lib/python3.8/site-packages/airflow/example_dags/example_xcomargs.py
[2021-10-24 03:13:29,332] {scheduler_job.py:633} INFO - Processing file /home/airflow/sandbox/lib/python3.8/site-packages/airflow/example_dags/example_xcomargs.py for tasks to queue
[2021-10-24 03:13:29,333] {logging_mixin.py:104} INFO - [2021-10-24 03:13:29,333] {dagbag.py:487} INFO - Filling up the DagBag from /home/airflow/sandbox/lib/python3.8/site-packages/airflow/example_dags/example_xcomargs.py
[2021-10-24 03:13:29,358] {scheduler_job.py:643} INFO - DAG(s) dict_keys(['example_xcom_args', 'example_xcom_args_with_operators']) retrieved from /home/airflow/sandbox/lib/python3.8/site-packages/airflow/example_dags/example_xcomargs.py
[2021-10-24 03:13:29,789] {logging_mixin.py:104} INFO - [2021-10-24 03:13:29,789] {dag.py:1832} INFO - Sync 2 DAGs
[2021-10-24 03:13:29,802] {logging_mixin.py:104} INFO - [2021-10-24 03:13:29,802] {dag.py:2305} INFO - Setting next_dagrun for example_xcom_args to None
[2021-10-24 03:13:29,803] {logging_mixin.py:104} INFO - [2021-10-24 03:13:29,803] {dag.py:2305} INFO - Setting next_dagrun for example_xcom_args_with_operators to None
[2021-10-24 03:13:29,827] {scheduler_job.py:190} INFO - Processing /home/airflow/sandbox/lib/python3.8/site-packages/airflow/example_dags/example_xcomargs.py took 0.502 seconds
[2021-10-24 03:14:03,116] {scheduler_job.py:182} INFO - Started process (PID=6861) to work on /home/airflow/sandbox/lib/python3.8/site-packages/airflow/example_dags/example_xcomargs.py
[2021-10-24 03:14:03,117] {scheduler_job.py:633} INFO - Processing file /home/airflow/sandbox/lib/python3.8/site-packages/airflow/example_dags/example_xcomargs.py for tasks to queue
[2021-10-24 03:14:03,119] {logging_mixin.py:104} INFO - [2021-10-24 03:14:03,118] {dagbag.py:487} INFO - Filling up the DagBag from /home/airflow/sandbox/lib/python3.8/site-packages/airflow/example_dags/example_xcomargs.py
[2021-10-24 03:14:03,146] {scheduler_job.py:643} INFO - DAG(s) dict_keys(['example_xcom_args', 'example_xcom_args_with_operators']) retrieved from /home/airflow/sandbox/lib/python3.8/site-packages/airflow/example_dags/example_xcomargs.py
[2021-10-24 03:14:03,584] {logging_mixin.py:104} INFO - [2021-10-24 03:14:03,584] {dag.py:1832} INFO - Sync 2 DAGs
[2021-10-24 03:14:03,599] {logging_mixin.py:104} INFO - [2021-10-24 03:14:03,599] {dag.py:2305} INFO - Setting next_dagrun for example_xcom_args to None
[2021-10-24 03:14:03,600] {logging_mixin.py:104} INFO - [2021-10-24 03:14:03,600] {dag.py:2305} INFO - Setting next_dagrun for example_xcom_args_with_operators to None
[2021-10-24 03:14:03,620] {scheduler_job.py:190} INFO - Processing /home/airflow/sandbox/lib/python3.8/site-packages/airflow/example_dags/example_xcomargs.py took 0.509 seconds
[2021-10-24 03:14:37,366] {scheduler_job.py:182} INFO - Started process (PID=6927) to work on /home/airflow/sandbox/lib/python3.8/site-packages/airflow/example_dags/example_xcomargs.py
[2021-10-24 03:14:37,369] {scheduler_job.py:633} INFO - Processing file /home/airflow/sandbox/lib/python3.8/site-packages/airflow/example_dags/example_xcomargs.py for tasks to queue
[2021-10-24 03:14:37,370] {logging_mixin.py:104} INFO - [2021-10-24 03:14:37,370] {dagbag.py:487} INFO - Filling up the DagBag from /home/airflow/sandbox/lib/python3.8/site-packages/airflow/example_dags/example_xcomargs.py
[2021-10-24 03:14:37,403] {scheduler_job.py:643} INFO - DAG(s) dict_keys(['example_xcom_args', 'example_xcom_args_with_operators']) retrieved from /home/airflow/sandbox/lib/python3.8/site-packages/airflow/example_dags/example_xcomargs.py
[2021-10-24 03:14:37,825] {logging_mixin.py:104} INFO - [2021-10-24 03:14:37,825] {dag.py:1832} INFO - Sync 2 DAGs
[2021-10-24 03:14:37,839] {logging_mixin.py:104} INFO - [2021-10-24 03:14:37,839] {dag.py:2305} INFO - Setting next_dagrun for example_xcom_args to None
[2021-10-24 03:14:37,841] {logging_mixin.py:104} INFO - [2021-10-24 03:14:37,841] {dag.py:2305} INFO - Setting next_dagrun for example_xcom_args_with_operators to None
[2021-10-24 03:14:37,862] {scheduler_job.py:190} INFO - Processing /home/airflow/sandbox/lib/python3.8/site-packages/airflow/example_dags/example_xcomargs.py took 0.503 seconds
[2021-10-24 03:15:09,421] {scheduler_job.py:182} INFO - Started process (PID=7015) to work on /home/airflow/sandbox/lib/python3.8/site-packages/airflow/example_dags/example_xcomargs.py
[2021-10-24 03:15:09,423] {scheduler_job.py:633} INFO - Processing file /home/airflow/sandbox/lib/python3.8/site-packages/airflow/example_dags/example_xcomargs.py for tasks to queue
[2021-10-24 03:15:09,424] {logging_mixin.py:104} INFO - [2021-10-24 03:15:09,424] {dagbag.py:487} INFO - Filling up the DagBag from /home/airflow/sandbox/lib/python3.8/site-packages/airflow/example_dags/example_xcomargs.py
[2021-10-24 03:15:09,452] {scheduler_job.py:643} INFO - DAG(s) dict_keys(['example_xcom_args', 'example_xcom_args_with_operators']) retrieved from /home/airflow/sandbox/lib/python3.8/site-packages/airflow/example_dags/example_xcomargs.py
[2021-10-24 03:15:09,904] {logging_mixin.py:104} INFO - [2021-10-24 03:15:09,904] {dag.py:1832} INFO - Sync 2 DAGs
[2021-10-24 03:15:09,916] {logging_mixin.py:104} INFO - [2021-10-24 03:15:09,915] {dag.py:2305} INFO - Setting next_dagrun for example_xcom_args to None
[2021-10-24 03:15:09,917] {logging_mixin.py:104} INFO - [2021-10-24 03:15:09,917] {dag.py:2305} INFO - Setting next_dagrun for example_xcom_args_with_operators to None
[2021-10-24 03:15:09,940] {scheduler_job.py:190} INFO - Processing /home/airflow/sandbox/lib/python3.8/site-packages/airflow/example_dags/example_xcomargs.py took 0.525 seconds
[2021-10-24 03:15:43,679] {scheduler_job.py:182} INFO - Started process (PID=7045) to work on /home/airflow/sandbox/lib/python3.8/site-packages/airflow/example_dags/example_xcomargs.py
[2021-10-24 03:15:43,682] {scheduler_job.py:633} INFO - Processing file /home/airflow/sandbox/lib/python3.8/site-packages/airflow/example_dags/example_xcomargs.py for tasks to queue
[2021-10-24 03:15:43,683] {logging_mixin.py:104} INFO - [2021-10-24 03:15:43,683] {dagbag.py:487} INFO - Filling up the DagBag from /home/airflow/sandbox/lib/python3.8/site-packages/airflow/example_dags/example_xcomargs.py
[2021-10-24 03:15:43,707] {scheduler_job.py:643} INFO - DAG(s) dict_keys(['example_xcom_args', 'example_xcom_args_with_operators']) retrieved from /home/airflow/sandbox/lib/python3.8/site-packages/airflow/example_dags/example_xcomargs.py
[2021-10-24 03:15:44,167] {logging_mixin.py:104} INFO - [2021-10-24 03:15:44,167] {dag.py:1832} INFO - Sync 2 DAGs
[2021-10-24 03:15:44,184] {logging_mixin.py:104} INFO - [2021-10-24 03:15:44,183] {dag.py:2305} INFO - Setting next_dagrun for example_xcom_args to None
[2021-10-24 03:15:44,184] {logging_mixin.py:104} INFO - [2021-10-24 03:15:44,184] {dag.py:2305} INFO - Setting next_dagrun for example_xcom_args_with_operators to None
[2021-10-24 03:15:44,211] {scheduler_job.py:190} INFO - Processing /home/airflow/sandbox/lib/python3.8/site-packages/airflow/example_dags/example_xcomargs.py took 0.538 seconds
[2021-10-24 03:16:16,623] {scheduler_job.py:182} INFO - Started process (PID=7133) to work on /home/airflow/sandbox/lib/python3.8/site-packages/airflow/example_dags/example_xcomargs.py
[2021-10-24 03:16:16,624] {scheduler_job.py:633} INFO - Processing file /home/airflow/sandbox/lib/python3.8/site-packages/airflow/example_dags/example_xcomargs.py for tasks to queue
[2021-10-24 03:16:16,625] {logging_mixin.py:104} INFO - [2021-10-24 03:16:16,625] {dagbag.py:487} INFO - Filling up the DagBag from /home/airflow/sandbox/lib/python3.8/site-packages/airflow/example_dags/example_xcomargs.py
[2021-10-24 03:16:16,652] {scheduler_job.py:643} INFO - DAG(s) dict_keys(['example_xcom_args', 'example_xcom_args_with_operators']) retrieved from /home/airflow/sandbox/lib/python3.8/site-packages/airflow/example_dags/example_xcomargs.py
[2021-10-24 03:16:17,092] {logging_mixin.py:104} INFO - [2021-10-24 03:16:17,092] {dag.py:1832} INFO - Sync 2 DAGs
[2021-10-24 03:16:17,104] {logging_mixin.py:104} INFO - [2021-10-24 03:16:17,104] {dag.py:2305} INFO - Setting next_dagrun for example_xcom_args to None
[2021-10-24 03:16:17,105] {logging_mixin.py:104} INFO - [2021-10-24 03:16:17,105] {dag.py:2305} INFO - Setting next_dagrun for example_xcom_args_with_operators to None
[2021-10-24 03:16:17,131] {scheduler_job.py:190} INFO - Processing /home/airflow/sandbox/lib/python3.8/site-packages/airflow/example_dags/example_xcomargs.py took 0.512 seconds
[2021-10-24 03:16:48,671] {scheduler_job.py:182} INFO - Started process (PID=7193) to work on /home/airflow/sandbox/lib/python3.8/site-packages/airflow/example_dags/example_xcomargs.py
[2021-10-24 03:16:48,673] {scheduler_job.py:633} INFO - Processing file /home/airflow/sandbox/lib/python3.8/site-packages/airflow/example_dags/example_xcomargs.py for tasks to queue
[2021-10-24 03:16:48,674] {logging_mixin.py:104} INFO - [2021-10-24 03:16:48,674] {dagbag.py:487} INFO - Filling up the DagBag from /home/airflow/sandbox/lib/python3.8/site-packages/airflow/example_dags/example_xcomargs.py
[2021-10-24 03:16:48,700] {scheduler_job.py:643} INFO - DAG(s) dict_keys(['example_xcom_args', 'example_xcom_args_with_operators']) retrieved from /home/airflow/sandbox/lib/python3.8/site-packages/airflow/example_dags/example_xcomargs.py
[2021-10-24 03:16:49,074] {logging_mixin.py:104} INFO - [2021-10-24 03:16:49,074] {dag.py:1832} INFO - Sync 2 DAGs
[2021-10-24 03:16:49,085] {logging_mixin.py:104} INFO - [2021-10-24 03:16:49,085] {dag.py:2305} INFO - Setting next_dagrun for example_xcom_args to None
[2021-10-24 03:16:49,087] {logging_mixin.py:104} INFO - [2021-10-24 03:16:49,086] {dag.py:2305} INFO - Setting next_dagrun for example_xcom_args_with_operators to None
[2021-10-24 03:16:49,109] {scheduler_job.py:190} INFO - Processing /home/airflow/sandbox/lib/python3.8/site-packages/airflow/example_dags/example_xcomargs.py took 0.443 seconds
[2021-10-24 03:17:38,655] {scheduler_job.py:182} INFO - Started process (PID=7600) to work on /home/airflow/sandbox/lib/python3.8/site-packages/airflow/example_dags/example_xcomargs.py
[2021-10-24 03:17:38,656] {scheduler_job.py:633} INFO - Processing file /home/airflow/sandbox/lib/python3.8/site-packages/airflow/example_dags/example_xcomargs.py for tasks to queue
[2021-10-24 03:17:38,656] {logging_mixin.py:104} INFO - [2021-10-24 03:17:38,656] {dagbag.py:487} INFO - Filling up the DagBag from /home/airflow/sandbox/lib/python3.8/site-packages/airflow/example_dags/example_xcomargs.py
[2021-10-24 03:17:38,671] {scheduler_job.py:643} INFO - DAG(s) dict_keys(['example_xcom_args', 'example_xcom_args_with_operators']) retrieved from /home/airflow/sandbox/lib/python3.8/site-packages/airflow/example_dags/example_xcomargs.py
[2021-10-24 03:17:39,072] {logging_mixin.py:104} INFO - [2021-10-24 03:17:39,071] {dag.py:1832} INFO - Sync 2 DAGs
[2021-10-24 03:17:39,084] {logging_mixin.py:104} INFO - [2021-10-24 03:17:39,083] {dag.py:2305} INFO - Setting next_dagrun for example_xcom_args to None
[2021-10-24 03:17:39,085] {logging_mixin.py:104} INFO - [2021-10-24 03:17:39,085] {dag.py:2305} INFO - Setting next_dagrun for example_xcom_args_with_operators to None
[2021-10-24 03:17:39,107] {scheduler_job.py:190} INFO - Processing /home/airflow/sandbox/lib/python3.8/site-packages/airflow/example_dags/example_xcomargs.py took 0.454 seconds
[2021-10-24 03:18:14,033] {scheduler_job.py:182} INFO - Started process (PID=7714) to work on /home/airflow/sandbox/lib/python3.8/site-packages/airflow/example_dags/example_xcomargs.py
[2021-10-24 03:18:14,035] {scheduler_job.py:633} INFO - Processing file /home/airflow/sandbox/lib/python3.8/site-packages/airflow/example_dags/example_xcomargs.py for tasks to queue
[2021-10-24 03:18:14,036] {logging_mixin.py:104} INFO - [2021-10-24 03:18:14,036] {dagbag.py:487} INFO - Filling up the DagBag from /home/airflow/sandbox/lib/python3.8/site-packages/airflow/example_dags/example_xcomargs.py
[2021-10-24 03:18:14,066] {scheduler_job.py:643} INFO - DAG(s) dict_keys(['example_xcom_args', 'example_xcom_args_with_operators']) retrieved from /home/airflow/sandbox/lib/python3.8/site-packages/airflow/example_dags/example_xcomargs.py
[2021-10-24 03:18:14,512] {logging_mixin.py:104} INFO - [2021-10-24 03:18:14,512] {dag.py:1832} INFO - Sync 2 DAGs
[2021-10-24 03:18:14,527] {logging_mixin.py:104} INFO - [2021-10-24 03:18:14,526] {dag.py:2305} INFO - Setting next_dagrun for example_xcom_args to None
[2021-10-24 03:18:14,528] {logging_mixin.py:104} INFO - [2021-10-24 03:18:14,528] {dag.py:2305} INFO - Setting next_dagrun for example_xcom_args_with_operators to None
[2021-10-24 03:18:14,552] {scheduler_job.py:190} INFO - Processing /home/airflow/sandbox/lib/python3.8/site-packages/airflow/example_dags/example_xcomargs.py took 0.524 seconds
[2021-10-24 03:18:48,492] {scheduler_job.py:182} INFO - Started process (PID=7825) to work on /home/airflow/sandbox/lib/python3.8/site-packages/airflow/example_dags/example_xcomargs.py
[2021-10-24 03:18:48,494] {scheduler_job.py:633} INFO - Processing file /home/airflow/sandbox/lib/python3.8/site-packages/airflow/example_dags/example_xcomargs.py for tasks to queue
[2021-10-24 03:18:48,495] {logging_mixin.py:104} INFO - [2021-10-24 03:18:48,495] {dagbag.py:487} INFO - Filling up the DagBag from /home/airflow/sandbox/lib/python3.8/site-packages/airflow/example_dags/example_xcomargs.py
[2021-10-24 03:18:48,524] {scheduler_job.py:643} INFO - DAG(s) dict_keys(['example_xcom_args', 'example_xcom_args_with_operators']) retrieved from /home/airflow/sandbox/lib/python3.8/site-packages/airflow/example_dags/example_xcomargs.py
[2021-10-24 03:18:48,980] {logging_mixin.py:104} INFO - [2021-10-24 03:18:48,980] {dag.py:1832} INFO - Sync 2 DAGs
[2021-10-24 03:18:48,989] {logging_mixin.py:104} INFO - [2021-10-24 03:18:48,989] {dag.py:2305} INFO - Setting next_dagrun for example_xcom_args to None
[2021-10-24 03:18:48,990] {logging_mixin.py:104} INFO - [2021-10-24 03:18:48,990] {dag.py:2305} INFO - Setting next_dagrun for example_xcom_args_with_operators to None
[2021-10-24 03:18:49,014] {scheduler_job.py:190} INFO - Processing /home/airflow/sandbox/lib/python3.8/site-packages/airflow/example_dags/example_xcomargs.py took 0.527 seconds
[2021-10-24 03:19:23,020] {scheduler_job.py:182} INFO - Started process (PID=7856) to work on /home/airflow/sandbox/lib/python3.8/site-packages/airflow/example_dags/example_xcomargs.py
[2021-10-24 03:19:23,021] {scheduler_job.py:633} INFO - Processing file /home/airflow/sandbox/lib/python3.8/site-packages/airflow/example_dags/example_xcomargs.py for tasks to queue
[2021-10-24 03:19:23,023] {logging_mixin.py:104} INFO - [2021-10-24 03:19:23,022] {dagbag.py:487} INFO - Filling up the DagBag from /home/airflow/sandbox/lib/python3.8/site-packages/airflow/example_dags/example_xcomargs.py
[2021-10-24 03:19:23,051] {scheduler_job.py:643} INFO - DAG(s) dict_keys(['example_xcom_args', 'example_xcom_args_with_operators']) retrieved from /home/airflow/sandbox/lib/python3.8/site-packages/airflow/example_dags/example_xcomargs.py
[2021-10-24 03:19:23,493] {logging_mixin.py:104} INFO - [2021-10-24 03:19:23,493] {dag.py:1832} INFO - Sync 2 DAGs
[2021-10-24 03:19:23,508] {logging_mixin.py:104} INFO - [2021-10-24 03:19:23,508] {dag.py:2305} INFO - Setting next_dagrun for example_xcom_args to None
[2021-10-24 03:19:23,510] {logging_mixin.py:104} INFO - [2021-10-24 03:19:23,509] {dag.py:2305} INFO - Setting next_dagrun for example_xcom_args_with_operators to None
[2021-10-24 03:19:23,532] {scheduler_job.py:190} INFO - Processing /home/airflow/sandbox/lib/python3.8/site-packages/airflow/example_dags/example_xcomargs.py took 0.518 seconds
[2021-10-24 03:19:57,048] {scheduler_job.py:182} INFO - Started process (PID=7885) to work on /home/airflow/sandbox/lib/python3.8/site-packages/airflow/example_dags/example_xcomargs.py
[2021-10-24 03:19:57,050] {scheduler_job.py:633} INFO - Processing file /home/airflow/sandbox/lib/python3.8/site-packages/airflow/example_dags/example_xcomargs.py for tasks to queue
[2021-10-24 03:19:57,051] {logging_mixin.py:104} INFO - [2021-10-24 03:19:57,051] {dagbag.py:487} INFO - Filling up the DagBag from /home/airflow/sandbox/lib/python3.8/site-packages/airflow/example_dags/example_xcomargs.py
[2021-10-24 03:19:57,073] {scheduler_job.py:643} INFO - DAG(s) dict_keys(['example_xcom_args', 'example_xcom_args_with_operators']) retrieved from /home/airflow/sandbox/lib/python3.8/site-packages/airflow/example_dags/example_xcomargs.py
[2021-10-24 03:19:57,504] {logging_mixin.py:104} INFO - [2021-10-24 03:19:57,504] {dag.py:1832} INFO - Sync 2 DAGs
[2021-10-24 03:19:57,519] {logging_mixin.py:104} INFO - [2021-10-24 03:19:57,519] {dag.py:2305} INFO - Setting next_dagrun for example_xcom_args to None
[2021-10-24 03:19:57,521] {logging_mixin.py:104} INFO - [2021-10-24 03:19:57,520] {dag.py:2305} INFO - Setting next_dagrun for example_xcom_args_with_operators to None
[2021-10-24 03:19:57,553] {scheduler_job.py:190} INFO - Processing /home/airflow/sandbox/lib/python3.8/site-packages/airflow/example_dags/example_xcomargs.py took 0.511 seconds
[2021-10-24 03:20:31,167] {scheduler_job.py:182} INFO - Started process (PID=7914) to work on /home/airflow/sandbox/lib/python3.8/site-packages/airflow/example_dags/example_xcomargs.py
[2021-10-24 03:20:31,170] {scheduler_job.py:633} INFO - Processing file /home/airflow/sandbox/lib/python3.8/site-packages/airflow/example_dags/example_xcomargs.py for tasks to queue
[2021-10-24 03:20:31,171] {logging_mixin.py:104} INFO - [2021-10-24 03:20:31,171] {dagbag.py:487} INFO - Filling up the DagBag from /home/airflow/sandbox/lib/python3.8/site-packages/airflow/example_dags/example_xcomargs.py
[2021-10-24 03:20:31,197] {scheduler_job.py:643} INFO - DAG(s) dict_keys(['example_xcom_args', 'example_xcom_args_with_operators']) retrieved from /home/airflow/sandbox/lib/python3.8/site-packages/airflow/example_dags/example_xcomargs.py
[2021-10-24 03:20:31,651] {logging_mixin.py:104} INFO - [2021-10-24 03:20:31,651] {dag.py:1832} INFO - Sync 2 DAGs
[2021-10-24 03:20:31,667] {logging_mixin.py:104} INFO - [2021-10-24 03:20:31,667] {dag.py:2305} INFO - Setting next_dagrun for example_xcom_args to None
[2021-10-24 03:20:31,668] {logging_mixin.py:104} INFO - [2021-10-24 03:20:31,668] {dag.py:2305} INFO - Setting next_dagrun for example_xcom_args_with_operators to None
[2021-10-24 03:20:31,694] {scheduler_job.py:190} INFO - Processing /home/airflow/sandbox/lib/python3.8/site-packages/airflow/example_dags/example_xcomargs.py took 0.532 seconds
[2021-10-24 03:21:05,148] {scheduler_job.py:182} INFO - Started process (PID=7944) to work on /home/airflow/sandbox/lib/python3.8/site-packages/airflow/example_dags/example_xcomargs.py
[2021-10-24 03:21:05,150] {scheduler_job.py:633} INFO - Processing file /home/airflow/sandbox/lib/python3.8/site-packages/airflow/example_dags/example_xcomargs.py for tasks to queue
[2021-10-24 03:21:05,151] {logging_mixin.py:104} INFO - [2021-10-24 03:21:05,151] {dagbag.py:487} INFO - Filling up the DagBag from /home/airflow/sandbox/lib/python3.8/site-packages/airflow/example_dags/example_xcomargs.py
[2021-10-24 03:21:05,177] {scheduler_job.py:643} INFO - DAG(s) dict_keys(['example_xcom_args', 'example_xcom_args_with_operators']) retrieved from /home/airflow/sandbox/lib/python3.8/site-packages/airflow/example_dags/example_xcomargs.py
[2021-10-24 03:21:05,639] {logging_mixin.py:104} INFO - [2021-10-24 03:21:05,638] {dag.py:1832} INFO - Sync 2 DAGs
[2021-10-24 03:21:05,654] {logging_mixin.py:104} INFO - [2021-10-24 03:21:05,654] {dag.py:2305} INFO - Setting next_dagrun for example_xcom_args to None
[2021-10-24 03:21:05,655] {logging_mixin.py:104} INFO - [2021-10-24 03:21:05,655] {dag.py:2305} INFO - Setting next_dagrun for example_xcom_args_with_operators to None
[2021-10-24 03:21:05,681] {scheduler_job.py:190} INFO - Processing /home/airflow/sandbox/lib/python3.8/site-packages/airflow/example_dags/example_xcomargs.py took 0.537 seconds
[2021-10-24 03:21:39,638] {scheduler_job.py:182} INFO - Started process (PID=8036) to work on /home/airflow/sandbox/lib/python3.8/site-packages/airflow/example_dags/example_xcomargs.py
[2021-10-24 03:21:39,639] {scheduler_job.py:633} INFO - Processing file /home/airflow/sandbox/lib/python3.8/site-packages/airflow/example_dags/example_xcomargs.py for tasks to queue
[2021-10-24 03:21:39,640] {logging_mixin.py:104} INFO - [2021-10-24 03:21:39,640] {dagbag.py:487} INFO - Filling up the DagBag from /home/airflow/sandbox/lib/python3.8/site-packages/airflow/example_dags/example_xcomargs.py
[2021-10-24 03:21:39,669] {scheduler_job.py:643} INFO - DAG(s) dict_keys(['example_xcom_args', 'example_xcom_args_with_operators']) retrieved from /home/airflow/sandbox/lib/python3.8/site-packages/airflow/example_dags/example_xcomargs.py
[2021-10-24 03:21:40,125] {logging_mixin.py:104} INFO - [2021-10-24 03:21:40,125] {dag.py:1832} INFO - Sync 2 DAGs
[2021-10-24 03:21:40,140] {logging_mixin.py:104} INFO - [2021-10-24 03:21:40,140] {dag.py:2305} INFO - Setting next_dagrun for example_xcom_args to None
[2021-10-24 03:21:40,141] {logging_mixin.py:104} INFO - [2021-10-24 03:21:40,141] {dag.py:2305} INFO - Setting next_dagrun for example_xcom_args_with_operators to None
[2021-10-24 03:21:40,164] {scheduler_job.py:190} INFO - Processing /home/airflow/sandbox/lib/python3.8/site-packages/airflow/example_dags/example_xcomargs.py took 0.531 seconds
[2021-10-24 03:22:14,138] {scheduler_job.py:182} INFO - Started process (PID=8066) to work on /home/airflow/sandbox/lib/python3.8/site-packages/airflow/example_dags/example_xcomargs.py
[2021-10-24 03:22:14,139] {scheduler_job.py:633} INFO - Processing file /home/airflow/sandbox/lib/python3.8/site-packages/airflow/example_dags/example_xcomargs.py for tasks to queue
[2021-10-24 03:22:14,140] {logging_mixin.py:104} INFO - [2021-10-24 03:22:14,140] {dagbag.py:487} INFO - Filling up the DagBag from /home/airflow/sandbox/lib/python3.8/site-packages/airflow/example_dags/example_xcomargs.py
[2021-10-24 03:22:14,169] {scheduler_job.py:643} INFO - DAG(s) dict_keys(['example_xcom_args', 'example_xcom_args_with_operators']) retrieved from /home/airflow/sandbox/lib/python3.8/site-packages/airflow/example_dags/example_xcomargs.py
[2021-10-24 03:22:14,629] {logging_mixin.py:104} INFO - [2021-10-24 03:22:14,629] {dag.py:1832} INFO - Sync 2 DAGs
[2021-10-24 03:22:14,644] {logging_mixin.py:104} INFO - [2021-10-24 03:22:14,644] {dag.py:2305} INFO - Setting next_dagrun for example_xcom_args to None
[2021-10-24 03:22:14,645] {logging_mixin.py:104} INFO - [2021-10-24 03:22:14,645] {dag.py:2305} INFO - Setting next_dagrun for example_xcom_args_with_operators to None
[2021-10-24 03:22:14,664] {scheduler_job.py:190} INFO - Processing /home/airflow/sandbox/lib/python3.8/site-packages/airflow/example_dags/example_xcomargs.py took 0.531 seconds
[2021-10-24 03:22:50,935] {scheduler_job.py:182} INFO - Started process (PID=8097) to work on /home/airflow/sandbox/lib/python3.8/site-packages/airflow/example_dags/example_xcomargs.py
[2021-10-24 03:22:50,937] {scheduler_job.py:633} INFO - Processing file /home/airflow/sandbox/lib/python3.8/site-packages/airflow/example_dags/example_xcomargs.py for tasks to queue
[2021-10-24 03:22:50,938] {logging_mixin.py:104} INFO - [2021-10-24 03:22:50,937] {dagbag.py:487} INFO - Filling up the DagBag from /home/airflow/sandbox/lib/python3.8/site-packages/airflow/example_dags/example_xcomargs.py
[2021-10-24 03:22:50,966] {scheduler_job.py:643} INFO - DAG(s) dict_keys(['example_xcom_args', 'example_xcom_args_with_operators']) retrieved from /home/airflow/sandbox/lib/python3.8/site-packages/airflow/example_dags/example_xcomargs.py
[2021-10-24 03:22:51,418] {logging_mixin.py:104} INFO - [2021-10-24 03:22:51,418] {dag.py:1832} INFO - Sync 2 DAGs
[2021-10-24 03:22:51,430] {logging_mixin.py:104} INFO - [2021-10-24 03:22:51,430] {dag.py:2305} INFO - Setting next_dagrun for example_xcom_args to None
[2021-10-24 03:22:51,432] {logging_mixin.py:104} INFO - [2021-10-24 03:22:51,431] {dag.py:2305} INFO - Setting next_dagrun for example_xcom_args_with_operators to None
[2021-10-24 03:22:51,455] {scheduler_job.py:190} INFO - Processing /home/airflow/sandbox/lib/python3.8/site-packages/airflow/example_dags/example_xcomargs.py took 0.525 seconds
[2021-10-24 03:23:25,037] {scheduler_job.py:182} INFO - Started process (PID=8171) to work on /home/airflow/sandbox/lib/python3.8/site-packages/airflow/example_dags/example_xcomargs.py
[2021-10-24 03:23:25,038] {scheduler_job.py:633} INFO - Processing file /home/airflow/sandbox/lib/python3.8/site-packages/airflow/example_dags/example_xcomargs.py for tasks to queue
[2021-10-24 03:23:25,040] {logging_mixin.py:104} INFO - [2021-10-24 03:23:25,039] {dagbag.py:487} INFO - Filling up the DagBag from /home/airflow/sandbox/lib/python3.8/site-packages/airflow/example_dags/example_xcomargs.py
[2021-10-24 03:23:25,066] {scheduler_job.py:643} INFO - DAG(s) dict_keys(['example_xcom_args', 'example_xcom_args_with_operators']) retrieved from /home/airflow/sandbox/lib/python3.8/site-packages/airflow/example_dags/example_xcomargs.py
[2021-10-24 03:23:25,511] {logging_mixin.py:104} INFO - [2021-10-24 03:23:25,511] {dag.py:1832} INFO - Sync 2 DAGs
[2021-10-24 03:23:25,524] {logging_mixin.py:104} INFO - [2021-10-24 03:23:25,523] {dag.py:2305} INFO - Setting next_dagrun for example_xcom_args to None
[2021-10-24 03:23:25,525] {logging_mixin.py:104} INFO - [2021-10-24 03:23:25,524] {dag.py:2305} INFO - Setting next_dagrun for example_xcom_args_with_operators to None
[2021-10-24 03:23:25,552] {scheduler_job.py:190} INFO - Processing /home/airflow/sandbox/lib/python3.8/site-packages/airflow/example_dags/example_xcomargs.py took 0.521 seconds
[2021-10-24 03:23:57,925] {scheduler_job.py:182} INFO - Started process (PID=8201) to work on /home/airflow/sandbox/lib/python3.8/site-packages/airflow/example_dags/example_xcomargs.py
[2021-10-24 03:23:57,926] {scheduler_job.py:633} INFO - Processing file /home/airflow/sandbox/lib/python3.8/site-packages/airflow/example_dags/example_xcomargs.py for tasks to queue
[2021-10-24 03:23:57,927] {logging_mixin.py:104} INFO - [2021-10-24 03:23:57,927] {dagbag.py:487} INFO - Filling up the DagBag from /home/airflow/sandbox/lib/python3.8/site-packages/airflow/example_dags/example_xcomargs.py
[2021-10-24 03:23:57,955] {scheduler_job.py:643} INFO - DAG(s) dict_keys(['example_xcom_args', 'example_xcom_args_with_operators']) retrieved from /home/airflow/sandbox/lib/python3.8/site-packages/airflow/example_dags/example_xcomargs.py
[2021-10-24 03:23:58,401] {logging_mixin.py:104} INFO - [2021-10-24 03:23:58,401] {dag.py:1832} INFO - Sync 2 DAGs
[2021-10-24 03:23:58,418] {logging_mixin.py:104} INFO - [2021-10-24 03:23:58,418] {dag.py:2305} INFO - Setting next_dagrun for example_xcom_args to None
[2021-10-24 03:23:58,419] {logging_mixin.py:104} INFO - [2021-10-24 03:23:58,419] {dag.py:2305} INFO - Setting next_dagrun for example_xcom_args_with_operators to None
[2021-10-24 03:23:58,443] {scheduler_job.py:190} INFO - Processing /home/airflow/sandbox/lib/python3.8/site-packages/airflow/example_dags/example_xcomargs.py took 0.523 seconds
[2021-10-24 03:24:34,217] {scheduler_job.py:182} INFO - Started process (PID=8232) to work on /home/airflow/sandbox/lib/python3.8/site-packages/airflow/example_dags/example_xcomargs.py
[2021-10-24 03:24:34,219] {scheduler_job.py:633} INFO - Processing file /home/airflow/sandbox/lib/python3.8/site-packages/airflow/example_dags/example_xcomargs.py for tasks to queue
[2021-10-24 03:24:34,220] {logging_mixin.py:104} INFO - [2021-10-24 03:24:34,220] {dagbag.py:487} INFO - Filling up the DagBag from /home/airflow/sandbox/lib/python3.8/site-packages/airflow/example_dags/example_xcomargs.py
[2021-10-24 03:24:34,247] {scheduler_job.py:643} INFO - DAG(s) dict_keys(['example_xcom_args', 'example_xcom_args_with_operators']) retrieved from /home/airflow/sandbox/lib/python3.8/site-packages/airflow/example_dags/example_xcomargs.py
[2021-10-24 03:24:34,678] {logging_mixin.py:104} INFO - [2021-10-24 03:24:34,678] {dag.py:1832} INFO - Sync 2 DAGs
[2021-10-24 03:24:34,694] {logging_mixin.py:104} INFO - [2021-10-24 03:24:34,694] {dag.py:2305} INFO - Setting next_dagrun for example_xcom_args to None
[2021-10-24 03:24:34,695] {logging_mixin.py:104} INFO - [2021-10-24 03:24:34,695] {dag.py:2305} INFO - Setting next_dagrun for example_xcom_args_with_operators to None
[2021-10-24 03:24:34,718] {scheduler_job.py:190} INFO - Processing /home/airflow/sandbox/lib/python3.8/site-packages/airflow/example_dags/example_xcomargs.py took 0.506 seconds
[2021-10-24 03:25:09,900] {scheduler_job.py:182} INFO - Started process (PID=8263) to work on /home/airflow/sandbox/lib/python3.8/site-packages/airflow/example_dags/example_xcomargs.py
[2021-10-24 03:25:09,901] {scheduler_job.py:633} INFO - Processing file /home/airflow/sandbox/lib/python3.8/site-packages/airflow/example_dags/example_xcomargs.py for tasks to queue
[2021-10-24 03:25:09,902] {logging_mixin.py:104} INFO - [2021-10-24 03:25:09,902] {dagbag.py:487} INFO - Filling up the DagBag from /home/airflow/sandbox/lib/python3.8/site-packages/airflow/example_dags/example_xcomargs.py
[2021-10-24 03:25:09,932] {scheduler_job.py:643} INFO - DAG(s) dict_keys(['example_xcom_args', 'example_xcom_args_with_operators']) retrieved from /home/airflow/sandbox/lib/python3.8/site-packages/airflow/example_dags/example_xcomargs.py
[2021-10-24 03:25:09,954] {logging_mixin.py:104} INFO - [2021-10-24 03:25:09,954] {dag.py:1832} INFO - Sync 2 DAGs
[2021-10-24 03:25:09,973] {logging_mixin.py:104} INFO - [2021-10-24 03:25:09,973] {dag.py:2305} INFO - Setting next_dagrun for example_xcom_args to None
[2021-10-24 03:25:09,975] {logging_mixin.py:104} INFO - [2021-10-24 03:25:09,975] {dag.py:2305} INFO - Setting next_dagrun for example_xcom_args_with_operators to None
[2021-10-24 03:25:09,999] {scheduler_job.py:190} INFO - Processing /home/airflow/sandbox/lib/python3.8/site-packages/airflow/example_dags/example_xcomargs.py took 0.104 seconds
[2021-10-24 03:25:44,042] {scheduler_job.py:182} INFO - Started process (PID=8291) to work on /home/airflow/sandbox/lib/python3.8/site-packages/airflow/example_dags/example_xcomargs.py
[2021-10-24 03:25:44,044] {scheduler_job.py:633} INFO - Processing file /home/airflow/sandbox/lib/python3.8/site-packages/airflow/example_dags/example_xcomargs.py for tasks to queue
[2021-10-24 03:25:44,045] {logging_mixin.py:104} INFO - [2021-10-24 03:25:44,044] {dagbag.py:487} INFO - Filling up the DagBag from /home/airflow/sandbox/lib/python3.8/site-packages/airflow/example_dags/example_xcomargs.py
[2021-10-24 03:25:44,072] {scheduler_job.py:643} INFO - DAG(s) dict_keys(['example_xcom_args', 'example_xcom_args_with_operators']) retrieved from /home/airflow/sandbox/lib/python3.8/site-packages/airflow/example_dags/example_xcomargs.py
[2021-10-24 03:25:44,521] {logging_mixin.py:104} INFO - [2021-10-24 03:25:44,521] {dag.py:1832} INFO - Sync 2 DAGs
[2021-10-24 03:25:44,538] {logging_mixin.py:104} INFO - [2021-10-24 03:25:44,537] {dag.py:2305} INFO - Setting next_dagrun for example_xcom_args to None
[2021-10-24 03:25:44,538] {logging_mixin.py:104} INFO - [2021-10-24 03:25:44,538] {dag.py:2305} INFO - Setting next_dagrun for example_xcom_args_with_operators to None
[2021-10-24 03:25:44,564] {scheduler_job.py:190} INFO - Processing /home/airflow/sandbox/lib/python3.8/site-packages/airflow/example_dags/example_xcomargs.py took 0.527 seconds
[2021-10-24 03:26:20,638] {scheduler_job.py:182} INFO - Started process (PID=8322) to work on /home/airflow/sandbox/lib/python3.8/site-packages/airflow/example_dags/example_xcomargs.py
[2021-10-24 03:26:20,639] {scheduler_job.py:633} INFO - Processing file /home/airflow/sandbox/lib/python3.8/site-packages/airflow/example_dags/example_xcomargs.py for tasks to queue
[2021-10-24 03:26:20,640] {logging_mixin.py:104} INFO - [2021-10-24 03:26:20,639] {dagbag.py:487} INFO - Filling up the DagBag from /home/airflow/sandbox/lib/python3.8/site-packages/airflow/example_dags/example_xcomargs.py
[2021-10-24 03:26:20,667] {scheduler_job.py:643} INFO - DAG(s) dict_keys(['example_xcom_args', 'example_xcom_args_with_operators']) retrieved from /home/airflow/sandbox/lib/python3.8/site-packages/airflow/example_dags/example_xcomargs.py
[2021-10-24 03:26:21,116] {logging_mixin.py:104} INFO - [2021-10-24 03:26:21,116] {dag.py:1832} INFO - Sync 2 DAGs
[2021-10-24 03:26:21,131] {logging_mixin.py:104} INFO - [2021-10-24 03:26:21,131] {dag.py:2305} INFO - Setting next_dagrun for example_xcom_args to None
[2021-10-24 03:26:21,132] {logging_mixin.py:104} INFO - [2021-10-24 03:26:21,132] {dag.py:2305} INFO - Setting next_dagrun for example_xcom_args_with_operators to None
[2021-10-24 03:26:21,156] {scheduler_job.py:190} INFO - Processing /home/airflow/sandbox/lib/python3.8/site-packages/airflow/example_dags/example_xcomargs.py took 0.524 seconds
[2021-10-24 03:26:57,099] {scheduler_job.py:182} INFO - Started process (PID=8353) to work on /home/airflow/sandbox/lib/python3.8/site-packages/airflow/example_dags/example_xcomargs.py
[2021-10-24 03:26:57,101] {scheduler_job.py:633} INFO - Processing file /home/airflow/sandbox/lib/python3.8/site-packages/airflow/example_dags/example_xcomargs.py for tasks to queue
[2021-10-24 03:26:57,102] {logging_mixin.py:104} INFO - [2021-10-24 03:26:57,102] {dagbag.py:487} INFO - Filling up the DagBag from /home/airflow/sandbox/lib/python3.8/site-packages/airflow/example_dags/example_xcomargs.py
[2021-10-24 03:26:57,128] {scheduler_job.py:643} INFO - DAG(s) dict_keys(['example_xcom_args', 'example_xcom_args_with_operators']) retrieved from /home/airflow/sandbox/lib/python3.8/site-packages/airflow/example_dags/example_xcomargs.py
[2021-10-24 03:26:57,584] {logging_mixin.py:104} INFO - [2021-10-24 03:26:57,584] {dag.py:1832} INFO - Sync 2 DAGs
[2021-10-24 03:26:57,601] {logging_mixin.py:104} INFO - [2021-10-24 03:26:57,601] {dag.py:2305} INFO - Setting next_dagrun for example_xcom_args to None
[2021-10-24 03:26:57,602] {logging_mixin.py:104} INFO - [2021-10-24 03:26:57,602] {dag.py:2305} INFO - Setting next_dagrun for example_xcom_args_with_operators to None
[2021-10-24 03:26:57,621] {scheduler_job.py:190} INFO - Processing /home/airflow/sandbox/lib/python3.8/site-packages/airflow/example_dags/example_xcomargs.py took 0.528 seconds
[2021-10-24 03:27:32,375] {scheduler_job.py:182} INFO - Started process (PID=8384) to work on /home/airflow/sandbox/lib/python3.8/site-packages/airflow/example_dags/example_xcomargs.py
[2021-10-24 03:27:32,376] {scheduler_job.py:633} INFO - Processing file /home/airflow/sandbox/lib/python3.8/site-packages/airflow/example_dags/example_xcomargs.py for tasks to queue
[2021-10-24 03:27:32,377] {logging_mixin.py:104} INFO - [2021-10-24 03:27:32,377] {dagbag.py:487} INFO - Filling up the DagBag from /home/airflow/sandbox/lib/python3.8/site-packages/airflow/example_dags/example_xcomargs.py
[2021-10-24 03:27:32,404] {scheduler_job.py:643} INFO - DAG(s) dict_keys(['example_xcom_args', 'example_xcom_args_with_operators']) retrieved from /home/airflow/sandbox/lib/python3.8/site-packages/airflow/example_dags/example_xcomargs.py
[2021-10-24 03:27:32,431] {logging_mixin.py:104} INFO - [2021-10-24 03:27:32,431] {dag.py:1832} INFO - Sync 2 DAGs
[2021-10-24 03:27:32,450] {logging_mixin.py:104} INFO - [2021-10-24 03:27:32,449] {dag.py:2305} INFO - Setting next_dagrun for example_xcom_args to None
[2021-10-24 03:27:32,451] {logging_mixin.py:104} INFO - [2021-10-24 03:27:32,451] {dag.py:2305} INFO - Setting next_dagrun for example_xcom_args_with_operators to None
[2021-10-24 03:27:32,473] {scheduler_job.py:190} INFO - Processing /home/airflow/sandbox/lib/python3.8/site-packages/airflow/example_dags/example_xcomargs.py took 0.102 seconds
[2021-10-24 03:28:11,021] {scheduler_job.py:182} INFO - Started process (PID=8417) to work on /home/airflow/sandbox/lib/python3.8/site-packages/airflow/example_dags/example_xcomargs.py
[2021-10-24 03:28:11,023] {scheduler_job.py:633} INFO - Processing file /home/airflow/sandbox/lib/python3.8/site-packages/airflow/example_dags/example_xcomargs.py for tasks to queue
[2021-10-24 03:28:11,024] {logging_mixin.py:104} INFO - [2021-10-24 03:28:11,024] {dagbag.py:487} INFO - Filling up the DagBag from /home/airflow/sandbox/lib/python3.8/site-packages/airflow/example_dags/example_xcomargs.py
[2021-10-24 03:28:11,054] {scheduler_job.py:643} INFO - DAG(s) dict_keys(['example_xcom_args', 'example_xcom_args_with_operators']) retrieved from /home/airflow/sandbox/lib/python3.8/site-packages/airflow/example_dags/example_xcomargs.py
[2021-10-24 03:28:11,528] {logging_mixin.py:104} INFO - [2021-10-24 03:28:11,528] {dag.py:1832} INFO - Sync 2 DAGs
[2021-10-24 03:28:11,543] {logging_mixin.py:104} INFO - [2021-10-24 03:28:11,543] {dag.py:2305} INFO - Setting next_dagrun for example_xcom_args to None
[2021-10-24 03:28:11,544] {logging_mixin.py:104} INFO - [2021-10-24 03:28:11,544] {dag.py:2305} INFO - Setting next_dagrun for example_xcom_args_with_operators to None
[2021-10-24 03:28:11,566] {scheduler_job.py:190} INFO - Processing /home/airflow/sandbox/lib/python3.8/site-packages/airflow/example_dags/example_xcomargs.py took 0.550 seconds
[2021-10-24 03:28:46,274] {scheduler_job.py:182} INFO - Started process (PID=8552) to work on /home/airflow/sandbox/lib/python3.8/site-packages/airflow/example_dags/example_xcomargs.py
[2021-10-24 03:28:46,275] {scheduler_job.py:633} INFO - Processing file /home/airflow/sandbox/lib/python3.8/site-packages/airflow/example_dags/example_xcomargs.py for tasks to queue
[2021-10-24 03:28:46,276] {logging_mixin.py:104} INFO - [2021-10-24 03:28:46,276] {dagbag.py:487} INFO - Filling up the DagBag from /home/airflow/sandbox/lib/python3.8/site-packages/airflow/example_dags/example_xcomargs.py
[2021-10-24 03:28:46,303] {scheduler_job.py:643} INFO - DAG(s) dict_keys(['example_xcom_args', 'example_xcom_args_with_operators']) retrieved from /home/airflow/sandbox/lib/python3.8/site-packages/airflow/example_dags/example_xcomargs.py
[2021-10-24 03:28:46,737] {logging_mixin.py:104} INFO - [2021-10-24 03:28:46,737] {dag.py:1832} INFO - Sync 2 DAGs
[2021-10-24 03:28:46,748] {logging_mixin.py:104} INFO - [2021-10-24 03:28:46,748] {dag.py:2305} INFO - Setting next_dagrun for example_xcom_args to None
[2021-10-24 03:28:46,749] {logging_mixin.py:104} INFO - [2021-10-24 03:28:46,749] {dag.py:2305} INFO - Setting next_dagrun for example_xcom_args_with_operators to None
[2021-10-24 03:28:46,767] {scheduler_job.py:190} INFO - Processing /home/airflow/sandbox/lib/python3.8/site-packages/airflow/example_dags/example_xcomargs.py took 0.497 seconds
[2021-10-24 03:29:23,556] {scheduler_job.py:182} INFO - Started process (PID=8734) to work on /home/airflow/sandbox/lib/python3.8/site-packages/airflow/example_dags/example_xcomargs.py
[2021-10-24 03:29:23,558] {scheduler_job.py:633} INFO - Processing file /home/airflow/sandbox/lib/python3.8/site-packages/airflow/example_dags/example_xcomargs.py for tasks to queue
[2021-10-24 03:29:23,558] {logging_mixin.py:104} INFO - [2021-10-24 03:29:23,558] {dagbag.py:487} INFO - Filling up the DagBag from /home/airflow/sandbox/lib/python3.8/site-packages/airflow/example_dags/example_xcomargs.py
[2021-10-24 03:29:23,580] {scheduler_job.py:643} INFO - DAG(s) dict_keys(['example_xcom_args', 'example_xcom_args_with_operators']) retrieved from /home/airflow/sandbox/lib/python3.8/site-packages/airflow/example_dags/example_xcomargs.py
[2021-10-24 03:29:23,955] {logging_mixin.py:104} INFO - [2021-10-24 03:29:23,954] {dag.py:1832} INFO - Sync 2 DAGs
[2021-10-24 03:29:23,965] {logging_mixin.py:104} INFO - [2021-10-24 03:29:23,964] {dag.py:2305} INFO - Setting next_dagrun for example_xcom_args to None
[2021-10-24 03:29:23,966] {logging_mixin.py:104} INFO - [2021-10-24 03:29:23,966] {dag.py:2305} INFO - Setting next_dagrun for example_xcom_args_with_operators to None
[2021-10-24 03:29:23,985] {scheduler_job.py:190} INFO - Processing /home/airflow/sandbox/lib/python3.8/site-packages/airflow/example_dags/example_xcomargs.py took 0.432 seconds
[2021-10-24 03:29:58,531] {scheduler_job.py:182} INFO - Started process (PID=8857) to work on /home/airflow/sandbox/lib/python3.8/site-packages/airflow/example_dags/example_xcomargs.py
[2021-10-24 03:29:58,532] {scheduler_job.py:633} INFO - Processing file /home/airflow/sandbox/lib/python3.8/site-packages/airflow/example_dags/example_xcomargs.py for tasks to queue
[2021-10-24 03:29:58,532] {logging_mixin.py:104} INFO - [2021-10-24 03:29:58,532] {dagbag.py:487} INFO - Filling up the DagBag from /home/airflow/sandbox/lib/python3.8/site-packages/airflow/example_dags/example_xcomargs.py
[2021-10-24 03:29:58,544] {scheduler_job.py:643} INFO - DAG(s) dict_keys(['example_xcom_args', 'example_xcom_args_with_operators']) retrieved from /home/airflow/sandbox/lib/python3.8/site-packages/airflow/example_dags/example_xcomargs.py
[2021-10-24 03:29:58,736] {logging_mixin.py:104} INFO - [2021-10-24 03:29:58,736] {dag.py:1832} INFO - Sync 2 DAGs
[2021-10-24 03:29:58,743] {logging_mixin.py:104} INFO - [2021-10-24 03:29:58,743] {dag.py:2305} INFO - Setting next_dagrun for example_xcom_args to None
[2021-10-24 03:29:58,744] {logging_mixin.py:104} INFO - [2021-10-24 03:29:58,744] {dag.py:2305} INFO - Setting next_dagrun for example_xcom_args_with_operators to None
[2021-10-24 03:29:58,753] {scheduler_job.py:190} INFO - Processing /home/airflow/sandbox/lib/python3.8/site-packages/airflow/example_dags/example_xcomargs.py took 0.225 seconds
[2021-10-24 06:05:08,512] {scheduler_job.py:182} INFO - Started process (PID=8897) to work on /home/airflow/sandbox/lib/python3.8/site-packages/airflow/example_dags/example_xcomargs.py
[2021-10-24 06:05:08,512] {scheduler_job.py:633} INFO - Processing file /home/airflow/sandbox/lib/python3.8/site-packages/airflow/example_dags/example_xcomargs.py for tasks to queue
[2021-10-24 06:05:08,513] {logging_mixin.py:104} INFO - [2021-10-24 06:05:08,513] {dagbag.py:487} INFO - Filling up the DagBag from /home/airflow/sandbox/lib/python3.8/site-packages/airflow/example_dags/example_xcomargs.py
[2021-10-24 06:05:08,561] {scheduler_job.py:643} INFO - DAG(s) dict_keys(['example_xcom_args', 'example_xcom_args_with_operators']) retrieved from /home/airflow/sandbox/lib/python3.8/site-packages/airflow/example_dags/example_xcomargs.py
[2021-10-24 06:05:09,618] {logging_mixin.py:104} INFO - [2021-10-24 06:05:09,618] {dag.py:1832} INFO - Sync 2 DAGs
[2021-10-24 06:05:09,663] {logging_mixin.py:104} INFO - [2021-10-24 06:05:09,663] {dag.py:2305} INFO - Setting next_dagrun for example_xcom_args to None
[2021-10-24 06:05:09,663] {logging_mixin.py:104} INFO - [2021-10-24 06:05:09,663] {dag.py:2305} INFO - Setting next_dagrun for example_xcom_args_with_operators to None
[2021-10-24 06:05:09,724] {scheduler_job.py:190} INFO - Processing /home/airflow/sandbox/lib/python3.8/site-packages/airflow/example_dags/example_xcomargs.py took 1.214 seconds
[2021-10-24 06:05:47,044] {scheduler_job.py:182} INFO - Started process (PID=9256) to work on /home/airflow/sandbox/lib/python3.8/site-packages/airflow/example_dags/example_xcomargs.py
[2021-10-24 06:05:47,045] {scheduler_job.py:633} INFO - Processing file /home/airflow/sandbox/lib/python3.8/site-packages/airflow/example_dags/example_xcomargs.py for tasks to queue
[2021-10-24 06:05:47,047] {logging_mixin.py:104} INFO - [2021-10-24 06:05:47,046] {dagbag.py:487} INFO - Filling up the DagBag from /home/airflow/sandbox/lib/python3.8/site-packages/airflow/example_dags/example_xcomargs.py
[2021-10-24 06:05:47,075] {scheduler_job.py:643} INFO - DAG(s) dict_keys(['example_xcom_args', 'example_xcom_args_with_operators']) retrieved from /home/airflow/sandbox/lib/python3.8/site-packages/airflow/example_dags/example_xcomargs.py
[2021-10-24 06:05:47,492] {logging_mixin.py:104} INFO - [2021-10-24 06:05:47,492] {dag.py:1832} INFO - Sync 2 DAGs
[2021-10-24 06:05:47,504] {logging_mixin.py:104} INFO - [2021-10-24 06:05:47,504] {dag.py:2305} INFO - Setting next_dagrun for example_xcom_args to None
[2021-10-24 06:05:47,505] {logging_mixin.py:104} INFO - [2021-10-24 06:05:47,505] {dag.py:2305} INFO - Setting next_dagrun for example_xcom_args_with_operators to None
[2021-10-24 06:05:47,531] {scheduler_job.py:190} INFO - Processing /home/airflow/sandbox/lib/python3.8/site-packages/airflow/example_dags/example_xcomargs.py took 0.493 seconds
