[2021-10-24 03:08:36,032] {scheduler_job.py:182} INFO - Started process (PID=6311) to work on /home/airflow/sandbox/lib/python3.8/site-packages/airflow/example_dags/example_branch_labels.py
[2021-10-24 03:08:36,033] {scheduler_job.py:633} INFO - Processing file /home/airflow/sandbox/lib/python3.8/site-packages/airflow/example_dags/example_branch_labels.py for tasks to queue
[2021-10-24 03:08:36,033] {logging_mixin.py:104} INFO - [2021-10-24 03:08:36,033] {dagbag.py:487} INFO - Filling up the DagBag from /home/airflow/sandbox/lib/python3.8/site-packages/airflow/example_dags/example_branch_labels.py
[2021-10-24 03:08:36,050] {scheduler_job.py:643} INFO - DAG(s) dict_keys(['example_branch_labels']) retrieved from /home/airflow/sandbox/lib/python3.8/site-packages/airflow/example_dags/example_branch_labels.py
[2021-10-24 03:08:36,072] {logging_mixin.py:104} INFO - [2021-10-24 03:08:36,072] {dag.py:1832} INFO - Sync 1 DAGs
[2021-10-24 03:08:36,091] {logging_mixin.py:104} INFO - [2021-10-24 03:08:36,091] {dag.py:2305} INFO - Setting next_dagrun for example_branch_labels to 2021-10-22 00:00:00+00:00
[2021-10-24 03:08:36,113] {scheduler_job.py:190} INFO - Processing /home/airflow/sandbox/lib/python3.8/site-packages/airflow/example_dags/example_branch_labels.py took 0.085 seconds
[2021-10-24 03:09:12,023] {scheduler_job.py:182} INFO - Started process (PID=6354) to work on /home/airflow/sandbox/lib/python3.8/site-packages/airflow/example_dags/example_branch_labels.py
[2021-10-24 03:09:12,024] {scheduler_job.py:633} INFO - Processing file /home/airflow/sandbox/lib/python3.8/site-packages/airflow/example_dags/example_branch_labels.py for tasks to queue
[2021-10-24 03:09:12,024] {logging_mixin.py:104} INFO - [2021-10-24 03:09:12,024] {dagbag.py:487} INFO - Filling up the DagBag from /home/airflow/sandbox/lib/python3.8/site-packages/airflow/example_dags/example_branch_labels.py
[2021-10-24 03:09:12,033] {scheduler_job.py:643} INFO - DAG(s) dict_keys(['example_branch_labels']) retrieved from /home/airflow/sandbox/lib/python3.8/site-packages/airflow/example_dags/example_branch_labels.py
[2021-10-24 03:09:12,044] {logging_mixin.py:104} INFO - [2021-10-24 03:09:12,044] {dag.py:1832} INFO - Sync 1 DAGs
[2021-10-24 03:09:12,054] {logging_mixin.py:104} INFO - [2021-10-24 03:09:12,054] {dag.py:2305} INFO - Setting next_dagrun for example_branch_labels to 2021-10-22 00:00:00+00:00
[2021-10-24 03:09:12,068] {scheduler_job.py:190} INFO - Processing /home/airflow/sandbox/lib/python3.8/site-packages/airflow/example_dags/example_branch_labels.py took 0.048 seconds
[2021-10-24 03:09:46,442] {scheduler_job.py:182} INFO - Started process (PID=6386) to work on /home/airflow/sandbox/lib/python3.8/site-packages/airflow/example_dags/example_branch_labels.py
[2021-10-24 03:09:46,443] {scheduler_job.py:633} INFO - Processing file /home/airflow/sandbox/lib/python3.8/site-packages/airflow/example_dags/example_branch_labels.py for tasks to queue
[2021-10-24 03:09:46,444] {logging_mixin.py:104} INFO - [2021-10-24 03:09:46,444] {dagbag.py:487} INFO - Filling up the DagBag from /home/airflow/sandbox/lib/python3.8/site-packages/airflow/example_dags/example_branch_labels.py
[2021-10-24 03:09:46,464] {scheduler_job.py:643} INFO - DAG(s) dict_keys(['example_branch_labels']) retrieved from /home/airflow/sandbox/lib/python3.8/site-packages/airflow/example_dags/example_branch_labels.py
[2021-10-24 03:09:46,478] {logging_mixin.py:104} INFO - [2021-10-24 03:09:46,478] {dag.py:1832} INFO - Sync 1 DAGs
[2021-10-24 03:09:46,501] {logging_mixin.py:104} INFO - [2021-10-24 03:09:46,501] {dag.py:2305} INFO - Setting next_dagrun for example_branch_labels to 2021-10-22 00:00:00+00:00
[2021-10-24 03:09:46,519] {scheduler_job.py:190} INFO - Processing /home/airflow/sandbox/lib/python3.8/site-packages/airflow/example_dags/example_branch_labels.py took 0.082 seconds
[2021-10-24 03:10:22,497] {scheduler_job.py:182} INFO - Started process (PID=6427) to work on /home/airflow/sandbox/lib/python3.8/site-packages/airflow/example_dags/example_branch_labels.py
[2021-10-24 03:10:22,499] {scheduler_job.py:633} INFO - Processing file /home/airflow/sandbox/lib/python3.8/site-packages/airflow/example_dags/example_branch_labels.py for tasks to queue
[2021-10-24 03:10:22,500] {logging_mixin.py:104} INFO - [2021-10-24 03:10:22,500] {dagbag.py:487} INFO - Filling up the DagBag from /home/airflow/sandbox/lib/python3.8/site-packages/airflow/example_dags/example_branch_labels.py
[2021-10-24 03:10:22,511] {scheduler_job.py:643} INFO - DAG(s) dict_keys(['example_branch_labels']) retrieved from /home/airflow/sandbox/lib/python3.8/site-packages/airflow/example_dags/example_branch_labels.py
[2021-10-24 03:10:22,535] {logging_mixin.py:104} INFO - [2021-10-24 03:10:22,535] {dag.py:1832} INFO - Sync 1 DAGs
[2021-10-24 03:10:22,558] {logging_mixin.py:104} INFO - [2021-10-24 03:10:22,558] {dag.py:2305} INFO - Setting next_dagrun for example_branch_labels to 2021-10-22 00:00:00+00:00
[2021-10-24 03:10:22,579] {scheduler_job.py:190} INFO - Processing /home/airflow/sandbox/lib/python3.8/site-packages/airflow/example_dags/example_branch_labels.py took 0.093 seconds
[2021-10-24 03:10:59,539] {scheduler_job.py:182} INFO - Started process (PID=6590) to work on /home/airflow/sandbox/lib/python3.8/site-packages/airflow/example_dags/example_branch_labels.py
[2021-10-24 03:10:59,542] {scheduler_job.py:633} INFO - Processing file /home/airflow/sandbox/lib/python3.8/site-packages/airflow/example_dags/example_branch_labels.py for tasks to queue
[2021-10-24 03:10:59,543] {logging_mixin.py:104} INFO - [2021-10-24 03:10:59,543] {dagbag.py:487} INFO - Filling up the DagBag from /home/airflow/sandbox/lib/python3.8/site-packages/airflow/example_dags/example_branch_labels.py
[2021-10-24 03:10:59,560] {scheduler_job.py:643} INFO - DAG(s) dict_keys(['example_branch_labels']) retrieved from /home/airflow/sandbox/lib/python3.8/site-packages/airflow/example_dags/example_branch_labels.py
[2021-10-24 03:10:59,584] {logging_mixin.py:104} INFO - [2021-10-24 03:10:59,584] {dag.py:1832} INFO - Sync 1 DAGs
[2021-10-24 03:10:59,605] {logging_mixin.py:104} INFO - [2021-10-24 03:10:59,605] {dag.py:2305} INFO - Setting next_dagrun for example_branch_labels to 2021-10-22 00:00:00+00:00
[2021-10-24 03:10:59,623] {scheduler_job.py:190} INFO - Processing /home/airflow/sandbox/lib/python3.8/site-packages/airflow/example_dags/example_branch_labels.py took 0.089 seconds
[2021-10-24 03:11:35,612] {scheduler_job.py:182} INFO - Started process (PID=6634) to work on /home/airflow/sandbox/lib/python3.8/site-packages/airflow/example_dags/example_branch_labels.py
[2021-10-24 03:11:35,614] {scheduler_job.py:633} INFO - Processing file /home/airflow/sandbox/lib/python3.8/site-packages/airflow/example_dags/example_branch_labels.py for tasks to queue
[2021-10-24 03:11:35,614] {logging_mixin.py:104} INFO - [2021-10-24 03:11:35,614] {dagbag.py:487} INFO - Filling up the DagBag from /home/airflow/sandbox/lib/python3.8/site-packages/airflow/example_dags/example_branch_labels.py
[2021-10-24 03:11:35,631] {scheduler_job.py:643} INFO - DAG(s) dict_keys(['example_branch_labels']) retrieved from /home/airflow/sandbox/lib/python3.8/site-packages/airflow/example_dags/example_branch_labels.py
[2021-10-24 03:11:35,652] {logging_mixin.py:104} INFO - [2021-10-24 03:11:35,652] {dag.py:1832} INFO - Sync 1 DAGs
[2021-10-24 03:11:35,673] {logging_mixin.py:104} INFO - [2021-10-24 03:11:35,673] {dag.py:2305} INFO - Setting next_dagrun for example_branch_labels to 2021-10-22 00:00:00+00:00
[2021-10-24 03:11:35,695] {scheduler_job.py:190} INFO - Processing /home/airflow/sandbox/lib/python3.8/site-packages/airflow/example_dags/example_branch_labels.py took 0.088 seconds
[2021-10-24 03:12:14,350] {scheduler_job.py:182} INFO - Started process (PID=6693) to work on /home/airflow/sandbox/lib/python3.8/site-packages/airflow/example_dags/example_branch_labels.py
[2021-10-24 03:12:14,352] {scheduler_job.py:633} INFO - Processing file /home/airflow/sandbox/lib/python3.8/site-packages/airflow/example_dags/example_branch_labels.py for tasks to queue
[2021-10-24 03:12:14,353] {logging_mixin.py:104} INFO - [2021-10-24 03:12:14,352] {dagbag.py:487} INFO - Filling up the DagBag from /home/airflow/sandbox/lib/python3.8/site-packages/airflow/example_dags/example_branch_labels.py
[2021-10-24 03:12:14,365] {scheduler_job.py:643} INFO - DAG(s) dict_keys(['example_branch_labels']) retrieved from /home/airflow/sandbox/lib/python3.8/site-packages/airflow/example_dags/example_branch_labels.py
[2021-10-24 03:12:14,385] {logging_mixin.py:104} INFO - [2021-10-24 03:12:14,384] {dag.py:1832} INFO - Sync 1 DAGs
[2021-10-24 03:12:14,407] {logging_mixin.py:104} INFO - [2021-10-24 03:12:14,407] {dag.py:2305} INFO - Setting next_dagrun for example_branch_labels to 2021-10-22 00:00:00+00:00
[2021-10-24 03:12:14,427] {scheduler_job.py:190} INFO - Processing /home/airflow/sandbox/lib/python3.8/site-packages/airflow/example_dags/example_branch_labels.py took 0.083 seconds
[2021-10-24 03:12:48,862] {scheduler_job.py:182} INFO - Started process (PID=6750) to work on /home/airflow/sandbox/lib/python3.8/site-packages/airflow/example_dags/example_branch_labels.py
[2021-10-24 03:12:48,863] {scheduler_job.py:633} INFO - Processing file /home/airflow/sandbox/lib/python3.8/site-packages/airflow/example_dags/example_branch_labels.py for tasks to queue
[2021-10-24 03:12:48,864] {logging_mixin.py:104} INFO - [2021-10-24 03:12:48,864] {dagbag.py:487} INFO - Filling up the DagBag from /home/airflow/sandbox/lib/python3.8/site-packages/airflow/example_dags/example_branch_labels.py
[2021-10-24 03:12:48,876] {scheduler_job.py:643} INFO - DAG(s) dict_keys(['example_branch_labels']) retrieved from /home/airflow/sandbox/lib/python3.8/site-packages/airflow/example_dags/example_branch_labels.py
[2021-10-24 03:12:48,893] {logging_mixin.py:104} INFO - [2021-10-24 03:12:48,892] {dag.py:1832} INFO - Sync 1 DAGs
[2021-10-24 03:12:48,905] {logging_mixin.py:104} INFO - [2021-10-24 03:12:48,904] {dag.py:2305} INFO - Setting next_dagrun for example_branch_labels to 2021-10-22 00:00:00+00:00
[2021-10-24 03:12:48,918] {scheduler_job.py:190} INFO - Processing /home/airflow/sandbox/lib/python3.8/site-packages/airflow/example_dags/example_branch_labels.py took 0.060 seconds
[2021-10-24 03:13:23,783] {scheduler_job.py:182} INFO - Started process (PID=6825) to work on /home/airflow/sandbox/lib/python3.8/site-packages/airflow/example_dags/example_branch_labels.py
[2021-10-24 03:13:23,784] {scheduler_job.py:633} INFO - Processing file /home/airflow/sandbox/lib/python3.8/site-packages/airflow/example_dags/example_branch_labels.py for tasks to queue
[2021-10-24 03:13:23,785] {logging_mixin.py:104} INFO - [2021-10-24 03:13:23,785] {dagbag.py:487} INFO - Filling up the DagBag from /home/airflow/sandbox/lib/python3.8/site-packages/airflow/example_dags/example_branch_labels.py
[2021-10-24 03:13:23,803] {scheduler_job.py:643} INFO - DAG(s) dict_keys(['example_branch_labels']) retrieved from /home/airflow/sandbox/lib/python3.8/site-packages/airflow/example_dags/example_branch_labels.py
[2021-10-24 03:13:23,824] {logging_mixin.py:104} INFO - [2021-10-24 03:13:23,824] {dag.py:1832} INFO - Sync 1 DAGs
[2021-10-24 03:13:23,845] {logging_mixin.py:104} INFO - [2021-10-24 03:13:23,845] {dag.py:2305} INFO - Setting next_dagrun for example_branch_labels to 2021-10-22 00:00:00+00:00
[2021-10-24 03:13:23,867] {scheduler_job.py:190} INFO - Processing /home/airflow/sandbox/lib/python3.8/site-packages/airflow/example_dags/example_branch_labels.py took 0.089 seconds
[2021-10-24 03:13:58,714] {scheduler_job.py:182} INFO - Started process (PID=6856) to work on /home/airflow/sandbox/lib/python3.8/site-packages/airflow/example_dags/example_branch_labels.py
[2021-10-24 03:13:58,716] {scheduler_job.py:633} INFO - Processing file /home/airflow/sandbox/lib/python3.8/site-packages/airflow/example_dags/example_branch_labels.py for tasks to queue
[2021-10-24 03:13:58,717] {logging_mixin.py:104} INFO - [2021-10-24 03:13:58,717] {dagbag.py:487} INFO - Filling up the DagBag from /home/airflow/sandbox/lib/python3.8/site-packages/airflow/example_dags/example_branch_labels.py
[2021-10-24 03:13:58,734] {scheduler_job.py:643} INFO - DAG(s) dict_keys(['example_branch_labels']) retrieved from /home/airflow/sandbox/lib/python3.8/site-packages/airflow/example_dags/example_branch_labels.py
[2021-10-24 03:13:58,755] {logging_mixin.py:104} INFO - [2021-10-24 03:13:58,755] {dag.py:1832} INFO - Sync 1 DAGs
[2021-10-24 03:13:58,774] {logging_mixin.py:104} INFO - [2021-10-24 03:13:58,774] {dag.py:2305} INFO - Setting next_dagrun for example_branch_labels to 2021-10-22 00:00:00+00:00
[2021-10-24 03:13:58,793] {scheduler_job.py:190} INFO - Processing /home/airflow/sandbox/lib/python3.8/site-packages/airflow/example_dags/example_branch_labels.py took 0.083 seconds
[2021-10-24 03:14:32,735] {scheduler_job.py:182} INFO - Started process (PID=6923) to work on /home/airflow/sandbox/lib/python3.8/site-packages/airflow/example_dags/example_branch_labels.py
[2021-10-24 03:14:32,736] {scheduler_job.py:633} INFO - Processing file /home/airflow/sandbox/lib/python3.8/site-packages/airflow/example_dags/example_branch_labels.py for tasks to queue
[2021-10-24 03:14:32,737] {logging_mixin.py:104} INFO - [2021-10-24 03:14:32,737] {dagbag.py:487} INFO - Filling up the DagBag from /home/airflow/sandbox/lib/python3.8/site-packages/airflow/example_dags/example_branch_labels.py
[2021-10-24 03:14:32,751] {scheduler_job.py:643} INFO - DAG(s) dict_keys(['example_branch_labels']) retrieved from /home/airflow/sandbox/lib/python3.8/site-packages/airflow/example_dags/example_branch_labels.py
[2021-10-24 03:14:32,776] {logging_mixin.py:104} INFO - [2021-10-24 03:14:32,775] {dag.py:1832} INFO - Sync 1 DAGs
[2021-10-24 03:14:32,799] {logging_mixin.py:104} INFO - [2021-10-24 03:14:32,799] {dag.py:2305} INFO - Setting next_dagrun for example_branch_labels to 2021-10-22 00:00:00+00:00
[2021-10-24 03:14:32,824] {scheduler_job.py:190} INFO - Processing /home/airflow/sandbox/lib/python3.8/site-packages/airflow/example_dags/example_branch_labels.py took 0.092 seconds
[2021-10-24 03:15:11,070] {scheduler_job.py:182} INFO - Started process (PID=7016) to work on /home/airflow/sandbox/lib/python3.8/site-packages/airflow/example_dags/example_branch_labels.py
[2021-10-24 03:15:11,071] {scheduler_job.py:633} INFO - Processing file /home/airflow/sandbox/lib/python3.8/site-packages/airflow/example_dags/example_branch_labels.py for tasks to queue
[2021-10-24 03:15:11,072] {logging_mixin.py:104} INFO - [2021-10-24 03:15:11,072] {dagbag.py:487} INFO - Filling up the DagBag from /home/airflow/sandbox/lib/python3.8/site-packages/airflow/example_dags/example_branch_labels.py
[2021-10-24 03:15:11,088] {scheduler_job.py:643} INFO - DAG(s) dict_keys(['example_branch_labels']) retrieved from /home/airflow/sandbox/lib/python3.8/site-packages/airflow/example_dags/example_branch_labels.py
[2021-10-24 03:15:11,111] {logging_mixin.py:104} INFO - [2021-10-24 03:15:11,111] {dag.py:1832} INFO - Sync 1 DAGs
[2021-10-24 03:15:11,134] {logging_mixin.py:104} INFO - [2021-10-24 03:15:11,134] {dag.py:2305} INFO - Setting next_dagrun for example_branch_labels to 2021-10-22 00:00:00+00:00
[2021-10-24 03:15:11,157] {scheduler_job.py:190} INFO - Processing /home/airflow/sandbox/lib/python3.8/site-packages/airflow/example_dags/example_branch_labels.py took 0.092 seconds
[2021-10-24 03:15:47,340] {scheduler_job.py:182} INFO - Started process (PID=7048) to work on /home/airflow/sandbox/lib/python3.8/site-packages/airflow/example_dags/example_branch_labels.py
[2021-10-24 03:15:47,341] {scheduler_job.py:633} INFO - Processing file /home/airflow/sandbox/lib/python3.8/site-packages/airflow/example_dags/example_branch_labels.py for tasks to queue
[2021-10-24 03:15:47,341] {logging_mixin.py:104} INFO - [2021-10-24 03:15:47,341] {dagbag.py:487} INFO - Filling up the DagBag from /home/airflow/sandbox/lib/python3.8/site-packages/airflow/example_dags/example_branch_labels.py
[2021-10-24 03:15:47,365] {scheduler_job.py:643} INFO - DAG(s) dict_keys(['example_branch_labels']) retrieved from /home/airflow/sandbox/lib/python3.8/site-packages/airflow/example_dags/example_branch_labels.py
[2021-10-24 03:15:47,391] {logging_mixin.py:104} INFO - [2021-10-24 03:15:47,391] {dag.py:1832} INFO - Sync 1 DAGs
[2021-10-24 03:15:47,413] {logging_mixin.py:104} INFO - [2021-10-24 03:15:47,413] {dag.py:2305} INFO - Setting next_dagrun for example_branch_labels to 2021-10-22 00:00:00+00:00
[2021-10-24 03:15:47,436] {scheduler_job.py:190} INFO - Processing /home/airflow/sandbox/lib/python3.8/site-packages/airflow/example_dags/example_branch_labels.py took 0.101 seconds
[2021-10-24 03:16:25,618] {scheduler_job.py:182} INFO - Started process (PID=7141) to work on /home/airflow/sandbox/lib/python3.8/site-packages/airflow/example_dags/example_branch_labels.py
[2021-10-24 03:16:25,620] {scheduler_job.py:633} INFO - Processing file /home/airflow/sandbox/lib/python3.8/site-packages/airflow/example_dags/example_branch_labels.py for tasks to queue
[2021-10-24 03:16:25,620] {logging_mixin.py:104} INFO - [2021-10-24 03:16:25,620] {dagbag.py:487} INFO - Filling up the DagBag from /home/airflow/sandbox/lib/python3.8/site-packages/airflow/example_dags/example_branch_labels.py
[2021-10-24 03:16:25,633] {scheduler_job.py:643} INFO - DAG(s) dict_keys(['example_branch_labels']) retrieved from /home/airflow/sandbox/lib/python3.8/site-packages/airflow/example_dags/example_branch_labels.py
[2021-10-24 03:16:25,656] {logging_mixin.py:104} INFO - [2021-10-24 03:16:25,656] {dag.py:1832} INFO - Sync 1 DAGs
[2021-10-24 03:16:25,675] {logging_mixin.py:104} INFO - [2021-10-24 03:16:25,675] {dag.py:2305} INFO - Setting next_dagrun for example_branch_labels to 2021-10-22 00:00:00+00:00
[2021-10-24 03:16:25,695] {scheduler_job.py:190} INFO - Processing /home/airflow/sandbox/lib/python3.8/site-packages/airflow/example_dags/example_branch_labels.py took 0.080 seconds
[2021-10-24 03:16:59,754] {scheduler_job.py:182} INFO - Started process (PID=7262) to work on /home/airflow/sandbox/lib/python3.8/site-packages/airflow/example_dags/example_branch_labels.py
[2021-10-24 03:16:59,756] {scheduler_job.py:633} INFO - Processing file /home/airflow/sandbox/lib/python3.8/site-packages/airflow/example_dags/example_branch_labels.py for tasks to queue
[2021-10-24 03:16:59,757] {logging_mixin.py:104} INFO - [2021-10-24 03:16:59,757] {dagbag.py:487} INFO - Filling up the DagBag from /home/airflow/sandbox/lib/python3.8/site-packages/airflow/example_dags/example_branch_labels.py
[2021-10-24 03:16:59,773] {scheduler_job.py:643} INFO - DAG(s) dict_keys(['example_branch_labels']) retrieved from /home/airflow/sandbox/lib/python3.8/site-packages/airflow/example_dags/example_branch_labels.py
[2021-10-24 03:16:59,791] {logging_mixin.py:104} INFO - [2021-10-24 03:16:59,791] {dag.py:1832} INFO - Sync 1 DAGs
[2021-10-24 03:16:59,811] {logging_mixin.py:104} INFO - [2021-10-24 03:16:59,811] {dag.py:2305} INFO - Setting next_dagrun for example_branch_labels to 2021-10-22 00:00:00+00:00
[2021-10-24 03:16:59,832] {scheduler_job.py:190} INFO - Processing /home/airflow/sandbox/lib/python3.8/site-packages/airflow/example_dags/example_branch_labels.py took 0.082 seconds
[2021-10-24 03:18:00,712] {scheduler_job.py:182} INFO - Started process (PID=7679) to work on /home/airflow/sandbox/lib/python3.8/site-packages/airflow/example_dags/example_branch_labels.py
[2021-10-24 03:18:00,714] {scheduler_job.py:633} INFO - Processing file /home/airflow/sandbox/lib/python3.8/site-packages/airflow/example_dags/example_branch_labels.py for tasks to queue
[2021-10-24 03:18:00,715] {logging_mixin.py:104} INFO - [2021-10-24 03:18:00,715] {dagbag.py:487} INFO - Filling up the DagBag from /home/airflow/sandbox/lib/python3.8/site-packages/airflow/example_dags/example_branch_labels.py
[2021-10-24 03:18:00,734] {scheduler_job.py:643} INFO - DAG(s) dict_keys(['example_branch_labels']) retrieved from /home/airflow/sandbox/lib/python3.8/site-packages/airflow/example_dags/example_branch_labels.py
[2021-10-24 03:18:00,757] {logging_mixin.py:104} INFO - [2021-10-24 03:18:00,757] {dag.py:1832} INFO - Sync 1 DAGs
[2021-10-24 03:18:00,778] {logging_mixin.py:104} INFO - [2021-10-24 03:18:00,778] {dag.py:2305} INFO - Setting next_dagrun for example_branch_labels to 2021-10-22 00:00:00+00:00
[2021-10-24 03:18:00,799] {scheduler_job.py:190} INFO - Processing /home/airflow/sandbox/lib/python3.8/site-packages/airflow/example_dags/example_branch_labels.py took 0.098 seconds
[2021-10-24 03:18:36,564] {scheduler_job.py:182} INFO - Started process (PID=7769) to work on /home/airflow/sandbox/lib/python3.8/site-packages/airflow/example_dags/example_branch_labels.py
[2021-10-24 03:18:36,564] {scheduler_job.py:633} INFO - Processing file /home/airflow/sandbox/lib/python3.8/site-packages/airflow/example_dags/example_branch_labels.py for tasks to queue
[2021-10-24 03:18:36,565] {logging_mixin.py:104} INFO - [2021-10-24 03:18:36,565] {dagbag.py:487} INFO - Filling up the DagBag from /home/airflow/sandbox/lib/python3.8/site-packages/airflow/example_dags/example_branch_labels.py
[2021-10-24 03:18:36,576] {scheduler_job.py:643} INFO - DAG(s) dict_keys(['example_branch_labels']) retrieved from /home/airflow/sandbox/lib/python3.8/site-packages/airflow/example_dags/example_branch_labels.py
[2021-10-24 03:18:36,592] {logging_mixin.py:104} INFO - [2021-10-24 03:18:36,592] {dag.py:1832} INFO - Sync 1 DAGs
[2021-10-24 03:18:36,620] {logging_mixin.py:104} INFO - [2021-10-24 03:18:36,620] {dag.py:2305} INFO - Setting next_dagrun for example_branch_labels to 2021-10-22 00:00:00+00:00
[2021-10-24 03:18:36,642] {scheduler_job.py:190} INFO - Processing /home/airflow/sandbox/lib/python3.8/site-packages/airflow/example_dags/example_branch_labels.py took 0.082 seconds
[2021-10-24 03:19:10,790] {scheduler_job.py:182} INFO - Started process (PID=7846) to work on /home/airflow/sandbox/lib/python3.8/site-packages/airflow/example_dags/example_branch_labels.py
[2021-10-24 03:19:10,791] {scheduler_job.py:633} INFO - Processing file /home/airflow/sandbox/lib/python3.8/site-packages/airflow/example_dags/example_branch_labels.py for tasks to queue
[2021-10-24 03:19:10,793] {logging_mixin.py:104} INFO - [2021-10-24 03:19:10,793] {dagbag.py:487} INFO - Filling up the DagBag from /home/airflow/sandbox/lib/python3.8/site-packages/airflow/example_dags/example_branch_labels.py
[2021-10-24 03:19:10,824] {scheduler_job.py:643} INFO - DAG(s) dict_keys(['example_branch_labels']) retrieved from /home/airflow/sandbox/lib/python3.8/site-packages/airflow/example_dags/example_branch_labels.py
[2021-10-24 03:19:10,847] {logging_mixin.py:104} INFO - [2021-10-24 03:19:10,847] {dag.py:1832} INFO - Sync 1 DAGs
[2021-10-24 03:19:10,870] {logging_mixin.py:104} INFO - [2021-10-24 03:19:10,869] {dag.py:2305} INFO - Setting next_dagrun for example_branch_labels to 2021-10-22 00:00:00+00:00
[2021-10-24 03:19:10,891] {scheduler_job.py:190} INFO - Processing /home/airflow/sandbox/lib/python3.8/site-packages/airflow/example_dags/example_branch_labels.py took 0.106 seconds
[2021-10-24 03:19:48,946] {scheduler_job.py:182} INFO - Started process (PID=7878) to work on /home/airflow/sandbox/lib/python3.8/site-packages/airflow/example_dags/example_branch_labels.py
[2021-10-24 03:19:48,948] {scheduler_job.py:633} INFO - Processing file /home/airflow/sandbox/lib/python3.8/site-packages/airflow/example_dags/example_branch_labels.py for tasks to queue
[2021-10-24 03:19:48,949] {logging_mixin.py:104} INFO - [2021-10-24 03:19:48,949] {dagbag.py:487} INFO - Filling up the DagBag from /home/airflow/sandbox/lib/python3.8/site-packages/airflow/example_dags/example_branch_labels.py
[2021-10-24 03:19:48,966] {scheduler_job.py:643} INFO - DAG(s) dict_keys(['example_branch_labels']) retrieved from /home/airflow/sandbox/lib/python3.8/site-packages/airflow/example_dags/example_branch_labels.py
[2021-10-24 03:19:48,988] {logging_mixin.py:104} INFO - [2021-10-24 03:19:48,987] {dag.py:1832} INFO - Sync 1 DAGs
[2021-10-24 03:19:49,007] {logging_mixin.py:104} INFO - [2021-10-24 03:19:49,007] {dag.py:2305} INFO - Setting next_dagrun for example_branch_labels to 2021-10-22 00:00:00+00:00
[2021-10-24 03:19:49,029] {scheduler_job.py:190} INFO - Processing /home/airflow/sandbox/lib/python3.8/site-packages/airflow/example_dags/example_branch_labels.py took 0.088 seconds
[2021-10-24 03:20:24,754] {scheduler_job.py:182} INFO - Started process (PID=7909) to work on /home/airflow/sandbox/lib/python3.8/site-packages/airflow/example_dags/example_branch_labels.py
[2021-10-24 03:20:24,756] {scheduler_job.py:633} INFO - Processing file /home/airflow/sandbox/lib/python3.8/site-packages/airflow/example_dags/example_branch_labels.py for tasks to queue
[2021-10-24 03:20:24,757] {logging_mixin.py:104} INFO - [2021-10-24 03:20:24,757] {dagbag.py:487} INFO - Filling up the DagBag from /home/airflow/sandbox/lib/python3.8/site-packages/airflow/example_dags/example_branch_labels.py
[2021-10-24 03:20:24,774] {scheduler_job.py:643} INFO - DAG(s) dict_keys(['example_branch_labels']) retrieved from /home/airflow/sandbox/lib/python3.8/site-packages/airflow/example_dags/example_branch_labels.py
[2021-10-24 03:20:24,793] {logging_mixin.py:104} INFO - [2021-10-24 03:20:24,793] {dag.py:1832} INFO - Sync 1 DAGs
[2021-10-24 03:20:24,814] {logging_mixin.py:104} INFO - [2021-10-24 03:20:24,814] {dag.py:2305} INFO - Setting next_dagrun for example_branch_labels to 2021-10-22 00:00:00+00:00
[2021-10-24 03:20:24,836] {scheduler_job.py:190} INFO - Processing /home/airflow/sandbox/lib/python3.8/site-packages/airflow/example_dags/example_branch_labels.py took 0.086 seconds
[2021-10-24 03:21:00,050] {scheduler_job.py:182} INFO - Started process (PID=7940) to work on /home/airflow/sandbox/lib/python3.8/site-packages/airflow/example_dags/example_branch_labels.py
[2021-10-24 03:21:00,052] {scheduler_job.py:633} INFO - Processing file /home/airflow/sandbox/lib/python3.8/site-packages/airflow/example_dags/example_branch_labels.py for tasks to queue
[2021-10-24 03:21:00,053] {logging_mixin.py:104} INFO - [2021-10-24 03:21:00,053] {dagbag.py:487} INFO - Filling up the DagBag from /home/airflow/sandbox/lib/python3.8/site-packages/airflow/example_dags/example_branch_labels.py
[2021-10-24 03:21:00,069] {scheduler_job.py:643} INFO - DAG(s) dict_keys(['example_branch_labels']) retrieved from /home/airflow/sandbox/lib/python3.8/site-packages/airflow/example_dags/example_branch_labels.py
[2021-10-24 03:21:00,091] {logging_mixin.py:104} INFO - [2021-10-24 03:21:00,091] {dag.py:1832} INFO - Sync 1 DAGs
[2021-10-24 03:21:00,109] {logging_mixin.py:104} INFO - [2021-10-24 03:21:00,109] {dag.py:2305} INFO - Setting next_dagrun for example_branch_labels to 2021-10-22 00:00:00+00:00
[2021-10-24 03:21:00,131] {scheduler_job.py:190} INFO - Processing /home/airflow/sandbox/lib/python3.8/site-packages/airflow/example_dags/example_branch_labels.py took 0.085 seconds
[2021-10-24 03:21:35,651] {scheduler_job.py:182} INFO - Started process (PID=8032) to work on /home/airflow/sandbox/lib/python3.8/site-packages/airflow/example_dags/example_branch_labels.py
[2021-10-24 03:21:35,652] {scheduler_job.py:633} INFO - Processing file /home/airflow/sandbox/lib/python3.8/site-packages/airflow/example_dags/example_branch_labels.py for tasks to queue
[2021-10-24 03:21:35,653] {logging_mixin.py:104} INFO - [2021-10-24 03:21:35,653] {dagbag.py:487} INFO - Filling up the DagBag from /home/airflow/sandbox/lib/python3.8/site-packages/airflow/example_dags/example_branch_labels.py
[2021-10-24 03:21:35,672] {scheduler_job.py:643} INFO - DAG(s) dict_keys(['example_branch_labels']) retrieved from /home/airflow/sandbox/lib/python3.8/site-packages/airflow/example_dags/example_branch_labels.py
[2021-10-24 03:21:35,691] {logging_mixin.py:104} INFO - [2021-10-24 03:21:35,691] {dag.py:1832} INFO - Sync 1 DAGs
[2021-10-24 03:21:35,715] {logging_mixin.py:104} INFO - [2021-10-24 03:21:35,714] {dag.py:2305} INFO - Setting next_dagrun for example_branch_labels to 2021-10-22 00:00:00+00:00
[2021-10-24 03:21:35,735] {scheduler_job.py:190} INFO - Processing /home/airflow/sandbox/lib/python3.8/site-packages/airflow/example_dags/example_branch_labels.py took 0.090 seconds
[2021-10-24 03:22:15,782] {scheduler_job.py:182} INFO - Started process (PID=8067) to work on /home/airflow/sandbox/lib/python3.8/site-packages/airflow/example_dags/example_branch_labels.py
[2021-10-24 03:22:15,783] {scheduler_job.py:633} INFO - Processing file /home/airflow/sandbox/lib/python3.8/site-packages/airflow/example_dags/example_branch_labels.py for tasks to queue
[2021-10-24 03:22:15,784] {logging_mixin.py:104} INFO - [2021-10-24 03:22:15,784] {dagbag.py:487} INFO - Filling up the DagBag from /home/airflow/sandbox/lib/python3.8/site-packages/airflow/example_dags/example_branch_labels.py
[2021-10-24 03:22:15,804] {scheduler_job.py:643} INFO - DAG(s) dict_keys(['example_branch_labels']) retrieved from /home/airflow/sandbox/lib/python3.8/site-packages/airflow/example_dags/example_branch_labels.py
[2021-10-24 03:22:15,828] {logging_mixin.py:104} INFO - [2021-10-24 03:22:15,827] {dag.py:1832} INFO - Sync 1 DAGs
[2021-10-24 03:22:15,850] {logging_mixin.py:104} INFO - [2021-10-24 03:22:15,850] {dag.py:2305} INFO - Setting next_dagrun for example_branch_labels to 2021-10-22 00:00:00+00:00
[2021-10-24 03:22:15,869] {scheduler_job.py:190} INFO - Processing /home/airflow/sandbox/lib/python3.8/site-packages/airflow/example_dags/example_branch_labels.py took 0.091 seconds
[2021-10-24 03:22:52,580] {scheduler_job.py:182} INFO - Started process (PID=8098) to work on /home/airflow/sandbox/lib/python3.8/site-packages/airflow/example_dags/example_branch_labels.py
[2021-10-24 03:22:52,581] {scheduler_job.py:633} INFO - Processing file /home/airflow/sandbox/lib/python3.8/site-packages/airflow/example_dags/example_branch_labels.py for tasks to queue
[2021-10-24 03:22:52,582] {logging_mixin.py:104} INFO - [2021-10-24 03:22:52,581] {dagbag.py:487} INFO - Filling up the DagBag from /home/airflow/sandbox/lib/python3.8/site-packages/airflow/example_dags/example_branch_labels.py
[2021-10-24 03:22:52,599] {scheduler_job.py:643} INFO - DAG(s) dict_keys(['example_branch_labels']) retrieved from /home/airflow/sandbox/lib/python3.8/site-packages/airflow/example_dags/example_branch_labels.py
[2021-10-24 03:22:52,622] {logging_mixin.py:104} INFO - [2021-10-24 03:22:52,622] {dag.py:1832} INFO - Sync 1 DAGs
[2021-10-24 03:22:52,645] {logging_mixin.py:104} INFO - [2021-10-24 03:22:52,645] {dag.py:2305} INFO - Setting next_dagrun for example_branch_labels to 2021-10-22 00:00:00+00:00
[2021-10-24 03:22:52,668] {scheduler_job.py:190} INFO - Processing /home/airflow/sandbox/lib/python3.8/site-packages/airflow/example_dags/example_branch_labels.py took 0.093 seconds
[2021-10-24 03:23:26,741] {scheduler_job.py:182} INFO - Started process (PID=8172) to work on /home/airflow/sandbox/lib/python3.8/site-packages/airflow/example_dags/example_branch_labels.py
[2021-10-24 03:23:26,743] {scheduler_job.py:633} INFO - Processing file /home/airflow/sandbox/lib/python3.8/site-packages/airflow/example_dags/example_branch_labels.py for tasks to queue
[2021-10-24 03:23:26,744] {logging_mixin.py:104} INFO - [2021-10-24 03:23:26,744] {dagbag.py:487} INFO - Filling up the DagBag from /home/airflow/sandbox/lib/python3.8/site-packages/airflow/example_dags/example_branch_labels.py
[2021-10-24 03:23:26,763] {scheduler_job.py:643} INFO - DAG(s) dict_keys(['example_branch_labels']) retrieved from /home/airflow/sandbox/lib/python3.8/site-packages/airflow/example_dags/example_branch_labels.py
[2021-10-24 03:23:26,785] {logging_mixin.py:104} INFO - [2021-10-24 03:23:26,785] {dag.py:1832} INFO - Sync 1 DAGs
[2021-10-24 03:23:26,807] {logging_mixin.py:104} INFO - [2021-10-24 03:23:26,807] {dag.py:2305} INFO - Setting next_dagrun for example_branch_labels to 2021-10-22 00:00:00+00:00
[2021-10-24 03:23:26,827] {scheduler_job.py:190} INFO - Processing /home/airflow/sandbox/lib/python3.8/site-packages/airflow/example_dags/example_branch_labels.py took 0.091 seconds
[2021-10-24 03:24:01,923] {scheduler_job.py:182} INFO - Started process (PID=8204) to work on /home/airflow/sandbox/lib/python3.8/site-packages/airflow/example_dags/example_branch_labels.py
[2021-10-24 03:24:01,925] {scheduler_job.py:633} INFO - Processing file /home/airflow/sandbox/lib/python3.8/site-packages/airflow/example_dags/example_branch_labels.py for tasks to queue
[2021-10-24 03:24:01,926] {logging_mixin.py:104} INFO - [2021-10-24 03:24:01,926] {dagbag.py:487} INFO - Filling up the DagBag from /home/airflow/sandbox/lib/python3.8/site-packages/airflow/example_dags/example_branch_labels.py
[2021-10-24 03:24:01,943] {scheduler_job.py:643} INFO - DAG(s) dict_keys(['example_branch_labels']) retrieved from /home/airflow/sandbox/lib/python3.8/site-packages/airflow/example_dags/example_branch_labels.py
[2021-10-24 03:24:01,966] {logging_mixin.py:104} INFO - [2021-10-24 03:24:01,965] {dag.py:1832} INFO - Sync 1 DAGs
[2021-10-24 03:24:01,986] {logging_mixin.py:104} INFO - [2021-10-24 03:24:01,986] {dag.py:2305} INFO - Setting next_dagrun for example_branch_labels to 2021-10-22 00:00:00+00:00
[2021-10-24 03:24:02,008] {scheduler_job.py:190} INFO - Processing /home/airflow/sandbox/lib/python3.8/site-packages/airflow/example_dags/example_branch_labels.py took 0.088 seconds
[2021-10-24 03:24:44,660] {scheduler_job.py:182} INFO - Started process (PID=8241) to work on /home/airflow/sandbox/lib/python3.8/site-packages/airflow/example_dags/example_branch_labels.py
[2021-10-24 03:24:44,661] {scheduler_job.py:633} INFO - Processing file /home/airflow/sandbox/lib/python3.8/site-packages/airflow/example_dags/example_branch_labels.py for tasks to queue
[2021-10-24 03:24:44,663] {logging_mixin.py:104} INFO - [2021-10-24 03:24:44,662] {dagbag.py:487} INFO - Filling up the DagBag from /home/airflow/sandbox/lib/python3.8/site-packages/airflow/example_dags/example_branch_labels.py
[2021-10-24 03:24:44,688] {scheduler_job.py:643} INFO - DAG(s) dict_keys(['example_branch_labels']) retrieved from /home/airflow/sandbox/lib/python3.8/site-packages/airflow/example_dags/example_branch_labels.py
[2021-10-24 03:24:44,710] {logging_mixin.py:104} INFO - [2021-10-24 03:24:44,710] {dag.py:1832} INFO - Sync 1 DAGs
[2021-10-24 03:24:44,732] {logging_mixin.py:104} INFO - [2021-10-24 03:24:44,732] {dag.py:2305} INFO - Setting next_dagrun for example_branch_labels to 2021-10-22 00:00:00+00:00
[2021-10-24 03:24:44,752] {scheduler_job.py:190} INFO - Processing /home/airflow/sandbox/lib/python3.8/site-packages/airflow/example_dags/example_branch_labels.py took 0.097 seconds
[2021-10-24 03:25:24,343] {scheduler_job.py:182} INFO - Started process (PID=8275) to work on /home/airflow/sandbox/lib/python3.8/site-packages/airflow/example_dags/example_branch_labels.py
[2021-10-24 03:25:24,346] {scheduler_job.py:633} INFO - Processing file /home/airflow/sandbox/lib/python3.8/site-packages/airflow/example_dags/example_branch_labels.py for tasks to queue
[2021-10-24 03:25:24,347] {logging_mixin.py:104} INFO - [2021-10-24 03:25:24,347] {dagbag.py:487} INFO - Filling up the DagBag from /home/airflow/sandbox/lib/python3.8/site-packages/airflow/example_dags/example_branch_labels.py
[2021-10-24 03:25:24,359] {scheduler_job.py:643} INFO - DAG(s) dict_keys(['example_branch_labels']) retrieved from /home/airflow/sandbox/lib/python3.8/site-packages/airflow/example_dags/example_branch_labels.py
[2021-10-24 03:25:24,382] {logging_mixin.py:104} INFO - [2021-10-24 03:25:24,382] {dag.py:1832} INFO - Sync 1 DAGs
[2021-10-24 03:25:24,400] {logging_mixin.py:104} INFO - [2021-10-24 03:25:24,399] {dag.py:2305} INFO - Setting next_dagrun for example_branch_labels to 2021-10-22 00:00:00+00:00
[2021-10-24 03:25:24,423] {scheduler_job.py:190} INFO - Processing /home/airflow/sandbox/lib/python3.8/site-packages/airflow/example_dags/example_branch_labels.py took 0.085 seconds
[2021-10-24 03:26:02,387] {scheduler_job.py:182} INFO - Started process (PID=8307) to work on /home/airflow/sandbox/lib/python3.8/site-packages/airflow/example_dags/example_branch_labels.py
[2021-10-24 03:26:02,388] {scheduler_job.py:633} INFO - Processing file /home/airflow/sandbox/lib/python3.8/site-packages/airflow/example_dags/example_branch_labels.py for tasks to queue
[2021-10-24 03:26:02,390] {logging_mixin.py:104} INFO - [2021-10-24 03:26:02,390] {dagbag.py:487} INFO - Filling up the DagBag from /home/airflow/sandbox/lib/python3.8/site-packages/airflow/example_dags/example_branch_labels.py
[2021-10-24 03:26:02,407] {scheduler_job.py:643} INFO - DAG(s) dict_keys(['example_branch_labels']) retrieved from /home/airflow/sandbox/lib/python3.8/site-packages/airflow/example_dags/example_branch_labels.py
[2021-10-24 03:26:02,430] {logging_mixin.py:104} INFO - [2021-10-24 03:26:02,429] {dag.py:1832} INFO - Sync 1 DAGs
[2021-10-24 03:26:02,455] {logging_mixin.py:104} INFO - [2021-10-24 03:26:02,454] {dag.py:2305} INFO - Setting next_dagrun for example_branch_labels to 2021-10-22 00:00:00+00:00
[2021-10-24 03:26:02,475] {scheduler_job.py:190} INFO - Processing /home/airflow/sandbox/lib/python3.8/site-packages/airflow/example_dags/example_branch_labels.py took 0.090 seconds
[2021-10-24 03:26:40,195] {scheduler_job.py:182} INFO - Started process (PID=8339) to work on /home/airflow/sandbox/lib/python3.8/site-packages/airflow/example_dags/example_branch_labels.py
[2021-10-24 03:26:40,197] {scheduler_job.py:633} INFO - Processing file /home/airflow/sandbox/lib/python3.8/site-packages/airflow/example_dags/example_branch_labels.py for tasks to queue
[2021-10-24 03:26:40,198] {logging_mixin.py:104} INFO - [2021-10-24 03:26:40,198] {dagbag.py:487} INFO - Filling up the DagBag from /home/airflow/sandbox/lib/python3.8/site-packages/airflow/example_dags/example_branch_labels.py
[2021-10-24 03:26:40,215] {scheduler_job.py:643} INFO - DAG(s) dict_keys(['example_branch_labels']) retrieved from /home/airflow/sandbox/lib/python3.8/site-packages/airflow/example_dags/example_branch_labels.py
[2021-10-24 03:26:40,238] {logging_mixin.py:104} INFO - [2021-10-24 03:26:40,238] {dag.py:1832} INFO - Sync 1 DAGs
[2021-10-24 03:26:40,261] {logging_mixin.py:104} INFO - [2021-10-24 03:26:40,260] {dag.py:2305} INFO - Setting next_dagrun for example_branch_labels to 2021-10-22 00:00:00+00:00
[2021-10-24 03:26:40,273] {scheduler_job.py:190} INFO - Processing /home/airflow/sandbox/lib/python3.8/site-packages/airflow/example_dags/example_branch_labels.py took 0.084 seconds
[2021-10-24 03:27:20,678] {scheduler_job.py:182} INFO - Started process (PID=8373) to work on /home/airflow/sandbox/lib/python3.8/site-packages/airflow/example_dags/example_branch_labels.py
[2021-10-24 03:27:20,680] {scheduler_job.py:633} INFO - Processing file /home/airflow/sandbox/lib/python3.8/site-packages/airflow/example_dags/example_branch_labels.py for tasks to queue
[2021-10-24 03:27:20,681] {logging_mixin.py:104} INFO - [2021-10-24 03:27:20,681] {dagbag.py:487} INFO - Filling up the DagBag from /home/airflow/sandbox/lib/python3.8/site-packages/airflow/example_dags/example_branch_labels.py
[2021-10-24 03:27:20,701] {scheduler_job.py:643} INFO - DAG(s) dict_keys(['example_branch_labels']) retrieved from /home/airflow/sandbox/lib/python3.8/site-packages/airflow/example_dags/example_branch_labels.py
[2021-10-24 03:27:20,725] {logging_mixin.py:104} INFO - [2021-10-24 03:27:20,725] {dag.py:1832} INFO - Sync 1 DAGs
[2021-10-24 03:27:20,753] {logging_mixin.py:104} INFO - [2021-10-24 03:27:20,753] {dag.py:2305} INFO - Setting next_dagrun for example_branch_labels to 2021-10-22 00:00:00+00:00
[2021-10-24 03:27:20,772] {scheduler_job.py:190} INFO - Processing /home/airflow/sandbox/lib/python3.8/site-packages/airflow/example_dags/example_branch_labels.py took 0.099 seconds
[2021-10-24 03:27:58,661] {scheduler_job.py:182} INFO - Started process (PID=8407) to work on /home/airflow/sandbox/lib/python3.8/site-packages/airflow/example_dags/example_branch_labels.py
[2021-10-24 03:27:58,662] {scheduler_job.py:633} INFO - Processing file /home/airflow/sandbox/lib/python3.8/site-packages/airflow/example_dags/example_branch_labels.py for tasks to queue
[2021-10-24 03:27:58,662] {logging_mixin.py:104} INFO - [2021-10-24 03:27:58,662] {dagbag.py:487} INFO - Filling up the DagBag from /home/airflow/sandbox/lib/python3.8/site-packages/airflow/example_dags/example_branch_labels.py
[2021-10-24 03:27:58,672] {scheduler_job.py:643} INFO - DAG(s) dict_keys(['example_branch_labels']) retrieved from /home/airflow/sandbox/lib/python3.8/site-packages/airflow/example_dags/example_branch_labels.py
[2021-10-24 03:27:58,696] {logging_mixin.py:104} INFO - [2021-10-24 03:27:58,696] {dag.py:1832} INFO - Sync 1 DAGs
[2021-10-24 03:27:58,721] {logging_mixin.py:104} INFO - [2021-10-24 03:27:58,721] {dag.py:2305} INFO - Setting next_dagrun for example_branch_labels to 2021-10-22 00:00:00+00:00
[2021-10-24 03:27:58,743] {scheduler_job.py:190} INFO - Processing /home/airflow/sandbox/lib/python3.8/site-packages/airflow/example_dags/example_branch_labels.py took 0.085 seconds
[2021-10-24 03:28:37,934] {scheduler_job.py:182} INFO - Started process (PID=8499) to work on /home/airflow/sandbox/lib/python3.8/site-packages/airflow/example_dags/example_branch_labels.py
[2021-10-24 03:28:37,936] {scheduler_job.py:633} INFO - Processing file /home/airflow/sandbox/lib/python3.8/site-packages/airflow/example_dags/example_branch_labels.py for tasks to queue
[2021-10-24 03:28:37,937] {logging_mixin.py:104} INFO - [2021-10-24 03:28:37,936] {dagbag.py:487} INFO - Filling up the DagBag from /home/airflow/sandbox/lib/python3.8/site-packages/airflow/example_dags/example_branch_labels.py
[2021-10-24 03:28:37,954] {scheduler_job.py:643} INFO - DAG(s) dict_keys(['example_branch_labels']) retrieved from /home/airflow/sandbox/lib/python3.8/site-packages/airflow/example_dags/example_branch_labels.py
[2021-10-24 03:28:37,975] {logging_mixin.py:104} INFO - [2021-10-24 03:28:37,974] {dag.py:1832} INFO - Sync 1 DAGs
[2021-10-24 03:28:38,000] {logging_mixin.py:104} INFO - [2021-10-24 03:28:38,000] {dag.py:2305} INFO - Setting next_dagrun for example_branch_labels to 2021-10-22 00:00:00+00:00
[2021-10-24 03:28:38,015] {scheduler_job.py:190} INFO - Processing /home/airflow/sandbox/lib/python3.8/site-packages/airflow/example_dags/example_branch_labels.py took 0.086 seconds
[2021-10-24 03:29:13,009] {scheduler_job.py:182} INFO - Started process (PID=8665) to work on /home/airflow/sandbox/lib/python3.8/site-packages/airflow/example_dags/example_branch_labels.py
[2021-10-24 03:29:13,010] {scheduler_job.py:633} INFO - Processing file /home/airflow/sandbox/lib/python3.8/site-packages/airflow/example_dags/example_branch_labels.py for tasks to queue
[2021-10-24 03:29:13,011] {logging_mixin.py:104} INFO - [2021-10-24 03:29:13,011] {dagbag.py:487} INFO - Filling up the DagBag from /home/airflow/sandbox/lib/python3.8/site-packages/airflow/example_dags/example_branch_labels.py
[2021-10-24 03:29:13,030] {scheduler_job.py:643} INFO - DAG(s) dict_keys(['example_branch_labels']) retrieved from /home/airflow/sandbox/lib/python3.8/site-packages/airflow/example_dags/example_branch_labels.py
[2021-10-24 03:29:13,068] {logging_mixin.py:104} INFO - [2021-10-24 03:29:13,068] {dag.py:1832} INFO - Sync 1 DAGs
[2021-10-24 03:29:13,112] {logging_mixin.py:104} INFO - [2021-10-24 03:29:13,111] {dag.py:2305} INFO - Setting next_dagrun for example_branch_labels to 2021-10-22 00:00:00+00:00
[2021-10-24 03:29:13,139] {scheduler_job.py:190} INFO - Processing /home/airflow/sandbox/lib/python3.8/site-packages/airflow/example_dags/example_branch_labels.py took 0.135 seconds
[2021-10-24 03:29:49,377] {scheduler_job.py:182} INFO - Started process (PID=8846) to work on /home/airflow/sandbox/lib/python3.8/site-packages/airflow/example_dags/example_branch_labels.py
[2021-10-24 03:29:49,378] {scheduler_job.py:633} INFO - Processing file /home/airflow/sandbox/lib/python3.8/site-packages/airflow/example_dags/example_branch_labels.py for tasks to queue
[2021-10-24 03:29:49,378] {logging_mixin.py:104} INFO - [2021-10-24 03:29:49,378] {dagbag.py:487} INFO - Filling up the DagBag from /home/airflow/sandbox/lib/python3.8/site-packages/airflow/example_dags/example_branch_labels.py
[2021-10-24 03:29:49,391] {scheduler_job.py:643} INFO - DAG(s) dict_keys(['example_branch_labels']) retrieved from /home/airflow/sandbox/lib/python3.8/site-packages/airflow/example_dags/example_branch_labels.py
[2021-10-24 03:29:49,413] {logging_mixin.py:104} INFO - [2021-10-24 03:29:49,413] {dag.py:1832} INFO - Sync 1 DAGs
[2021-10-24 03:29:49,433] {logging_mixin.py:104} INFO - [2021-10-24 03:29:49,433] {dag.py:2305} INFO - Setting next_dagrun for example_branch_labels to 2021-10-22 00:00:00+00:00
[2021-10-24 03:29:49,453] {scheduler_job.py:190} INFO - Processing /home/airflow/sandbox/lib/python3.8/site-packages/airflow/example_dags/example_branch_labels.py took 0.079 seconds
[2021-10-24 06:05:33,550] {scheduler_job.py:182} INFO - Started process (PID=9191) to work on /home/airflow/sandbox/lib/python3.8/site-packages/airflow/example_dags/example_branch_labels.py
[2021-10-24 06:05:33,552] {scheduler_job.py:633} INFO - Processing file /home/airflow/sandbox/lib/python3.8/site-packages/airflow/example_dags/example_branch_labels.py for tasks to queue
[2021-10-24 06:05:33,552] {logging_mixin.py:104} INFO - [2021-10-24 06:05:33,552] {dagbag.py:487} INFO - Filling up the DagBag from /home/airflow/sandbox/lib/python3.8/site-packages/airflow/example_dags/example_branch_labels.py
[2021-10-24 06:05:33,572] {scheduler_job.py:643} INFO - DAG(s) dict_keys(['example_branch_labels']) retrieved from /home/airflow/sandbox/lib/python3.8/site-packages/airflow/example_dags/example_branch_labels.py
[2021-10-24 06:05:33,594] {logging_mixin.py:104} INFO - [2021-10-24 06:05:33,594] {dag.py:1832} INFO - Sync 1 DAGs
[2021-10-24 06:05:33,618] {logging_mixin.py:104} INFO - [2021-10-24 06:05:33,618] {dag.py:2305} INFO - Setting next_dagrun for example_branch_labels to 2021-10-22 00:00:00+00:00
[2021-10-24 06:05:33,640] {scheduler_job.py:190} INFO - Processing /home/airflow/sandbox/lib/python3.8/site-packages/airflow/example_dags/example_branch_labels.py took 0.096 seconds
