[2021-10-24 03:08:17,059] {scheduler_job.py:182} INFO - Started process (PID=6215) to work on /home/airflow/sandbox/lib/python3.8/site-packages/airflow/example_dags/tutorial.py
[2021-10-24 03:08:17,060] {scheduler_job.py:633} INFO - Processing file /home/airflow/sandbox/lib/python3.8/site-packages/airflow/example_dags/tutorial.py for tasks to queue
[2021-10-24 03:08:17,061] {logging_mixin.py:104} INFO - [2021-10-24 03:08:17,061] {dagbag.py:487} INFO - Filling up the DagBag from /home/airflow/sandbox/lib/python3.8/site-packages/airflow/example_dags/tutorial.py
[2021-10-24 03:08:17,078] {scheduler_job.py:643} INFO - DAG(s) dict_keys(['tutorial']) retrieved from /home/airflow/sandbox/lib/python3.8/site-packages/airflow/example_dags/tutorial.py
[2021-10-24 03:08:17,098] {logging_mixin.py:104} INFO - [2021-10-24 03:08:17,097] {dag.py:1832} INFO - Sync 1 DAGs
[2021-10-24 03:08:17,113] {logging_mixin.py:104} INFO - [2021-10-24 03:08:17,113] {dag.py:2305} INFO - Setting next_dagrun for tutorial to 2021-10-22 00:00:00+00:00
[2021-10-24 03:08:17,132] {scheduler_job.py:190} INFO - Processing /home/airflow/sandbox/lib/python3.8/site-packages/airflow/example_dags/tutorial.py took 0.079 seconds
[2021-10-24 03:08:52,581] {scheduler_job.py:182} INFO - Started process (PID=6337) to work on /home/airflow/sandbox/lib/python3.8/site-packages/airflow/example_dags/tutorial.py
[2021-10-24 03:08:52,582] {scheduler_job.py:633} INFO - Processing file /home/airflow/sandbox/lib/python3.8/site-packages/airflow/example_dags/tutorial.py for tasks to queue
[2021-10-24 03:08:52,582] {logging_mixin.py:104} INFO - [2021-10-24 03:08:52,582] {dagbag.py:487} INFO - Filling up the DagBag from /home/airflow/sandbox/lib/python3.8/site-packages/airflow/example_dags/tutorial.py
[2021-10-24 03:08:52,598] {scheduler_job.py:643} INFO - DAG(s) dict_keys(['tutorial']) retrieved from /home/airflow/sandbox/lib/python3.8/site-packages/airflow/example_dags/tutorial.py
[2021-10-24 03:08:52,619] {logging_mixin.py:104} INFO - [2021-10-24 03:08:52,619] {dag.py:1832} INFO - Sync 1 DAGs
[2021-10-24 03:08:52,637] {logging_mixin.py:104} INFO - [2021-10-24 03:08:52,637] {dag.py:2305} INFO - Setting next_dagrun for tutorial to 2021-10-22 00:00:00+00:00
[2021-10-24 03:08:52,660] {scheduler_job.py:190} INFO - Processing /home/airflow/sandbox/lib/python3.8/site-packages/airflow/example_dags/tutorial.py took 0.084 seconds
[2021-10-24 03:09:29,222] {scheduler_job.py:182} INFO - Started process (PID=6368) to work on /home/airflow/sandbox/lib/python3.8/site-packages/airflow/example_dags/tutorial.py
[2021-10-24 03:09:29,223] {scheduler_job.py:633} INFO - Processing file /home/airflow/sandbox/lib/python3.8/site-packages/airflow/example_dags/tutorial.py for tasks to queue
[2021-10-24 03:09:29,224] {logging_mixin.py:104} INFO - [2021-10-24 03:09:29,224] {dagbag.py:487} INFO - Filling up the DagBag from /home/airflow/sandbox/lib/python3.8/site-packages/airflow/example_dags/tutorial.py
[2021-10-24 03:09:29,241] {scheduler_job.py:643} INFO - DAG(s) dict_keys(['tutorial']) retrieved from /home/airflow/sandbox/lib/python3.8/site-packages/airflow/example_dags/tutorial.py
[2021-10-24 03:09:29,261] {logging_mixin.py:104} INFO - [2021-10-24 03:09:29,261] {dag.py:1832} INFO - Sync 1 DAGs
[2021-10-24 03:09:29,278] {logging_mixin.py:104} INFO - [2021-10-24 03:09:29,278] {dag.py:2305} INFO - Setting next_dagrun for tutorial to 2021-10-22 00:00:00+00:00
[2021-10-24 03:09:29,299] {scheduler_job.py:190} INFO - Processing /home/airflow/sandbox/lib/python3.8/site-packages/airflow/example_dags/tutorial.py took 0.082 seconds
[2021-10-24 03:10:02,994] {scheduler_job.py:182} INFO - Started process (PID=6410) to work on /home/airflow/sandbox/lib/python3.8/site-packages/airflow/example_dags/tutorial.py
[2021-10-24 03:10:02,996] {scheduler_job.py:633} INFO - Processing file /home/airflow/sandbox/lib/python3.8/site-packages/airflow/example_dags/tutorial.py for tasks to queue
[2021-10-24 03:10:02,997] {logging_mixin.py:104} INFO - [2021-10-24 03:10:02,997] {dagbag.py:487} INFO - Filling up the DagBag from /home/airflow/sandbox/lib/python3.8/site-packages/airflow/example_dags/tutorial.py
[2021-10-24 03:10:03,015] {scheduler_job.py:643} INFO - DAG(s) dict_keys(['tutorial']) retrieved from /home/airflow/sandbox/lib/python3.8/site-packages/airflow/example_dags/tutorial.py
[2021-10-24 03:10:03,037] {logging_mixin.py:104} INFO - [2021-10-24 03:10:03,037] {dag.py:1832} INFO - Sync 1 DAGs
[2021-10-24 03:10:03,053] {logging_mixin.py:104} INFO - [2021-10-24 03:10:03,053] {dag.py:2305} INFO - Setting next_dagrun for tutorial to 2021-10-22 00:00:00+00:00
[2021-10-24 03:10:03,074] {scheduler_job.py:190} INFO - Processing /home/airflow/sandbox/lib/python3.8/site-packages/airflow/example_dags/tutorial.py took 0.085 seconds
[2021-10-24 03:10:38,687] {scheduler_job.py:182} INFO - Started process (PID=6501) to work on /home/airflow/sandbox/lib/python3.8/site-packages/airflow/example_dags/tutorial.py
[2021-10-24 03:10:38,688] {scheduler_job.py:633} INFO - Processing file /home/airflow/sandbox/lib/python3.8/site-packages/airflow/example_dags/tutorial.py for tasks to queue
[2021-10-24 03:10:38,689] {logging_mixin.py:104} INFO - [2021-10-24 03:10:38,688] {dagbag.py:487} INFO - Filling up the DagBag from /home/airflow/sandbox/lib/python3.8/site-packages/airflow/example_dags/tutorial.py
[2021-10-24 03:10:38,705] {scheduler_job.py:643} INFO - DAG(s) dict_keys(['tutorial']) retrieved from /home/airflow/sandbox/lib/python3.8/site-packages/airflow/example_dags/tutorial.py
[2021-10-24 03:10:38,728] {logging_mixin.py:104} INFO - [2021-10-24 03:10:38,728] {dag.py:1832} INFO - Sync 1 DAGs
[2021-10-24 03:10:38,745] {logging_mixin.py:104} INFO - [2021-10-24 03:10:38,745] {dag.py:2305} INFO - Setting next_dagrun for tutorial to 2021-10-22 00:00:00+00:00
[2021-10-24 03:10:38,772] {scheduler_job.py:190} INFO - Processing /home/airflow/sandbox/lib/python3.8/site-packages/airflow/example_dags/tutorial.py took 0.090 seconds
[2021-10-24 03:11:15,518] {scheduler_job.py:182} INFO - Started process (PID=6615) to work on /home/airflow/sandbox/lib/python3.8/site-packages/airflow/example_dags/tutorial.py
[2021-10-24 03:11:15,519] {scheduler_job.py:633} INFO - Processing file /home/airflow/sandbox/lib/python3.8/site-packages/airflow/example_dags/tutorial.py for tasks to queue
[2021-10-24 03:11:15,520] {logging_mixin.py:104} INFO - [2021-10-24 03:11:15,520] {dagbag.py:487} INFO - Filling up the DagBag from /home/airflow/sandbox/lib/python3.8/site-packages/airflow/example_dags/tutorial.py
[2021-10-24 03:11:15,538] {scheduler_job.py:643} INFO - DAG(s) dict_keys(['tutorial']) retrieved from /home/airflow/sandbox/lib/python3.8/site-packages/airflow/example_dags/tutorial.py
[2021-10-24 03:11:15,558] {logging_mixin.py:104} INFO - [2021-10-24 03:11:15,558] {dag.py:1832} INFO - Sync 1 DAGs
[2021-10-24 03:11:15,575] {logging_mixin.py:104} INFO - [2021-10-24 03:11:15,575] {dag.py:2305} INFO - Setting next_dagrun for tutorial to 2021-10-22 00:00:00+00:00
[2021-10-24 03:11:15,597] {scheduler_job.py:190} INFO - Processing /home/airflow/sandbox/lib/python3.8/site-packages/airflow/example_dags/tutorial.py took 0.084 seconds
[2021-10-24 03:11:51,437] {scheduler_job.py:182} INFO - Started process (PID=6647) to work on /home/airflow/sandbox/lib/python3.8/site-packages/airflow/example_dags/tutorial.py
[2021-10-24 03:11:51,438] {scheduler_job.py:633} INFO - Processing file /home/airflow/sandbox/lib/python3.8/site-packages/airflow/example_dags/tutorial.py for tasks to queue
[2021-10-24 03:11:51,439] {logging_mixin.py:104} INFO - [2021-10-24 03:11:51,439] {dagbag.py:487} INFO - Filling up the DagBag from /home/airflow/sandbox/lib/python3.8/site-packages/airflow/example_dags/tutorial.py
[2021-10-24 03:11:51,453] {scheduler_job.py:643} INFO - DAG(s) dict_keys(['tutorial']) retrieved from /home/airflow/sandbox/lib/python3.8/site-packages/airflow/example_dags/tutorial.py
[2021-10-24 03:11:51,471] {logging_mixin.py:104} INFO - [2021-10-24 03:11:51,471] {dag.py:1832} INFO - Sync 1 DAGs
[2021-10-24 03:11:51,484] {logging_mixin.py:104} INFO - [2021-10-24 03:11:51,484] {dag.py:2305} INFO - Setting next_dagrun for tutorial to 2021-10-22 00:00:00+00:00
[2021-10-24 03:11:51,505] {scheduler_job.py:190} INFO - Processing /home/airflow/sandbox/lib/python3.8/site-packages/airflow/example_dags/tutorial.py took 0.071 seconds
[2021-10-24 03:12:26,324] {scheduler_job.py:182} INFO - Started process (PID=6704) to work on /home/airflow/sandbox/lib/python3.8/site-packages/airflow/example_dags/tutorial.py
[2021-10-24 03:12:26,325] {scheduler_job.py:633} INFO - Processing file /home/airflow/sandbox/lib/python3.8/site-packages/airflow/example_dags/tutorial.py for tasks to queue
[2021-10-24 03:12:26,325] {logging_mixin.py:104} INFO - [2021-10-24 03:12:26,325] {dagbag.py:487} INFO - Filling up the DagBag from /home/airflow/sandbox/lib/python3.8/site-packages/airflow/example_dags/tutorial.py
[2021-10-24 03:12:26,334] {scheduler_job.py:643} INFO - DAG(s) dict_keys(['tutorial']) retrieved from /home/airflow/sandbox/lib/python3.8/site-packages/airflow/example_dags/tutorial.py
[2021-10-24 03:12:26,367] {logging_mixin.py:104} INFO - [2021-10-24 03:12:26,367] {dag.py:1832} INFO - Sync 1 DAGs
[2021-10-24 03:12:26,378] {logging_mixin.py:104} INFO - [2021-10-24 03:12:26,378] {dag.py:2305} INFO - Setting next_dagrun for tutorial to 2021-10-22 00:00:00+00:00
[2021-10-24 03:12:26,402] {scheduler_job.py:190} INFO - Processing /home/airflow/sandbox/lib/python3.8/site-packages/airflow/example_dags/tutorial.py took 0.081 seconds
[2021-10-24 03:13:01,538] {scheduler_job.py:182} INFO - Started process (PID=6760) to work on /home/airflow/sandbox/lib/python3.8/site-packages/airflow/example_dags/tutorial.py
[2021-10-24 03:13:01,539] {scheduler_job.py:633} INFO - Processing file /home/airflow/sandbox/lib/python3.8/site-packages/airflow/example_dags/tutorial.py for tasks to queue
[2021-10-24 03:13:01,540] {logging_mixin.py:104} INFO - [2021-10-24 03:13:01,540] {dagbag.py:487} INFO - Filling up the DagBag from /home/airflow/sandbox/lib/python3.8/site-packages/airflow/example_dags/tutorial.py
[2021-10-24 03:13:01,558] {scheduler_job.py:643} INFO - DAG(s) dict_keys(['tutorial']) retrieved from /home/airflow/sandbox/lib/python3.8/site-packages/airflow/example_dags/tutorial.py
[2021-10-24 03:13:01,577] {logging_mixin.py:104} INFO - [2021-10-24 03:13:01,577] {dag.py:1832} INFO - Sync 1 DAGs
[2021-10-24 03:13:01,594] {logging_mixin.py:104} INFO - [2021-10-24 03:13:01,594] {dag.py:2305} INFO - Setting next_dagrun for tutorial to 2021-10-22 00:00:00+00:00
[2021-10-24 03:13:01,616] {scheduler_job.py:190} INFO - Processing /home/airflow/sandbox/lib/python3.8/site-packages/airflow/example_dags/tutorial.py took 0.082 seconds
[2021-10-24 03:13:34,494] {scheduler_job.py:182} INFO - Started process (PID=6834) to work on /home/airflow/sandbox/lib/python3.8/site-packages/airflow/example_dags/tutorial.py
[2021-10-24 03:13:34,495] {scheduler_job.py:633} INFO - Processing file /home/airflow/sandbox/lib/python3.8/site-packages/airflow/example_dags/tutorial.py for tasks to queue
[2021-10-24 03:13:34,495] {logging_mixin.py:104} INFO - [2021-10-24 03:13:34,495] {dagbag.py:487} INFO - Filling up the DagBag from /home/airflow/sandbox/lib/python3.8/site-packages/airflow/example_dags/tutorial.py
[2021-10-24 03:13:34,513] {scheduler_job.py:643} INFO - DAG(s) dict_keys(['tutorial']) retrieved from /home/airflow/sandbox/lib/python3.8/site-packages/airflow/example_dags/tutorial.py
[2021-10-24 03:13:34,530] {logging_mixin.py:104} INFO - [2021-10-24 03:13:34,530] {dag.py:1832} INFO - Sync 1 DAGs
[2021-10-24 03:13:34,546] {logging_mixin.py:104} INFO - [2021-10-24 03:13:34,546] {dag.py:2305} INFO - Setting next_dagrun for tutorial to 2021-10-22 00:00:00+00:00
[2021-10-24 03:13:34,568] {scheduler_job.py:190} INFO - Processing /home/airflow/sandbox/lib/python3.8/site-packages/airflow/example_dags/tutorial.py took 0.079 seconds
[2021-10-24 03:14:08,706] {scheduler_job.py:182} INFO - Started process (PID=6865) to work on /home/airflow/sandbox/lib/python3.8/site-packages/airflow/example_dags/tutorial.py
[2021-10-24 03:14:08,707] {scheduler_job.py:633} INFO - Processing file /home/airflow/sandbox/lib/python3.8/site-packages/airflow/example_dags/tutorial.py for tasks to queue
[2021-10-24 03:14:08,708] {logging_mixin.py:104} INFO - [2021-10-24 03:14:08,708] {dagbag.py:487} INFO - Filling up the DagBag from /home/airflow/sandbox/lib/python3.8/site-packages/airflow/example_dags/tutorial.py
[2021-10-24 03:14:08,727] {scheduler_job.py:643} INFO - DAG(s) dict_keys(['tutorial']) retrieved from /home/airflow/sandbox/lib/python3.8/site-packages/airflow/example_dags/tutorial.py
[2021-10-24 03:14:08,750] {logging_mixin.py:104} INFO - [2021-10-24 03:14:08,750] {dag.py:1832} INFO - Sync 1 DAGs
[2021-10-24 03:14:08,765] {logging_mixin.py:104} INFO - [2021-10-24 03:14:08,765] {dag.py:2305} INFO - Setting next_dagrun for tutorial to 2021-10-22 00:00:00+00:00
[2021-10-24 03:14:08,786] {scheduler_job.py:190} INFO - Processing /home/airflow/sandbox/lib/python3.8/site-packages/airflow/example_dags/tutorial.py took 0.084 seconds
[2021-10-24 03:14:44,370] {scheduler_job.py:182} INFO - Started process (PID=6962) to work on /home/airflow/sandbox/lib/python3.8/site-packages/airflow/example_dags/tutorial.py
[2021-10-24 03:14:44,371] {scheduler_job.py:633} INFO - Processing file /home/airflow/sandbox/lib/python3.8/site-packages/airflow/example_dags/tutorial.py for tasks to queue
[2021-10-24 03:14:44,372] {logging_mixin.py:104} INFO - [2021-10-24 03:14:44,372] {dagbag.py:487} INFO - Filling up the DagBag from /home/airflow/sandbox/lib/python3.8/site-packages/airflow/example_dags/tutorial.py
[2021-10-24 03:14:44,394] {scheduler_job.py:643} INFO - DAG(s) dict_keys(['tutorial']) retrieved from /home/airflow/sandbox/lib/python3.8/site-packages/airflow/example_dags/tutorial.py
[2021-10-24 03:14:44,417] {logging_mixin.py:104} INFO - [2021-10-24 03:14:44,417] {dag.py:1832} INFO - Sync 1 DAGs
[2021-10-24 03:14:44,435] {logging_mixin.py:104} INFO - [2021-10-24 03:14:44,435] {dag.py:2305} INFO - Setting next_dagrun for tutorial to 2021-10-22 00:00:00+00:00
[2021-10-24 03:14:44,457] {scheduler_job.py:190} INFO - Processing /home/airflow/sandbox/lib/python3.8/site-packages/airflow/example_dags/tutorial.py took 0.093 seconds
[2021-10-24 03:15:17,032] {scheduler_job.py:182} INFO - Started process (PID=7021) to work on /home/airflow/sandbox/lib/python3.8/site-packages/airflow/example_dags/tutorial.py
[2021-10-24 03:15:17,034] {scheduler_job.py:633} INFO - Processing file /home/airflow/sandbox/lib/python3.8/site-packages/airflow/example_dags/tutorial.py for tasks to queue
[2021-10-24 03:15:17,035] {logging_mixin.py:104} INFO - [2021-10-24 03:15:17,035] {dagbag.py:487} INFO - Filling up the DagBag from /home/airflow/sandbox/lib/python3.8/site-packages/airflow/example_dags/tutorial.py
[2021-10-24 03:15:17,057] {scheduler_job.py:643} INFO - DAG(s) dict_keys(['tutorial']) retrieved from /home/airflow/sandbox/lib/python3.8/site-packages/airflow/example_dags/tutorial.py
[2021-10-24 03:15:17,080] {logging_mixin.py:104} INFO - [2021-10-24 03:15:17,079] {dag.py:1832} INFO - Sync 1 DAGs
[2021-10-24 03:15:17,093] {logging_mixin.py:104} INFO - [2021-10-24 03:15:17,093] {dag.py:2305} INFO - Setting next_dagrun for tutorial to 2021-10-22 00:00:00+00:00
[2021-10-24 03:15:17,114] {scheduler_job.py:190} INFO - Processing /home/airflow/sandbox/lib/python3.8/site-packages/airflow/example_dags/tutorial.py took 0.088 seconds
[2021-10-24 03:15:51,715] {scheduler_job.py:182} INFO - Started process (PID=7052) to work on /home/airflow/sandbox/lib/python3.8/site-packages/airflow/example_dags/tutorial.py
[2021-10-24 03:15:51,717] {scheduler_job.py:633} INFO - Processing file /home/airflow/sandbox/lib/python3.8/site-packages/airflow/example_dags/tutorial.py for tasks to queue
[2021-10-24 03:15:51,718] {logging_mixin.py:104} INFO - [2021-10-24 03:15:51,718] {dagbag.py:487} INFO - Filling up the DagBag from /home/airflow/sandbox/lib/python3.8/site-packages/airflow/example_dags/tutorial.py
[2021-10-24 03:15:51,738] {scheduler_job.py:643} INFO - DAG(s) dict_keys(['tutorial']) retrieved from /home/airflow/sandbox/lib/python3.8/site-packages/airflow/example_dags/tutorial.py
[2021-10-24 03:15:51,760] {logging_mixin.py:104} INFO - [2021-10-24 03:15:51,760] {dag.py:1832} INFO - Sync 1 DAGs
[2021-10-24 03:15:51,776] {logging_mixin.py:104} INFO - [2021-10-24 03:15:51,776] {dag.py:2305} INFO - Setting next_dagrun for tutorial to 2021-10-22 00:00:00+00:00
[2021-10-24 03:15:51,799] {scheduler_job.py:190} INFO - Processing /home/airflow/sandbox/lib/python3.8/site-packages/airflow/example_dags/tutorial.py took 0.089 seconds
[2021-10-24 03:16:24,466] {scheduler_job.py:182} INFO - Started process (PID=7140) to work on /home/airflow/sandbox/lib/python3.8/site-packages/airflow/example_dags/tutorial.py
[2021-10-24 03:16:24,468] {scheduler_job.py:633} INFO - Processing file /home/airflow/sandbox/lib/python3.8/site-packages/airflow/example_dags/tutorial.py for tasks to queue
[2021-10-24 03:16:24,469] {logging_mixin.py:104} INFO - [2021-10-24 03:16:24,468] {dagbag.py:487} INFO - Filling up the DagBag from /home/airflow/sandbox/lib/python3.8/site-packages/airflow/example_dags/tutorial.py
[2021-10-24 03:16:24,484] {scheduler_job.py:643} INFO - DAG(s) dict_keys(['tutorial']) retrieved from /home/airflow/sandbox/lib/python3.8/site-packages/airflow/example_dags/tutorial.py
[2021-10-24 03:16:24,500] {logging_mixin.py:104} INFO - [2021-10-24 03:16:24,500] {dag.py:1832} INFO - Sync 1 DAGs
[2021-10-24 03:16:24,515] {logging_mixin.py:104} INFO - [2021-10-24 03:16:24,515] {dag.py:2305} INFO - Setting next_dagrun for tutorial to 2021-10-22 00:00:00+00:00
[2021-10-24 03:16:24,540] {scheduler_job.py:190} INFO - Processing /home/airflow/sandbox/lib/python3.8/site-packages/airflow/example_dags/tutorial.py took 0.079 seconds
[2021-10-24 03:16:58,598] {scheduler_job.py:182} INFO - Started process (PID=7261) to work on /home/airflow/sandbox/lib/python3.8/site-packages/airflow/example_dags/tutorial.py
[2021-10-24 03:16:58,600] {scheduler_job.py:633} INFO - Processing file /home/airflow/sandbox/lib/python3.8/site-packages/airflow/example_dags/tutorial.py for tasks to queue
[2021-10-24 03:16:58,600] {logging_mixin.py:104} INFO - [2021-10-24 03:16:58,600] {dagbag.py:487} INFO - Filling up the DagBag from /home/airflow/sandbox/lib/python3.8/site-packages/airflow/example_dags/tutorial.py
[2021-10-24 03:16:58,616] {scheduler_job.py:643} INFO - DAG(s) dict_keys(['tutorial']) retrieved from /home/airflow/sandbox/lib/python3.8/site-packages/airflow/example_dags/tutorial.py
[2021-10-24 03:16:58,639] {logging_mixin.py:104} INFO - [2021-10-24 03:16:58,639] {dag.py:1832} INFO - Sync 1 DAGs
[2021-10-24 03:16:58,657] {logging_mixin.py:104} INFO - [2021-10-24 03:16:58,657] {dag.py:2305} INFO - Setting next_dagrun for tutorial to 2021-10-22 00:00:00+00:00
[2021-10-24 03:16:58,680] {scheduler_job.py:190} INFO - Processing /home/airflow/sandbox/lib/python3.8/site-packages/airflow/example_dags/tutorial.py took 0.085 seconds
[2021-10-24 03:17:41,445] {scheduler_job.py:182} INFO - Started process (PID=7617) to work on /home/airflow/sandbox/lib/python3.8/site-packages/airflow/example_dags/tutorial.py
[2021-10-24 03:17:41,447] {scheduler_job.py:633} INFO - Processing file /home/airflow/sandbox/lib/python3.8/site-packages/airflow/example_dags/tutorial.py for tasks to queue
[2021-10-24 03:17:41,448] {logging_mixin.py:104} INFO - [2021-10-24 03:17:41,448] {dagbag.py:487} INFO - Filling up the DagBag from /home/airflow/sandbox/lib/python3.8/site-packages/airflow/example_dags/tutorial.py
[2021-10-24 03:17:41,466] {scheduler_job.py:643} INFO - DAG(s) dict_keys(['tutorial']) retrieved from /home/airflow/sandbox/lib/python3.8/site-packages/airflow/example_dags/tutorial.py
[2021-10-24 03:17:41,491] {logging_mixin.py:104} INFO - [2021-10-24 03:17:41,491] {dag.py:1832} INFO - Sync 1 DAGs
[2021-10-24 03:17:41,507] {logging_mixin.py:104} INFO - [2021-10-24 03:17:41,507] {dag.py:2305} INFO - Setting next_dagrun for tutorial to 2021-10-22 00:00:00+00:00
[2021-10-24 03:17:41,529] {scheduler_job.py:190} INFO - Processing /home/airflow/sandbox/lib/python3.8/site-packages/airflow/example_dags/tutorial.py took 0.089 seconds
[2021-10-24 03:18:17,361] {scheduler_job.py:182} INFO - Started process (PID=7728) to work on /home/airflow/sandbox/lib/python3.8/site-packages/airflow/example_dags/tutorial.py
[2021-10-24 03:18:17,362] {scheduler_job.py:633} INFO - Processing file /home/airflow/sandbox/lib/python3.8/site-packages/airflow/example_dags/tutorial.py for tasks to queue
[2021-10-24 03:18:17,363] {logging_mixin.py:104} INFO - [2021-10-24 03:18:17,363] {dagbag.py:487} INFO - Filling up the DagBag from /home/airflow/sandbox/lib/python3.8/site-packages/airflow/example_dags/tutorial.py
[2021-10-24 03:18:17,383] {scheduler_job.py:643} INFO - DAG(s) dict_keys(['tutorial']) retrieved from /home/airflow/sandbox/lib/python3.8/site-packages/airflow/example_dags/tutorial.py
[2021-10-24 03:18:17,407] {logging_mixin.py:104} INFO - [2021-10-24 03:18:17,407] {dag.py:1832} INFO - Sync 1 DAGs
[2021-10-24 03:18:17,426] {logging_mixin.py:104} INFO - [2021-10-24 03:18:17,425] {dag.py:2305} INFO - Setting next_dagrun for tutorial to 2021-10-22 00:00:00+00:00
[2021-10-24 03:18:17,449] {scheduler_job.py:190} INFO - Processing /home/airflow/sandbox/lib/python3.8/site-packages/airflow/example_dags/tutorial.py took 0.093 seconds
[2021-10-24 03:18:52,992] {scheduler_job.py:182} INFO - Started process (PID=7829) to work on /home/airflow/sandbox/lib/python3.8/site-packages/airflow/example_dags/tutorial.py
[2021-10-24 03:18:52,993] {scheduler_job.py:633} INFO - Processing file /home/airflow/sandbox/lib/python3.8/site-packages/airflow/example_dags/tutorial.py for tasks to queue
[2021-10-24 03:18:52,994] {logging_mixin.py:104} INFO - [2021-10-24 03:18:52,994] {dagbag.py:487} INFO - Filling up the DagBag from /home/airflow/sandbox/lib/python3.8/site-packages/airflow/example_dags/tutorial.py
[2021-10-24 03:18:53,012] {scheduler_job.py:643} INFO - DAG(s) dict_keys(['tutorial']) retrieved from /home/airflow/sandbox/lib/python3.8/site-packages/airflow/example_dags/tutorial.py
[2021-10-24 03:18:53,034] {logging_mixin.py:104} INFO - [2021-10-24 03:18:53,034] {dag.py:1832} INFO - Sync 1 DAGs
[2021-10-24 03:18:53,053] {logging_mixin.py:104} INFO - [2021-10-24 03:18:53,052] {dag.py:2305} INFO - Setting next_dagrun for tutorial to 2021-10-22 00:00:00+00:00
[2021-10-24 03:18:53,076] {scheduler_job.py:190} INFO - Processing /home/airflow/sandbox/lib/python3.8/site-packages/airflow/example_dags/tutorial.py took 0.088 seconds
[2021-10-24 03:19:28,671] {scheduler_job.py:182} INFO - Started process (PID=7860) to work on /home/airflow/sandbox/lib/python3.8/site-packages/airflow/example_dags/tutorial.py
[2021-10-24 03:19:28,672] {scheduler_job.py:633} INFO - Processing file /home/airflow/sandbox/lib/python3.8/site-packages/airflow/example_dags/tutorial.py for tasks to queue
[2021-10-24 03:19:28,673] {logging_mixin.py:104} INFO - [2021-10-24 03:19:28,673] {dagbag.py:487} INFO - Filling up the DagBag from /home/airflow/sandbox/lib/python3.8/site-packages/airflow/example_dags/tutorial.py
[2021-10-24 03:19:28,692] {scheduler_job.py:643} INFO - DAG(s) dict_keys(['tutorial']) retrieved from /home/airflow/sandbox/lib/python3.8/site-packages/airflow/example_dags/tutorial.py
[2021-10-24 03:19:28,714] {logging_mixin.py:104} INFO - [2021-10-24 03:19:28,713] {dag.py:1832} INFO - Sync 1 DAGs
[2021-10-24 03:19:28,733] {logging_mixin.py:104} INFO - [2021-10-24 03:19:28,733] {dag.py:2305} INFO - Setting next_dagrun for tutorial to 2021-10-22 00:00:00+00:00
[2021-10-24 03:19:28,754] {scheduler_job.py:190} INFO - Processing /home/airflow/sandbox/lib/python3.8/site-packages/airflow/example_dags/tutorial.py took 0.088 seconds
[2021-10-24 03:20:02,821] {scheduler_job.py:182} INFO - Started process (PID=7889) to work on /home/airflow/sandbox/lib/python3.8/site-packages/airflow/example_dags/tutorial.py
[2021-10-24 03:20:02,823] {scheduler_job.py:633} INFO - Processing file /home/airflow/sandbox/lib/python3.8/site-packages/airflow/example_dags/tutorial.py for tasks to queue
[2021-10-24 03:20:02,824] {logging_mixin.py:104} INFO - [2021-10-24 03:20:02,824] {dagbag.py:487} INFO - Filling up the DagBag from /home/airflow/sandbox/lib/python3.8/site-packages/airflow/example_dags/tutorial.py
[2021-10-24 03:20:02,843] {scheduler_job.py:643} INFO - DAG(s) dict_keys(['tutorial']) retrieved from /home/airflow/sandbox/lib/python3.8/site-packages/airflow/example_dags/tutorial.py
[2021-10-24 03:20:02,864] {logging_mixin.py:104} INFO - [2021-10-24 03:20:02,864] {dag.py:1832} INFO - Sync 1 DAGs
[2021-10-24 03:20:02,880] {logging_mixin.py:104} INFO - [2021-10-24 03:20:02,880] {dag.py:2305} INFO - Setting next_dagrun for tutorial to 2021-10-22 00:00:00+00:00
[2021-10-24 03:20:02,902] {scheduler_job.py:190} INFO - Processing /home/airflow/sandbox/lib/python3.8/site-packages/airflow/example_dags/tutorial.py took 0.086 seconds
[2021-10-24 03:20:36,356] {scheduler_job.py:182} INFO - Started process (PID=7918) to work on /home/airflow/sandbox/lib/python3.8/site-packages/airflow/example_dags/tutorial.py
[2021-10-24 03:20:36,359] {scheduler_job.py:633} INFO - Processing file /home/airflow/sandbox/lib/python3.8/site-packages/airflow/example_dags/tutorial.py for tasks to queue
[2021-10-24 03:20:36,360] {logging_mixin.py:104} INFO - [2021-10-24 03:20:36,360] {dagbag.py:487} INFO - Filling up the DagBag from /home/airflow/sandbox/lib/python3.8/site-packages/airflow/example_dags/tutorial.py
[2021-10-24 03:20:36,378] {scheduler_job.py:643} INFO - DAG(s) dict_keys(['tutorial']) retrieved from /home/airflow/sandbox/lib/python3.8/site-packages/airflow/example_dags/tutorial.py
[2021-10-24 03:20:36,400] {logging_mixin.py:104} INFO - [2021-10-24 03:20:36,399] {dag.py:1832} INFO - Sync 1 DAGs
[2021-10-24 03:20:36,417] {logging_mixin.py:104} INFO - [2021-10-24 03:20:36,417] {dag.py:2305} INFO - Setting next_dagrun for tutorial to 2021-10-22 00:00:00+00:00
[2021-10-24 03:20:36,441] {scheduler_job.py:190} INFO - Processing /home/airflow/sandbox/lib/python3.8/site-packages/airflow/example_dags/tutorial.py took 0.089 seconds
[2021-10-24 03:21:09,672] {scheduler_job.py:182} INFO - Started process (PID=7947) to work on /home/airflow/sandbox/lib/python3.8/site-packages/airflow/example_dags/tutorial.py
[2021-10-24 03:21:09,674] {scheduler_job.py:633} INFO - Processing file /home/airflow/sandbox/lib/python3.8/site-packages/airflow/example_dags/tutorial.py for tasks to queue
[2021-10-24 03:21:09,675] {logging_mixin.py:104} INFO - [2021-10-24 03:21:09,675] {dagbag.py:487} INFO - Filling up the DagBag from /home/airflow/sandbox/lib/python3.8/site-packages/airflow/example_dags/tutorial.py
[2021-10-24 03:21:09,693] {scheduler_job.py:643} INFO - DAG(s) dict_keys(['tutorial']) retrieved from /home/airflow/sandbox/lib/python3.8/site-packages/airflow/example_dags/tutorial.py
[2021-10-24 03:21:09,716] {logging_mixin.py:104} INFO - [2021-10-24 03:21:09,716] {dag.py:1832} INFO - Sync 1 DAGs
[2021-10-24 03:21:09,733] {logging_mixin.py:104} INFO - [2021-10-24 03:21:09,733] {dag.py:2305} INFO - Setting next_dagrun for tutorial to 2021-10-22 00:00:00+00:00
[2021-10-24 03:21:09,755] {scheduler_job.py:190} INFO - Processing /home/airflow/sandbox/lib/python3.8/site-packages/airflow/example_dags/tutorial.py took 0.088 seconds
[2021-10-24 03:21:44,477] {scheduler_job.py:182} INFO - Started process (PID=8039) to work on /home/airflow/sandbox/lib/python3.8/site-packages/airflow/example_dags/tutorial.py
[2021-10-24 03:21:44,479] {scheduler_job.py:633} INFO - Processing file /home/airflow/sandbox/lib/python3.8/site-packages/airflow/example_dags/tutorial.py for tasks to queue
[2021-10-24 03:21:44,480] {logging_mixin.py:104} INFO - [2021-10-24 03:21:44,480] {dagbag.py:487} INFO - Filling up the DagBag from /home/airflow/sandbox/lib/python3.8/site-packages/airflow/example_dags/tutorial.py
[2021-10-24 03:21:44,501] {scheduler_job.py:643} INFO - DAG(s) dict_keys(['tutorial']) retrieved from /home/airflow/sandbox/lib/python3.8/site-packages/airflow/example_dags/tutorial.py
[2021-10-24 03:21:44,526] {logging_mixin.py:104} INFO - [2021-10-24 03:21:44,525] {dag.py:1832} INFO - Sync 1 DAGs
[2021-10-24 03:21:44,541] {logging_mixin.py:104} INFO - [2021-10-24 03:21:44,541] {dag.py:2305} INFO - Setting next_dagrun for tutorial to 2021-10-22 00:00:00+00:00
[2021-10-24 03:21:44,564] {scheduler_job.py:190} INFO - Processing /home/airflow/sandbox/lib/python3.8/site-packages/airflow/example_dags/tutorial.py took 0.091 seconds
[2021-10-24 03:22:19,850] {scheduler_job.py:182} INFO - Started process (PID=8070) to work on /home/airflow/sandbox/lib/python3.8/site-packages/airflow/example_dags/tutorial.py
[2021-10-24 03:22:19,852] {scheduler_job.py:633} INFO - Processing file /home/airflow/sandbox/lib/python3.8/site-packages/airflow/example_dags/tutorial.py for tasks to queue
[2021-10-24 03:22:19,853] {logging_mixin.py:104} INFO - [2021-10-24 03:22:19,852] {dagbag.py:487} INFO - Filling up the DagBag from /home/airflow/sandbox/lib/python3.8/site-packages/airflow/example_dags/tutorial.py
[2021-10-24 03:22:19,869] {scheduler_job.py:643} INFO - DAG(s) dict_keys(['tutorial']) retrieved from /home/airflow/sandbox/lib/python3.8/site-packages/airflow/example_dags/tutorial.py
[2021-10-24 03:22:19,893] {logging_mixin.py:104} INFO - [2021-10-24 03:22:19,893] {dag.py:1832} INFO - Sync 1 DAGs
[2021-10-24 03:22:19,910] {logging_mixin.py:104} INFO - [2021-10-24 03:22:19,910] {dag.py:2305} INFO - Setting next_dagrun for tutorial to 2021-10-22 00:00:00+00:00
[2021-10-24 03:22:19,933] {scheduler_job.py:190} INFO - Processing /home/airflow/sandbox/lib/python3.8/site-packages/airflow/example_dags/tutorial.py took 0.088 seconds
[2021-10-24 03:22:55,649] {scheduler_job.py:182} INFO - Started process (PID=8101) to work on /home/airflow/sandbox/lib/python3.8/site-packages/airflow/example_dags/tutorial.py
[2021-10-24 03:22:55,650] {scheduler_job.py:633} INFO - Processing file /home/airflow/sandbox/lib/python3.8/site-packages/airflow/example_dags/tutorial.py for tasks to queue
[2021-10-24 03:22:55,651] {logging_mixin.py:104} INFO - [2021-10-24 03:22:55,651] {dagbag.py:487} INFO - Filling up the DagBag from /home/airflow/sandbox/lib/python3.8/site-packages/airflow/example_dags/tutorial.py
[2021-10-24 03:22:55,667] {scheduler_job.py:643} INFO - DAG(s) dict_keys(['tutorial']) retrieved from /home/airflow/sandbox/lib/python3.8/site-packages/airflow/example_dags/tutorial.py
[2021-10-24 03:22:55,690] {logging_mixin.py:104} INFO - [2021-10-24 03:22:55,690] {dag.py:1832} INFO - Sync 1 DAGs
[2021-10-24 03:22:55,709] {logging_mixin.py:104} INFO - [2021-10-24 03:22:55,708] {dag.py:2305} INFO - Setting next_dagrun for tutorial to 2021-10-22 00:00:00+00:00
[2021-10-24 03:22:55,730] {scheduler_job.py:190} INFO - Processing /home/airflow/sandbox/lib/python3.8/site-packages/airflow/example_dags/tutorial.py took 0.086 seconds
[2021-10-24 03:23:30,732] {scheduler_job.py:182} INFO - Started process (PID=8175) to work on /home/airflow/sandbox/lib/python3.8/site-packages/airflow/example_dags/tutorial.py
[2021-10-24 03:23:30,733] {scheduler_job.py:633} INFO - Processing file /home/airflow/sandbox/lib/python3.8/site-packages/airflow/example_dags/tutorial.py for tasks to queue
[2021-10-24 03:23:30,733] {logging_mixin.py:104} INFO - [2021-10-24 03:23:30,733] {dagbag.py:487} INFO - Filling up the DagBag from /home/airflow/sandbox/lib/python3.8/site-packages/airflow/example_dags/tutorial.py
[2021-10-24 03:23:30,751] {scheduler_job.py:643} INFO - DAG(s) dict_keys(['tutorial']) retrieved from /home/airflow/sandbox/lib/python3.8/site-packages/airflow/example_dags/tutorial.py
[2021-10-24 03:23:30,775] {logging_mixin.py:104} INFO - [2021-10-24 03:23:30,775] {dag.py:1832} INFO - Sync 1 DAGs
[2021-10-24 03:23:30,807] {logging_mixin.py:104} INFO - [2021-10-24 03:23:30,807] {dag.py:2305} INFO - Setting next_dagrun for tutorial to 2021-10-22 00:00:00+00:00
[2021-10-24 03:23:30,830] {scheduler_job.py:190} INFO - Processing /home/airflow/sandbox/lib/python3.8/site-packages/airflow/example_dags/tutorial.py took 0.104 seconds
[2021-10-24 03:24:04,246] {scheduler_job.py:182} INFO - Started process (PID=8206) to work on /home/airflow/sandbox/lib/python3.8/site-packages/airflow/example_dags/tutorial.py
[2021-10-24 03:24:04,247] {scheduler_job.py:633} INFO - Processing file /home/airflow/sandbox/lib/python3.8/site-packages/airflow/example_dags/tutorial.py for tasks to queue
[2021-10-24 03:24:04,249] {logging_mixin.py:104} INFO - [2021-10-24 03:24:04,248] {dagbag.py:487} INFO - Filling up the DagBag from /home/airflow/sandbox/lib/python3.8/site-packages/airflow/example_dags/tutorial.py
[2021-10-24 03:24:04,264] {scheduler_job.py:643} INFO - DAG(s) dict_keys(['tutorial']) retrieved from /home/airflow/sandbox/lib/python3.8/site-packages/airflow/example_dags/tutorial.py
[2021-10-24 03:24:04,285] {logging_mixin.py:104} INFO - [2021-10-24 03:24:04,285] {dag.py:1832} INFO - Sync 1 DAGs
[2021-10-24 03:24:04,302] {logging_mixin.py:104} INFO - [2021-10-24 03:24:04,301] {dag.py:2305} INFO - Setting next_dagrun for tutorial to 2021-10-22 00:00:00+00:00
[2021-10-24 03:24:04,325] {scheduler_job.py:190} INFO - Processing /home/airflow/sandbox/lib/python3.8/site-packages/airflow/example_dags/tutorial.py took 0.084 seconds
[2021-10-24 03:24:39,475] {scheduler_job.py:182} INFO - Started process (PID=8236) to work on /home/airflow/sandbox/lib/python3.8/site-packages/airflow/example_dags/tutorial.py
[2021-10-24 03:24:39,476] {scheduler_job.py:633} INFO - Processing file /home/airflow/sandbox/lib/python3.8/site-packages/airflow/example_dags/tutorial.py for tasks to queue
[2021-10-24 03:24:39,477] {logging_mixin.py:104} INFO - [2021-10-24 03:24:39,477] {dagbag.py:487} INFO - Filling up the DagBag from /home/airflow/sandbox/lib/python3.8/site-packages/airflow/example_dags/tutorial.py
[2021-10-24 03:24:39,496] {scheduler_job.py:643} INFO - DAG(s) dict_keys(['tutorial']) retrieved from /home/airflow/sandbox/lib/python3.8/site-packages/airflow/example_dags/tutorial.py
[2021-10-24 03:24:39,517] {logging_mixin.py:104} INFO - [2021-10-24 03:24:39,516] {dag.py:1832} INFO - Sync 1 DAGs
[2021-10-24 03:24:39,531] {logging_mixin.py:104} INFO - [2021-10-24 03:24:39,531] {dag.py:2305} INFO - Setting next_dagrun for tutorial to 2021-10-22 00:00:00+00:00
[2021-10-24 03:24:39,556] {scheduler_job.py:190} INFO - Processing /home/airflow/sandbox/lib/python3.8/site-packages/airflow/example_dags/tutorial.py took 0.087 seconds
[2021-10-24 03:25:12,814] {scheduler_job.py:182} INFO - Started process (PID=8265) to work on /home/airflow/sandbox/lib/python3.8/site-packages/airflow/example_dags/tutorial.py
[2021-10-24 03:25:12,816] {scheduler_job.py:633} INFO - Processing file /home/airflow/sandbox/lib/python3.8/site-packages/airflow/example_dags/tutorial.py for tasks to queue
[2021-10-24 03:25:12,817] {logging_mixin.py:104} INFO - [2021-10-24 03:25:12,817] {dagbag.py:487} INFO - Filling up the DagBag from /home/airflow/sandbox/lib/python3.8/site-packages/airflow/example_dags/tutorial.py
[2021-10-24 03:25:12,836] {scheduler_job.py:643} INFO - DAG(s) dict_keys(['tutorial']) retrieved from /home/airflow/sandbox/lib/python3.8/site-packages/airflow/example_dags/tutorial.py
[2021-10-24 03:25:12,858] {logging_mixin.py:104} INFO - [2021-10-24 03:25:12,858] {dag.py:1832} INFO - Sync 1 DAGs
[2021-10-24 03:25:12,877] {logging_mixin.py:104} INFO - [2021-10-24 03:25:12,877] {dag.py:2305} INFO - Setting next_dagrun for tutorial to 2021-10-22 00:00:00+00:00
[2021-10-24 03:25:12,900] {scheduler_job.py:190} INFO - Processing /home/airflow/sandbox/lib/python3.8/site-packages/airflow/example_dags/tutorial.py took 0.091 seconds
[2021-10-24 03:25:50,959] {scheduler_job.py:182} INFO - Started process (PID=8296) to work on /home/airflow/sandbox/lib/python3.8/site-packages/airflow/example_dags/tutorial.py
[2021-10-24 03:25:50,961] {scheduler_job.py:633} INFO - Processing file /home/airflow/sandbox/lib/python3.8/site-packages/airflow/example_dags/tutorial.py for tasks to queue
[2021-10-24 03:25:50,962] {logging_mixin.py:104} INFO - [2021-10-24 03:25:50,962] {dagbag.py:487} INFO - Filling up the DagBag from /home/airflow/sandbox/lib/python3.8/site-packages/airflow/example_dags/tutorial.py
[2021-10-24 03:25:50,981] {scheduler_job.py:643} INFO - DAG(s) dict_keys(['tutorial']) retrieved from /home/airflow/sandbox/lib/python3.8/site-packages/airflow/example_dags/tutorial.py
[2021-10-24 03:25:51,004] {logging_mixin.py:104} INFO - [2021-10-24 03:25:51,004] {dag.py:1832} INFO - Sync 1 DAGs
[2021-10-24 03:25:51,024] {logging_mixin.py:104} INFO - [2021-10-24 03:25:51,024] {dag.py:2305} INFO - Setting next_dagrun for tutorial to 2021-10-22 00:00:00+00:00
[2021-10-24 03:25:51,048] {scheduler_job.py:190} INFO - Processing /home/airflow/sandbox/lib/python3.8/site-packages/airflow/example_dags/tutorial.py took 0.094 seconds
[2021-10-24 03:26:26,336] {scheduler_job.py:182} INFO - Started process (PID=8326) to work on /home/airflow/sandbox/lib/python3.8/site-packages/airflow/example_dags/tutorial.py
[2021-10-24 03:26:26,337] {scheduler_job.py:633} INFO - Processing file /home/airflow/sandbox/lib/python3.8/site-packages/airflow/example_dags/tutorial.py for tasks to queue
[2021-10-24 03:26:26,337] {logging_mixin.py:104} INFO - [2021-10-24 03:26:26,337] {dagbag.py:487} INFO - Filling up the DagBag from /home/airflow/sandbox/lib/python3.8/site-packages/airflow/example_dags/tutorial.py
[2021-10-24 03:26:26,345] {scheduler_job.py:643} INFO - DAG(s) dict_keys(['tutorial']) retrieved from /home/airflow/sandbox/lib/python3.8/site-packages/airflow/example_dags/tutorial.py
[2021-10-24 03:26:26,355] {logging_mixin.py:104} INFO - [2021-10-24 03:26:26,355] {dag.py:1832} INFO - Sync 1 DAGs
[2021-10-24 03:26:26,363] {logging_mixin.py:104} INFO - [2021-10-24 03:26:26,363] {dag.py:2305} INFO - Setting next_dagrun for tutorial to 2021-10-22 00:00:00+00:00
[2021-10-24 03:26:26,373] {scheduler_job.py:190} INFO - Processing /home/airflow/sandbox/lib/python3.8/site-packages/airflow/example_dags/tutorial.py took 0.038 seconds
[2021-10-24 03:27:03,923] {scheduler_job.py:182} INFO - Started process (PID=8358) to work on /home/airflow/sandbox/lib/python3.8/site-packages/airflow/example_dags/tutorial.py
[2021-10-24 03:27:03,925] {scheduler_job.py:633} INFO - Processing file /home/airflow/sandbox/lib/python3.8/site-packages/airflow/example_dags/tutorial.py for tasks to queue
[2021-10-24 03:27:03,926] {logging_mixin.py:104} INFO - [2021-10-24 03:27:03,926] {dagbag.py:487} INFO - Filling up the DagBag from /home/airflow/sandbox/lib/python3.8/site-packages/airflow/example_dags/tutorial.py
[2021-10-24 03:27:03,945] {scheduler_job.py:643} INFO - DAG(s) dict_keys(['tutorial']) retrieved from /home/airflow/sandbox/lib/python3.8/site-packages/airflow/example_dags/tutorial.py
[2021-10-24 03:27:03,967] {logging_mixin.py:104} INFO - [2021-10-24 03:27:03,967] {dag.py:1832} INFO - Sync 1 DAGs
[2021-10-24 03:27:03,986] {logging_mixin.py:104} INFO - [2021-10-24 03:27:03,986] {dag.py:2305} INFO - Setting next_dagrun for tutorial to 2021-10-22 00:00:00+00:00
[2021-10-24 03:27:04,008] {scheduler_job.py:190} INFO - Processing /home/airflow/sandbox/lib/python3.8/site-packages/airflow/example_dags/tutorial.py took 0.089 seconds
[2021-10-24 03:27:38,039] {scheduler_job.py:182} INFO - Started process (PID=8390) to work on /home/airflow/sandbox/lib/python3.8/site-packages/airflow/example_dags/tutorial.py
[2021-10-24 03:27:38,040] {scheduler_job.py:633} INFO - Processing file /home/airflow/sandbox/lib/python3.8/site-packages/airflow/example_dags/tutorial.py for tasks to queue
[2021-10-24 03:27:38,041] {logging_mixin.py:104} INFO - [2021-10-24 03:27:38,041] {dagbag.py:487} INFO - Filling up the DagBag from /home/airflow/sandbox/lib/python3.8/site-packages/airflow/example_dags/tutorial.py
[2021-10-24 03:27:38,059] {scheduler_job.py:643} INFO - DAG(s) dict_keys(['tutorial']) retrieved from /home/airflow/sandbox/lib/python3.8/site-packages/airflow/example_dags/tutorial.py
[2021-10-24 03:27:38,081] {logging_mixin.py:104} INFO - [2021-10-24 03:27:38,081] {dag.py:1832} INFO - Sync 1 DAGs
[2021-10-24 03:27:38,101] {logging_mixin.py:104} INFO - [2021-10-24 03:27:38,101] {dag.py:2305} INFO - Setting next_dagrun for tutorial to 2021-10-22 00:00:00+00:00
[2021-10-24 03:27:38,124] {scheduler_job.py:190} INFO - Processing /home/airflow/sandbox/lib/python3.8/site-packages/airflow/example_dags/tutorial.py took 0.089 seconds
[2021-10-24 03:28:14,346] {scheduler_job.py:182} INFO - Started process (PID=8442) to work on /home/airflow/sandbox/lib/python3.8/site-packages/airflow/example_dags/tutorial.py
[2021-10-24 03:28:14,347] {scheduler_job.py:633} INFO - Processing file /home/airflow/sandbox/lib/python3.8/site-packages/airflow/example_dags/tutorial.py for tasks to queue
[2021-10-24 03:28:14,348] {logging_mixin.py:104} INFO - [2021-10-24 03:28:14,348] {dagbag.py:487} INFO - Filling up the DagBag from /home/airflow/sandbox/lib/python3.8/site-packages/airflow/example_dags/tutorial.py
[2021-10-24 03:28:14,368] {scheduler_job.py:643} INFO - DAG(s) dict_keys(['tutorial']) retrieved from /home/airflow/sandbox/lib/python3.8/site-packages/airflow/example_dags/tutorial.py
[2021-10-24 03:28:14,394] {logging_mixin.py:104} INFO - [2021-10-24 03:28:14,393] {dag.py:1832} INFO - Sync 1 DAGs
[2021-10-24 03:28:14,411] {logging_mixin.py:104} INFO - [2021-10-24 03:28:14,411] {dag.py:2305} INFO - Setting next_dagrun for tutorial to 2021-10-22 00:00:00+00:00
[2021-10-24 03:28:14,435] {scheduler_job.py:190} INFO - Processing /home/airflow/sandbox/lib/python3.8/site-packages/airflow/example_dags/tutorial.py took 0.094 seconds
[2021-10-24 03:28:49,573] {scheduler_job.py:182} INFO - Started process (PID=8554) to work on /home/airflow/sandbox/lib/python3.8/site-packages/airflow/example_dags/tutorial.py
[2021-10-24 03:28:49,575] {scheduler_job.py:633} INFO - Processing file /home/airflow/sandbox/lib/python3.8/site-packages/airflow/example_dags/tutorial.py for tasks to queue
[2021-10-24 03:28:49,576] {logging_mixin.py:104} INFO - [2021-10-24 03:28:49,575] {dagbag.py:487} INFO - Filling up the DagBag from /home/airflow/sandbox/lib/python3.8/site-packages/airflow/example_dags/tutorial.py
[2021-10-24 03:28:49,594] {scheduler_job.py:643} INFO - DAG(s) dict_keys(['tutorial']) retrieved from /home/airflow/sandbox/lib/python3.8/site-packages/airflow/example_dags/tutorial.py
[2021-10-24 03:28:49,614] {logging_mixin.py:104} INFO - [2021-10-24 03:28:49,614] {dag.py:1832} INFO - Sync 1 DAGs
[2021-10-24 03:28:49,629] {logging_mixin.py:104} INFO - [2021-10-24 03:28:49,629] {dag.py:2305} INFO - Setting next_dagrun for tutorial to 2021-10-22 00:00:00+00:00
[2021-10-24 03:28:49,652] {scheduler_job.py:190} INFO - Processing /home/airflow/sandbox/lib/python3.8/site-packages/airflow/example_dags/tutorial.py took 0.084 seconds
[2021-10-24 03:29:26,407] {scheduler_job.py:182} INFO - Started process (PID=8766) to work on /home/airflow/sandbox/lib/python3.8/site-packages/airflow/example_dags/tutorial.py
[2021-10-24 03:29:26,408] {scheduler_job.py:633} INFO - Processing file /home/airflow/sandbox/lib/python3.8/site-packages/airflow/example_dags/tutorial.py for tasks to queue
[2021-10-24 03:29:26,409] {logging_mixin.py:104} INFO - [2021-10-24 03:29:26,409] {dagbag.py:487} INFO - Filling up the DagBag from /home/airflow/sandbox/lib/python3.8/site-packages/airflow/example_dags/tutorial.py
[2021-10-24 03:29:26,420] {scheduler_job.py:643} INFO - DAG(s) dict_keys(['tutorial']) retrieved from /home/airflow/sandbox/lib/python3.8/site-packages/airflow/example_dags/tutorial.py
[2021-10-24 03:29:26,441] {logging_mixin.py:104} INFO - [2021-10-24 03:29:26,441] {dag.py:1832} INFO - Sync 1 DAGs
[2021-10-24 03:29:26,456] {logging_mixin.py:104} INFO - [2021-10-24 03:29:26,456] {dag.py:2305} INFO - Setting next_dagrun for tutorial to 2021-10-22 00:00:00+00:00
[2021-10-24 03:29:26,475] {scheduler_job.py:190} INFO - Processing /home/airflow/sandbox/lib/python3.8/site-packages/airflow/example_dags/tutorial.py took 0.072 seconds
[2021-10-24 03:30:01,113] {scheduler_job.py:182} INFO - Started process (PID=8859) to work on /home/airflow/sandbox/lib/python3.8/site-packages/airflow/example_dags/tutorial.py
[2021-10-24 03:30:01,114] {scheduler_job.py:633} INFO - Processing file /home/airflow/sandbox/lib/python3.8/site-packages/airflow/example_dags/tutorial.py for tasks to queue
[2021-10-24 03:30:01,114] {logging_mixin.py:104} INFO - [2021-10-24 03:30:01,114] {dagbag.py:487} INFO - Filling up the DagBag from /home/airflow/sandbox/lib/python3.8/site-packages/airflow/example_dags/tutorial.py
[2021-10-24 03:30:01,122] {scheduler_job.py:643} INFO - DAG(s) dict_keys(['tutorial']) retrieved from /home/airflow/sandbox/lib/python3.8/site-packages/airflow/example_dags/tutorial.py
[2021-10-24 03:30:01,131] {logging_mixin.py:104} INFO - [2021-10-24 03:30:01,131] {dag.py:1832} INFO - Sync 1 DAGs
[2021-10-24 03:30:01,138] {logging_mixin.py:104} INFO - [2021-10-24 03:30:01,138] {dag.py:2305} INFO - Setting next_dagrun for tutorial to 2021-10-22 00:00:00+00:00
[2021-10-24 03:30:01,152] {scheduler_job.py:190} INFO - Processing /home/airflow/sandbox/lib/python3.8/site-packages/airflow/example_dags/tutorial.py took 0.042 seconds
[2021-10-24 06:05:13,094] {scheduler_job.py:182} INFO - Started process (PID=8929) to work on /home/airflow/sandbox/lib/python3.8/site-packages/airflow/example_dags/tutorial.py
[2021-10-24 06:05:13,095] {scheduler_job.py:633} INFO - Processing file /home/airflow/sandbox/lib/python3.8/site-packages/airflow/example_dags/tutorial.py for tasks to queue
[2021-10-24 06:05:13,095] {logging_mixin.py:104} INFO - [2021-10-24 06:05:13,095] {dagbag.py:487} INFO - Filling up the DagBag from /home/airflow/sandbox/lib/python3.8/site-packages/airflow/example_dags/tutorial.py
[2021-10-24 06:05:13,130] {scheduler_job.py:643} INFO - DAG(s) dict_keys(['tutorial']) retrieved from /home/airflow/sandbox/lib/python3.8/site-packages/airflow/example_dags/tutorial.py
[2021-10-24 06:05:13,169] {logging_mixin.py:104} INFO - [2021-10-24 06:05:13,169] {dag.py:1832} INFO - Sync 1 DAGs
[2021-10-24 06:05:13,204] {logging_mixin.py:104} INFO - [2021-10-24 06:05:13,203] {dag.py:2305} INFO - Setting next_dagrun for tutorial to 2021-10-22 00:00:00+00:00
[2021-10-24 06:05:13,259] {scheduler_job.py:190} INFO - Processing /home/airflow/sandbox/lib/python3.8/site-packages/airflow/example_dags/tutorial.py took 0.167 seconds
[2021-10-24 06:05:50,469] {scheduler_job.py:182} INFO - Started process (PID=9270) to work on /home/airflow/sandbox/lib/python3.8/site-packages/airflow/example_dags/tutorial.py
[2021-10-24 06:05:50,469] {scheduler_job.py:633} INFO - Processing file /home/airflow/sandbox/lib/python3.8/site-packages/airflow/example_dags/tutorial.py for tasks to queue
[2021-10-24 06:05:50,470] {logging_mixin.py:104} INFO - [2021-10-24 06:05:50,470] {dagbag.py:487} INFO - Filling up the DagBag from /home/airflow/sandbox/lib/python3.8/site-packages/airflow/example_dags/tutorial.py
[2021-10-24 06:05:50,477] {scheduler_job.py:643} INFO - DAG(s) dict_keys(['tutorial']) retrieved from /home/airflow/sandbox/lib/python3.8/site-packages/airflow/example_dags/tutorial.py
[2021-10-24 06:05:50,487] {logging_mixin.py:104} INFO - [2021-10-24 06:05:50,487] {dag.py:1832} INFO - Sync 1 DAGs
[2021-10-24 06:05:50,495] {logging_mixin.py:104} INFO - [2021-10-24 06:05:50,495] {dag.py:2305} INFO - Setting next_dagrun for tutorial to 2021-10-22 00:00:00+00:00
[2021-10-24 06:05:50,508] {scheduler_job.py:190} INFO - Processing /home/airflow/sandbox/lib/python3.8/site-packages/airflow/example_dags/tutorial.py took 0.042 seconds
