[2021-10-24 03:08:18,201] {scheduler_job.py:182} INFO - Started process (PID=6216) to work on /home/airflow/sandbox/lib/python3.8/site-packages/airflow/example_dags/tutorial_etl_dag.py
[2021-10-24 03:08:18,203] {scheduler_job.py:633} INFO - Processing file /home/airflow/sandbox/lib/python3.8/site-packages/airflow/example_dags/tutorial_etl_dag.py for tasks to queue
[2021-10-24 03:08:18,204] {logging_mixin.py:104} INFO - [2021-10-24 03:08:18,204] {dagbag.py:487} INFO - Filling up the DagBag from /home/airflow/sandbox/lib/python3.8/site-packages/airflow/example_dags/tutorial_etl_dag.py
[2021-10-24 03:08:18,222] {scheduler_job.py:643} INFO - DAG(s) dict_keys(['tutorial_etl_dag']) retrieved from /home/airflow/sandbox/lib/python3.8/site-packages/airflow/example_dags/tutorial_etl_dag.py
[2021-10-24 03:08:18,240] {logging_mixin.py:104} INFO - [2021-10-24 03:08:18,240] {dag.py:1832} INFO - Sync 1 DAGs
[2021-10-24 03:08:18,256] {logging_mixin.py:104} INFO - [2021-10-24 03:08:18,256] {dag.py:2305} INFO - Setting next_dagrun for tutorial_etl_dag to None
[2021-10-24 03:08:18,277] {scheduler_job.py:190} INFO - Processing /home/airflow/sandbox/lib/python3.8/site-packages/airflow/example_dags/tutorial_etl_dag.py took 0.081 seconds
[2021-10-24 03:08:53,742] {scheduler_job.py:182} INFO - Started process (PID=6338) to work on /home/airflow/sandbox/lib/python3.8/site-packages/airflow/example_dags/tutorial_etl_dag.py
[2021-10-24 03:08:53,743] {scheduler_job.py:633} INFO - Processing file /home/airflow/sandbox/lib/python3.8/site-packages/airflow/example_dags/tutorial_etl_dag.py for tasks to queue
[2021-10-24 03:08:53,744] {logging_mixin.py:104} INFO - [2021-10-24 03:08:53,744] {dagbag.py:487} INFO - Filling up the DagBag from /home/airflow/sandbox/lib/python3.8/site-packages/airflow/example_dags/tutorial_etl_dag.py
[2021-10-24 03:08:53,765] {scheduler_job.py:643} INFO - DAG(s) dict_keys(['tutorial_etl_dag']) retrieved from /home/airflow/sandbox/lib/python3.8/site-packages/airflow/example_dags/tutorial_etl_dag.py
[2021-10-24 03:08:53,784] {logging_mixin.py:104} INFO - [2021-10-24 03:08:53,784] {dag.py:1832} INFO - Sync 1 DAGs
[2021-10-24 03:08:53,803] {logging_mixin.py:104} INFO - [2021-10-24 03:08:53,803] {dag.py:2305} INFO - Setting next_dagrun for tutorial_etl_dag to None
[2021-10-24 03:08:53,828] {scheduler_job.py:190} INFO - Processing /home/airflow/sandbox/lib/python3.8/site-packages/airflow/example_dags/tutorial_etl_dag.py took 0.090 seconds
[2021-10-24 03:09:29,409] {scheduler_job.py:182} INFO - Started process (PID=6369) to work on /home/airflow/sandbox/lib/python3.8/site-packages/airflow/example_dags/tutorial_etl_dag.py
[2021-10-24 03:09:29,410] {scheduler_job.py:633} INFO - Processing file /home/airflow/sandbox/lib/python3.8/site-packages/airflow/example_dags/tutorial_etl_dag.py for tasks to queue
[2021-10-24 03:09:29,411] {logging_mixin.py:104} INFO - [2021-10-24 03:09:29,411] {dagbag.py:487} INFO - Filling up the DagBag from /home/airflow/sandbox/lib/python3.8/site-packages/airflow/example_dags/tutorial_etl_dag.py
[2021-10-24 03:09:29,426] {scheduler_job.py:643} INFO - DAG(s) dict_keys(['tutorial_etl_dag']) retrieved from /home/airflow/sandbox/lib/python3.8/site-packages/airflow/example_dags/tutorial_etl_dag.py
[2021-10-24 03:09:29,447] {logging_mixin.py:104} INFO - [2021-10-24 03:09:29,447] {dag.py:1832} INFO - Sync 1 DAGs
[2021-10-24 03:09:29,463] {logging_mixin.py:104} INFO - [2021-10-24 03:09:29,463] {dag.py:2305} INFO - Setting next_dagrun for tutorial_etl_dag to None
[2021-10-24 03:09:29,486] {scheduler_job.py:190} INFO - Processing /home/airflow/sandbox/lib/python3.8/site-packages/airflow/example_dags/tutorial_etl_dag.py took 0.083 seconds
[2021-10-24 03:10:04,148] {scheduler_job.py:182} INFO - Started process (PID=6411) to work on /home/airflow/sandbox/lib/python3.8/site-packages/airflow/example_dags/tutorial_etl_dag.py
[2021-10-24 03:10:04,149] {scheduler_job.py:633} INFO - Processing file /home/airflow/sandbox/lib/python3.8/site-packages/airflow/example_dags/tutorial_etl_dag.py for tasks to queue
[2021-10-24 03:10:04,150] {logging_mixin.py:104} INFO - [2021-10-24 03:10:04,150] {dagbag.py:487} INFO - Filling up the DagBag from /home/airflow/sandbox/lib/python3.8/site-packages/airflow/example_dags/tutorial_etl_dag.py
[2021-10-24 03:10:04,165] {scheduler_job.py:643} INFO - DAG(s) dict_keys(['tutorial_etl_dag']) retrieved from /home/airflow/sandbox/lib/python3.8/site-packages/airflow/example_dags/tutorial_etl_dag.py
[2021-10-24 03:10:04,188] {logging_mixin.py:104} INFO - [2021-10-24 03:10:04,188] {dag.py:1832} INFO - Sync 1 DAGs
[2021-10-24 03:10:04,205] {logging_mixin.py:104} INFO - [2021-10-24 03:10:04,205] {dag.py:2305} INFO - Setting next_dagrun for tutorial_etl_dag to None
[2021-10-24 03:10:04,227] {scheduler_job.py:190} INFO - Processing /home/airflow/sandbox/lib/python3.8/site-packages/airflow/example_dags/tutorial_etl_dag.py took 0.085 seconds
[2021-10-24 03:10:39,870] {scheduler_job.py:182} INFO - Started process (PID=6514) to work on /home/airflow/sandbox/lib/python3.8/site-packages/airflow/example_dags/tutorial_etl_dag.py
[2021-10-24 03:10:39,872] {scheduler_job.py:633} INFO - Processing file /home/airflow/sandbox/lib/python3.8/site-packages/airflow/example_dags/tutorial_etl_dag.py for tasks to queue
[2021-10-24 03:10:39,874] {logging_mixin.py:104} INFO - [2021-10-24 03:10:39,873] {dagbag.py:487} INFO - Filling up the DagBag from /home/airflow/sandbox/lib/python3.8/site-packages/airflow/example_dags/tutorial_etl_dag.py
[2021-10-24 03:10:39,891] {scheduler_job.py:643} INFO - DAG(s) dict_keys(['tutorial_etl_dag']) retrieved from /home/airflow/sandbox/lib/python3.8/site-packages/airflow/example_dags/tutorial_etl_dag.py
[2021-10-24 03:10:39,911] {logging_mixin.py:104} INFO - [2021-10-24 03:10:39,911] {dag.py:1832} INFO - Sync 1 DAGs
[2021-10-24 03:10:39,926] {logging_mixin.py:104} INFO - [2021-10-24 03:10:39,926] {dag.py:2305} INFO - Setting next_dagrun for tutorial_etl_dag to None
[2021-10-24 03:10:39,950] {scheduler_job.py:190} INFO - Processing /home/airflow/sandbox/lib/python3.8/site-packages/airflow/example_dags/tutorial_etl_dag.py took 0.086 seconds
[2021-10-24 03:11:16,673] {scheduler_job.py:182} INFO - Started process (PID=6616) to work on /home/airflow/sandbox/lib/python3.8/site-packages/airflow/example_dags/tutorial_etl_dag.py
[2021-10-24 03:11:16,674] {scheduler_job.py:633} INFO - Processing file /home/airflow/sandbox/lib/python3.8/site-packages/airflow/example_dags/tutorial_etl_dag.py for tasks to queue
[2021-10-24 03:11:16,675] {logging_mixin.py:104} INFO - [2021-10-24 03:11:16,674] {dagbag.py:487} INFO - Filling up the DagBag from /home/airflow/sandbox/lib/python3.8/site-packages/airflow/example_dags/tutorial_etl_dag.py
[2021-10-24 03:11:16,690] {scheduler_job.py:643} INFO - DAG(s) dict_keys(['tutorial_etl_dag']) retrieved from /home/airflow/sandbox/lib/python3.8/site-packages/airflow/example_dags/tutorial_etl_dag.py
[2021-10-24 03:11:16,708] {logging_mixin.py:104} INFO - [2021-10-24 03:11:16,708] {dag.py:1832} INFO - Sync 1 DAGs
[2021-10-24 03:11:16,723] {logging_mixin.py:104} INFO - [2021-10-24 03:11:16,723] {dag.py:2305} INFO - Setting next_dagrun for tutorial_etl_dag to None
[2021-10-24 03:11:16,747] {scheduler_job.py:190} INFO - Processing /home/airflow/sandbox/lib/python3.8/site-packages/airflow/example_dags/tutorial_etl_dag.py took 0.078 seconds
[2021-10-24 03:11:52,611] {scheduler_job.py:182} INFO - Started process (PID=6650) to work on /home/airflow/sandbox/lib/python3.8/site-packages/airflow/example_dags/tutorial_etl_dag.py
[2021-10-24 03:11:52,612] {scheduler_job.py:633} INFO - Processing file /home/airflow/sandbox/lib/python3.8/site-packages/airflow/example_dags/tutorial_etl_dag.py for tasks to queue
[2021-10-24 03:11:52,612] {logging_mixin.py:104} INFO - [2021-10-24 03:11:52,612] {dagbag.py:487} INFO - Filling up the DagBag from /home/airflow/sandbox/lib/python3.8/site-packages/airflow/example_dags/tutorial_etl_dag.py
[2021-10-24 03:11:52,650] {scheduler_job.py:643} INFO - DAG(s) dict_keys(['tutorial_etl_dag']) retrieved from /home/airflow/sandbox/lib/python3.8/site-packages/airflow/example_dags/tutorial_etl_dag.py
[2021-10-24 03:11:52,692] {logging_mixin.py:104} INFO - [2021-10-24 03:11:52,692] {dag.py:1832} INFO - Sync 1 DAGs
[2021-10-24 03:11:52,717] {logging_mixin.py:104} INFO - [2021-10-24 03:11:52,717] {dag.py:2305} INFO - Setting next_dagrun for tutorial_etl_dag to None
[2021-10-24 03:11:52,744] {scheduler_job.py:190} INFO - Processing /home/airflow/sandbox/lib/python3.8/site-packages/airflow/example_dags/tutorial_etl_dag.py took 0.144 seconds
[2021-10-24 03:12:27,456] {scheduler_job.py:182} INFO - Started process (PID=6705) to work on /home/airflow/sandbox/lib/python3.8/site-packages/airflow/example_dags/tutorial_etl_dag.py
[2021-10-24 03:12:27,458] {scheduler_job.py:633} INFO - Processing file /home/airflow/sandbox/lib/python3.8/site-packages/airflow/example_dags/tutorial_etl_dag.py for tasks to queue
[2021-10-24 03:12:27,459] {logging_mixin.py:104} INFO - [2021-10-24 03:12:27,459] {dagbag.py:487} INFO - Filling up the DagBag from /home/airflow/sandbox/lib/python3.8/site-packages/airflow/example_dags/tutorial_etl_dag.py
[2021-10-24 03:12:27,475] {scheduler_job.py:643} INFO - DAG(s) dict_keys(['tutorial_etl_dag']) retrieved from /home/airflow/sandbox/lib/python3.8/site-packages/airflow/example_dags/tutorial_etl_dag.py
[2021-10-24 03:12:27,496] {logging_mixin.py:104} INFO - [2021-10-24 03:12:27,496] {dag.py:1832} INFO - Sync 1 DAGs
[2021-10-24 03:12:27,512] {logging_mixin.py:104} INFO - [2021-10-24 03:12:27,512] {dag.py:2305} INFO - Setting next_dagrun for tutorial_etl_dag to None
[2021-10-24 03:12:27,540] {scheduler_job.py:190} INFO - Processing /home/airflow/sandbox/lib/python3.8/site-packages/airflow/example_dags/tutorial_etl_dag.py took 0.087 seconds
[2021-10-24 03:13:02,679] {scheduler_job.py:182} INFO - Started process (PID=6761) to work on /home/airflow/sandbox/lib/python3.8/site-packages/airflow/example_dags/tutorial_etl_dag.py
[2021-10-24 03:13:02,681] {scheduler_job.py:633} INFO - Processing file /home/airflow/sandbox/lib/python3.8/site-packages/airflow/example_dags/tutorial_etl_dag.py for tasks to queue
[2021-10-24 03:13:02,682] {logging_mixin.py:104} INFO - [2021-10-24 03:13:02,681] {dagbag.py:487} INFO - Filling up the DagBag from /home/airflow/sandbox/lib/python3.8/site-packages/airflow/example_dags/tutorial_etl_dag.py
[2021-10-24 03:13:02,699] {scheduler_job.py:643} INFO - DAG(s) dict_keys(['tutorial_etl_dag']) retrieved from /home/airflow/sandbox/lib/python3.8/site-packages/airflow/example_dags/tutorial_etl_dag.py
[2021-10-24 03:13:02,716] {logging_mixin.py:104} INFO - [2021-10-24 03:13:02,716] {dag.py:1832} INFO - Sync 1 DAGs
[2021-10-24 03:13:02,732] {logging_mixin.py:104} INFO - [2021-10-24 03:13:02,732] {dag.py:2305} INFO - Setting next_dagrun for tutorial_etl_dag to None
[2021-10-24 03:13:02,751] {scheduler_job.py:190} INFO - Processing /home/airflow/sandbox/lib/python3.8/site-packages/airflow/example_dags/tutorial_etl_dag.py took 0.077 seconds
[2021-10-24 03:13:35,637] {scheduler_job.py:182} INFO - Started process (PID=6835) to work on /home/airflow/sandbox/lib/python3.8/site-packages/airflow/example_dags/tutorial_etl_dag.py
[2021-10-24 03:13:35,638] {scheduler_job.py:633} INFO - Processing file /home/airflow/sandbox/lib/python3.8/site-packages/airflow/example_dags/tutorial_etl_dag.py for tasks to queue
[2021-10-24 03:13:35,639] {logging_mixin.py:104} INFO - [2021-10-24 03:13:35,639] {dagbag.py:487} INFO - Filling up the DagBag from /home/airflow/sandbox/lib/python3.8/site-packages/airflow/example_dags/tutorial_etl_dag.py
[2021-10-24 03:13:35,655] {scheduler_job.py:643} INFO - DAG(s) dict_keys(['tutorial_etl_dag']) retrieved from /home/airflow/sandbox/lib/python3.8/site-packages/airflow/example_dags/tutorial_etl_dag.py
[2021-10-24 03:13:35,678] {logging_mixin.py:104} INFO - [2021-10-24 03:13:35,678] {dag.py:1832} INFO - Sync 1 DAGs
[2021-10-24 03:13:35,689] {logging_mixin.py:104} INFO - [2021-10-24 03:13:35,689] {dag.py:2305} INFO - Setting next_dagrun for tutorial_etl_dag to None
[2021-10-24 03:13:35,705] {scheduler_job.py:190} INFO - Processing /home/airflow/sandbox/lib/python3.8/site-packages/airflow/example_dags/tutorial_etl_dag.py took 0.073 seconds
[2021-10-24 03:14:09,874] {scheduler_job.py:182} INFO - Started process (PID=6866) to work on /home/airflow/sandbox/lib/python3.8/site-packages/airflow/example_dags/tutorial_etl_dag.py
[2021-10-24 03:14:09,875] {scheduler_job.py:633} INFO - Processing file /home/airflow/sandbox/lib/python3.8/site-packages/airflow/example_dags/tutorial_etl_dag.py for tasks to queue
[2021-10-24 03:14:09,876] {logging_mixin.py:104} INFO - [2021-10-24 03:14:09,876] {dagbag.py:487} INFO - Filling up the DagBag from /home/airflow/sandbox/lib/python3.8/site-packages/airflow/example_dags/tutorial_etl_dag.py
[2021-10-24 03:14:09,893] {scheduler_job.py:643} INFO - DAG(s) dict_keys(['tutorial_etl_dag']) retrieved from /home/airflow/sandbox/lib/python3.8/site-packages/airflow/example_dags/tutorial_etl_dag.py
[2021-10-24 03:14:09,910] {logging_mixin.py:104} INFO - [2021-10-24 03:14:09,910] {dag.py:1832} INFO - Sync 1 DAGs
[2021-10-24 03:14:09,927] {logging_mixin.py:104} INFO - [2021-10-24 03:14:09,927] {dag.py:2305} INFO - Setting next_dagrun for tutorial_etl_dag to None
[2021-10-24 03:14:09,950] {scheduler_job.py:190} INFO - Processing /home/airflow/sandbox/lib/python3.8/site-packages/airflow/example_dags/tutorial_etl_dag.py took 0.079 seconds
[2021-10-24 03:14:44,638] {scheduler_job.py:182} INFO - Started process (PID=6963) to work on /home/airflow/sandbox/lib/python3.8/site-packages/airflow/example_dags/tutorial_etl_dag.py
[2021-10-24 03:14:44,640] {scheduler_job.py:633} INFO - Processing file /home/airflow/sandbox/lib/python3.8/site-packages/airflow/example_dags/tutorial_etl_dag.py for tasks to queue
[2021-10-24 03:14:44,641] {logging_mixin.py:104} INFO - [2021-10-24 03:14:44,640] {dagbag.py:487} INFO - Filling up the DagBag from /home/airflow/sandbox/lib/python3.8/site-packages/airflow/example_dags/tutorial_etl_dag.py
[2021-10-24 03:14:44,661] {scheduler_job.py:643} INFO - DAG(s) dict_keys(['tutorial_etl_dag']) retrieved from /home/airflow/sandbox/lib/python3.8/site-packages/airflow/example_dags/tutorial_etl_dag.py
[2021-10-24 03:14:44,688] {logging_mixin.py:104} INFO - [2021-10-24 03:14:44,688] {dag.py:1832} INFO - Sync 1 DAGs
[2021-10-24 03:14:44,706] {logging_mixin.py:104} INFO - [2021-10-24 03:14:44,705] {dag.py:2305} INFO - Setting next_dagrun for tutorial_etl_dag to None
[2021-10-24 03:14:44,729] {scheduler_job.py:190} INFO - Processing /home/airflow/sandbox/lib/python3.8/site-packages/airflow/example_dags/tutorial_etl_dag.py took 0.096 seconds
[2021-10-24 03:15:18,187] {scheduler_job.py:182} INFO - Started process (PID=7022) to work on /home/airflow/sandbox/lib/python3.8/site-packages/airflow/example_dags/tutorial_etl_dag.py
[2021-10-24 03:15:18,189] {scheduler_job.py:633} INFO - Processing file /home/airflow/sandbox/lib/python3.8/site-packages/airflow/example_dags/tutorial_etl_dag.py for tasks to queue
[2021-10-24 03:15:18,190] {logging_mixin.py:104} INFO - [2021-10-24 03:15:18,190] {dagbag.py:487} INFO - Filling up the DagBag from /home/airflow/sandbox/lib/python3.8/site-packages/airflow/example_dags/tutorial_etl_dag.py
[2021-10-24 03:15:18,208] {scheduler_job.py:643} INFO - DAG(s) dict_keys(['tutorial_etl_dag']) retrieved from /home/airflow/sandbox/lib/python3.8/site-packages/airflow/example_dags/tutorial_etl_dag.py
[2021-10-24 03:15:18,232] {logging_mixin.py:104} INFO - [2021-10-24 03:15:18,232] {dag.py:1832} INFO - Sync 1 DAGs
[2021-10-24 03:15:18,251] {logging_mixin.py:104} INFO - [2021-10-24 03:15:18,251] {dag.py:2305} INFO - Setting next_dagrun for tutorial_etl_dag to None
[2021-10-24 03:15:18,274] {scheduler_job.py:190} INFO - Processing /home/airflow/sandbox/lib/python3.8/site-packages/airflow/example_dags/tutorial_etl_dag.py took 0.091 seconds
[2021-10-24 03:15:52,855] {scheduler_job.py:182} INFO - Started process (PID=7053) to work on /home/airflow/sandbox/lib/python3.8/site-packages/airflow/example_dags/tutorial_etl_dag.py
[2021-10-24 03:15:52,856] {scheduler_job.py:633} INFO - Processing file /home/airflow/sandbox/lib/python3.8/site-packages/airflow/example_dags/tutorial_etl_dag.py for tasks to queue
[2021-10-24 03:15:52,857] {logging_mixin.py:104} INFO - [2021-10-24 03:15:52,857] {dagbag.py:487} INFO - Filling up the DagBag from /home/airflow/sandbox/lib/python3.8/site-packages/airflow/example_dags/tutorial_etl_dag.py
[2021-10-24 03:15:52,875] {scheduler_job.py:643} INFO - DAG(s) dict_keys(['tutorial_etl_dag']) retrieved from /home/airflow/sandbox/lib/python3.8/site-packages/airflow/example_dags/tutorial_etl_dag.py
[2021-10-24 03:15:52,897] {logging_mixin.py:104} INFO - [2021-10-24 03:15:52,897] {dag.py:1832} INFO - Sync 1 DAGs
[2021-10-24 03:15:52,914] {logging_mixin.py:104} INFO - [2021-10-24 03:15:52,914] {dag.py:2305} INFO - Setting next_dagrun for tutorial_etl_dag to None
[2021-10-24 03:15:52,936] {scheduler_job.py:190} INFO - Processing /home/airflow/sandbox/lib/python3.8/site-packages/airflow/example_dags/tutorial_etl_dag.py took 0.087 seconds
[2021-10-24 03:16:31,285] {scheduler_job.py:182} INFO - Started process (PID=7146) to work on /home/airflow/sandbox/lib/python3.8/site-packages/airflow/example_dags/tutorial_etl_dag.py
[2021-10-24 03:16:31,286] {scheduler_job.py:633} INFO - Processing file /home/airflow/sandbox/lib/python3.8/site-packages/airflow/example_dags/tutorial_etl_dag.py for tasks to queue
[2021-10-24 03:16:31,288] {logging_mixin.py:104} INFO - [2021-10-24 03:16:31,287] {dagbag.py:487} INFO - Filling up the DagBag from /home/airflow/sandbox/lib/python3.8/site-packages/airflow/example_dags/tutorial_etl_dag.py
[2021-10-24 03:16:31,307] {scheduler_job.py:643} INFO - DAG(s) dict_keys(['tutorial_etl_dag']) retrieved from /home/airflow/sandbox/lib/python3.8/site-packages/airflow/example_dags/tutorial_etl_dag.py
[2021-10-24 03:16:31,332] {logging_mixin.py:104} INFO - [2021-10-24 03:16:31,332] {dag.py:1832} INFO - Sync 1 DAGs
[2021-10-24 03:16:31,347] {logging_mixin.py:104} INFO - [2021-10-24 03:16:31,347] {dag.py:2305} INFO - Setting next_dagrun for tutorial_etl_dag to None
[2021-10-24 03:16:31,369] {scheduler_job.py:190} INFO - Processing /home/airflow/sandbox/lib/python3.8/site-packages/airflow/example_dags/tutorial_etl_dag.py took 0.089 seconds
[2021-10-24 03:17:42,588] {scheduler_job.py:182} INFO - Started process (PID=7633) to work on /home/airflow/sandbox/lib/python3.8/site-packages/airflow/example_dags/tutorial_etl_dag.py
[2021-10-24 03:17:42,589] {scheduler_job.py:633} INFO - Processing file /home/airflow/sandbox/lib/python3.8/site-packages/airflow/example_dags/tutorial_etl_dag.py for tasks to queue
[2021-10-24 03:17:42,590] {logging_mixin.py:104} INFO - [2021-10-24 03:17:42,590] {dagbag.py:487} INFO - Filling up the DagBag from /home/airflow/sandbox/lib/python3.8/site-packages/airflow/example_dags/tutorial_etl_dag.py
[2021-10-24 03:17:42,609] {scheduler_job.py:643} INFO - DAG(s) dict_keys(['tutorial_etl_dag']) retrieved from /home/airflow/sandbox/lib/python3.8/site-packages/airflow/example_dags/tutorial_etl_dag.py
[2021-10-24 03:17:42,633] {logging_mixin.py:104} INFO - [2021-10-24 03:17:42,633] {dag.py:1832} INFO - Sync 1 DAGs
[2021-10-24 03:17:42,650] {logging_mixin.py:104} INFO - [2021-10-24 03:17:42,650] {dag.py:2305} INFO - Setting next_dagrun for tutorial_etl_dag to None
[2021-10-24 03:17:42,675] {scheduler_job.py:190} INFO - Processing /home/airflow/sandbox/lib/python3.8/site-packages/airflow/example_dags/tutorial_etl_dag.py took 0.093 seconds
[2021-10-24 03:18:18,501] {scheduler_job.py:182} INFO - Started process (PID=7738) to work on /home/airflow/sandbox/lib/python3.8/site-packages/airflow/example_dags/tutorial_etl_dag.py
[2021-10-24 03:18:18,503] {scheduler_job.py:633} INFO - Processing file /home/airflow/sandbox/lib/python3.8/site-packages/airflow/example_dags/tutorial_etl_dag.py for tasks to queue
[2021-10-24 03:18:18,504] {logging_mixin.py:104} INFO - [2021-10-24 03:18:18,504] {dagbag.py:487} INFO - Filling up the DagBag from /home/airflow/sandbox/lib/python3.8/site-packages/airflow/example_dags/tutorial_etl_dag.py
[2021-10-24 03:18:18,521] {scheduler_job.py:643} INFO - DAG(s) dict_keys(['tutorial_etl_dag']) retrieved from /home/airflow/sandbox/lib/python3.8/site-packages/airflow/example_dags/tutorial_etl_dag.py
[2021-10-24 03:18:18,540] {logging_mixin.py:104} INFO - [2021-10-24 03:18:18,540] {dag.py:1832} INFO - Sync 1 DAGs
[2021-10-24 03:18:18,557] {logging_mixin.py:104} INFO - [2021-10-24 03:18:18,557] {dag.py:2305} INFO - Setting next_dagrun for tutorial_etl_dag to None
[2021-10-24 03:18:18,579] {scheduler_job.py:190} INFO - Processing /home/airflow/sandbox/lib/python3.8/site-packages/airflow/example_dags/tutorial_etl_dag.py took 0.080 seconds
[2021-10-24 03:18:54,136] {scheduler_job.py:182} INFO - Started process (PID=7830) to work on /home/airflow/sandbox/lib/python3.8/site-packages/airflow/example_dags/tutorial_etl_dag.py
[2021-10-24 03:18:54,137] {scheduler_job.py:633} INFO - Processing file /home/airflow/sandbox/lib/python3.8/site-packages/airflow/example_dags/tutorial_etl_dag.py for tasks to queue
[2021-10-24 03:18:54,138] {logging_mixin.py:104} INFO - [2021-10-24 03:18:54,138] {dagbag.py:487} INFO - Filling up the DagBag from /home/airflow/sandbox/lib/python3.8/site-packages/airflow/example_dags/tutorial_etl_dag.py
[2021-10-24 03:18:54,156] {scheduler_job.py:643} INFO - DAG(s) dict_keys(['tutorial_etl_dag']) retrieved from /home/airflow/sandbox/lib/python3.8/site-packages/airflow/example_dags/tutorial_etl_dag.py
[2021-10-24 03:18:54,179] {logging_mixin.py:104} INFO - [2021-10-24 03:18:54,179] {dag.py:1832} INFO - Sync 1 DAGs
[2021-10-24 03:18:54,198] {logging_mixin.py:104} INFO - [2021-10-24 03:18:54,198] {dag.py:2305} INFO - Setting next_dagrun for tutorial_etl_dag to None
[2021-10-24 03:18:54,222] {scheduler_job.py:190} INFO - Processing /home/airflow/sandbox/lib/python3.8/site-packages/airflow/example_dags/tutorial_etl_dag.py took 0.092 seconds
[2021-10-24 03:19:29,848] {scheduler_job.py:182} INFO - Started process (PID=7861) to work on /home/airflow/sandbox/lib/python3.8/site-packages/airflow/example_dags/tutorial_etl_dag.py
[2021-10-24 03:19:29,849] {scheduler_job.py:633} INFO - Processing file /home/airflow/sandbox/lib/python3.8/site-packages/airflow/example_dags/tutorial_etl_dag.py for tasks to queue
[2021-10-24 03:19:29,849] {logging_mixin.py:104} INFO - [2021-10-24 03:19:29,849] {dagbag.py:487} INFO - Filling up the DagBag from /home/airflow/sandbox/lib/python3.8/site-packages/airflow/example_dags/tutorial_etl_dag.py
[2021-10-24 03:19:29,867] {scheduler_job.py:643} INFO - DAG(s) dict_keys(['tutorial_etl_dag']) retrieved from /home/airflow/sandbox/lib/python3.8/site-packages/airflow/example_dags/tutorial_etl_dag.py
[2021-10-24 03:19:29,886] {logging_mixin.py:104} INFO - [2021-10-24 03:19:29,886] {dag.py:1832} INFO - Sync 1 DAGs
[2021-10-24 03:19:29,902] {logging_mixin.py:104} INFO - [2021-10-24 03:19:29,902] {dag.py:2305} INFO - Setting next_dagrun for tutorial_etl_dag to None
[2021-10-24 03:19:29,925] {scheduler_job.py:190} INFO - Processing /home/airflow/sandbox/lib/python3.8/site-packages/airflow/example_dags/tutorial_etl_dag.py took 0.082 seconds
[2021-10-24 03:20:03,965] {scheduler_job.py:182} INFO - Started process (PID=7890) to work on /home/airflow/sandbox/lib/python3.8/site-packages/airflow/example_dags/tutorial_etl_dag.py
[2021-10-24 03:20:03,967] {scheduler_job.py:633} INFO - Processing file /home/airflow/sandbox/lib/python3.8/site-packages/airflow/example_dags/tutorial_etl_dag.py for tasks to queue
[2021-10-24 03:20:03,968] {logging_mixin.py:104} INFO - [2021-10-24 03:20:03,967] {dagbag.py:487} INFO - Filling up the DagBag from /home/airflow/sandbox/lib/python3.8/site-packages/airflow/example_dags/tutorial_etl_dag.py
[2021-10-24 03:20:03,987] {scheduler_job.py:643} INFO - DAG(s) dict_keys(['tutorial_etl_dag']) retrieved from /home/airflow/sandbox/lib/python3.8/site-packages/airflow/example_dags/tutorial_etl_dag.py
[2021-10-24 03:20:04,008] {logging_mixin.py:104} INFO - [2021-10-24 03:20:04,008] {dag.py:1832} INFO - Sync 1 DAGs
[2021-10-24 03:20:04,025] {logging_mixin.py:104} INFO - [2021-10-24 03:20:04,025] {dag.py:2305} INFO - Setting next_dagrun for tutorial_etl_dag to None
[2021-10-24 03:20:04,048] {scheduler_job.py:190} INFO - Processing /home/airflow/sandbox/lib/python3.8/site-packages/airflow/example_dags/tutorial_etl_dag.py took 0.088 seconds
[2021-10-24 03:20:36,837] {scheduler_job.py:182} INFO - Started process (PID=7919) to work on /home/airflow/sandbox/lib/python3.8/site-packages/airflow/example_dags/tutorial_etl_dag.py
[2021-10-24 03:20:36,840] {scheduler_job.py:633} INFO - Processing file /home/airflow/sandbox/lib/python3.8/site-packages/airflow/example_dags/tutorial_etl_dag.py for tasks to queue
[2021-10-24 03:20:36,841] {logging_mixin.py:104} INFO - [2021-10-24 03:20:36,841] {dagbag.py:487} INFO - Filling up the DagBag from /home/airflow/sandbox/lib/python3.8/site-packages/airflow/example_dags/tutorial_etl_dag.py
[2021-10-24 03:20:36,855] {scheduler_job.py:643} INFO - DAG(s) dict_keys(['tutorial_etl_dag']) retrieved from /home/airflow/sandbox/lib/python3.8/site-packages/airflow/example_dags/tutorial_etl_dag.py
[2021-10-24 03:20:36,875] {logging_mixin.py:104} INFO - [2021-10-24 03:20:36,875] {dag.py:1832} INFO - Sync 1 DAGs
[2021-10-24 03:20:36,894] {logging_mixin.py:104} INFO - [2021-10-24 03:20:36,894] {dag.py:2305} INFO - Setting next_dagrun for tutorial_etl_dag to None
[2021-10-24 03:20:36,917] {scheduler_job.py:190} INFO - Processing /home/airflow/sandbox/lib/python3.8/site-packages/airflow/example_dags/tutorial_etl_dag.py took 0.085 seconds
[2021-10-24 03:21:10,812] {scheduler_job.py:182} INFO - Started process (PID=7948) to work on /home/airflow/sandbox/lib/python3.8/site-packages/airflow/example_dags/tutorial_etl_dag.py
[2021-10-24 03:21:10,814] {scheduler_job.py:633} INFO - Processing file /home/airflow/sandbox/lib/python3.8/site-packages/airflow/example_dags/tutorial_etl_dag.py for tasks to queue
[2021-10-24 03:21:10,815] {logging_mixin.py:104} INFO - [2021-10-24 03:21:10,815] {dagbag.py:487} INFO - Filling up the DagBag from /home/airflow/sandbox/lib/python3.8/site-packages/airflow/example_dags/tutorial_etl_dag.py
[2021-10-24 03:21:10,834] {scheduler_job.py:643} INFO - DAG(s) dict_keys(['tutorial_etl_dag']) retrieved from /home/airflow/sandbox/lib/python3.8/site-packages/airflow/example_dags/tutorial_etl_dag.py
[2021-10-24 03:21:10,855] {logging_mixin.py:104} INFO - [2021-10-24 03:21:10,855] {dag.py:1832} INFO - Sync 1 DAGs
[2021-10-24 03:21:10,873] {logging_mixin.py:104} INFO - [2021-10-24 03:21:10,873] {dag.py:2305} INFO - Setting next_dagrun for tutorial_etl_dag to None
[2021-10-24 03:21:10,896] {scheduler_job.py:190} INFO - Processing /home/airflow/sandbox/lib/python3.8/site-packages/airflow/example_dags/tutorial_etl_dag.py took 0.089 seconds
[2021-10-24 03:21:45,305] {scheduler_job.py:182} INFO - Started process (PID=8040) to work on /home/airflow/sandbox/lib/python3.8/site-packages/airflow/example_dags/tutorial_etl_dag.py
[2021-10-24 03:21:45,307] {scheduler_job.py:633} INFO - Processing file /home/airflow/sandbox/lib/python3.8/site-packages/airflow/example_dags/tutorial_etl_dag.py for tasks to queue
[2021-10-24 03:21:45,308] {logging_mixin.py:104} INFO - [2021-10-24 03:21:45,307] {dagbag.py:487} INFO - Filling up the DagBag from /home/airflow/sandbox/lib/python3.8/site-packages/airflow/example_dags/tutorial_etl_dag.py
[2021-10-24 03:21:45,323] {scheduler_job.py:643} INFO - DAG(s) dict_keys(['tutorial_etl_dag']) retrieved from /home/airflow/sandbox/lib/python3.8/site-packages/airflow/example_dags/tutorial_etl_dag.py
[2021-10-24 03:21:45,346] {logging_mixin.py:104} INFO - [2021-10-24 03:21:45,346] {dag.py:1832} INFO - Sync 1 DAGs
[2021-10-24 03:21:45,365] {logging_mixin.py:104} INFO - [2021-10-24 03:21:45,364] {dag.py:2305} INFO - Setting next_dagrun for tutorial_etl_dag to None
[2021-10-24 03:21:45,388] {scheduler_job.py:190} INFO - Processing /home/airflow/sandbox/lib/python3.8/site-packages/airflow/example_dags/tutorial_etl_dag.py took 0.088 seconds
[2021-10-24 03:22:20,990] {scheduler_job.py:182} INFO - Started process (PID=8071) to work on /home/airflow/sandbox/lib/python3.8/site-packages/airflow/example_dags/tutorial_etl_dag.py
[2021-10-24 03:22:20,991] {scheduler_job.py:633} INFO - Processing file /home/airflow/sandbox/lib/python3.8/site-packages/airflow/example_dags/tutorial_etl_dag.py for tasks to queue
[2021-10-24 03:22:20,992] {logging_mixin.py:104} INFO - [2021-10-24 03:22:20,992] {dagbag.py:487} INFO - Filling up the DagBag from /home/airflow/sandbox/lib/python3.8/site-packages/airflow/example_dags/tutorial_etl_dag.py
[2021-10-24 03:22:21,010] {scheduler_job.py:643} INFO - DAG(s) dict_keys(['tutorial_etl_dag']) retrieved from /home/airflow/sandbox/lib/python3.8/site-packages/airflow/example_dags/tutorial_etl_dag.py
[2021-10-24 03:22:21,033] {logging_mixin.py:104} INFO - [2021-10-24 03:22:21,032] {dag.py:1832} INFO - Sync 1 DAGs
[2021-10-24 03:22:21,051] {logging_mixin.py:104} INFO - [2021-10-24 03:22:21,050] {dag.py:2305} INFO - Setting next_dagrun for tutorial_etl_dag to None
[2021-10-24 03:22:21,073] {scheduler_job.py:190} INFO - Processing /home/airflow/sandbox/lib/python3.8/site-packages/airflow/example_dags/tutorial_etl_dag.py took 0.087 seconds
[2021-10-24 03:22:56,792] {scheduler_job.py:182} INFO - Started process (PID=8102) to work on /home/airflow/sandbox/lib/python3.8/site-packages/airflow/example_dags/tutorial_etl_dag.py
[2021-10-24 03:22:56,794] {scheduler_job.py:633} INFO - Processing file /home/airflow/sandbox/lib/python3.8/site-packages/airflow/example_dags/tutorial_etl_dag.py for tasks to queue
[2021-10-24 03:22:56,795] {logging_mixin.py:104} INFO - [2021-10-24 03:22:56,795] {dagbag.py:487} INFO - Filling up the DagBag from /home/airflow/sandbox/lib/python3.8/site-packages/airflow/example_dags/tutorial_etl_dag.py
[2021-10-24 03:22:56,815] {scheduler_job.py:643} INFO - DAG(s) dict_keys(['tutorial_etl_dag']) retrieved from /home/airflow/sandbox/lib/python3.8/site-packages/airflow/example_dags/tutorial_etl_dag.py
[2021-10-24 03:22:56,839] {logging_mixin.py:104} INFO - [2021-10-24 03:22:56,839] {dag.py:1832} INFO - Sync 1 DAGs
[2021-10-24 03:22:56,855] {logging_mixin.py:104} INFO - [2021-10-24 03:22:56,855] {dag.py:2305} INFO - Setting next_dagrun for tutorial_etl_dag to None
[2021-10-24 03:22:56,879] {scheduler_job.py:190} INFO - Processing /home/airflow/sandbox/lib/python3.8/site-packages/airflow/example_dags/tutorial_etl_dag.py took 0.091 seconds
[2021-10-24 03:23:32,013] {scheduler_job.py:182} INFO - Started process (PID=8176) to work on /home/airflow/sandbox/lib/python3.8/site-packages/airflow/example_dags/tutorial_etl_dag.py
[2021-10-24 03:23:32,014] {scheduler_job.py:633} INFO - Processing file /home/airflow/sandbox/lib/python3.8/site-packages/airflow/example_dags/tutorial_etl_dag.py for tasks to queue
[2021-10-24 03:23:32,015] {logging_mixin.py:104} INFO - [2021-10-24 03:23:32,015] {dagbag.py:487} INFO - Filling up the DagBag from /home/airflow/sandbox/lib/python3.8/site-packages/airflow/example_dags/tutorial_etl_dag.py
[2021-10-24 03:23:32,033] {scheduler_job.py:643} INFO - DAG(s) dict_keys(['tutorial_etl_dag']) retrieved from /home/airflow/sandbox/lib/python3.8/site-packages/airflow/example_dags/tutorial_etl_dag.py
[2021-10-24 03:23:32,053] {logging_mixin.py:104} INFO - [2021-10-24 03:23:32,053] {dag.py:1832} INFO - Sync 1 DAGs
[2021-10-24 03:23:32,070] {logging_mixin.py:104} INFO - [2021-10-24 03:23:32,070] {dag.py:2305} INFO - Setting next_dagrun for tutorial_etl_dag to None
[2021-10-24 03:23:32,095] {scheduler_job.py:190} INFO - Processing /home/airflow/sandbox/lib/python3.8/site-packages/airflow/example_dags/tutorial_etl_dag.py took 0.087 seconds
[2021-10-24 03:24:05,378] {scheduler_job.py:182} INFO - Started process (PID=8207) to work on /home/airflow/sandbox/lib/python3.8/site-packages/airflow/example_dags/tutorial_etl_dag.py
[2021-10-24 03:24:05,378] {scheduler_job.py:633} INFO - Processing file /home/airflow/sandbox/lib/python3.8/site-packages/airflow/example_dags/tutorial_etl_dag.py for tasks to queue
[2021-10-24 03:24:05,379] {logging_mixin.py:104} INFO - [2021-10-24 03:24:05,379] {dagbag.py:487} INFO - Filling up the DagBag from /home/airflow/sandbox/lib/python3.8/site-packages/airflow/example_dags/tutorial_etl_dag.py
[2021-10-24 03:24:05,387] {scheduler_job.py:643} INFO - DAG(s) dict_keys(['tutorial_etl_dag']) retrieved from /home/airflow/sandbox/lib/python3.8/site-packages/airflow/example_dags/tutorial_etl_dag.py
[2021-10-24 03:24:05,399] {logging_mixin.py:104} INFO - [2021-10-24 03:24:05,399] {dag.py:1832} INFO - Sync 1 DAGs
[2021-10-24 03:24:05,407] {logging_mixin.py:104} INFO - [2021-10-24 03:24:05,406] {dag.py:2305} INFO - Setting next_dagrun for tutorial_etl_dag to None
[2021-10-24 03:24:05,421] {scheduler_job.py:190} INFO - Processing /home/airflow/sandbox/lib/python3.8/site-packages/airflow/example_dags/tutorial_etl_dag.py took 0.046 seconds
[2021-10-24 03:24:40,620] {scheduler_job.py:182} INFO - Started process (PID=8237) to work on /home/airflow/sandbox/lib/python3.8/site-packages/airflow/example_dags/tutorial_etl_dag.py
[2021-10-24 03:24:40,622] {scheduler_job.py:633} INFO - Processing file /home/airflow/sandbox/lib/python3.8/site-packages/airflow/example_dags/tutorial_etl_dag.py for tasks to queue
[2021-10-24 03:24:40,623] {logging_mixin.py:104} INFO - [2021-10-24 03:24:40,623] {dagbag.py:487} INFO - Filling up the DagBag from /home/airflow/sandbox/lib/python3.8/site-packages/airflow/example_dags/tutorial_etl_dag.py
[2021-10-24 03:24:40,640] {scheduler_job.py:643} INFO - DAG(s) dict_keys(['tutorial_etl_dag']) retrieved from /home/airflow/sandbox/lib/python3.8/site-packages/airflow/example_dags/tutorial_etl_dag.py
[2021-10-24 03:24:40,663] {logging_mixin.py:104} INFO - [2021-10-24 03:24:40,663] {dag.py:1832} INFO - Sync 1 DAGs
[2021-10-24 03:24:40,681] {logging_mixin.py:104} INFO - [2021-10-24 03:24:40,681] {dag.py:2305} INFO - Setting next_dagrun for tutorial_etl_dag to None
[2021-10-24 03:24:40,706] {scheduler_job.py:190} INFO - Processing /home/airflow/sandbox/lib/python3.8/site-packages/airflow/example_dags/tutorial_etl_dag.py took 0.091 seconds
[2021-10-24 03:25:13,969] {scheduler_job.py:182} INFO - Started process (PID=8266) to work on /home/airflow/sandbox/lib/python3.8/site-packages/airflow/example_dags/tutorial_etl_dag.py
[2021-10-24 03:25:13,971] {scheduler_job.py:633} INFO - Processing file /home/airflow/sandbox/lib/python3.8/site-packages/airflow/example_dags/tutorial_etl_dag.py for tasks to queue
[2021-10-24 03:25:13,972] {logging_mixin.py:104} INFO - [2021-10-24 03:25:13,972] {dagbag.py:487} INFO - Filling up the DagBag from /home/airflow/sandbox/lib/python3.8/site-packages/airflow/example_dags/tutorial_etl_dag.py
[2021-10-24 03:25:13,990] {scheduler_job.py:643} INFO - DAG(s) dict_keys(['tutorial_etl_dag']) retrieved from /home/airflow/sandbox/lib/python3.8/site-packages/airflow/example_dags/tutorial_etl_dag.py
[2021-10-24 03:25:14,013] {logging_mixin.py:104} INFO - [2021-10-24 03:25:14,013] {dag.py:1832} INFO - Sync 1 DAGs
[2021-10-24 03:25:14,032] {logging_mixin.py:104} INFO - [2021-10-24 03:25:14,031] {dag.py:2305} INFO - Setting next_dagrun for tutorial_etl_dag to None
[2021-10-24 03:25:14,054] {scheduler_job.py:190} INFO - Processing /home/airflow/sandbox/lib/python3.8/site-packages/airflow/example_dags/tutorial_etl_dag.py took 0.090 seconds
[2021-10-24 03:25:52,061] {scheduler_job.py:182} INFO - Started process (PID=8297) to work on /home/airflow/sandbox/lib/python3.8/site-packages/airflow/example_dags/tutorial_etl_dag.py
[2021-10-24 03:25:52,062] {scheduler_job.py:633} INFO - Processing file /home/airflow/sandbox/lib/python3.8/site-packages/airflow/example_dags/tutorial_etl_dag.py for tasks to queue
[2021-10-24 03:25:52,064] {logging_mixin.py:104} INFO - [2021-10-24 03:25:52,063] {dagbag.py:487} INFO - Filling up the DagBag from /home/airflow/sandbox/lib/python3.8/site-packages/airflow/example_dags/tutorial_etl_dag.py
[2021-10-24 03:25:52,082] {scheduler_job.py:643} INFO - DAG(s) dict_keys(['tutorial_etl_dag']) retrieved from /home/airflow/sandbox/lib/python3.8/site-packages/airflow/example_dags/tutorial_etl_dag.py
[2021-10-24 03:25:52,105] {logging_mixin.py:104} INFO - [2021-10-24 03:25:52,104] {dag.py:1832} INFO - Sync 1 DAGs
[2021-10-24 03:25:52,122] {logging_mixin.py:104} INFO - [2021-10-24 03:25:52,122] {dag.py:2305} INFO - Setting next_dagrun for tutorial_etl_dag to None
[2021-10-24 03:25:52,147] {scheduler_job.py:190} INFO - Processing /home/airflow/sandbox/lib/python3.8/site-packages/airflow/example_dags/tutorial_etl_dag.py took 0.091 seconds
[2021-10-24 03:26:27,490] {scheduler_job.py:182} INFO - Started process (PID=8327) to work on /home/airflow/sandbox/lib/python3.8/site-packages/airflow/example_dags/tutorial_etl_dag.py
[2021-10-24 03:26:27,491] {scheduler_job.py:633} INFO - Processing file /home/airflow/sandbox/lib/python3.8/site-packages/airflow/example_dags/tutorial_etl_dag.py for tasks to queue
[2021-10-24 03:26:27,492] {logging_mixin.py:104} INFO - [2021-10-24 03:26:27,492] {dagbag.py:487} INFO - Filling up the DagBag from /home/airflow/sandbox/lib/python3.8/site-packages/airflow/example_dags/tutorial_etl_dag.py
[2021-10-24 03:26:27,512] {scheduler_job.py:643} INFO - DAG(s) dict_keys(['tutorial_etl_dag']) retrieved from /home/airflow/sandbox/lib/python3.8/site-packages/airflow/example_dags/tutorial_etl_dag.py
[2021-10-24 03:26:27,536] {logging_mixin.py:104} INFO - [2021-10-24 03:26:27,535] {dag.py:1832} INFO - Sync 1 DAGs
[2021-10-24 03:26:27,560] {logging_mixin.py:104} INFO - [2021-10-24 03:26:27,559] {dag.py:2305} INFO - Setting next_dagrun for tutorial_etl_dag to None
[2021-10-24 03:26:27,577] {scheduler_job.py:190} INFO - Processing /home/airflow/sandbox/lib/python3.8/site-packages/airflow/example_dags/tutorial_etl_dag.py took 0.096 seconds
[2021-10-24 03:27:05,066] {scheduler_job.py:182} INFO - Started process (PID=8359) to work on /home/airflow/sandbox/lib/python3.8/site-packages/airflow/example_dags/tutorial_etl_dag.py
[2021-10-24 03:27:05,067] {scheduler_job.py:633} INFO - Processing file /home/airflow/sandbox/lib/python3.8/site-packages/airflow/example_dags/tutorial_etl_dag.py for tasks to queue
[2021-10-24 03:27:05,067] {logging_mixin.py:104} INFO - [2021-10-24 03:27:05,067] {dagbag.py:487} INFO - Filling up the DagBag from /home/airflow/sandbox/lib/python3.8/site-packages/airflow/example_dags/tutorial_etl_dag.py
[2021-10-24 03:27:05,078] {scheduler_job.py:643} INFO - DAG(s) dict_keys(['tutorial_etl_dag']) retrieved from /home/airflow/sandbox/lib/python3.8/site-packages/airflow/example_dags/tutorial_etl_dag.py
[2021-10-24 03:27:05,089] {logging_mixin.py:104} INFO - [2021-10-24 03:27:05,089] {dag.py:1832} INFO - Sync 1 DAGs
[2021-10-24 03:27:05,098] {logging_mixin.py:104} INFO - [2021-10-24 03:27:05,098] {dag.py:2305} INFO - Setting next_dagrun for tutorial_etl_dag to None
[2021-10-24 03:27:05,110] {scheduler_job.py:190} INFO - Processing /home/airflow/sandbox/lib/python3.8/site-packages/airflow/example_dags/tutorial_etl_dag.py took 0.050 seconds
[2021-10-24 03:27:39,186] {scheduler_job.py:182} INFO - Started process (PID=8391) to work on /home/airflow/sandbox/lib/python3.8/site-packages/airflow/example_dags/tutorial_etl_dag.py
[2021-10-24 03:27:39,188] {scheduler_job.py:633} INFO - Processing file /home/airflow/sandbox/lib/python3.8/site-packages/airflow/example_dags/tutorial_etl_dag.py for tasks to queue
[2021-10-24 03:27:39,189] {logging_mixin.py:104} INFO - [2021-10-24 03:27:39,189] {dagbag.py:487} INFO - Filling up the DagBag from /home/airflow/sandbox/lib/python3.8/site-packages/airflow/example_dags/tutorial_etl_dag.py
[2021-10-24 03:27:39,209] {scheduler_job.py:643} INFO - DAG(s) dict_keys(['tutorial_etl_dag']) retrieved from /home/airflow/sandbox/lib/python3.8/site-packages/airflow/example_dags/tutorial_etl_dag.py
[2021-10-24 03:27:39,233] {logging_mixin.py:104} INFO - [2021-10-24 03:27:39,232] {dag.py:1832} INFO - Sync 1 DAGs
[2021-10-24 03:27:39,251] {logging_mixin.py:104} INFO - [2021-10-24 03:27:39,251] {dag.py:2305} INFO - Setting next_dagrun for tutorial_etl_dag to None
[2021-10-24 03:27:39,274] {scheduler_job.py:190} INFO - Processing /home/airflow/sandbox/lib/python3.8/site-packages/airflow/example_dags/tutorial_etl_dag.py took 0.093 seconds
[2021-10-24 03:28:14,808] {scheduler_job.py:182} INFO - Started process (PID=8443) to work on /home/airflow/sandbox/lib/python3.8/site-packages/airflow/example_dags/tutorial_etl_dag.py
[2021-10-24 03:28:14,810] {scheduler_job.py:633} INFO - Processing file /home/airflow/sandbox/lib/python3.8/site-packages/airflow/example_dags/tutorial_etl_dag.py for tasks to queue
[2021-10-24 03:28:14,811] {logging_mixin.py:104} INFO - [2021-10-24 03:28:14,811] {dagbag.py:487} INFO - Filling up the DagBag from /home/airflow/sandbox/lib/python3.8/site-packages/airflow/example_dags/tutorial_etl_dag.py
[2021-10-24 03:28:14,829] {scheduler_job.py:643} INFO - DAG(s) dict_keys(['tutorial_etl_dag']) retrieved from /home/airflow/sandbox/lib/python3.8/site-packages/airflow/example_dags/tutorial_etl_dag.py
[2021-10-24 03:28:14,855] {logging_mixin.py:104} INFO - [2021-10-24 03:28:14,855] {dag.py:1832} INFO - Sync 1 DAGs
[2021-10-24 03:28:14,873] {logging_mixin.py:104} INFO - [2021-10-24 03:28:14,873] {dag.py:2305} INFO - Setting next_dagrun for tutorial_etl_dag to None
[2021-10-24 03:28:14,895] {scheduler_job.py:190} INFO - Processing /home/airflow/sandbox/lib/python3.8/site-packages/airflow/example_dags/tutorial_etl_dag.py took 0.092 seconds
[2021-10-24 03:28:50,007] {scheduler_job.py:182} INFO - Started process (PID=8555) to work on /home/airflow/sandbox/lib/python3.8/site-packages/airflow/example_dags/tutorial_etl_dag.py
[2021-10-24 03:28:50,009] {scheduler_job.py:633} INFO - Processing file /home/airflow/sandbox/lib/python3.8/site-packages/airflow/example_dags/tutorial_etl_dag.py for tasks to queue
[2021-10-24 03:28:50,010] {logging_mixin.py:104} INFO - [2021-10-24 03:28:50,009] {dagbag.py:487} INFO - Filling up the DagBag from /home/airflow/sandbox/lib/python3.8/site-packages/airflow/example_dags/tutorial_etl_dag.py
[2021-10-24 03:28:50,029] {scheduler_job.py:643} INFO - DAG(s) dict_keys(['tutorial_etl_dag']) retrieved from /home/airflow/sandbox/lib/python3.8/site-packages/airflow/example_dags/tutorial_etl_dag.py
[2021-10-24 03:28:50,053] {logging_mixin.py:104} INFO - [2021-10-24 03:28:50,052] {dag.py:1832} INFO - Sync 1 DAGs
[2021-10-24 03:28:50,070] {logging_mixin.py:104} INFO - [2021-10-24 03:28:50,070] {dag.py:2305} INFO - Setting next_dagrun for tutorial_etl_dag to None
[2021-10-24 03:28:50,090] {scheduler_job.py:190} INFO - Processing /home/airflow/sandbox/lib/python3.8/site-packages/airflow/example_dags/tutorial_etl_dag.py took 0.087 seconds
[2021-10-24 03:29:27,555] {scheduler_job.py:182} INFO - Started process (PID=8767) to work on /home/airflow/sandbox/lib/python3.8/site-packages/airflow/example_dags/tutorial_etl_dag.py
[2021-10-24 03:29:27,557] {scheduler_job.py:633} INFO - Processing file /home/airflow/sandbox/lib/python3.8/site-packages/airflow/example_dags/tutorial_etl_dag.py for tasks to queue
[2021-10-24 03:29:27,558] {logging_mixin.py:104} INFO - [2021-10-24 03:29:27,558] {dagbag.py:487} INFO - Filling up the DagBag from /home/airflow/sandbox/lib/python3.8/site-packages/airflow/example_dags/tutorial_etl_dag.py
[2021-10-24 03:29:27,577] {scheduler_job.py:643} INFO - DAG(s) dict_keys(['tutorial_etl_dag']) retrieved from /home/airflow/sandbox/lib/python3.8/site-packages/airflow/example_dags/tutorial_etl_dag.py
[2021-10-24 03:29:27,599] {logging_mixin.py:104} INFO - [2021-10-24 03:29:27,599] {dag.py:1832} INFO - Sync 1 DAGs
[2021-10-24 03:29:27,618] {logging_mixin.py:104} INFO - [2021-10-24 03:29:27,618] {dag.py:2305} INFO - Setting next_dagrun for tutorial_etl_dag to None
[2021-10-24 03:29:27,638] {scheduler_job.py:190} INFO - Processing /home/airflow/sandbox/lib/python3.8/site-packages/airflow/example_dags/tutorial_etl_dag.py took 0.087 seconds
[2021-10-24 03:30:02,254] {scheduler_job.py:182} INFO - Started process (PID=8862) to work on /home/airflow/sandbox/lib/python3.8/site-packages/airflow/example_dags/tutorial_etl_dag.py
[2021-10-24 03:30:02,255] {scheduler_job.py:633} INFO - Processing file /home/airflow/sandbox/lib/python3.8/site-packages/airflow/example_dags/tutorial_etl_dag.py for tasks to queue
[2021-10-24 03:30:02,255] {logging_mixin.py:104} INFO - [2021-10-24 03:30:02,255] {dagbag.py:487} INFO - Filling up the DagBag from /home/airflow/sandbox/lib/python3.8/site-packages/airflow/example_dags/tutorial_etl_dag.py
[2021-10-24 03:30:02,263] {scheduler_job.py:643} INFO - DAG(s) dict_keys(['tutorial_etl_dag']) retrieved from /home/airflow/sandbox/lib/python3.8/site-packages/airflow/example_dags/tutorial_etl_dag.py
[2021-10-24 03:30:02,272] {logging_mixin.py:104} INFO - [2021-10-24 03:30:02,272] {dag.py:1832} INFO - Sync 1 DAGs
[2021-10-24 03:30:02,278] {logging_mixin.py:104} INFO - [2021-10-24 03:30:02,278] {dag.py:2305} INFO - Setting next_dagrun for tutorial_etl_dag to None
[2021-10-24 03:30:02,292] {scheduler_job.py:190} INFO - Processing /home/airflow/sandbox/lib/python3.8/site-packages/airflow/example_dags/tutorial_etl_dag.py took 0.040 seconds
[2021-10-24 06:05:14,353] {scheduler_job.py:182} INFO - Started process (PID=8930) to work on /home/airflow/sandbox/lib/python3.8/site-packages/airflow/example_dags/tutorial_etl_dag.py
[2021-10-24 06:05:14,354] {scheduler_job.py:633} INFO - Processing file /home/airflow/sandbox/lib/python3.8/site-packages/airflow/example_dags/tutorial_etl_dag.py for tasks to queue
[2021-10-24 06:05:14,355] {logging_mixin.py:104} INFO - [2021-10-24 06:05:14,355] {dagbag.py:487} INFO - Filling up the DagBag from /home/airflow/sandbox/lib/python3.8/site-packages/airflow/example_dags/tutorial_etl_dag.py
[2021-10-24 06:05:14,376] {scheduler_job.py:643} INFO - DAG(s) dict_keys(['tutorial_etl_dag']) retrieved from /home/airflow/sandbox/lib/python3.8/site-packages/airflow/example_dags/tutorial_etl_dag.py
[2021-10-24 06:05:14,447] {logging_mixin.py:104} INFO - [2021-10-24 06:05:14,447] {dag.py:1832} INFO - Sync 1 DAGs
[2021-10-24 06:05:14,495] {logging_mixin.py:104} INFO - [2021-10-24 06:05:14,495] {dag.py:2305} INFO - Setting next_dagrun for tutorial_etl_dag to None
[2021-10-24 06:05:14,554] {scheduler_job.py:190} INFO - Processing /home/airflow/sandbox/lib/python3.8/site-packages/airflow/example_dags/tutorial_etl_dag.py took 0.216 seconds
[2021-10-24 06:05:51,603] {scheduler_job.py:182} INFO - Started process (PID=9271) to work on /home/airflow/sandbox/lib/python3.8/site-packages/airflow/example_dags/tutorial_etl_dag.py
[2021-10-24 06:05:51,605] {scheduler_job.py:633} INFO - Processing file /home/airflow/sandbox/lib/python3.8/site-packages/airflow/example_dags/tutorial_etl_dag.py for tasks to queue
[2021-10-24 06:05:51,606] {logging_mixin.py:104} INFO - [2021-10-24 06:05:51,606] {dagbag.py:487} INFO - Filling up the DagBag from /home/airflow/sandbox/lib/python3.8/site-packages/airflow/example_dags/tutorial_etl_dag.py
[2021-10-24 06:05:51,624] {scheduler_job.py:643} INFO - DAG(s) dict_keys(['tutorial_etl_dag']) retrieved from /home/airflow/sandbox/lib/python3.8/site-packages/airflow/example_dags/tutorial_etl_dag.py
[2021-10-24 06:05:51,636] {logging_mixin.py:104} INFO - [2021-10-24 06:05:51,636] {dag.py:1832} INFO - Sync 1 DAGs
[2021-10-24 06:05:51,646] {logging_mixin.py:104} INFO - [2021-10-24 06:05:51,646] {dag.py:2305} INFO - Setting next_dagrun for tutorial_etl_dag to None
[2021-10-24 06:05:51,661] {scheduler_job.py:190} INFO - Processing /home/airflow/sandbox/lib/python3.8/site-packages/airflow/example_dags/tutorial_etl_dag.py took 0.063 seconds
