[2021-10-24 03:08:15,392] {scheduler_job.py:182} INFO - Started process (PID=6214) to work on /home/airflow/sandbox/lib/python3.8/site-packages/airflow/example_dags/tutorial_taskflow_api_etl_virtualenv.py
[2021-10-24 03:08:15,394] {scheduler_job.py:633} INFO - Processing file /home/airflow/sandbox/lib/python3.8/site-packages/airflow/example_dags/tutorial_taskflow_api_etl_virtualenv.py for tasks to queue
[2021-10-24 03:08:15,394] {logging_mixin.py:104} INFO - [2021-10-24 03:08:15,394] {dagbag.py:487} INFO - Filling up the DagBag from /home/airflow/sandbox/lib/python3.8/site-packages/airflow/example_dags/tutorial_taskflow_api_etl_virtualenv.py
[2021-10-24 03:08:15,420] {scheduler_job.py:643} INFO - DAG(s) dict_keys(['tutorial_taskflow_api_etl_virtualenv']) retrieved from /home/airflow/sandbox/lib/python3.8/site-packages/airflow/example_dags/tutorial_taskflow_api_etl_virtualenv.py
[2021-10-24 03:08:15,864] {logging_mixin.py:104} INFO - [2021-10-24 03:08:15,864] {dag.py:1832} INFO - Sync 1 DAGs
[2021-10-24 03:08:15,875] {logging_mixin.py:104} INFO - [2021-10-24 03:08:15,875] {dag.py:2305} INFO - Setting next_dagrun for tutorial_taskflow_api_etl_virtualenv to None
[2021-10-24 03:08:15,896] {scheduler_job.py:190} INFO - Processing /home/airflow/sandbox/lib/python3.8/site-packages/airflow/example_dags/tutorial_taskflow_api_etl_virtualenv.py took 0.509 seconds
[2021-10-24 03:08:51,352] {scheduler_job.py:182} INFO - Started process (PID=6336) to work on /home/airflow/sandbox/lib/python3.8/site-packages/airflow/example_dags/tutorial_taskflow_api_etl_virtualenv.py
[2021-10-24 03:08:51,354] {scheduler_job.py:633} INFO - Processing file /home/airflow/sandbox/lib/python3.8/site-packages/airflow/example_dags/tutorial_taskflow_api_etl_virtualenv.py for tasks to queue
[2021-10-24 03:08:51,355] {logging_mixin.py:104} INFO - [2021-10-24 03:08:51,355] {dagbag.py:487} INFO - Filling up the DagBag from /home/airflow/sandbox/lib/python3.8/site-packages/airflow/example_dags/tutorial_taskflow_api_etl_virtualenv.py
[2021-10-24 03:08:51,376] {scheduler_job.py:643} INFO - DAG(s) dict_keys(['tutorial_taskflow_api_etl_virtualenv']) retrieved from /home/airflow/sandbox/lib/python3.8/site-packages/airflow/example_dags/tutorial_taskflow_api_etl_virtualenv.py
[2021-10-24 03:08:51,743] {logging_mixin.py:104} INFO - [2021-10-24 03:08:51,743] {dag.py:1832} INFO - Sync 1 DAGs
[2021-10-24 03:08:51,749] {logging_mixin.py:104} INFO - [2021-10-24 03:08:51,749] {dag.py:2305} INFO - Setting next_dagrun for tutorial_taskflow_api_etl_virtualenv to None
[2021-10-24 03:08:51,764] {scheduler_job.py:190} INFO - Processing /home/airflow/sandbox/lib/python3.8/site-packages/airflow/example_dags/tutorial_taskflow_api_etl_virtualenv.py took 0.416 seconds
[2021-10-24 03:09:27,581] {scheduler_job.py:182} INFO - Started process (PID=6367) to work on /home/airflow/sandbox/lib/python3.8/site-packages/airflow/example_dags/tutorial_taskflow_api_etl_virtualenv.py
[2021-10-24 03:09:27,581] {scheduler_job.py:633} INFO - Processing file /home/airflow/sandbox/lib/python3.8/site-packages/airflow/example_dags/tutorial_taskflow_api_etl_virtualenv.py for tasks to queue
[2021-10-24 03:09:27,582] {logging_mixin.py:104} INFO - [2021-10-24 03:09:27,582] {dagbag.py:487} INFO - Filling up the DagBag from /home/airflow/sandbox/lib/python3.8/site-packages/airflow/example_dags/tutorial_taskflow_api_etl_virtualenv.py
[2021-10-24 03:09:27,617] {scheduler_job.py:643} INFO - DAG(s) dict_keys(['tutorial_taskflow_api_etl_virtualenv']) retrieved from /home/airflow/sandbox/lib/python3.8/site-packages/airflow/example_dags/tutorial_taskflow_api_etl_virtualenv.py
[2021-10-24 03:09:28,038] {logging_mixin.py:104} INFO - [2021-10-24 03:09:28,038] {dag.py:1832} INFO - Sync 1 DAGs
[2021-10-24 03:09:28,049] {logging_mixin.py:104} INFO - [2021-10-24 03:09:28,049] {dag.py:2305} INFO - Setting next_dagrun for tutorial_taskflow_api_etl_virtualenv to None
[2021-10-24 03:09:28,075] {scheduler_job.py:190} INFO - Processing /home/airflow/sandbox/lib/python3.8/site-packages/airflow/example_dags/tutorial_taskflow_api_etl_virtualenv.py took 0.498 seconds
[2021-10-24 03:10:01,322] {scheduler_job.py:182} INFO - Started process (PID=6399) to work on /home/airflow/sandbox/lib/python3.8/site-packages/airflow/example_dags/tutorial_taskflow_api_etl_virtualenv.py
[2021-10-24 03:10:01,324] {scheduler_job.py:633} INFO - Processing file /home/airflow/sandbox/lib/python3.8/site-packages/airflow/example_dags/tutorial_taskflow_api_etl_virtualenv.py for tasks to queue
[2021-10-24 03:10:01,324] {logging_mixin.py:104} INFO - [2021-10-24 03:10:01,324] {dagbag.py:487} INFO - Filling up the DagBag from /home/airflow/sandbox/lib/python3.8/site-packages/airflow/example_dags/tutorial_taskflow_api_etl_virtualenv.py
[2021-10-24 03:10:01,348] {scheduler_job.py:643} INFO - DAG(s) dict_keys(['tutorial_taskflow_api_etl_virtualenv']) retrieved from /home/airflow/sandbox/lib/python3.8/site-packages/airflow/example_dags/tutorial_taskflow_api_etl_virtualenv.py
[2021-10-24 03:10:01,829] {logging_mixin.py:104} INFO - [2021-10-24 03:10:01,829] {dag.py:1832} INFO - Sync 1 DAGs
[2021-10-24 03:10:01,842] {logging_mixin.py:104} INFO - [2021-10-24 03:10:01,842] {dag.py:2305} INFO - Setting next_dagrun for tutorial_taskflow_api_etl_virtualenv to None
[2021-10-24 03:10:01,866] {scheduler_job.py:190} INFO - Processing /home/airflow/sandbox/lib/python3.8/site-packages/airflow/example_dags/tutorial_taskflow_api_etl_virtualenv.py took 0.549 seconds
[2021-10-24 03:10:37,489] {scheduler_job.py:182} INFO - Started process (PID=6497) to work on /home/airflow/sandbox/lib/python3.8/site-packages/airflow/example_dags/tutorial_taskflow_api_etl_virtualenv.py
[2021-10-24 03:10:37,490] {scheduler_job.py:633} INFO - Processing file /home/airflow/sandbox/lib/python3.8/site-packages/airflow/example_dags/tutorial_taskflow_api_etl_virtualenv.py for tasks to queue
[2021-10-24 03:10:37,490] {logging_mixin.py:104} INFO - [2021-10-24 03:10:37,490] {dagbag.py:487} INFO - Filling up the DagBag from /home/airflow/sandbox/lib/python3.8/site-packages/airflow/example_dags/tutorial_taskflow_api_etl_virtualenv.py
[2021-10-24 03:10:37,515] {scheduler_job.py:643} INFO - DAG(s) dict_keys(['tutorial_taskflow_api_etl_virtualenv']) retrieved from /home/airflow/sandbox/lib/python3.8/site-packages/airflow/example_dags/tutorial_taskflow_api_etl_virtualenv.py
[2021-10-24 03:10:37,971] {logging_mixin.py:104} INFO - [2021-10-24 03:10:37,971] {dag.py:1832} INFO - Sync 1 DAGs
[2021-10-24 03:10:37,985] {logging_mixin.py:104} INFO - [2021-10-24 03:10:37,985] {dag.py:2305} INFO - Setting next_dagrun for tutorial_taskflow_api_etl_virtualenv to None
[2021-10-24 03:10:38,007] {scheduler_job.py:190} INFO - Processing /home/airflow/sandbox/lib/python3.8/site-packages/airflow/example_dags/tutorial_taskflow_api_etl_virtualenv.py took 0.523 seconds
[2021-10-24 03:11:14,316] {scheduler_job.py:182} INFO - Started process (PID=6614) to work on /home/airflow/sandbox/lib/python3.8/site-packages/airflow/example_dags/tutorial_taskflow_api_etl_virtualenv.py
[2021-10-24 03:11:14,318] {scheduler_job.py:633} INFO - Processing file /home/airflow/sandbox/lib/python3.8/site-packages/airflow/example_dags/tutorial_taskflow_api_etl_virtualenv.py for tasks to queue
[2021-10-24 03:11:14,318] {logging_mixin.py:104} INFO - [2021-10-24 03:11:14,318] {dagbag.py:487} INFO - Filling up the DagBag from /home/airflow/sandbox/lib/python3.8/site-packages/airflow/example_dags/tutorial_taskflow_api_etl_virtualenv.py
[2021-10-24 03:11:14,339] {scheduler_job.py:643} INFO - DAG(s) dict_keys(['tutorial_taskflow_api_etl_virtualenv']) retrieved from /home/airflow/sandbox/lib/python3.8/site-packages/airflow/example_dags/tutorial_taskflow_api_etl_virtualenv.py
[2021-10-24 03:11:14,777] {logging_mixin.py:104} INFO - [2021-10-24 03:11:14,776] {dag.py:1832} INFO - Sync 1 DAGs
[2021-10-24 03:11:14,791] {logging_mixin.py:104} INFO - [2021-10-24 03:11:14,791] {dag.py:2305} INFO - Setting next_dagrun for tutorial_taskflow_api_etl_virtualenv to None
[2021-10-24 03:11:14,813] {scheduler_job.py:190} INFO - Processing /home/airflow/sandbox/lib/python3.8/site-packages/airflow/example_dags/tutorial_taskflow_api_etl_virtualenv.py took 0.502 seconds
[2021-10-24 03:11:50,316] {scheduler_job.py:182} INFO - Started process (PID=6646) to work on /home/airflow/sandbox/lib/python3.8/site-packages/airflow/example_dags/tutorial_taskflow_api_etl_virtualenv.py
[2021-10-24 03:11:50,318] {scheduler_job.py:633} INFO - Processing file /home/airflow/sandbox/lib/python3.8/site-packages/airflow/example_dags/tutorial_taskflow_api_etl_virtualenv.py for tasks to queue
[2021-10-24 03:11:50,319] {logging_mixin.py:104} INFO - [2021-10-24 03:11:50,318] {dagbag.py:487} INFO - Filling up the DagBag from /home/airflow/sandbox/lib/python3.8/site-packages/airflow/example_dags/tutorial_taskflow_api_etl_virtualenv.py
[2021-10-24 03:11:50,338] {scheduler_job.py:643} INFO - DAG(s) dict_keys(['tutorial_taskflow_api_etl_virtualenv']) retrieved from /home/airflow/sandbox/lib/python3.8/site-packages/airflow/example_dags/tutorial_taskflow_api_etl_virtualenv.py
[2021-10-24 03:11:50,752] {logging_mixin.py:104} INFO - [2021-10-24 03:11:50,752] {dag.py:1832} INFO - Sync 1 DAGs
[2021-10-24 03:11:50,767] {logging_mixin.py:104} INFO - [2021-10-24 03:11:50,767] {dag.py:2305} INFO - Setting next_dagrun for tutorial_taskflow_api_etl_virtualenv to None
[2021-10-24 03:11:50,794] {scheduler_job.py:190} INFO - Processing /home/airflow/sandbox/lib/python3.8/site-packages/airflow/example_dags/tutorial_taskflow_api_etl_virtualenv.py took 0.487 seconds
[2021-10-24 03:12:24,893] {scheduler_job.py:182} INFO - Started process (PID=6703) to work on /home/airflow/sandbox/lib/python3.8/site-packages/airflow/example_dags/tutorial_taskflow_api_etl_virtualenv.py
[2021-10-24 03:12:24,894] {scheduler_job.py:633} INFO - Processing file /home/airflow/sandbox/lib/python3.8/site-packages/airflow/example_dags/tutorial_taskflow_api_etl_virtualenv.py for tasks to queue
[2021-10-24 03:12:24,894] {logging_mixin.py:104} INFO - [2021-10-24 03:12:24,894] {dagbag.py:487} INFO - Filling up the DagBag from /home/airflow/sandbox/lib/python3.8/site-packages/airflow/example_dags/tutorial_taskflow_api_etl_virtualenv.py
[2021-10-24 03:12:24,912] {scheduler_job.py:643} INFO - DAG(s) dict_keys(['tutorial_taskflow_api_etl_virtualenv']) retrieved from /home/airflow/sandbox/lib/python3.8/site-packages/airflow/example_dags/tutorial_taskflow_api_etl_virtualenv.py
[2021-10-24 03:12:25,174] {logging_mixin.py:104} INFO - [2021-10-24 03:12:25,174] {dag.py:1832} INFO - Sync 1 DAGs
[2021-10-24 03:12:25,188] {logging_mixin.py:104} INFO - [2021-10-24 03:12:25,187] {dag.py:2305} INFO - Setting next_dagrun for tutorial_taskflow_api_etl_virtualenv to None
[2021-10-24 03:12:25,218] {scheduler_job.py:190} INFO - Processing /home/airflow/sandbox/lib/python3.8/site-packages/airflow/example_dags/tutorial_taskflow_api_etl_virtualenv.py took 0.329 seconds
[2021-10-24 03:12:59,988] {scheduler_job.py:182} INFO - Started process (PID=6759) to work on /home/airflow/sandbox/lib/python3.8/site-packages/airflow/example_dags/tutorial_taskflow_api_etl_virtualenv.py
[2021-10-24 03:12:59,989] {scheduler_job.py:633} INFO - Processing file /home/airflow/sandbox/lib/python3.8/site-packages/airflow/example_dags/tutorial_taskflow_api_etl_virtualenv.py for tasks to queue
[2021-10-24 03:12:59,991] {logging_mixin.py:104} INFO - [2021-10-24 03:12:59,990] {dagbag.py:487} INFO - Filling up the DagBag from /home/airflow/sandbox/lib/python3.8/site-packages/airflow/example_dags/tutorial_taskflow_api_etl_virtualenv.py
[2021-10-24 03:13:00,014] {scheduler_job.py:643} INFO - DAG(s) dict_keys(['tutorial_taskflow_api_etl_virtualenv']) retrieved from /home/airflow/sandbox/lib/python3.8/site-packages/airflow/example_dags/tutorial_taskflow_api_etl_virtualenv.py
[2021-10-24 03:13:00,425] {logging_mixin.py:104} INFO - [2021-10-24 03:13:00,425] {dag.py:1832} INFO - Sync 1 DAGs
[2021-10-24 03:13:00,437] {logging_mixin.py:104} INFO - [2021-10-24 03:13:00,437] {dag.py:2305} INFO - Setting next_dagrun for tutorial_taskflow_api_etl_virtualenv to None
[2021-10-24 03:13:00,463] {scheduler_job.py:190} INFO - Processing /home/airflow/sandbox/lib/python3.8/site-packages/airflow/example_dags/tutorial_taskflow_api_etl_virtualenv.py took 0.479 seconds
[2021-10-24 03:13:32,949] {scheduler_job.py:182} INFO - Started process (PID=6833) to work on /home/airflow/sandbox/lib/python3.8/site-packages/airflow/example_dags/tutorial_taskflow_api_etl_virtualenv.py
[2021-10-24 03:13:32,950] {scheduler_job.py:633} INFO - Processing file /home/airflow/sandbox/lib/python3.8/site-packages/airflow/example_dags/tutorial_taskflow_api_etl_virtualenv.py for tasks to queue
[2021-10-24 03:13:32,951] {logging_mixin.py:104} INFO - [2021-10-24 03:13:32,951] {dagbag.py:487} INFO - Filling up the DagBag from /home/airflow/sandbox/lib/python3.8/site-packages/airflow/example_dags/tutorial_taskflow_api_etl_virtualenv.py
[2021-10-24 03:13:32,969] {scheduler_job.py:643} INFO - DAG(s) dict_keys(['tutorial_taskflow_api_etl_virtualenv']) retrieved from /home/airflow/sandbox/lib/python3.8/site-packages/airflow/example_dags/tutorial_taskflow_api_etl_virtualenv.py
[2021-10-24 03:13:33,397] {logging_mixin.py:104} INFO - [2021-10-24 03:13:33,396] {dag.py:1832} INFO - Sync 1 DAGs
[2021-10-24 03:13:33,410] {logging_mixin.py:104} INFO - [2021-10-24 03:13:33,410] {dag.py:2305} INFO - Setting next_dagrun for tutorial_taskflow_api_etl_virtualenv to None
[2021-10-24 03:13:33,435] {scheduler_job.py:190} INFO - Processing /home/airflow/sandbox/lib/python3.8/site-packages/airflow/example_dags/tutorial_taskflow_api_etl_virtualenv.py took 0.489 seconds
[2021-10-24 03:14:07,041] {scheduler_job.py:182} INFO - Started process (PID=6864) to work on /home/airflow/sandbox/lib/python3.8/site-packages/airflow/example_dags/tutorial_taskflow_api_etl_virtualenv.py
[2021-10-24 03:14:07,042] {scheduler_job.py:633} INFO - Processing file /home/airflow/sandbox/lib/python3.8/site-packages/airflow/example_dags/tutorial_taskflow_api_etl_virtualenv.py for tasks to queue
[2021-10-24 03:14:07,043] {logging_mixin.py:104} INFO - [2021-10-24 03:14:07,043] {dagbag.py:487} INFO - Filling up the DagBag from /home/airflow/sandbox/lib/python3.8/site-packages/airflow/example_dags/tutorial_taskflow_api_etl_virtualenv.py
[2021-10-24 03:14:07,066] {scheduler_job.py:643} INFO - DAG(s) dict_keys(['tutorial_taskflow_api_etl_virtualenv']) retrieved from /home/airflow/sandbox/lib/python3.8/site-packages/airflow/example_dags/tutorial_taskflow_api_etl_virtualenv.py
[2021-10-24 03:14:07,514] {logging_mixin.py:104} INFO - [2021-10-24 03:14:07,514] {dag.py:1832} INFO - Sync 1 DAGs
[2021-10-24 03:14:07,525] {logging_mixin.py:104} INFO - [2021-10-24 03:14:07,525] {dag.py:2305} INFO - Setting next_dagrun for tutorial_taskflow_api_etl_virtualenv to None
[2021-10-24 03:14:07,549] {scheduler_job.py:190} INFO - Processing /home/airflow/sandbox/lib/python3.8/site-packages/airflow/example_dags/tutorial_taskflow_api_etl_virtualenv.py took 0.512 seconds
[2021-10-24 03:14:42,953] {scheduler_job.py:182} INFO - Started process (PID=6961) to work on /home/airflow/sandbox/lib/python3.8/site-packages/airflow/example_dags/tutorial_taskflow_api_etl_virtualenv.py
[2021-10-24 03:14:42,963] {scheduler_job.py:633} INFO - Processing file /home/airflow/sandbox/lib/python3.8/site-packages/airflow/example_dags/tutorial_taskflow_api_etl_virtualenv.py for tasks to queue
[2021-10-24 03:14:42,964] {logging_mixin.py:104} INFO - [2021-10-24 03:14:42,964] {dagbag.py:487} INFO - Filling up the DagBag from /home/airflow/sandbox/lib/python3.8/site-packages/airflow/example_dags/tutorial_taskflow_api_etl_virtualenv.py
[2021-10-24 03:14:42,993] {scheduler_job.py:643} INFO - DAG(s) dict_keys(['tutorial_taskflow_api_etl_virtualenv']) retrieved from /home/airflow/sandbox/lib/python3.8/site-packages/airflow/example_dags/tutorial_taskflow_api_etl_virtualenv.py
[2021-10-24 03:14:43,268] {logging_mixin.py:104} INFO - [2021-10-24 03:14:43,268] {dag.py:1832} INFO - Sync 1 DAGs
[2021-10-24 03:14:43,279] {logging_mixin.py:104} INFO - [2021-10-24 03:14:43,279] {dag.py:2305} INFO - Setting next_dagrun for tutorial_taskflow_api_etl_virtualenv to None
[2021-10-24 03:14:43,295] {scheduler_job.py:190} INFO - Processing /home/airflow/sandbox/lib/python3.8/site-packages/airflow/example_dags/tutorial_taskflow_api_etl_virtualenv.py took 0.345 seconds
[2021-10-24 03:15:15,907] {scheduler_job.py:182} INFO - Started process (PID=7020) to work on /home/airflow/sandbox/lib/python3.8/site-packages/airflow/example_dags/tutorial_taskflow_api_etl_virtualenv.py
[2021-10-24 03:15:15,908] {scheduler_job.py:633} INFO - Processing file /home/airflow/sandbox/lib/python3.8/site-packages/airflow/example_dags/tutorial_taskflow_api_etl_virtualenv.py for tasks to queue
[2021-10-24 03:15:15,909] {logging_mixin.py:104} INFO - [2021-10-24 03:15:15,909] {dagbag.py:487} INFO - Filling up the DagBag from /home/airflow/sandbox/lib/python3.8/site-packages/airflow/example_dags/tutorial_taskflow_api_etl_virtualenv.py
[2021-10-24 03:15:15,935] {scheduler_job.py:643} INFO - DAG(s) dict_keys(['tutorial_taskflow_api_etl_virtualenv']) retrieved from /home/airflow/sandbox/lib/python3.8/site-packages/airflow/example_dags/tutorial_taskflow_api_etl_virtualenv.py
[2021-10-24 03:15:16,369] {logging_mixin.py:104} INFO - [2021-10-24 03:15:16,369] {dag.py:1832} INFO - Sync 1 DAGs
[2021-10-24 03:15:16,384] {logging_mixin.py:104} INFO - [2021-10-24 03:15:16,383] {dag.py:2305} INFO - Setting next_dagrun for tutorial_taskflow_api_etl_virtualenv to None
[2021-10-24 03:15:16,408] {scheduler_job.py:190} INFO - Processing /home/airflow/sandbox/lib/python3.8/site-packages/airflow/example_dags/tutorial_taskflow_api_etl_virtualenv.py took 0.506 seconds
[2021-10-24 03:15:50,072] {scheduler_job.py:182} INFO - Started process (PID=7051) to work on /home/airflow/sandbox/lib/python3.8/site-packages/airflow/example_dags/tutorial_taskflow_api_etl_virtualenv.py
[2021-10-24 03:15:50,074] {scheduler_job.py:633} INFO - Processing file /home/airflow/sandbox/lib/python3.8/site-packages/airflow/example_dags/tutorial_taskflow_api_etl_virtualenv.py for tasks to queue
[2021-10-24 03:15:50,075] {logging_mixin.py:104} INFO - [2021-10-24 03:15:50,074] {dagbag.py:487} INFO - Filling up the DagBag from /home/airflow/sandbox/lib/python3.8/site-packages/airflow/example_dags/tutorial_taskflow_api_etl_virtualenv.py
[2021-10-24 03:15:50,098] {scheduler_job.py:643} INFO - DAG(s) dict_keys(['tutorial_taskflow_api_etl_virtualenv']) retrieved from /home/airflow/sandbox/lib/python3.8/site-packages/airflow/example_dags/tutorial_taskflow_api_etl_virtualenv.py
[2021-10-24 03:15:50,570] {logging_mixin.py:104} INFO - [2021-10-24 03:15:50,570] {dag.py:1832} INFO - Sync 1 DAGs
[2021-10-24 03:15:50,590] {logging_mixin.py:104} INFO - [2021-10-24 03:15:50,590] {dag.py:2305} INFO - Setting next_dagrun for tutorial_taskflow_api_etl_virtualenv to None
[2021-10-24 03:15:50,614] {scheduler_job.py:190} INFO - Processing /home/airflow/sandbox/lib/python3.8/site-packages/airflow/example_dags/tutorial_taskflow_api_etl_virtualenv.py took 0.549 seconds
[2021-10-24 03:16:22,825] {scheduler_job.py:182} INFO - Started process (PID=7139) to work on /home/airflow/sandbox/lib/python3.8/site-packages/airflow/example_dags/tutorial_taskflow_api_etl_virtualenv.py
[2021-10-24 03:16:22,827] {scheduler_job.py:633} INFO - Processing file /home/airflow/sandbox/lib/python3.8/site-packages/airflow/example_dags/tutorial_taskflow_api_etl_virtualenv.py for tasks to queue
[2021-10-24 03:16:22,827] {logging_mixin.py:104} INFO - [2021-10-24 03:16:22,827] {dagbag.py:487} INFO - Filling up the DagBag from /home/airflow/sandbox/lib/python3.8/site-packages/airflow/example_dags/tutorial_taskflow_api_etl_virtualenv.py
[2021-10-24 03:16:22,851] {scheduler_job.py:643} INFO - DAG(s) dict_keys(['tutorial_taskflow_api_etl_virtualenv']) retrieved from /home/airflow/sandbox/lib/python3.8/site-packages/airflow/example_dags/tutorial_taskflow_api_etl_virtualenv.py
[2021-10-24 03:16:23,307] {logging_mixin.py:104} INFO - [2021-10-24 03:16:23,307] {dag.py:1832} INFO - Sync 1 DAGs
[2021-10-24 03:16:23,320] {logging_mixin.py:104} INFO - [2021-10-24 03:16:23,319] {dag.py:2305} INFO - Setting next_dagrun for tutorial_taskflow_api_etl_virtualenv to None
[2021-10-24 03:16:23,342] {scheduler_job.py:190} INFO - Processing /home/airflow/sandbox/lib/python3.8/site-packages/airflow/example_dags/tutorial_taskflow_api_etl_virtualenv.py took 0.521 seconds
[2021-10-24 03:16:56,651] {scheduler_job.py:182} INFO - Started process (PID=7260) to work on /home/airflow/sandbox/lib/python3.8/site-packages/airflow/example_dags/tutorial_taskflow_api_etl_virtualenv.py
[2021-10-24 03:16:56,652] {scheduler_job.py:633} INFO - Processing file /home/airflow/sandbox/lib/python3.8/site-packages/airflow/example_dags/tutorial_taskflow_api_etl_virtualenv.py for tasks to queue
[2021-10-24 03:16:56,653] {logging_mixin.py:104} INFO - [2021-10-24 03:16:56,653] {dagbag.py:487} INFO - Filling up the DagBag from /home/airflow/sandbox/lib/python3.8/site-packages/airflow/example_dags/tutorial_taskflow_api_etl_virtualenv.py
[2021-10-24 03:16:56,676] {scheduler_job.py:643} INFO - DAG(s) dict_keys(['tutorial_taskflow_api_etl_virtualenv']) retrieved from /home/airflow/sandbox/lib/python3.8/site-packages/airflow/example_dags/tutorial_taskflow_api_etl_virtualenv.py
[2021-10-24 03:16:57,373] {logging_mixin.py:104} INFO - [2021-10-24 03:16:57,373] {dag.py:1832} INFO - Sync 1 DAGs
[2021-10-24 03:16:57,482] {logging_mixin.py:104} INFO - [2021-10-24 03:16:57,453] {dag.py:2305} INFO - Setting next_dagrun for tutorial_taskflow_api_etl_virtualenv to None
[2021-10-24 03:16:57,542] {scheduler_job.py:190} INFO - Processing /home/airflow/sandbox/lib/python3.8/site-packages/airflow/example_dags/tutorial_taskflow_api_etl_virtualenv.py took 0.894 seconds
[2021-10-24 03:17:40,203] {scheduler_job.py:182} INFO - Started process (PID=7601) to work on /home/airflow/sandbox/lib/python3.8/site-packages/airflow/example_dags/tutorial_taskflow_api_etl_virtualenv.py
[2021-10-24 03:17:40,205] {scheduler_job.py:633} INFO - Processing file /home/airflow/sandbox/lib/python3.8/site-packages/airflow/example_dags/tutorial_taskflow_api_etl_virtualenv.py for tasks to queue
[2021-10-24 03:17:40,209] {logging_mixin.py:104} INFO - [2021-10-24 03:17:40,208] {dagbag.py:487} INFO - Filling up the DagBag from /home/airflow/sandbox/lib/python3.8/site-packages/airflow/example_dags/tutorial_taskflow_api_etl_virtualenv.py
[2021-10-24 03:17:40,231] {scheduler_job.py:643} INFO - DAG(s) dict_keys(['tutorial_taskflow_api_etl_virtualenv']) retrieved from /home/airflow/sandbox/lib/python3.8/site-packages/airflow/example_dags/tutorial_taskflow_api_etl_virtualenv.py
[2021-10-24 03:17:40,254] {logging_mixin.py:104} INFO - [2021-10-24 03:17:40,254] {dag.py:1832} INFO - Sync 1 DAGs
[2021-10-24 03:17:40,271] {logging_mixin.py:104} INFO - [2021-10-24 03:17:40,271] {dag.py:2305} INFO - Setting next_dagrun for tutorial_taskflow_api_etl_virtualenv to None
[2021-10-24 03:17:40,294] {scheduler_job.py:190} INFO - Processing /home/airflow/sandbox/lib/python3.8/site-packages/airflow/example_dags/tutorial_taskflow_api_etl_virtualenv.py took 0.096 seconds
[2021-10-24 03:18:15,720] {scheduler_job.py:182} INFO - Started process (PID=7715) to work on /home/airflow/sandbox/lib/python3.8/site-packages/airflow/example_dags/tutorial_taskflow_api_etl_virtualenv.py
[2021-10-24 03:18:15,722] {scheduler_job.py:633} INFO - Processing file /home/airflow/sandbox/lib/python3.8/site-packages/airflow/example_dags/tutorial_taskflow_api_etl_virtualenv.py for tasks to queue
[2021-10-24 03:18:15,723] {logging_mixin.py:104} INFO - [2021-10-24 03:18:15,723] {dagbag.py:487} INFO - Filling up the DagBag from /home/airflow/sandbox/lib/python3.8/site-packages/airflow/example_dags/tutorial_taskflow_api_etl_virtualenv.py
[2021-10-24 03:18:15,748] {scheduler_job.py:643} INFO - DAG(s) dict_keys(['tutorial_taskflow_api_etl_virtualenv']) retrieved from /home/airflow/sandbox/lib/python3.8/site-packages/airflow/example_dags/tutorial_taskflow_api_etl_virtualenv.py
[2021-10-24 03:18:16,212] {logging_mixin.py:104} INFO - [2021-10-24 03:18:16,212] {dag.py:1832} INFO - Sync 1 DAGs
[2021-10-24 03:18:16,226] {logging_mixin.py:104} INFO - [2021-10-24 03:18:16,225] {dag.py:2305} INFO - Setting next_dagrun for tutorial_taskflow_api_etl_virtualenv to None
[2021-10-24 03:18:16,254] {scheduler_job.py:190} INFO - Processing /home/airflow/sandbox/lib/python3.8/site-packages/airflow/example_dags/tutorial_taskflow_api_etl_virtualenv.py took 0.539 seconds
[2021-10-24 03:18:51,325] {scheduler_job.py:182} INFO - Started process (PID=7828) to work on /home/airflow/sandbox/lib/python3.8/site-packages/airflow/example_dags/tutorial_taskflow_api_etl_virtualenv.py
[2021-10-24 03:18:51,327] {scheduler_job.py:633} INFO - Processing file /home/airflow/sandbox/lib/python3.8/site-packages/airflow/example_dags/tutorial_taskflow_api_etl_virtualenv.py for tasks to queue
[2021-10-24 03:18:51,328] {logging_mixin.py:104} INFO - [2021-10-24 03:18:51,328] {dagbag.py:487} INFO - Filling up the DagBag from /home/airflow/sandbox/lib/python3.8/site-packages/airflow/example_dags/tutorial_taskflow_api_etl_virtualenv.py
[2021-10-24 03:18:51,353] {scheduler_job.py:643} INFO - DAG(s) dict_keys(['tutorial_taskflow_api_etl_virtualenv']) retrieved from /home/airflow/sandbox/lib/python3.8/site-packages/airflow/example_dags/tutorial_taskflow_api_etl_virtualenv.py
[2021-10-24 03:18:51,819] {logging_mixin.py:104} INFO - [2021-10-24 03:18:51,819] {dag.py:1832} INFO - Sync 1 DAGs
[2021-10-24 03:18:51,832] {logging_mixin.py:104} INFO - [2021-10-24 03:18:51,832] {dag.py:2305} INFO - Setting next_dagrun for tutorial_taskflow_api_etl_virtualenv to None
[2021-10-24 03:18:51,856] {scheduler_job.py:190} INFO - Processing /home/airflow/sandbox/lib/python3.8/site-packages/airflow/example_dags/tutorial_taskflow_api_etl_virtualenv.py took 0.536 seconds
[2021-10-24 03:19:27,054] {scheduler_job.py:182} INFO - Started process (PID=7859) to work on /home/airflow/sandbox/lib/python3.8/site-packages/airflow/example_dags/tutorial_taskflow_api_etl_virtualenv.py
[2021-10-24 03:19:27,056] {scheduler_job.py:633} INFO - Processing file /home/airflow/sandbox/lib/python3.8/site-packages/airflow/example_dags/tutorial_taskflow_api_etl_virtualenv.py for tasks to queue
[2021-10-24 03:19:27,062] {logging_mixin.py:104} INFO - [2021-10-24 03:19:27,057] {dagbag.py:487} INFO - Filling up the DagBag from /home/airflow/sandbox/lib/python3.8/site-packages/airflow/example_dags/tutorial_taskflow_api_etl_virtualenv.py
[2021-10-24 03:19:27,097] {scheduler_job.py:643} INFO - DAG(s) dict_keys(['tutorial_taskflow_api_etl_virtualenv']) retrieved from /home/airflow/sandbox/lib/python3.8/site-packages/airflow/example_dags/tutorial_taskflow_api_etl_virtualenv.py
[2021-10-24 03:19:27,531] {logging_mixin.py:104} INFO - [2021-10-24 03:19:27,530] {dag.py:1832} INFO - Sync 1 DAGs
[2021-10-24 03:19:27,542] {logging_mixin.py:104} INFO - [2021-10-24 03:19:27,542] {dag.py:2305} INFO - Setting next_dagrun for tutorial_taskflow_api_etl_virtualenv to None
[2021-10-24 03:19:27,570] {scheduler_job.py:190} INFO - Processing /home/airflow/sandbox/lib/python3.8/site-packages/airflow/example_dags/tutorial_taskflow_api_etl_virtualenv.py took 0.520 seconds
[2021-10-24 03:20:01,193] {scheduler_job.py:182} INFO - Started process (PID=7888) to work on /home/airflow/sandbox/lib/python3.8/site-packages/airflow/example_dags/tutorial_taskflow_api_etl_virtualenv.py
[2021-10-24 03:20:01,194] {scheduler_job.py:633} INFO - Processing file /home/airflow/sandbox/lib/python3.8/site-packages/airflow/example_dags/tutorial_taskflow_api_etl_virtualenv.py for tasks to queue
[2021-10-24 03:20:01,196] {logging_mixin.py:104} INFO - [2021-10-24 03:20:01,195] {dagbag.py:487} INFO - Filling up the DagBag from /home/airflow/sandbox/lib/python3.8/site-packages/airflow/example_dags/tutorial_taskflow_api_etl_virtualenv.py
[2021-10-24 03:20:01,220] {scheduler_job.py:643} INFO - DAG(s) dict_keys(['tutorial_taskflow_api_etl_virtualenv']) retrieved from /home/airflow/sandbox/lib/python3.8/site-packages/airflow/example_dags/tutorial_taskflow_api_etl_virtualenv.py
[2021-10-24 03:20:01,678] {logging_mixin.py:104} INFO - [2021-10-24 03:20:01,677] {dag.py:1832} INFO - Sync 1 DAGs
[2021-10-24 03:20:01,693] {logging_mixin.py:104} INFO - [2021-10-24 03:20:01,693] {dag.py:2305} INFO - Setting next_dagrun for tutorial_taskflow_api_etl_virtualenv to None
[2021-10-24 03:20:01,712] {scheduler_job.py:190} INFO - Processing /home/airflow/sandbox/lib/python3.8/site-packages/airflow/example_dags/tutorial_taskflow_api_etl_virtualenv.py took 0.525 seconds
[2021-10-24 03:20:35,238] {scheduler_job.py:182} INFO - Started process (PID=7917) to work on /home/airflow/sandbox/lib/python3.8/site-packages/airflow/example_dags/tutorial_taskflow_api_etl_virtualenv.py
[2021-10-24 03:20:35,241] {scheduler_job.py:633} INFO - Processing file /home/airflow/sandbox/lib/python3.8/site-packages/airflow/example_dags/tutorial_taskflow_api_etl_virtualenv.py for tasks to queue
[2021-10-24 03:20:35,242] {logging_mixin.py:104} INFO - [2021-10-24 03:20:35,242] {dagbag.py:487} INFO - Filling up the DagBag from /home/airflow/sandbox/lib/python3.8/site-packages/airflow/example_dags/tutorial_taskflow_api_etl_virtualenv.py
[2021-10-24 03:20:35,267] {scheduler_job.py:643} INFO - DAG(s) dict_keys(['tutorial_taskflow_api_etl_virtualenv']) retrieved from /home/airflow/sandbox/lib/python3.8/site-packages/airflow/example_dags/tutorial_taskflow_api_etl_virtualenv.py
[2021-10-24 03:20:35,710] {logging_mixin.py:104} INFO - [2021-10-24 03:20:35,709] {dag.py:1832} INFO - Sync 1 DAGs
[2021-10-24 03:20:35,724] {logging_mixin.py:104} INFO - [2021-10-24 03:20:35,724] {dag.py:2305} INFO - Setting next_dagrun for tutorial_taskflow_api_etl_virtualenv to None
[2021-10-24 03:20:35,750] {scheduler_job.py:190} INFO - Processing /home/airflow/sandbox/lib/python3.8/site-packages/airflow/example_dags/tutorial_taskflow_api_etl_virtualenv.py took 0.517 seconds
[2021-10-24 03:21:08,007] {scheduler_job.py:182} INFO - Started process (PID=7946) to work on /home/airflow/sandbox/lib/python3.8/site-packages/airflow/example_dags/tutorial_taskflow_api_etl_virtualenv.py
[2021-10-24 03:21:08,009] {scheduler_job.py:633} INFO - Processing file /home/airflow/sandbox/lib/python3.8/site-packages/airflow/example_dags/tutorial_taskflow_api_etl_virtualenv.py for tasks to queue
[2021-10-24 03:21:08,010] {logging_mixin.py:104} INFO - [2021-10-24 03:21:08,010] {dagbag.py:487} INFO - Filling up the DagBag from /home/airflow/sandbox/lib/python3.8/site-packages/airflow/example_dags/tutorial_taskflow_api_etl_virtualenv.py
[2021-10-24 03:21:08,034] {scheduler_job.py:643} INFO - DAG(s) dict_keys(['tutorial_taskflow_api_etl_virtualenv']) retrieved from /home/airflow/sandbox/lib/python3.8/site-packages/airflow/example_dags/tutorial_taskflow_api_etl_virtualenv.py
[2021-10-24 03:21:08,479] {logging_mixin.py:104} INFO - [2021-10-24 03:21:08,479] {dag.py:1832} INFO - Sync 1 DAGs
[2021-10-24 03:21:08,494] {logging_mixin.py:104} INFO - [2021-10-24 03:21:08,494] {dag.py:2305} INFO - Setting next_dagrun for tutorial_taskflow_api_etl_virtualenv to None
[2021-10-24 03:21:08,520] {scheduler_job.py:190} INFO - Processing /home/airflow/sandbox/lib/python3.8/site-packages/airflow/example_dags/tutorial_taskflow_api_etl_virtualenv.py took 0.518 seconds
[2021-10-24 03:21:42,949] {scheduler_job.py:182} INFO - Started process (PID=8038) to work on /home/airflow/sandbox/lib/python3.8/site-packages/airflow/example_dags/tutorial_taskflow_api_etl_virtualenv.py
[2021-10-24 03:21:42,951] {scheduler_job.py:633} INFO - Processing file /home/airflow/sandbox/lib/python3.8/site-packages/airflow/example_dags/tutorial_taskflow_api_etl_virtualenv.py for tasks to queue
[2021-10-24 03:21:42,952] {logging_mixin.py:104} INFO - [2021-10-24 03:21:42,952] {dagbag.py:487} INFO - Filling up the DagBag from /home/airflow/sandbox/lib/python3.8/site-packages/airflow/example_dags/tutorial_taskflow_api_etl_virtualenv.py
[2021-10-24 03:21:42,977] {scheduler_job.py:643} INFO - DAG(s) dict_keys(['tutorial_taskflow_api_etl_virtualenv']) retrieved from /home/airflow/sandbox/lib/python3.8/site-packages/airflow/example_dags/tutorial_taskflow_api_etl_virtualenv.py
[2021-10-24 03:21:43,400] {logging_mixin.py:104} INFO - [2021-10-24 03:21:43,400] {dag.py:1832} INFO - Sync 1 DAGs
[2021-10-24 03:21:43,405] {logging_mixin.py:104} INFO - [2021-10-24 03:21:43,405] {dag.py:2305} INFO - Setting next_dagrun for tutorial_taskflow_api_etl_virtualenv to None
[2021-10-24 03:21:43,420] {scheduler_job.py:190} INFO - Processing /home/airflow/sandbox/lib/python3.8/site-packages/airflow/example_dags/tutorial_taskflow_api_etl_virtualenv.py took 0.474 seconds
[2021-10-24 03:22:18,205] {scheduler_job.py:182} INFO - Started process (PID=8069) to work on /home/airflow/sandbox/lib/python3.8/site-packages/airflow/example_dags/tutorial_taskflow_api_etl_virtualenv.py
[2021-10-24 03:22:18,207] {scheduler_job.py:633} INFO - Processing file /home/airflow/sandbox/lib/python3.8/site-packages/airflow/example_dags/tutorial_taskflow_api_etl_virtualenv.py for tasks to queue
[2021-10-24 03:22:18,208] {logging_mixin.py:104} INFO - [2021-10-24 03:22:18,208] {dagbag.py:487} INFO - Filling up the DagBag from /home/airflow/sandbox/lib/python3.8/site-packages/airflow/example_dags/tutorial_taskflow_api_etl_virtualenv.py
[2021-10-24 03:22:18,231] {scheduler_job.py:643} INFO - DAG(s) dict_keys(['tutorial_taskflow_api_etl_virtualenv']) retrieved from /home/airflow/sandbox/lib/python3.8/site-packages/airflow/example_dags/tutorial_taskflow_api_etl_virtualenv.py
[2021-10-24 03:22:18,686] {logging_mixin.py:104} INFO - [2021-10-24 03:22:18,686] {dag.py:1832} INFO - Sync 1 DAGs
[2021-10-24 03:22:18,699] {logging_mixin.py:104} INFO - [2021-10-24 03:22:18,698] {dag.py:2305} INFO - Setting next_dagrun for tutorial_taskflow_api_etl_virtualenv to None
[2021-10-24 03:22:18,721] {scheduler_job.py:190} INFO - Processing /home/airflow/sandbox/lib/python3.8/site-packages/airflow/example_dags/tutorial_taskflow_api_etl_virtualenv.py took 0.521 seconds
[2021-10-24 03:22:54,199] {scheduler_job.py:182} INFO - Started process (PID=8100) to work on /home/airflow/sandbox/lib/python3.8/site-packages/airflow/example_dags/tutorial_taskflow_api_etl_virtualenv.py
[2021-10-24 03:22:54,200] {scheduler_job.py:633} INFO - Processing file /home/airflow/sandbox/lib/python3.8/site-packages/airflow/example_dags/tutorial_taskflow_api_etl_virtualenv.py for tasks to queue
[2021-10-24 03:22:54,201] {logging_mixin.py:104} INFO - [2021-10-24 03:22:54,201] {dagbag.py:487} INFO - Filling up the DagBag from /home/airflow/sandbox/lib/python3.8/site-packages/airflow/example_dags/tutorial_taskflow_api_etl_virtualenv.py
[2021-10-24 03:22:54,240] {scheduler_job.py:643} INFO - DAG(s) dict_keys(['tutorial_taskflow_api_etl_virtualenv']) retrieved from /home/airflow/sandbox/lib/python3.8/site-packages/airflow/example_dags/tutorial_taskflow_api_etl_virtualenv.py
[2021-10-24 03:22:54,541] {logging_mixin.py:104} INFO - [2021-10-24 03:22:54,540] {dag.py:1832} INFO - Sync 1 DAGs
[2021-10-24 03:22:54,552] {logging_mixin.py:104} INFO - [2021-10-24 03:22:54,552] {dag.py:2305} INFO - Setting next_dagrun for tutorial_taskflow_api_etl_virtualenv to None
[2021-10-24 03:22:54,577] {scheduler_job.py:190} INFO - Processing /home/airflow/sandbox/lib/python3.8/site-packages/airflow/example_dags/tutorial_taskflow_api_etl_virtualenv.py took 0.384 seconds
[2021-10-24 03:23:29,223] {scheduler_job.py:182} INFO - Started process (PID=8174) to work on /home/airflow/sandbox/lib/python3.8/site-packages/airflow/example_dags/tutorial_taskflow_api_etl_virtualenv.py
[2021-10-24 03:23:29,225] {scheduler_job.py:633} INFO - Processing file /home/airflow/sandbox/lib/python3.8/site-packages/airflow/example_dags/tutorial_taskflow_api_etl_virtualenv.py for tasks to queue
[2021-10-24 03:23:29,226] {logging_mixin.py:104} INFO - [2021-10-24 03:23:29,225] {dagbag.py:487} INFO - Filling up the DagBag from /home/airflow/sandbox/lib/python3.8/site-packages/airflow/example_dags/tutorial_taskflow_api_etl_virtualenv.py
[2021-10-24 03:23:29,249] {scheduler_job.py:643} INFO - DAG(s) dict_keys(['tutorial_taskflow_api_etl_virtualenv']) retrieved from /home/airflow/sandbox/lib/python3.8/site-packages/airflow/example_dags/tutorial_taskflow_api_etl_virtualenv.py
[2021-10-24 03:23:29,705] {logging_mixin.py:104} INFO - [2021-10-24 03:23:29,704] {dag.py:1832} INFO - Sync 1 DAGs
[2021-10-24 03:23:29,719] {logging_mixin.py:104} INFO - [2021-10-24 03:23:29,719] {dag.py:2305} INFO - Setting next_dagrun for tutorial_taskflow_api_etl_virtualenv to None
[2021-10-24 03:23:29,745] {scheduler_job.py:190} INFO - Processing /home/airflow/sandbox/lib/python3.8/site-packages/airflow/example_dags/tutorial_taskflow_api_etl_virtualenv.py took 0.526 seconds
[2021-10-24 03:24:00,816] {scheduler_job.py:182} INFO - Started process (PID=8203) to work on /home/airflow/sandbox/lib/python3.8/site-packages/airflow/example_dags/tutorial_taskflow_api_etl_virtualenv.py
[2021-10-24 03:24:00,818] {scheduler_job.py:633} INFO - Processing file /home/airflow/sandbox/lib/python3.8/site-packages/airflow/example_dags/tutorial_taskflow_api_etl_virtualenv.py for tasks to queue
[2021-10-24 03:24:00,819] {logging_mixin.py:104} INFO - [2021-10-24 03:24:00,819] {dagbag.py:487} INFO - Filling up the DagBag from /home/airflow/sandbox/lib/python3.8/site-packages/airflow/example_dags/tutorial_taskflow_api_etl_virtualenv.py
[2021-10-24 03:24:00,842] {scheduler_job.py:643} INFO - DAG(s) dict_keys(['tutorial_taskflow_api_etl_virtualenv']) retrieved from /home/airflow/sandbox/lib/python3.8/site-packages/airflow/example_dags/tutorial_taskflow_api_etl_virtualenv.py
[2021-10-24 03:24:01,304] {logging_mixin.py:104} INFO - [2021-10-24 03:24:01,304] {dag.py:1832} INFO - Sync 1 DAGs
[2021-10-24 03:24:01,317] {logging_mixin.py:104} INFO - [2021-10-24 03:24:01,317] {dag.py:2305} INFO - Setting next_dagrun for tutorial_taskflow_api_etl_virtualenv to None
[2021-10-24 03:24:01,342] {scheduler_job.py:190} INFO - Processing /home/airflow/sandbox/lib/python3.8/site-packages/airflow/example_dags/tutorial_taskflow_api_etl_virtualenv.py took 0.530 seconds
[2021-10-24 03:24:35,862] {scheduler_job.py:182} INFO - Started process (PID=8233) to work on /home/airflow/sandbox/lib/python3.8/site-packages/airflow/example_dags/tutorial_taskflow_api_etl_virtualenv.py
[2021-10-24 03:24:35,864] {scheduler_job.py:633} INFO - Processing file /home/airflow/sandbox/lib/python3.8/site-packages/airflow/example_dags/tutorial_taskflow_api_etl_virtualenv.py for tasks to queue
[2021-10-24 03:24:35,865] {logging_mixin.py:104} INFO - [2021-10-24 03:24:35,865] {dagbag.py:487} INFO - Filling up the DagBag from /home/airflow/sandbox/lib/python3.8/site-packages/airflow/example_dags/tutorial_taskflow_api_etl_virtualenv.py
[2021-10-24 03:24:35,889] {scheduler_job.py:643} INFO - DAG(s) dict_keys(['tutorial_taskflow_api_etl_virtualenv']) retrieved from /home/airflow/sandbox/lib/python3.8/site-packages/airflow/example_dags/tutorial_taskflow_api_etl_virtualenv.py
[2021-10-24 03:24:36,334] {logging_mixin.py:104} INFO - [2021-10-24 03:24:36,334] {dag.py:1832} INFO - Sync 1 DAGs
[2021-10-24 03:24:36,345] {logging_mixin.py:104} INFO - [2021-10-24 03:24:36,345] {dag.py:2305} INFO - Setting next_dagrun for tutorial_taskflow_api_etl_virtualenv to None
[2021-10-24 03:24:36,372] {scheduler_job.py:190} INFO - Processing /home/airflow/sandbox/lib/python3.8/site-packages/airflow/example_dags/tutorial_taskflow_api_etl_virtualenv.py took 0.515 seconds
[2021-10-24 03:25:11,168] {scheduler_job.py:182} INFO - Started process (PID=8264) to work on /home/airflow/sandbox/lib/python3.8/site-packages/airflow/example_dags/tutorial_taskflow_api_etl_virtualenv.py
[2021-10-24 03:25:11,170] {scheduler_job.py:633} INFO - Processing file /home/airflow/sandbox/lib/python3.8/site-packages/airflow/example_dags/tutorial_taskflow_api_etl_virtualenv.py for tasks to queue
[2021-10-24 03:25:11,170] {logging_mixin.py:104} INFO - [2021-10-24 03:25:11,170] {dagbag.py:487} INFO - Filling up the DagBag from /home/airflow/sandbox/lib/python3.8/site-packages/airflow/example_dags/tutorial_taskflow_api_etl_virtualenv.py
[2021-10-24 03:25:11,194] {scheduler_job.py:643} INFO - DAG(s) dict_keys(['tutorial_taskflow_api_etl_virtualenv']) retrieved from /home/airflow/sandbox/lib/python3.8/site-packages/airflow/example_dags/tutorial_taskflow_api_etl_virtualenv.py
[2021-10-24 03:25:11,638] {logging_mixin.py:104} INFO - [2021-10-24 03:25:11,638] {dag.py:1832} INFO - Sync 1 DAGs
[2021-10-24 03:25:11,651] {logging_mixin.py:104} INFO - [2021-10-24 03:25:11,651] {dag.py:2305} INFO - Setting next_dagrun for tutorial_taskflow_api_etl_virtualenv to None
[2021-10-24 03:25:11,675] {scheduler_job.py:190} INFO - Processing /home/airflow/sandbox/lib/python3.8/site-packages/airflow/example_dags/tutorial_taskflow_api_etl_virtualenv.py took 0.512 seconds
[2021-10-24 03:25:49,312] {scheduler_job.py:182} INFO - Started process (PID=8295) to work on /home/airflow/sandbox/lib/python3.8/site-packages/airflow/example_dags/tutorial_taskflow_api_etl_virtualenv.py
[2021-10-24 03:25:49,314] {scheduler_job.py:633} INFO - Processing file /home/airflow/sandbox/lib/python3.8/site-packages/airflow/example_dags/tutorial_taskflow_api_etl_virtualenv.py for tasks to queue
[2021-10-24 03:25:49,315] {logging_mixin.py:104} INFO - [2021-10-24 03:25:49,315] {dagbag.py:487} INFO - Filling up the DagBag from /home/airflow/sandbox/lib/python3.8/site-packages/airflow/example_dags/tutorial_taskflow_api_etl_virtualenv.py
[2021-10-24 03:25:49,339] {scheduler_job.py:643} INFO - DAG(s) dict_keys(['tutorial_taskflow_api_etl_virtualenv']) retrieved from /home/airflow/sandbox/lib/python3.8/site-packages/airflow/example_dags/tutorial_taskflow_api_etl_virtualenv.py
[2021-10-24 03:25:49,787] {logging_mixin.py:104} INFO - [2021-10-24 03:25:49,787] {dag.py:1832} INFO - Sync 1 DAGs
[2021-10-24 03:25:49,803] {logging_mixin.py:104} INFO - [2021-10-24 03:25:49,803] {dag.py:2305} INFO - Setting next_dagrun for tutorial_taskflow_api_etl_virtualenv to None
[2021-10-24 03:25:49,828] {scheduler_job.py:190} INFO - Processing /home/airflow/sandbox/lib/python3.8/site-packages/airflow/example_dags/tutorial_taskflow_api_etl_virtualenv.py took 0.520 seconds
[2021-10-24 03:26:24,701] {scheduler_job.py:182} INFO - Started process (PID=8325) to work on /home/airflow/sandbox/lib/python3.8/site-packages/airflow/example_dags/tutorial_taskflow_api_etl_virtualenv.py
[2021-10-24 03:26:24,703] {scheduler_job.py:633} INFO - Processing file /home/airflow/sandbox/lib/python3.8/site-packages/airflow/example_dags/tutorial_taskflow_api_etl_virtualenv.py for tasks to queue
[2021-10-24 03:26:24,704] {logging_mixin.py:104} INFO - [2021-10-24 03:26:24,704] {dagbag.py:487} INFO - Filling up the DagBag from /home/airflow/sandbox/lib/python3.8/site-packages/airflow/example_dags/tutorial_taskflow_api_etl_virtualenv.py
[2021-10-24 03:26:24,726] {scheduler_job.py:643} INFO - DAG(s) dict_keys(['tutorial_taskflow_api_etl_virtualenv']) retrieved from /home/airflow/sandbox/lib/python3.8/site-packages/airflow/example_dags/tutorial_taskflow_api_etl_virtualenv.py
[2021-10-24 03:26:25,173] {logging_mixin.py:104} INFO - [2021-10-24 03:26:25,173] {dag.py:1832} INFO - Sync 1 DAGs
[2021-10-24 03:26:25,189] {logging_mixin.py:104} INFO - [2021-10-24 03:26:25,189] {dag.py:2305} INFO - Setting next_dagrun for tutorial_taskflow_api_etl_virtualenv to None
[2021-10-24 03:26:25,217] {scheduler_job.py:190} INFO - Processing /home/airflow/sandbox/lib/python3.8/site-packages/airflow/example_dags/tutorial_taskflow_api_etl_virtualenv.py took 0.522 seconds
[2021-10-24 03:27:02,273] {scheduler_job.py:182} INFO - Started process (PID=8357) to work on /home/airflow/sandbox/lib/python3.8/site-packages/airflow/example_dags/tutorial_taskflow_api_etl_virtualenv.py
[2021-10-24 03:27:02,274] {scheduler_job.py:633} INFO - Processing file /home/airflow/sandbox/lib/python3.8/site-packages/airflow/example_dags/tutorial_taskflow_api_etl_virtualenv.py for tasks to queue
[2021-10-24 03:27:02,275] {logging_mixin.py:104} INFO - [2021-10-24 03:27:02,275] {dagbag.py:487} INFO - Filling up the DagBag from /home/airflow/sandbox/lib/python3.8/site-packages/airflow/example_dags/tutorial_taskflow_api_etl_virtualenv.py
[2021-10-24 03:27:02,303] {scheduler_job.py:643} INFO - DAG(s) dict_keys(['tutorial_taskflow_api_etl_virtualenv']) retrieved from /home/airflow/sandbox/lib/python3.8/site-packages/airflow/example_dags/tutorial_taskflow_api_etl_virtualenv.py
[2021-10-24 03:27:02,763] {logging_mixin.py:104} INFO - [2021-10-24 03:27:02,763] {dag.py:1832} INFO - Sync 1 DAGs
[2021-10-24 03:27:02,778] {logging_mixin.py:104} INFO - [2021-10-24 03:27:02,778] {dag.py:2305} INFO - Setting next_dagrun for tutorial_taskflow_api_etl_virtualenv to None
[2021-10-24 03:27:02,798] {scheduler_job.py:190} INFO - Processing /home/airflow/sandbox/lib/python3.8/site-packages/airflow/example_dags/tutorial_taskflow_api_etl_virtualenv.py took 0.530 seconds
[2021-10-24 03:27:36,378] {scheduler_job.py:182} INFO - Started process (PID=8389) to work on /home/airflow/sandbox/lib/python3.8/site-packages/airflow/example_dags/tutorial_taskflow_api_etl_virtualenv.py
[2021-10-24 03:27:36,380] {scheduler_job.py:633} INFO - Processing file /home/airflow/sandbox/lib/python3.8/site-packages/airflow/example_dags/tutorial_taskflow_api_etl_virtualenv.py for tasks to queue
[2021-10-24 03:27:36,381] {logging_mixin.py:104} INFO - [2021-10-24 03:27:36,381] {dagbag.py:487} INFO - Filling up the DagBag from /home/airflow/sandbox/lib/python3.8/site-packages/airflow/example_dags/tutorial_taskflow_api_etl_virtualenv.py
[2021-10-24 03:27:36,409] {scheduler_job.py:643} INFO - DAG(s) dict_keys(['tutorial_taskflow_api_etl_virtualenv']) retrieved from /home/airflow/sandbox/lib/python3.8/site-packages/airflow/example_dags/tutorial_taskflow_api_etl_virtualenv.py
[2021-10-24 03:27:36,877] {logging_mixin.py:104} INFO - [2021-10-24 03:27:36,877] {dag.py:1832} INFO - Sync 1 DAGs
[2021-10-24 03:27:36,896] {logging_mixin.py:104} INFO - [2021-10-24 03:27:36,895] {dag.py:2305} INFO - Setting next_dagrun for tutorial_taskflow_api_etl_virtualenv to None
[2021-10-24 03:27:36,918] {scheduler_job.py:190} INFO - Processing /home/airflow/sandbox/lib/python3.8/site-packages/airflow/example_dags/tutorial_taskflow_api_etl_virtualenv.py took 0.545 seconds
[2021-10-24 03:28:12,686] {scheduler_job.py:182} INFO - Started process (PID=8421) to work on /home/airflow/sandbox/lib/python3.8/site-packages/airflow/example_dags/tutorial_taskflow_api_etl_virtualenv.py
[2021-10-24 03:28:12,691] {scheduler_job.py:633} INFO - Processing file /home/airflow/sandbox/lib/python3.8/site-packages/airflow/example_dags/tutorial_taskflow_api_etl_virtualenv.py for tasks to queue
[2021-10-24 03:28:12,693] {logging_mixin.py:104} INFO - [2021-10-24 03:28:12,692] {dagbag.py:487} INFO - Filling up the DagBag from /home/airflow/sandbox/lib/python3.8/site-packages/airflow/example_dags/tutorial_taskflow_api_etl_virtualenv.py
[2021-10-24 03:28:12,734] {scheduler_job.py:643} INFO - DAG(s) dict_keys(['tutorial_taskflow_api_etl_virtualenv']) retrieved from /home/airflow/sandbox/lib/python3.8/site-packages/airflow/example_dags/tutorial_taskflow_api_etl_virtualenv.py
[2021-10-24 03:28:13,218] {logging_mixin.py:104} INFO - [2021-10-24 03:28:13,218] {dag.py:1832} INFO - Sync 1 DAGs
[2021-10-24 03:28:13,234] {logging_mixin.py:104} INFO - [2021-10-24 03:28:13,234] {dag.py:2305} INFO - Setting next_dagrun for tutorial_taskflow_api_etl_virtualenv to None
[2021-10-24 03:28:13,255] {scheduler_job.py:190} INFO - Processing /home/airflow/sandbox/lib/python3.8/site-packages/airflow/example_dags/tutorial_taskflow_api_etl_virtualenv.py took 0.579 seconds
[2021-10-24 03:28:47,919] {scheduler_job.py:182} INFO - Started process (PID=8553) to work on /home/airflow/sandbox/lib/python3.8/site-packages/airflow/example_dags/tutorial_taskflow_api_etl_virtualenv.py
[2021-10-24 03:28:47,920] {scheduler_job.py:633} INFO - Processing file /home/airflow/sandbox/lib/python3.8/site-packages/airflow/example_dags/tutorial_taskflow_api_etl_virtualenv.py for tasks to queue
[2021-10-24 03:28:47,921] {logging_mixin.py:104} INFO - [2021-10-24 03:28:47,921] {dagbag.py:487} INFO - Filling up the DagBag from /home/airflow/sandbox/lib/python3.8/site-packages/airflow/example_dags/tutorial_taskflow_api_etl_virtualenv.py
[2021-10-24 03:28:47,947] {scheduler_job.py:643} INFO - DAG(s) dict_keys(['tutorial_taskflow_api_etl_virtualenv']) retrieved from /home/airflow/sandbox/lib/python3.8/site-packages/airflow/example_dags/tutorial_taskflow_api_etl_virtualenv.py
[2021-10-24 03:28:48,374] {logging_mixin.py:104} INFO - [2021-10-24 03:28:48,374] {dag.py:1832} INFO - Sync 1 DAGs
[2021-10-24 03:28:48,388] {logging_mixin.py:104} INFO - [2021-10-24 03:28:48,388] {dag.py:2305} INFO - Setting next_dagrun for tutorial_taskflow_api_etl_virtualenv to None
[2021-10-24 03:28:48,415] {scheduler_job.py:190} INFO - Processing /home/airflow/sandbox/lib/python3.8/site-packages/airflow/example_dags/tutorial_taskflow_api_etl_virtualenv.py took 0.502 seconds
[2021-10-24 03:29:25,107] {scheduler_job.py:182} INFO - Started process (PID=8765) to work on /home/airflow/sandbox/lib/python3.8/site-packages/airflow/example_dags/tutorial_taskflow_api_etl_virtualenv.py
[2021-10-24 03:29:25,108] {scheduler_job.py:633} INFO - Processing file /home/airflow/sandbox/lib/python3.8/site-packages/airflow/example_dags/tutorial_taskflow_api_etl_virtualenv.py for tasks to queue
[2021-10-24 03:29:25,109] {logging_mixin.py:104} INFO - [2021-10-24 03:29:25,109] {dagbag.py:487} INFO - Filling up the DagBag from /home/airflow/sandbox/lib/python3.8/site-packages/airflow/example_dags/tutorial_taskflow_api_etl_virtualenv.py
[2021-10-24 03:29:25,130] {scheduler_job.py:643} INFO - DAG(s) dict_keys(['tutorial_taskflow_api_etl_virtualenv']) retrieved from /home/airflow/sandbox/lib/python3.8/site-packages/airflow/example_dags/tutorial_taskflow_api_etl_virtualenv.py
[2021-10-24 03:29:25,478] {logging_mixin.py:104} INFO - [2021-10-24 03:29:25,478] {dag.py:1832} INFO - Sync 1 DAGs
[2021-10-24 03:29:25,490] {logging_mixin.py:104} INFO - [2021-10-24 03:29:25,490] {dag.py:2305} INFO - Setting next_dagrun for tutorial_taskflow_api_etl_virtualenv to None
[2021-10-24 03:29:25,513] {scheduler_job.py:190} INFO - Processing /home/airflow/sandbox/lib/python3.8/site-packages/airflow/example_dags/tutorial_taskflow_api_etl_virtualenv.py took 0.411 seconds
[2021-10-24 03:29:59,860] {scheduler_job.py:182} INFO - Started process (PID=8858) to work on /home/airflow/sandbox/lib/python3.8/site-packages/airflow/example_dags/tutorial_taskflow_api_etl_virtualenv.py
[2021-10-24 03:29:59,860] {scheduler_job.py:633} INFO - Processing file /home/airflow/sandbox/lib/python3.8/site-packages/airflow/example_dags/tutorial_taskflow_api_etl_virtualenv.py for tasks to queue
[2021-10-24 03:29:59,861] {logging_mixin.py:104} INFO - [2021-10-24 03:29:59,861] {dagbag.py:487} INFO - Filling up the DagBag from /home/airflow/sandbox/lib/python3.8/site-packages/airflow/example_dags/tutorial_taskflow_api_etl_virtualenv.py
[2021-10-24 03:29:59,872] {scheduler_job.py:643} INFO - DAG(s) dict_keys(['tutorial_taskflow_api_etl_virtualenv']) retrieved from /home/airflow/sandbox/lib/python3.8/site-packages/airflow/example_dags/tutorial_taskflow_api_etl_virtualenv.py
[2021-10-24 03:30:00,057] {logging_mixin.py:104} INFO - [2021-10-24 03:30:00,057] {dag.py:1832} INFO - Sync 1 DAGs
[2021-10-24 03:30:00,062] {logging_mixin.py:104} INFO - [2021-10-24 03:30:00,062] {dag.py:2305} INFO - Setting next_dagrun for tutorial_taskflow_api_etl_virtualenv to None
[2021-10-24 03:30:00,076] {scheduler_job.py:190} INFO - Processing /home/airflow/sandbox/lib/python3.8/site-packages/airflow/example_dags/tutorial_taskflow_api_etl_virtualenv.py took 0.218 seconds
[2021-10-24 06:05:10,894] {scheduler_job.py:182} INFO - Started process (PID=8904) to work on /home/airflow/sandbox/lib/python3.8/site-packages/airflow/example_dags/tutorial_taskflow_api_etl_virtualenv.py
[2021-10-24 06:05:10,895] {scheduler_job.py:633} INFO - Processing file /home/airflow/sandbox/lib/python3.8/site-packages/airflow/example_dags/tutorial_taskflow_api_etl_virtualenv.py for tasks to queue
[2021-10-24 06:05:10,895] {logging_mixin.py:104} INFO - [2021-10-24 06:05:10,895] {dagbag.py:487} INFO - Filling up the DagBag from /home/airflow/sandbox/lib/python3.8/site-packages/airflow/example_dags/tutorial_taskflow_api_etl_virtualenv.py
[2021-10-24 06:05:10,955] {scheduler_job.py:643} INFO - DAG(s) dict_keys(['tutorial_taskflow_api_etl_virtualenv']) retrieved from /home/airflow/sandbox/lib/python3.8/site-packages/airflow/example_dags/tutorial_taskflow_api_etl_virtualenv.py
[2021-10-24 06:05:11,908] {logging_mixin.py:104} INFO - [2021-10-24 06:05:11,908] {dag.py:1832} INFO - Sync 1 DAGs
[2021-10-24 06:05:11,913] {logging_mixin.py:104} INFO - [2021-10-24 06:05:11,913] {dag.py:2305} INFO - Setting next_dagrun for tutorial_taskflow_api_etl_virtualenv to None
[2021-10-24 06:05:11,965] {scheduler_job.py:190} INFO - Processing /home/airflow/sandbox/lib/python3.8/site-packages/airflow/example_dags/tutorial_taskflow_api_etl_virtualenv.py took 1.072 seconds
[2021-10-24 06:05:48,643] {scheduler_job.py:182} INFO - Started process (PID=9257) to work on /home/airflow/sandbox/lib/python3.8/site-packages/airflow/example_dags/tutorial_taskflow_api_etl_virtualenv.py
[2021-10-24 06:05:48,647] {scheduler_job.py:633} INFO - Processing file /home/airflow/sandbox/lib/python3.8/site-packages/airflow/example_dags/tutorial_taskflow_api_etl_virtualenv.py for tasks to queue
[2021-10-24 06:05:48,648] {logging_mixin.py:104} INFO - [2021-10-24 06:05:48,648] {dagbag.py:487} INFO - Filling up the DagBag from /home/airflow/sandbox/lib/python3.8/site-packages/airflow/example_dags/tutorial_taskflow_api_etl_virtualenv.py
[2021-10-24 06:05:48,704] {scheduler_job.py:643} INFO - DAG(s) dict_keys(['tutorial_taskflow_api_etl_virtualenv']) retrieved from /home/airflow/sandbox/lib/python3.8/site-packages/airflow/example_dags/tutorial_taskflow_api_etl_virtualenv.py
[2021-10-24 06:05:49,160] {logging_mixin.py:104} INFO - [2021-10-24 06:05:49,160] {dag.py:1832} INFO - Sync 1 DAGs
[2021-10-24 06:05:49,260] {logging_mixin.py:104} INFO - [2021-10-24 06:05:49,260] {dag.py:2305} INFO - Setting next_dagrun for tutorial_taskflow_api_etl_virtualenv to None
[2021-10-24 06:05:49,328] {scheduler_job.py:190} INFO - Processing /home/airflow/sandbox/lib/python3.8/site-packages/airflow/example_dags/tutorial_taskflow_api_etl_virtualenv.py took 0.694 seconds
