[2021-10-24 03:08:23,696] {scheduler_job.py:182} INFO - Started process (PID=6236) to work on /home/airflow/sandbox/lib/python3.8/site-packages/airflow/example_dags/tutorial_taskflow_api_etl.py
[2021-10-24 03:08:23,697] {scheduler_job.py:633} INFO - Processing file /home/airflow/sandbox/lib/python3.8/site-packages/airflow/example_dags/tutorial_taskflow_api_etl.py for tasks to queue
[2021-10-24 03:08:23,698] {logging_mixin.py:104} INFO - [2021-10-24 03:08:23,698] {dagbag.py:487} INFO - Filling up the DagBag from /home/airflow/sandbox/lib/python3.8/site-packages/airflow/example_dags/tutorial_taskflow_api_etl.py
[2021-10-24 03:08:23,722] {scheduler_job.py:643} INFO - DAG(s) dict_keys(['tutorial_taskflow_api_etl']) retrieved from /home/airflow/sandbox/lib/python3.8/site-packages/airflow/example_dags/tutorial_taskflow_api_etl.py
[2021-10-24 03:08:24,146] {logging_mixin.py:104} INFO - [2021-10-24 03:08:24,145] {dag.py:1832} INFO - Sync 1 DAGs
[2021-10-24 03:08:24,164] {logging_mixin.py:104} INFO - [2021-10-24 03:08:24,163] {dag.py:2305} INFO - Setting next_dagrun for tutorial_taskflow_api_etl to None
[2021-10-24 03:08:24,187] {scheduler_job.py:190} INFO - Processing /home/airflow/sandbox/lib/python3.8/site-packages/airflow/example_dags/tutorial_taskflow_api_etl.py took 0.498 seconds
[2021-10-24 03:08:59,007] {scheduler_job.py:182} INFO - Started process (PID=6343) to work on /home/airflow/sandbox/lib/python3.8/site-packages/airflow/example_dags/tutorial_taskflow_api_etl.py
[2021-10-24 03:08:59,008] {scheduler_job.py:633} INFO - Processing file /home/airflow/sandbox/lib/python3.8/site-packages/airflow/example_dags/tutorial_taskflow_api_etl.py for tasks to queue
[2021-10-24 03:08:59,009] {logging_mixin.py:104} INFO - [2021-10-24 03:08:59,009] {dagbag.py:487} INFO - Filling up the DagBag from /home/airflow/sandbox/lib/python3.8/site-packages/airflow/example_dags/tutorial_taskflow_api_etl.py
[2021-10-24 03:08:59,031] {scheduler_job.py:643} INFO - DAG(s) dict_keys(['tutorial_taskflow_api_etl']) retrieved from /home/airflow/sandbox/lib/python3.8/site-packages/airflow/example_dags/tutorial_taskflow_api_etl.py
[2021-10-24 03:08:59,476] {logging_mixin.py:104} INFO - [2021-10-24 03:08:59,476] {dag.py:1832} INFO - Sync 1 DAGs
[2021-10-24 03:08:59,489] {logging_mixin.py:104} INFO - [2021-10-24 03:08:59,489] {dag.py:2305} INFO - Setting next_dagrun for tutorial_taskflow_api_etl to None
[2021-10-24 03:08:59,510] {scheduler_job.py:190} INFO - Processing /home/airflow/sandbox/lib/python3.8/site-packages/airflow/example_dags/tutorial_taskflow_api_etl.py took 0.508 seconds
[2021-10-24 03:09:34,564] {scheduler_job.py:182} INFO - Started process (PID=6375) to work on /home/airflow/sandbox/lib/python3.8/site-packages/airflow/example_dags/tutorial_taskflow_api_etl.py
[2021-10-24 03:09:34,565] {scheduler_job.py:633} INFO - Processing file /home/airflow/sandbox/lib/python3.8/site-packages/airflow/example_dags/tutorial_taskflow_api_etl.py for tasks to queue
[2021-10-24 03:09:34,566] {logging_mixin.py:104} INFO - [2021-10-24 03:09:34,566] {dagbag.py:487} INFO - Filling up the DagBag from /home/airflow/sandbox/lib/python3.8/site-packages/airflow/example_dags/tutorial_taskflow_api_etl.py
[2021-10-24 03:09:34,586] {scheduler_job.py:643} INFO - DAG(s) dict_keys(['tutorial_taskflow_api_etl']) retrieved from /home/airflow/sandbox/lib/python3.8/site-packages/airflow/example_dags/tutorial_taskflow_api_etl.py
[2021-10-24 03:09:35,012] {logging_mixin.py:104} INFO - [2021-10-24 03:09:35,012] {dag.py:1832} INFO - Sync 1 DAGs
[2021-10-24 03:09:35,026] {logging_mixin.py:104} INFO - [2021-10-24 03:09:35,026] {dag.py:2305} INFO - Setting next_dagrun for tutorial_taskflow_api_etl to None
[2021-10-24 03:09:35,051] {scheduler_job.py:190} INFO - Processing /home/airflow/sandbox/lib/python3.8/site-packages/airflow/example_dags/tutorial_taskflow_api_etl.py took 0.491 seconds
[2021-10-24 03:10:09,396] {scheduler_job.py:182} INFO - Started process (PID=6416) to work on /home/airflow/sandbox/lib/python3.8/site-packages/airflow/example_dags/tutorial_taskflow_api_etl.py
[2021-10-24 03:10:09,398] {scheduler_job.py:633} INFO - Processing file /home/airflow/sandbox/lib/python3.8/site-packages/airflow/example_dags/tutorial_taskflow_api_etl.py for tasks to queue
[2021-10-24 03:10:09,399] {logging_mixin.py:104} INFO - [2021-10-24 03:10:09,399] {dagbag.py:487} INFO - Filling up the DagBag from /home/airflow/sandbox/lib/python3.8/site-packages/airflow/example_dags/tutorial_taskflow_api_etl.py
[2021-10-24 03:10:09,423] {scheduler_job.py:643} INFO - DAG(s) dict_keys(['tutorial_taskflow_api_etl']) retrieved from /home/airflow/sandbox/lib/python3.8/site-packages/airflow/example_dags/tutorial_taskflow_api_etl.py
[2021-10-24 03:10:09,856] {logging_mixin.py:104} INFO - [2021-10-24 03:10:09,855] {dag.py:1832} INFO - Sync 1 DAGs
[2021-10-24 03:10:09,869] {logging_mixin.py:104} INFO - [2021-10-24 03:10:09,869] {dag.py:2305} INFO - Setting next_dagrun for tutorial_taskflow_api_etl to None
[2021-10-24 03:10:09,893] {scheduler_job.py:190} INFO - Processing /home/airflow/sandbox/lib/python3.8/site-packages/airflow/example_dags/tutorial_taskflow_api_etl.py took 0.501 seconds
[2021-10-24 03:10:46,274] {scheduler_job.py:182} INFO - Started process (PID=6532) to work on /home/airflow/sandbox/lib/python3.8/site-packages/airflow/example_dags/tutorial_taskflow_api_etl.py
[2021-10-24 03:10:46,275] {scheduler_job.py:633} INFO - Processing file /home/airflow/sandbox/lib/python3.8/site-packages/airflow/example_dags/tutorial_taskflow_api_etl.py for tasks to queue
[2021-10-24 03:10:46,276] {logging_mixin.py:104} INFO - [2021-10-24 03:10:46,276] {dagbag.py:487} INFO - Filling up the DagBag from /home/airflow/sandbox/lib/python3.8/site-packages/airflow/example_dags/tutorial_taskflow_api_etl.py
[2021-10-24 03:10:46,301] {scheduler_job.py:643} INFO - DAG(s) dict_keys(['tutorial_taskflow_api_etl']) retrieved from /home/airflow/sandbox/lib/python3.8/site-packages/airflow/example_dags/tutorial_taskflow_api_etl.py
[2021-10-24 03:10:46,742] {logging_mixin.py:104} INFO - [2021-10-24 03:10:46,742] {dag.py:1832} INFO - Sync 1 DAGs
[2021-10-24 03:10:46,763] {logging_mixin.py:104} INFO - [2021-10-24 03:10:46,763] {dag.py:2305} INFO - Setting next_dagrun for tutorial_taskflow_api_etl to None
[2021-10-24 03:10:46,786] {scheduler_job.py:190} INFO - Processing /home/airflow/sandbox/lib/python3.8/site-packages/airflow/example_dags/tutorial_taskflow_api_etl.py took 0.518 seconds
[2021-10-24 03:11:23,073] {scheduler_job.py:182} INFO - Started process (PID=6622) to work on /home/airflow/sandbox/lib/python3.8/site-packages/airflow/example_dags/tutorial_taskflow_api_etl.py
[2021-10-24 03:11:23,075] {scheduler_job.py:633} INFO - Processing file /home/airflow/sandbox/lib/python3.8/site-packages/airflow/example_dags/tutorial_taskflow_api_etl.py for tasks to queue
[2021-10-24 03:11:23,075] {logging_mixin.py:104} INFO - [2021-10-24 03:11:23,075] {dagbag.py:487} INFO - Filling up the DagBag from /home/airflow/sandbox/lib/python3.8/site-packages/airflow/example_dags/tutorial_taskflow_api_etl.py
[2021-10-24 03:11:23,098] {scheduler_job.py:643} INFO - DAG(s) dict_keys(['tutorial_taskflow_api_etl']) retrieved from /home/airflow/sandbox/lib/python3.8/site-packages/airflow/example_dags/tutorial_taskflow_api_etl.py
[2021-10-24 03:11:23,525] {logging_mixin.py:104} INFO - [2021-10-24 03:11:23,525] {dag.py:1832} INFO - Sync 1 DAGs
[2021-10-24 03:11:23,537] {logging_mixin.py:104} INFO - [2021-10-24 03:11:23,537] {dag.py:2305} INFO - Setting next_dagrun for tutorial_taskflow_api_etl to None
[2021-10-24 03:11:23,559] {scheduler_job.py:190} INFO - Processing /home/airflow/sandbox/lib/python3.8/site-packages/airflow/example_dags/tutorial_taskflow_api_etl.py took 0.490 seconds
[2021-10-24 03:11:58,997] {scheduler_job.py:182} INFO - Started process (PID=6668) to work on /home/airflow/sandbox/lib/python3.8/site-packages/airflow/example_dags/tutorial_taskflow_api_etl.py
[2021-10-24 03:11:58,999] {scheduler_job.py:633} INFO - Processing file /home/airflow/sandbox/lib/python3.8/site-packages/airflow/example_dags/tutorial_taskflow_api_etl.py for tasks to queue
[2021-10-24 03:11:59,000] {logging_mixin.py:104} INFO - [2021-10-24 03:11:59,000] {dagbag.py:487} INFO - Filling up the DagBag from /home/airflow/sandbox/lib/python3.8/site-packages/airflow/example_dags/tutorial_taskflow_api_etl.py
[2021-10-24 03:11:59,014] {scheduler_job.py:643} INFO - DAG(s) dict_keys(['tutorial_taskflow_api_etl']) retrieved from /home/airflow/sandbox/lib/python3.8/site-packages/airflow/example_dags/tutorial_taskflow_api_etl.py
[2021-10-24 03:11:59,415] {logging_mixin.py:104} INFO - [2021-10-24 03:11:59,415] {dag.py:1832} INFO - Sync 1 DAGs
[2021-10-24 03:11:59,427] {logging_mixin.py:104} INFO - [2021-10-24 03:11:59,426] {dag.py:2305} INFO - Setting next_dagrun for tutorial_taskflow_api_etl to None
[2021-10-24 03:11:59,449] {scheduler_job.py:190} INFO - Processing /home/airflow/sandbox/lib/python3.8/site-packages/airflow/example_dags/tutorial_taskflow_api_etl.py took 0.455 seconds
[2021-10-24 03:12:32,917] {scheduler_job.py:182} INFO - Started process (PID=6723) to work on /home/airflow/sandbox/lib/python3.8/site-packages/airflow/example_dags/tutorial_taskflow_api_etl.py
[2021-10-24 03:12:32,918] {scheduler_job.py:633} INFO - Processing file /home/airflow/sandbox/lib/python3.8/site-packages/airflow/example_dags/tutorial_taskflow_api_etl.py for tasks to queue
[2021-10-24 03:12:32,919] {logging_mixin.py:104} INFO - [2021-10-24 03:12:32,919] {dagbag.py:487} INFO - Filling up the DagBag from /home/airflow/sandbox/lib/python3.8/site-packages/airflow/example_dags/tutorial_taskflow_api_etl.py
[2021-10-24 03:12:32,943] {scheduler_job.py:643} INFO - DAG(s) dict_keys(['tutorial_taskflow_api_etl']) retrieved from /home/airflow/sandbox/lib/python3.8/site-packages/airflow/example_dags/tutorial_taskflow_api_etl.py
[2021-10-24 03:12:33,364] {logging_mixin.py:104} INFO - [2021-10-24 03:12:33,364] {dag.py:1832} INFO - Sync 1 DAGs
[2021-10-24 03:12:33,377] {logging_mixin.py:104} INFO - [2021-10-24 03:12:33,377] {dag.py:2305} INFO - Setting next_dagrun for tutorial_taskflow_api_etl to None
[2021-10-24 03:12:33,402] {scheduler_job.py:190} INFO - Processing /home/airflow/sandbox/lib/python3.8/site-packages/airflow/example_dags/tutorial_taskflow_api_etl.py took 0.491 seconds
[2021-10-24 03:13:09,109] {scheduler_job.py:182} INFO - Started process (PID=6767) to work on /home/airflow/sandbox/lib/python3.8/site-packages/airflow/example_dags/tutorial_taskflow_api_etl.py
[2021-10-24 03:13:09,111] {scheduler_job.py:633} INFO - Processing file /home/airflow/sandbox/lib/python3.8/site-packages/airflow/example_dags/tutorial_taskflow_api_etl.py for tasks to queue
[2021-10-24 03:13:09,111] {logging_mixin.py:104} INFO - [2021-10-24 03:13:09,111] {dagbag.py:487} INFO - Filling up the DagBag from /home/airflow/sandbox/lib/python3.8/site-packages/airflow/example_dags/tutorial_taskflow_api_etl.py
[2021-10-24 03:13:09,132] {scheduler_job.py:643} INFO - DAG(s) dict_keys(['tutorial_taskflow_api_etl']) retrieved from /home/airflow/sandbox/lib/python3.8/site-packages/airflow/example_dags/tutorial_taskflow_api_etl.py
[2021-10-24 03:13:09,549] {logging_mixin.py:104} INFO - [2021-10-24 03:13:09,548] {dag.py:1832} INFO - Sync 1 DAGs
[2021-10-24 03:13:09,562] {logging_mixin.py:104} INFO - [2021-10-24 03:13:09,562] {dag.py:2305} INFO - Setting next_dagrun for tutorial_taskflow_api_etl to None
[2021-10-24 03:13:09,581] {scheduler_job.py:190} INFO - Processing /home/airflow/sandbox/lib/python3.8/site-packages/airflow/example_dags/tutorial_taskflow_api_etl.py took 0.477 seconds
[2021-10-24 03:13:42,225] {scheduler_job.py:182} INFO - Started process (PID=6842) to work on /home/airflow/sandbox/lib/python3.8/site-packages/airflow/example_dags/tutorial_taskflow_api_etl.py
[2021-10-24 03:13:42,227] {scheduler_job.py:633} INFO - Processing file /home/airflow/sandbox/lib/python3.8/site-packages/airflow/example_dags/tutorial_taskflow_api_etl.py for tasks to queue
[2021-10-24 03:13:42,228] {logging_mixin.py:104} INFO - [2021-10-24 03:13:42,228] {dagbag.py:487} INFO - Filling up the DagBag from /home/airflow/sandbox/lib/python3.8/site-packages/airflow/example_dags/tutorial_taskflow_api_etl.py
[2021-10-24 03:13:42,249] {scheduler_job.py:643} INFO - DAG(s) dict_keys(['tutorial_taskflow_api_etl']) retrieved from /home/airflow/sandbox/lib/python3.8/site-packages/airflow/example_dags/tutorial_taskflow_api_etl.py
[2021-10-24 03:13:42,686] {logging_mixin.py:104} INFO - [2021-10-24 03:13:42,686] {dag.py:1832} INFO - Sync 1 DAGs
[2021-10-24 03:13:42,698] {logging_mixin.py:104} INFO - [2021-10-24 03:13:42,698] {dag.py:2305} INFO - Setting next_dagrun for tutorial_taskflow_api_etl to None
[2021-10-24 03:13:42,723] {scheduler_job.py:190} INFO - Processing /home/airflow/sandbox/lib/python3.8/site-packages/airflow/example_dags/tutorial_taskflow_api_etl.py took 0.503 seconds
[2021-10-24 03:14:19,260] {scheduler_job.py:182} INFO - Started process (PID=6875) to work on /home/airflow/sandbox/lib/python3.8/site-packages/airflow/example_dags/tutorial_taskflow_api_etl.py
[2021-10-24 03:14:19,261] {scheduler_job.py:633} INFO - Processing file /home/airflow/sandbox/lib/python3.8/site-packages/airflow/example_dags/tutorial_taskflow_api_etl.py for tasks to queue
[2021-10-24 03:14:19,261] {logging_mixin.py:104} INFO - [2021-10-24 03:14:19,261] {dagbag.py:487} INFO - Filling up the DagBag from /home/airflow/sandbox/lib/python3.8/site-packages/airflow/example_dags/tutorial_taskflow_api_etl.py
[2021-10-24 03:14:19,275] {scheduler_job.py:643} INFO - DAG(s) dict_keys(['tutorial_taskflow_api_etl']) retrieved from /home/airflow/sandbox/lib/python3.8/site-packages/airflow/example_dags/tutorial_taskflow_api_etl.py
[2021-10-24 03:14:19,608] {logging_mixin.py:104} INFO - [2021-10-24 03:14:19,608] {dag.py:1832} INFO - Sync 1 DAGs
[2021-10-24 03:14:19,619] {logging_mixin.py:104} INFO - [2021-10-24 03:14:19,618] {dag.py:2305} INFO - Setting next_dagrun for tutorial_taskflow_api_etl to None
[2021-10-24 03:14:19,639] {scheduler_job.py:190} INFO - Processing /home/airflow/sandbox/lib/python3.8/site-packages/airflow/example_dags/tutorial_taskflow_api_etl.py took 0.384 seconds
[2021-10-24 03:14:55,224] {scheduler_job.py:182} INFO - Started process (PID=7002) to work on /home/airflow/sandbox/lib/python3.8/site-packages/airflow/example_dags/tutorial_taskflow_api_etl.py
[2021-10-24 03:14:55,226] {scheduler_job.py:633} INFO - Processing file /home/airflow/sandbox/lib/python3.8/site-packages/airflow/example_dags/tutorial_taskflow_api_etl.py for tasks to queue
[2021-10-24 03:14:55,227] {logging_mixin.py:104} INFO - [2021-10-24 03:14:55,227] {dagbag.py:487} INFO - Filling up the DagBag from /home/airflow/sandbox/lib/python3.8/site-packages/airflow/example_dags/tutorial_taskflow_api_etl.py
[2021-10-24 03:14:55,252] {scheduler_job.py:643} INFO - DAG(s) dict_keys(['tutorial_taskflow_api_etl']) retrieved from /home/airflow/sandbox/lib/python3.8/site-packages/airflow/example_dags/tutorial_taskflow_api_etl.py
[2021-10-24 03:14:55,713] {logging_mixin.py:104} INFO - [2021-10-24 03:14:55,713] {dag.py:1832} INFO - Sync 1 DAGs
[2021-10-24 03:14:55,728] {logging_mixin.py:104} INFO - [2021-10-24 03:14:55,728] {dag.py:2305} INFO - Setting next_dagrun for tutorial_taskflow_api_etl to None
[2021-10-24 03:14:55,751] {scheduler_job.py:190} INFO - Processing /home/airflow/sandbox/lib/python3.8/site-packages/airflow/example_dags/tutorial_taskflow_api_etl.py took 0.533 seconds
[2021-10-24 03:15:31,471] {scheduler_job.py:182} INFO - Started process (PID=7033) to work on /home/airflow/sandbox/lib/python3.8/site-packages/airflow/example_dags/tutorial_taskflow_api_etl.py
[2021-10-24 03:15:31,474] {scheduler_job.py:633} INFO - Processing file /home/airflow/sandbox/lib/python3.8/site-packages/airflow/example_dags/tutorial_taskflow_api_etl.py for tasks to queue
[2021-10-24 03:15:31,475] {logging_mixin.py:104} INFO - [2021-10-24 03:15:31,475] {dagbag.py:487} INFO - Filling up the DagBag from /home/airflow/sandbox/lib/python3.8/site-packages/airflow/example_dags/tutorial_taskflow_api_etl.py
[2021-10-24 03:15:31,498] {scheduler_job.py:643} INFO - DAG(s) dict_keys(['tutorial_taskflow_api_etl']) retrieved from /home/airflow/sandbox/lib/python3.8/site-packages/airflow/example_dags/tutorial_taskflow_api_etl.py
[2021-10-24 03:15:31,967] {logging_mixin.py:104} INFO - [2021-10-24 03:15:31,967] {dag.py:1832} INFO - Sync 1 DAGs
[2021-10-24 03:15:31,980] {logging_mixin.py:104} INFO - [2021-10-24 03:15:31,980] {dag.py:2305} INFO - Setting next_dagrun for tutorial_taskflow_api_etl to None
[2021-10-24 03:15:32,003] {scheduler_job.py:190} INFO - Processing /home/airflow/sandbox/lib/python3.8/site-packages/airflow/example_dags/tutorial_taskflow_api_etl.py took 0.537 seconds
[2021-10-24 03:16:06,248] {scheduler_job.py:182} INFO - Started process (PID=7124) to work on /home/airflow/sandbox/lib/python3.8/site-packages/airflow/example_dags/tutorial_taskflow_api_etl.py
[2021-10-24 03:16:06,250] {scheduler_job.py:633} INFO - Processing file /home/airflow/sandbox/lib/python3.8/site-packages/airflow/example_dags/tutorial_taskflow_api_etl.py for tasks to queue
[2021-10-24 03:16:06,251] {logging_mixin.py:104} INFO - [2021-10-24 03:16:06,251] {dagbag.py:487} INFO - Filling up the DagBag from /home/airflow/sandbox/lib/python3.8/site-packages/airflow/example_dags/tutorial_taskflow_api_etl.py
[2021-10-24 03:16:06,271] {scheduler_job.py:643} INFO - DAG(s) dict_keys(['tutorial_taskflow_api_etl']) retrieved from /home/airflow/sandbox/lib/python3.8/site-packages/airflow/example_dags/tutorial_taskflow_api_etl.py
[2021-10-24 03:16:06,694] {logging_mixin.py:104} INFO - [2021-10-24 03:16:06,694] {dag.py:1832} INFO - Sync 1 DAGs
[2021-10-24 03:16:06,708] {logging_mixin.py:104} INFO - [2021-10-24 03:16:06,708] {dag.py:2305} INFO - Setting next_dagrun for tutorial_taskflow_api_etl to None
[2021-10-24 03:16:06,723] {scheduler_job.py:190} INFO - Processing /home/airflow/sandbox/lib/python3.8/site-packages/airflow/example_dags/tutorial_taskflow_api_etl.py took 0.479 seconds
[2021-10-24 03:16:40,447] {scheduler_job.py:182} INFO - Started process (PID=7155) to work on /home/airflow/sandbox/lib/python3.8/site-packages/airflow/example_dags/tutorial_taskflow_api_etl.py
[2021-10-24 03:16:40,448] {scheduler_job.py:633} INFO - Processing file /home/airflow/sandbox/lib/python3.8/site-packages/airflow/example_dags/tutorial_taskflow_api_etl.py for tasks to queue
[2021-10-24 03:16:40,448] {logging_mixin.py:104} INFO - [2021-10-24 03:16:40,448] {dagbag.py:487} INFO - Filling up the DagBag from /home/airflow/sandbox/lib/python3.8/site-packages/airflow/example_dags/tutorial_taskflow_api_etl.py
[2021-10-24 03:16:40,476] {scheduler_job.py:643} INFO - DAG(s) dict_keys(['tutorial_taskflow_api_etl']) retrieved from /home/airflow/sandbox/lib/python3.8/site-packages/airflow/example_dags/tutorial_taskflow_api_etl.py
[2021-10-24 03:16:40,918] {logging_mixin.py:104} INFO - [2021-10-24 03:16:40,918] {dag.py:1832} INFO - Sync 1 DAGs
[2021-10-24 03:16:40,932] {logging_mixin.py:104} INFO - [2021-10-24 03:16:40,932] {dag.py:2305} INFO - Setting next_dagrun for tutorial_taskflow_api_etl to None
[2021-10-24 03:16:40,954] {scheduler_job.py:190} INFO - Processing /home/airflow/sandbox/lib/python3.8/site-packages/airflow/example_dags/tutorial_taskflow_api_etl.py took 0.513 seconds
[2021-10-24 03:17:47,598] {scheduler_job.py:182} INFO - Started process (PID=7668) to work on /home/airflow/sandbox/lib/python3.8/site-packages/airflow/example_dags/tutorial_taskflow_api_etl.py
[2021-10-24 03:17:47,600] {scheduler_job.py:633} INFO - Processing file /home/airflow/sandbox/lib/python3.8/site-packages/airflow/example_dags/tutorial_taskflow_api_etl.py for tasks to queue
[2021-10-24 03:17:47,601] {logging_mixin.py:104} INFO - [2021-10-24 03:17:47,601] {dagbag.py:487} INFO - Filling up the DagBag from /home/airflow/sandbox/lib/python3.8/site-packages/airflow/example_dags/tutorial_taskflow_api_etl.py
[2021-10-24 03:17:47,626] {scheduler_job.py:643} INFO - DAG(s) dict_keys(['tutorial_taskflow_api_etl']) retrieved from /home/airflow/sandbox/lib/python3.8/site-packages/airflow/example_dags/tutorial_taskflow_api_etl.py
[2021-10-24 03:17:48,074] {logging_mixin.py:104} INFO - [2021-10-24 03:17:48,074] {dag.py:1832} INFO - Sync 1 DAGs
[2021-10-24 03:17:48,088] {logging_mixin.py:104} INFO - [2021-10-24 03:17:48,088] {dag.py:2305} INFO - Setting next_dagrun for tutorial_taskflow_api_etl to None
[2021-10-24 03:17:48,111] {scheduler_job.py:190} INFO - Processing /home/airflow/sandbox/lib/python3.8/site-packages/airflow/example_dags/tutorial_taskflow_api_etl.py took 0.517 seconds
[2021-10-24 03:18:23,270] {scheduler_job.py:182} INFO - Started process (PID=7743) to work on /home/airflow/sandbox/lib/python3.8/site-packages/airflow/example_dags/tutorial_taskflow_api_etl.py
[2021-10-24 03:18:23,270] {scheduler_job.py:633} INFO - Processing file /home/airflow/sandbox/lib/python3.8/site-packages/airflow/example_dags/tutorial_taskflow_api_etl.py for tasks to queue
[2021-10-24 03:18:23,271] {logging_mixin.py:104} INFO - [2021-10-24 03:18:23,271] {dagbag.py:487} INFO - Filling up the DagBag from /home/airflow/sandbox/lib/python3.8/site-packages/airflow/example_dags/tutorial_taskflow_api_etl.py
[2021-10-24 03:18:23,296] {scheduler_job.py:643} INFO - DAG(s) dict_keys(['tutorial_taskflow_api_etl']) retrieved from /home/airflow/sandbox/lib/python3.8/site-packages/airflow/example_dags/tutorial_taskflow_api_etl.py
[2021-10-24 03:18:23,744] {logging_mixin.py:104} INFO - [2021-10-24 03:18:23,744] {dag.py:1832} INFO - Sync 1 DAGs
[2021-10-24 03:18:23,757] {logging_mixin.py:104} INFO - [2021-10-24 03:18:23,757] {dag.py:2305} INFO - Setting next_dagrun for tutorial_taskflow_api_etl to None
[2021-10-24 03:18:23,775] {scheduler_job.py:190} INFO - Processing /home/airflow/sandbox/lib/python3.8/site-packages/airflow/example_dags/tutorial_taskflow_api_etl.py took 0.510 seconds
[2021-10-24 03:18:59,302] {scheduler_job.py:182} INFO - Started process (PID=7835) to work on /home/airflow/sandbox/lib/python3.8/site-packages/airflow/example_dags/tutorial_taskflow_api_etl.py
[2021-10-24 03:18:59,304] {scheduler_job.py:633} INFO - Processing file /home/airflow/sandbox/lib/python3.8/site-packages/airflow/example_dags/tutorial_taskflow_api_etl.py for tasks to queue
[2021-10-24 03:18:59,305] {logging_mixin.py:104} INFO - [2021-10-24 03:18:59,304] {dagbag.py:487} INFO - Filling up the DagBag from /home/airflow/sandbox/lib/python3.8/site-packages/airflow/example_dags/tutorial_taskflow_api_etl.py
[2021-10-24 03:18:59,329] {scheduler_job.py:643} INFO - DAG(s) dict_keys(['tutorial_taskflow_api_etl']) retrieved from /home/airflow/sandbox/lib/python3.8/site-packages/airflow/example_dags/tutorial_taskflow_api_etl.py
[2021-10-24 03:18:59,746] {logging_mixin.py:104} INFO - [2021-10-24 03:18:59,746] {dag.py:1832} INFO - Sync 1 DAGs
[2021-10-24 03:18:59,760] {logging_mixin.py:104} INFO - [2021-10-24 03:18:59,760] {dag.py:2305} INFO - Setting next_dagrun for tutorial_taskflow_api_etl to None
[2021-10-24 03:18:59,780] {scheduler_job.py:190} INFO - Processing /home/airflow/sandbox/lib/python3.8/site-packages/airflow/example_dags/tutorial_taskflow_api_etl.py took 0.481 seconds
[2021-10-24 03:19:34,624] {scheduler_job.py:182} INFO - Started process (PID=7866) to work on /home/airflow/sandbox/lib/python3.8/site-packages/airflow/example_dags/tutorial_taskflow_api_etl.py
[2021-10-24 03:19:34,626] {scheduler_job.py:633} INFO - Processing file /home/airflow/sandbox/lib/python3.8/site-packages/airflow/example_dags/tutorial_taskflow_api_etl.py for tasks to queue
[2021-10-24 03:19:34,627] {logging_mixin.py:104} INFO - [2021-10-24 03:19:34,627] {dagbag.py:487} INFO - Filling up the DagBag from /home/airflow/sandbox/lib/python3.8/site-packages/airflow/example_dags/tutorial_taskflow_api_etl.py
[2021-10-24 03:19:34,651] {scheduler_job.py:643} INFO - DAG(s) dict_keys(['tutorial_taskflow_api_etl']) retrieved from /home/airflow/sandbox/lib/python3.8/site-packages/airflow/example_dags/tutorial_taskflow_api_etl.py
[2021-10-24 03:19:35,087] {logging_mixin.py:104} INFO - [2021-10-24 03:19:35,086] {dag.py:1832} INFO - Sync 1 DAGs
[2021-10-24 03:19:35,098] {logging_mixin.py:104} INFO - [2021-10-24 03:19:35,098] {dag.py:2305} INFO - Setting next_dagrun for tutorial_taskflow_api_etl to None
[2021-10-24 03:19:35,122] {scheduler_job.py:190} INFO - Processing /home/airflow/sandbox/lib/python3.8/site-packages/airflow/example_dags/tutorial_taskflow_api_etl.py took 0.503 seconds
[2021-10-24 03:20:11,427] {scheduler_job.py:182} INFO - Started process (PID=7897) to work on /home/airflow/sandbox/lib/python3.8/site-packages/airflow/example_dags/tutorial_taskflow_api_etl.py
[2021-10-24 03:20:11,429] {scheduler_job.py:633} INFO - Processing file /home/airflow/sandbox/lib/python3.8/site-packages/airflow/example_dags/tutorial_taskflow_api_etl.py for tasks to queue
[2021-10-24 03:20:11,430] {logging_mixin.py:104} INFO - [2021-10-24 03:20:11,430] {dagbag.py:487} INFO - Filling up the DagBag from /home/airflow/sandbox/lib/python3.8/site-packages/airflow/example_dags/tutorial_taskflow_api_etl.py
[2021-10-24 03:20:11,453] {scheduler_job.py:643} INFO - DAG(s) dict_keys(['tutorial_taskflow_api_etl']) retrieved from /home/airflow/sandbox/lib/python3.8/site-packages/airflow/example_dags/tutorial_taskflow_api_etl.py
[2021-10-24 03:20:11,887] {logging_mixin.py:104} INFO - [2021-10-24 03:20:11,887] {dag.py:1832} INFO - Sync 1 DAGs
[2021-10-24 03:20:11,893] {logging_mixin.py:104} INFO - [2021-10-24 03:20:11,893] {dag.py:2305} INFO - Setting next_dagrun for tutorial_taskflow_api_etl to None
[2021-10-24 03:20:11,905] {scheduler_job.py:190} INFO - Processing /home/airflow/sandbox/lib/python3.8/site-packages/airflow/example_dags/tutorial_taskflow_api_etl.py took 0.482 seconds
[2021-10-24 03:20:46,814] {scheduler_job.py:182} INFO - Started process (PID=7928) to work on /home/airflow/sandbox/lib/python3.8/site-packages/airflow/example_dags/tutorial_taskflow_api_etl.py
[2021-10-24 03:20:46,815] {scheduler_job.py:633} INFO - Processing file /home/airflow/sandbox/lib/python3.8/site-packages/airflow/example_dags/tutorial_taskflow_api_etl.py for tasks to queue
[2021-10-24 03:20:46,816] {logging_mixin.py:104} INFO - [2021-10-24 03:20:46,816] {dagbag.py:487} INFO - Filling up the DagBag from /home/airflow/sandbox/lib/python3.8/site-packages/airflow/example_dags/tutorial_taskflow_api_etl.py
[2021-10-24 03:20:46,839] {scheduler_job.py:643} INFO - DAG(s) dict_keys(['tutorial_taskflow_api_etl']) retrieved from /home/airflow/sandbox/lib/python3.8/site-packages/airflow/example_dags/tutorial_taskflow_api_etl.py
[2021-10-24 03:20:47,296] {logging_mixin.py:104} INFO - [2021-10-24 03:20:47,296] {dag.py:1832} INFO - Sync 1 DAGs
[2021-10-24 03:20:47,311] {logging_mixin.py:104} INFO - [2021-10-24 03:20:47,310] {dag.py:2305} INFO - Setting next_dagrun for tutorial_taskflow_api_etl to None
[2021-10-24 03:20:47,334] {scheduler_job.py:190} INFO - Processing /home/airflow/sandbox/lib/python3.8/site-packages/airflow/example_dags/tutorial_taskflow_api_etl.py took 0.526 seconds
[2021-10-24 03:21:20,206] {scheduler_job.py:182} INFO - Started process (PID=7957) to work on /home/airflow/sandbox/lib/python3.8/site-packages/airflow/example_dags/tutorial_taskflow_api_etl.py
[2021-10-24 03:21:20,208] {scheduler_job.py:633} INFO - Processing file /home/airflow/sandbox/lib/python3.8/site-packages/airflow/example_dags/tutorial_taskflow_api_etl.py for tasks to queue
[2021-10-24 03:21:20,209] {logging_mixin.py:104} INFO - [2021-10-24 03:21:20,209] {dagbag.py:487} INFO - Filling up the DagBag from /home/airflow/sandbox/lib/python3.8/site-packages/airflow/example_dags/tutorial_taskflow_api_etl.py
[2021-10-24 03:21:20,229] {scheduler_job.py:643} INFO - DAG(s) dict_keys(['tutorial_taskflow_api_etl']) retrieved from /home/airflow/sandbox/lib/python3.8/site-packages/airflow/example_dags/tutorial_taskflow_api_etl.py
[2021-10-24 03:21:20,682] {logging_mixin.py:104} INFO - [2021-10-24 03:21:20,682] {dag.py:1832} INFO - Sync 1 DAGs
[2021-10-24 03:21:20,693] {logging_mixin.py:104} INFO - [2021-10-24 03:21:20,693] {dag.py:2305} INFO - Setting next_dagrun for tutorial_taskflow_api_etl to None
[2021-10-24 03:21:20,718] {scheduler_job.py:190} INFO - Processing /home/airflow/sandbox/lib/python3.8/site-packages/airflow/example_dags/tutorial_taskflow_api_etl.py took 0.518 seconds
[2021-10-24 03:21:52,889] {scheduler_job.py:182} INFO - Started process (PID=8047) to work on /home/airflow/sandbox/lib/python3.8/site-packages/airflow/example_dags/tutorial_taskflow_api_etl.py
[2021-10-24 03:21:52,890] {scheduler_job.py:633} INFO - Processing file /home/airflow/sandbox/lib/python3.8/site-packages/airflow/example_dags/tutorial_taskflow_api_etl.py for tasks to queue
[2021-10-24 03:21:52,891] {logging_mixin.py:104} INFO - [2021-10-24 03:21:52,891] {dagbag.py:487} INFO - Filling up the DagBag from /home/airflow/sandbox/lib/python3.8/site-packages/airflow/example_dags/tutorial_taskflow_api_etl.py
[2021-10-24 03:21:52,914] {scheduler_job.py:643} INFO - DAG(s) dict_keys(['tutorial_taskflow_api_etl']) retrieved from /home/airflow/sandbox/lib/python3.8/site-packages/airflow/example_dags/tutorial_taskflow_api_etl.py
[2021-10-24 03:21:53,360] {logging_mixin.py:104} INFO - [2021-10-24 03:21:53,360] {dag.py:1832} INFO - Sync 1 DAGs
[2021-10-24 03:21:53,373] {logging_mixin.py:104} INFO - [2021-10-24 03:21:53,373] {dag.py:2305} INFO - Setting next_dagrun for tutorial_taskflow_api_etl to None
[2021-10-24 03:21:53,397] {scheduler_job.py:190} INFO - Processing /home/airflow/sandbox/lib/python3.8/site-packages/airflow/example_dags/tutorial_taskflow_api_etl.py took 0.513 seconds
[2021-10-24 03:22:29,838] {scheduler_job.py:182} INFO - Started process (PID=8078) to work on /home/airflow/sandbox/lib/python3.8/site-packages/airflow/example_dags/tutorial_taskflow_api_etl.py
[2021-10-24 03:22:29,840] {scheduler_job.py:633} INFO - Processing file /home/airflow/sandbox/lib/python3.8/site-packages/airflow/example_dags/tutorial_taskflow_api_etl.py for tasks to queue
[2021-10-24 03:22:29,841] {logging_mixin.py:104} INFO - [2021-10-24 03:22:29,841] {dagbag.py:487} INFO - Filling up the DagBag from /home/airflow/sandbox/lib/python3.8/site-packages/airflow/example_dags/tutorial_taskflow_api_etl.py
[2021-10-24 03:22:29,865] {scheduler_job.py:643} INFO - DAG(s) dict_keys(['tutorial_taskflow_api_etl']) retrieved from /home/airflow/sandbox/lib/python3.8/site-packages/airflow/example_dags/tutorial_taskflow_api_etl.py
[2021-10-24 03:22:29,888] {logging_mixin.py:104} INFO - [2021-10-24 03:22:29,888] {dag.py:1832} INFO - Sync 1 DAGs
[2021-10-24 03:22:29,906] {logging_mixin.py:104} INFO - [2021-10-24 03:22:29,906] {dag.py:2305} INFO - Setting next_dagrun for tutorial_taskflow_api_etl to None
[2021-10-24 03:22:29,928] {scheduler_job.py:190} INFO - Processing /home/airflow/sandbox/lib/python3.8/site-packages/airflow/example_dags/tutorial_taskflow_api_etl.py took 0.097 seconds
[2021-10-24 03:23:04,199] {scheduler_job.py:182} INFO - Started process (PID=8108) to work on /home/airflow/sandbox/lib/python3.8/site-packages/airflow/example_dags/tutorial_taskflow_api_etl.py
[2021-10-24 03:23:04,200] {scheduler_job.py:633} INFO - Processing file /home/airflow/sandbox/lib/python3.8/site-packages/airflow/example_dags/tutorial_taskflow_api_etl.py for tasks to queue
[2021-10-24 03:23:04,201] {logging_mixin.py:104} INFO - [2021-10-24 03:23:04,201] {dagbag.py:487} INFO - Filling up the DagBag from /home/airflow/sandbox/lib/python3.8/site-packages/airflow/example_dags/tutorial_taskflow_api_etl.py
[2021-10-24 03:23:04,221] {scheduler_job.py:643} INFO - DAG(s) dict_keys(['tutorial_taskflow_api_etl']) retrieved from /home/airflow/sandbox/lib/python3.8/site-packages/airflow/example_dags/tutorial_taskflow_api_etl.py
[2021-10-24 03:23:04,563] {logging_mixin.py:104} INFO - [2021-10-24 03:23:04,563] {dag.py:1832} INFO - Sync 1 DAGs
[2021-10-24 03:23:04,571] {logging_mixin.py:104} INFO - [2021-10-24 03:23:04,571] {dag.py:2305} INFO - Setting next_dagrun for tutorial_taskflow_api_etl to None
[2021-10-24 03:23:04,582] {scheduler_job.py:190} INFO - Processing /home/airflow/sandbox/lib/python3.8/site-packages/airflow/example_dags/tutorial_taskflow_api_etl.py took 0.388 seconds
[2021-10-24 03:23:38,410] {scheduler_job.py:182} INFO - Started process (PID=8182) to work on /home/airflow/sandbox/lib/python3.8/site-packages/airflow/example_dags/tutorial_taskflow_api_etl.py
[2021-10-24 03:23:38,412] {scheduler_job.py:633} INFO - Processing file /home/airflow/sandbox/lib/python3.8/site-packages/airflow/example_dags/tutorial_taskflow_api_etl.py for tasks to queue
[2021-10-24 03:23:38,413] {logging_mixin.py:104} INFO - [2021-10-24 03:23:38,413] {dagbag.py:487} INFO - Filling up the DagBag from /home/airflow/sandbox/lib/python3.8/site-packages/airflow/example_dags/tutorial_taskflow_api_etl.py
[2021-10-24 03:23:38,438] {scheduler_job.py:643} INFO - DAG(s) dict_keys(['tutorial_taskflow_api_etl']) retrieved from /home/airflow/sandbox/lib/python3.8/site-packages/airflow/example_dags/tutorial_taskflow_api_etl.py
[2021-10-24 03:23:38,889] {logging_mixin.py:104} INFO - [2021-10-24 03:23:38,889] {dag.py:1832} INFO - Sync 1 DAGs
[2021-10-24 03:23:38,909] {logging_mixin.py:104} INFO - [2021-10-24 03:23:38,909] {dag.py:2305} INFO - Setting next_dagrun for tutorial_taskflow_api_etl to None
[2021-10-24 03:23:38,940] {scheduler_job.py:190} INFO - Processing /home/airflow/sandbox/lib/python3.8/site-packages/airflow/example_dags/tutorial_taskflow_api_etl.py took 0.535 seconds
[2021-10-24 03:24:11,644] {scheduler_job.py:182} INFO - Started process (PID=8213) to work on /home/airflow/sandbox/lib/python3.8/site-packages/airflow/example_dags/tutorial_taskflow_api_etl.py
[2021-10-24 03:24:11,645] {scheduler_job.py:633} INFO - Processing file /home/airflow/sandbox/lib/python3.8/site-packages/airflow/example_dags/tutorial_taskflow_api_etl.py for tasks to queue
[2021-10-24 03:24:11,646] {logging_mixin.py:104} INFO - [2021-10-24 03:24:11,646] {dagbag.py:487} INFO - Filling up the DagBag from /home/airflow/sandbox/lib/python3.8/site-packages/airflow/example_dags/tutorial_taskflow_api_etl.py
[2021-10-24 03:24:11,669] {scheduler_job.py:643} INFO - DAG(s) dict_keys(['tutorial_taskflow_api_etl']) retrieved from /home/airflow/sandbox/lib/python3.8/site-packages/airflow/example_dags/tutorial_taskflow_api_etl.py
[2021-10-24 03:24:12,114] {logging_mixin.py:104} INFO - [2021-10-24 03:24:12,114] {dag.py:1832} INFO - Sync 1 DAGs
[2021-10-24 03:24:12,128] {logging_mixin.py:104} INFO - [2021-10-24 03:24:12,128] {dag.py:2305} INFO - Setting next_dagrun for tutorial_taskflow_api_etl to None
[2021-10-24 03:24:12,155] {scheduler_job.py:190} INFO - Processing /home/airflow/sandbox/lib/python3.8/site-packages/airflow/example_dags/tutorial_taskflow_api_etl.py took 0.517 seconds
[2021-10-24 03:24:48,644] {scheduler_job.py:182} INFO - Started process (PID=8245) to work on /home/airflow/sandbox/lib/python3.8/site-packages/airflow/example_dags/tutorial_taskflow_api_etl.py
[2021-10-24 03:24:48,646] {scheduler_job.py:633} INFO - Processing file /home/airflow/sandbox/lib/python3.8/site-packages/airflow/example_dags/tutorial_taskflow_api_etl.py for tasks to queue
[2021-10-24 03:24:48,646] {logging_mixin.py:104} INFO - [2021-10-24 03:24:48,646] {dagbag.py:487} INFO - Filling up the DagBag from /home/airflow/sandbox/lib/python3.8/site-packages/airflow/example_dags/tutorial_taskflow_api_etl.py
[2021-10-24 03:24:48,671] {scheduler_job.py:643} INFO - DAG(s) dict_keys(['tutorial_taskflow_api_etl']) retrieved from /home/airflow/sandbox/lib/python3.8/site-packages/airflow/example_dags/tutorial_taskflow_api_etl.py
[2021-10-24 03:24:49,124] {logging_mixin.py:104} INFO - [2021-10-24 03:24:49,124] {dag.py:1832} INFO - Sync 1 DAGs
[2021-10-24 03:24:49,136] {logging_mixin.py:104} INFO - [2021-10-24 03:24:49,136] {dag.py:2305} INFO - Setting next_dagrun for tutorial_taskflow_api_etl to None
[2021-10-24 03:24:49,163] {scheduler_job.py:190} INFO - Processing /home/airflow/sandbox/lib/python3.8/site-packages/airflow/example_dags/tutorial_taskflow_api_etl.py took 0.524 seconds
[2021-10-24 03:25:22,699] {scheduler_job.py:182} INFO - Started process (PID=8274) to work on /home/airflow/sandbox/lib/python3.8/site-packages/airflow/example_dags/tutorial_taskflow_api_etl.py
[2021-10-24 03:25:22,702] {scheduler_job.py:633} INFO - Processing file /home/airflow/sandbox/lib/python3.8/site-packages/airflow/example_dags/tutorial_taskflow_api_etl.py for tasks to queue
[2021-10-24 03:25:22,703] {logging_mixin.py:104} INFO - [2021-10-24 03:25:22,703] {dagbag.py:487} INFO - Filling up the DagBag from /home/airflow/sandbox/lib/python3.8/site-packages/airflow/example_dags/tutorial_taskflow_api_etl.py
[2021-10-24 03:25:22,727] {scheduler_job.py:643} INFO - DAG(s) dict_keys(['tutorial_taskflow_api_etl']) retrieved from /home/airflow/sandbox/lib/python3.8/site-packages/airflow/example_dags/tutorial_taskflow_api_etl.py
[2021-10-24 03:25:23,177] {logging_mixin.py:104} INFO - [2021-10-24 03:25:23,177] {dag.py:1832} INFO - Sync 1 DAGs
[2021-10-24 03:25:23,194] {logging_mixin.py:104} INFO - [2021-10-24 03:25:23,193] {dag.py:2305} INFO - Setting next_dagrun for tutorial_taskflow_api_etl to None
[2021-10-24 03:25:23,217] {scheduler_job.py:190} INFO - Processing /home/airflow/sandbox/lib/python3.8/site-packages/airflow/example_dags/tutorial_taskflow_api_etl.py took 0.524 seconds
[2021-10-24 03:26:00,449] {scheduler_job.py:182} INFO - Started process (PID=8305) to work on /home/airflow/sandbox/lib/python3.8/site-packages/airflow/example_dags/tutorial_taskflow_api_etl.py
[2021-10-24 03:26:00,451] {scheduler_job.py:633} INFO - Processing file /home/airflow/sandbox/lib/python3.8/site-packages/airflow/example_dags/tutorial_taskflow_api_etl.py for tasks to queue
[2021-10-24 03:26:00,452] {logging_mixin.py:104} INFO - [2021-10-24 03:26:00,452] {dagbag.py:487} INFO - Filling up the DagBag from /home/airflow/sandbox/lib/python3.8/site-packages/airflow/example_dags/tutorial_taskflow_api_etl.py
[2021-10-24 03:26:00,475] {scheduler_job.py:643} INFO - DAG(s) dict_keys(['tutorial_taskflow_api_etl']) retrieved from /home/airflow/sandbox/lib/python3.8/site-packages/airflow/example_dags/tutorial_taskflow_api_etl.py
[2021-10-24 03:26:00,928] {logging_mixin.py:104} INFO - [2021-10-24 03:26:00,928] {dag.py:1832} INFO - Sync 1 DAGs
[2021-10-24 03:26:00,944] {logging_mixin.py:104} INFO - [2021-10-24 03:26:00,944] {dag.py:2305} INFO - Setting next_dagrun for tutorial_taskflow_api_etl to None
[2021-10-24 03:26:00,967] {scheduler_job.py:190} INFO - Processing /home/airflow/sandbox/lib/python3.8/site-packages/airflow/example_dags/tutorial_taskflow_api_etl.py took 0.523 seconds
[2021-10-24 03:26:36,268] {scheduler_job.py:182} INFO - Started process (PID=8336) to work on /home/airflow/sandbox/lib/python3.8/site-packages/airflow/example_dags/tutorial_taskflow_api_etl.py
[2021-10-24 03:26:36,268] {scheduler_job.py:633} INFO - Processing file /home/airflow/sandbox/lib/python3.8/site-packages/airflow/example_dags/tutorial_taskflow_api_etl.py for tasks to queue
[2021-10-24 03:26:36,269] {logging_mixin.py:104} INFO - [2021-10-24 03:26:36,269] {dagbag.py:487} INFO - Filling up the DagBag from /home/airflow/sandbox/lib/python3.8/site-packages/airflow/example_dags/tutorial_taskflow_api_etl.py
[2021-10-24 03:26:36,296] {scheduler_job.py:643} INFO - DAG(s) dict_keys(['tutorial_taskflow_api_etl']) retrieved from /home/airflow/sandbox/lib/python3.8/site-packages/airflow/example_dags/tutorial_taskflow_api_etl.py
[2021-10-24 03:26:36,770] {logging_mixin.py:104} INFO - [2021-10-24 03:26:36,770] {dag.py:1832} INFO - Sync 1 DAGs
[2021-10-24 03:26:36,785] {logging_mixin.py:104} INFO - [2021-10-24 03:26:36,785] {dag.py:2305} INFO - Setting next_dagrun for tutorial_taskflow_api_etl to None
[2021-10-24 03:26:36,810] {scheduler_job.py:190} INFO - Processing /home/airflow/sandbox/lib/python3.8/site-packages/airflow/example_dags/tutorial_taskflow_api_etl.py took 0.548 seconds
[2021-10-24 03:27:11,472] {scheduler_job.py:182} INFO - Started process (PID=8365) to work on /home/airflow/sandbox/lib/python3.8/site-packages/airflow/example_dags/tutorial_taskflow_api_etl.py
[2021-10-24 03:27:11,474] {scheduler_job.py:633} INFO - Processing file /home/airflow/sandbox/lib/python3.8/site-packages/airflow/example_dags/tutorial_taskflow_api_etl.py for tasks to queue
[2021-10-24 03:27:11,475] {logging_mixin.py:104} INFO - [2021-10-24 03:27:11,475] {dagbag.py:487} INFO - Filling up the DagBag from /home/airflow/sandbox/lib/python3.8/site-packages/airflow/example_dags/tutorial_taskflow_api_etl.py
[2021-10-24 03:27:11,498] {scheduler_job.py:643} INFO - DAG(s) dict_keys(['tutorial_taskflow_api_etl']) retrieved from /home/airflow/sandbox/lib/python3.8/site-packages/airflow/example_dags/tutorial_taskflow_api_etl.py
[2021-10-24 03:27:11,957] {logging_mixin.py:104} INFO - [2021-10-24 03:27:11,957] {dag.py:1832} INFO - Sync 1 DAGs
[2021-10-24 03:27:11,974] {logging_mixin.py:104} INFO - [2021-10-24 03:27:11,974] {dag.py:2305} INFO - Setting next_dagrun for tutorial_taskflow_api_etl to None
[2021-10-24 03:27:11,997] {scheduler_job.py:190} INFO - Processing /home/airflow/sandbox/lib/python3.8/site-packages/airflow/example_dags/tutorial_taskflow_api_etl.py took 0.529 seconds
[2021-10-24 03:27:45,565] {scheduler_job.py:182} INFO - Started process (PID=8397) to work on /home/airflow/sandbox/lib/python3.8/site-packages/airflow/example_dags/tutorial_taskflow_api_etl.py
[2021-10-24 03:27:45,567] {scheduler_job.py:633} INFO - Processing file /home/airflow/sandbox/lib/python3.8/site-packages/airflow/example_dags/tutorial_taskflow_api_etl.py for tasks to queue
[2021-10-24 03:27:45,568] {logging_mixin.py:104} INFO - [2021-10-24 03:27:45,567] {dagbag.py:487} INFO - Filling up the DagBag from /home/airflow/sandbox/lib/python3.8/site-packages/airflow/example_dags/tutorial_taskflow_api_etl.py
[2021-10-24 03:27:45,594] {scheduler_job.py:643} INFO - DAG(s) dict_keys(['tutorial_taskflow_api_etl']) retrieved from /home/airflow/sandbox/lib/python3.8/site-packages/airflow/example_dags/tutorial_taskflow_api_etl.py
[2021-10-24 03:27:46,085] {logging_mixin.py:104} INFO - [2021-10-24 03:27:46,085] {dag.py:1832} INFO - Sync 1 DAGs
[2021-10-24 03:27:46,098] {logging_mixin.py:104} INFO - [2021-10-24 03:27:46,098] {dag.py:2305} INFO - Setting next_dagrun for tutorial_taskflow_api_etl to None
[2021-10-24 03:27:46,121] {scheduler_job.py:190} INFO - Processing /home/airflow/sandbox/lib/python3.8/site-packages/airflow/example_dags/tutorial_taskflow_api_etl.py took 0.560 seconds
[2021-10-24 03:28:23,041] {scheduler_job.py:182} INFO - Started process (PID=8471) to work on /home/airflow/sandbox/lib/python3.8/site-packages/airflow/example_dags/tutorial_taskflow_api_etl.py
[2021-10-24 03:28:23,043] {scheduler_job.py:633} INFO - Processing file /home/airflow/sandbox/lib/python3.8/site-packages/airflow/example_dags/tutorial_taskflow_api_etl.py for tasks to queue
[2021-10-24 03:28:23,044] {logging_mixin.py:104} INFO - [2021-10-24 03:28:23,044] {dagbag.py:487} INFO - Filling up the DagBag from /home/airflow/sandbox/lib/python3.8/site-packages/airflow/example_dags/tutorial_taskflow_api_etl.py
[2021-10-24 03:28:23,068] {scheduler_job.py:643} INFO - DAG(s) dict_keys(['tutorial_taskflow_api_etl']) retrieved from /home/airflow/sandbox/lib/python3.8/site-packages/airflow/example_dags/tutorial_taskflow_api_etl.py
[2021-10-24 03:28:23,544] {logging_mixin.py:104} INFO - [2021-10-24 03:28:23,544] {dag.py:1832} INFO - Sync 1 DAGs
[2021-10-24 03:28:23,560] {logging_mixin.py:104} INFO - [2021-10-24 03:28:23,560] {dag.py:2305} INFO - Setting next_dagrun for tutorial_taskflow_api_etl to None
[2021-10-24 03:28:23,580] {scheduler_job.py:190} INFO - Processing /home/airflow/sandbox/lib/python3.8/site-packages/airflow/example_dags/tutorial_taskflow_api_etl.py took 0.544 seconds
[2021-10-24 03:28:57,669] {scheduler_job.py:182} INFO - Started process (PID=8577) to work on /home/airflow/sandbox/lib/python3.8/site-packages/airflow/example_dags/tutorial_taskflow_api_etl.py
[2021-10-24 03:28:57,671] {scheduler_job.py:633} INFO - Processing file /home/airflow/sandbox/lib/python3.8/site-packages/airflow/example_dags/tutorial_taskflow_api_etl.py for tasks to queue
[2021-10-24 03:28:57,671] {logging_mixin.py:104} INFO - [2021-10-24 03:28:57,671] {dagbag.py:487} INFO - Filling up the DagBag from /home/airflow/sandbox/lib/python3.8/site-packages/airflow/example_dags/tutorial_taskflow_api_etl.py
[2021-10-24 03:28:57,695] {scheduler_job.py:643} INFO - DAG(s) dict_keys(['tutorial_taskflow_api_etl']) retrieved from /home/airflow/sandbox/lib/python3.8/site-packages/airflow/example_dags/tutorial_taskflow_api_etl.py
[2021-10-24 03:28:58,155] {logging_mixin.py:104} INFO - [2021-10-24 03:28:58,154] {dag.py:1832} INFO - Sync 1 DAGs
[2021-10-24 03:28:58,167] {logging_mixin.py:104} INFO - [2021-10-24 03:28:58,167] {dag.py:2305} INFO - Setting next_dagrun for tutorial_taskflow_api_etl to None
[2021-10-24 03:28:58,184] {scheduler_job.py:190} INFO - Processing /home/airflow/sandbox/lib/python3.8/site-packages/airflow/example_dags/tutorial_taskflow_api_etl.py took 0.519 seconds
[2021-10-24 03:29:33,974] {scheduler_job.py:182} INFO - Started process (PID=8773) to work on /home/airflow/sandbox/lib/python3.8/site-packages/airflow/example_dags/tutorial_taskflow_api_etl.py
[2021-10-24 03:29:33,976] {scheduler_job.py:633} INFO - Processing file /home/airflow/sandbox/lib/python3.8/site-packages/airflow/example_dags/tutorial_taskflow_api_etl.py for tasks to queue
[2021-10-24 03:29:33,977] {logging_mixin.py:104} INFO - [2021-10-24 03:29:33,977] {dagbag.py:487} INFO - Filling up the DagBag from /home/airflow/sandbox/lib/python3.8/site-packages/airflow/example_dags/tutorial_taskflow_api_etl.py
[2021-10-24 03:29:34,001] {scheduler_job.py:643} INFO - DAG(s) dict_keys(['tutorial_taskflow_api_etl']) retrieved from /home/airflow/sandbox/lib/python3.8/site-packages/airflow/example_dags/tutorial_taskflow_api_etl.py
[2021-10-24 03:29:34,511] {logging_mixin.py:104} INFO - [2021-10-24 03:29:34,510] {dag.py:1832} INFO - Sync 1 DAGs
[2021-10-24 03:29:34,523] {logging_mixin.py:104} INFO - [2021-10-24 03:29:34,523] {dag.py:2305} INFO - Setting next_dagrun for tutorial_taskflow_api_etl to None
[2021-10-24 03:29:34,551] {scheduler_job.py:190} INFO - Processing /home/airflow/sandbox/lib/python3.8/site-packages/airflow/example_dags/tutorial_taskflow_api_etl.py took 0.582 seconds
[2021-10-24 06:05:20,141] {scheduler_job.py:182} INFO - Started process (PID=8937) to work on /home/airflow/sandbox/lib/python3.8/site-packages/airflow/example_dags/tutorial_taskflow_api_etl.py
[2021-10-24 06:05:20,142] {scheduler_job.py:633} INFO - Processing file /home/airflow/sandbox/lib/python3.8/site-packages/airflow/example_dags/tutorial_taskflow_api_etl.py for tasks to queue
[2021-10-24 06:05:20,143] {logging_mixin.py:104} INFO - [2021-10-24 06:05:20,142] {dagbag.py:487} INFO - Filling up the DagBag from /home/airflow/sandbox/lib/python3.8/site-packages/airflow/example_dags/tutorial_taskflow_api_etl.py
[2021-10-24 06:05:20,157] {scheduler_job.py:643} INFO - DAG(s) dict_keys(['tutorial_taskflow_api_etl']) retrieved from /home/airflow/sandbox/lib/python3.8/site-packages/airflow/example_dags/tutorial_taskflow_api_etl.py
[2021-10-24 06:05:20,541] {logging_mixin.py:104} INFO - [2021-10-24 06:05:20,540] {dag.py:1832} INFO - Sync 1 DAGs
[2021-10-24 06:05:20,553] {logging_mixin.py:104} INFO - [2021-10-24 06:05:20,553] {dag.py:2305} INFO - Setting next_dagrun for tutorial_taskflow_api_etl to None
[2021-10-24 06:05:20,577] {scheduler_job.py:190} INFO - Processing /home/airflow/sandbox/lib/python3.8/site-packages/airflow/example_dags/tutorial_taskflow_api_etl.py took 0.438 seconds
