[2021-10-24 03:17:24,380] {taskinstance.py:876} INFO - Dependencies all met for <TaskInstance: example_bash_operator.runme_2 2021-10-23T00:00:00+00:00 [queued]>
[2021-10-24 03:17:24,389] {taskinstance.py:876} INFO - Dependencies all met for <TaskInstance: example_bash_operator.runme_2 2021-10-23T00:00:00+00:00 [queued]>
[2021-10-24 03:17:24,389] {taskinstance.py:1067} INFO - 
--------------------------------------------------------------------------------
[2021-10-24 03:17:24,389] {taskinstance.py:1068} INFO - Starting attempt 1 of 1
[2021-10-24 03:17:24,389] {taskinstance.py:1069} INFO - 
--------------------------------------------------------------------------------
[2021-10-24 03:17:24,408] {taskinstance.py:1087} INFO - Executing <Task(BashOperator): runme_2> on 2021-10-23T00:00:00+00:00
[2021-10-24 03:17:24,410] {standard_task_runner.py:52} INFO - Started process 7511 to run task
[2021-10-24 03:17:24,424] {standard_task_runner.py:76} INFO - Running: ['airflow', 'tasks', 'run', 'example_bash_operator', 'runme_2', '2021-10-23T00:00:00+00:00', '--job-id', '9', '--pool', 'default_pool', '--raw', '--subdir', '/home/airflow/sandbox/lib/python3.8/site-packages/airflow/example_dags/example_bash_operator.py', '--cfg-path', '/tmp/tmp9r87sgad', '--error-file', '/tmp/tmpp114d0l4']
[2021-10-24 03:17:24,425] {standard_task_runner.py:77} INFO - Job 9: Subtask runme_2
[2021-10-24 03:17:24,487] {logging_mixin.py:104} INFO - Running <TaskInstance: example_bash_operator.runme_2 2021-10-23T00:00:00+00:00 [running]> on host airflowvm
[2021-10-24 03:17:24,558] {taskinstance.py:1280} INFO - Exporting the following env vars:
AIRFLOW_CTX_DAG_OWNER=airflow
AIRFLOW_CTX_DAG_ID=example_bash_operator
AIRFLOW_CTX_TASK_ID=runme_2
AIRFLOW_CTX_EXECUTION_DATE=2021-10-23T00:00:00+00:00
AIRFLOW_CTX_DAG_RUN_ID=scheduled__2021-10-23T00:00:00+00:00
[2021-10-24 03:17:24,559] {subprocess.py:52} INFO - Tmp dir root location: 
 /tmp
[2021-10-24 03:17:24,559] {subprocess.py:63} INFO - Running command: ['bash', '-c', 'echo "example_bash_operator__runme_2__20211023" && sleep 1']
[2021-10-24 03:17:24,566] {subprocess.py:75} INFO - Output:
[2021-10-24 03:17:24,569] {subprocess.py:79} INFO - example_bash_operator__runme_2__20211023
[2021-10-24 03:17:25,572] {subprocess.py:83} INFO - Command exited with return code 0
[2021-10-24 03:17:25,600] {taskinstance.py:1184} INFO - Marking task as SUCCESS. dag_id=example_bash_operator, task_id=runme_2, execution_date=20211023T000000, start_date=20211024T031724, end_date=20211024T031725
[2021-10-24 03:17:25,636] {taskinstance.py:1245} INFO - 1 downstream tasks scheduled from follow-on schedule check
[2021-10-24 03:17:25,646] {local_task_job.py:151} INFO - Task exited with return code 0
