[2021-10-24 03:08:10,462] {scheduler_job.py:182} INFO - Started process (PID=6182) to work on /home/airflow/sandbox/lib/python3.8/site-packages/airflow/example_dags/subdags/subdag.py
[2021-10-24 03:08:10,466] {scheduler_job.py:633} INFO - Processing file /home/airflow/sandbox/lib/python3.8/site-packages/airflow/example_dags/subdags/subdag.py for tasks to queue
[2021-10-24 03:08:10,468] {logging_mixin.py:104} INFO - [2021-10-24 03:08:10,467] {dagbag.py:487} INFO - Filling up the DagBag from /home/airflow/sandbox/lib/python3.8/site-packages/airflow/example_dags/subdags/subdag.py
[2021-10-24 03:08:10,472] {scheduler_job.py:645} WARNING - No viable dags retrieved from /home/airflow/sandbox/lib/python3.8/site-packages/airflow/example_dags/subdags/subdag.py
[2021-10-24 03:08:10,487] {scheduler_job.py:190} INFO - Processing /home/airflow/sandbox/lib/python3.8/site-packages/airflow/example_dags/subdags/subdag.py took 0.028 seconds
[2021-10-24 03:08:46,525] {scheduler_job.py:182} INFO - Started process (PID=6332) to work on /home/airflow/sandbox/lib/python3.8/site-packages/airflow/example_dags/subdags/subdag.py
[2021-10-24 03:08:46,527] {scheduler_job.py:633} INFO - Processing file /home/airflow/sandbox/lib/python3.8/site-packages/airflow/example_dags/subdags/subdag.py for tasks to queue
[2021-10-24 03:08:46,528] {logging_mixin.py:104} INFO - [2021-10-24 03:08:46,527] {dagbag.py:487} INFO - Filling up the DagBag from /home/airflow/sandbox/lib/python3.8/site-packages/airflow/example_dags/subdags/subdag.py
[2021-10-24 03:08:46,533] {scheduler_job.py:645} WARNING - No viable dags retrieved from /home/airflow/sandbox/lib/python3.8/site-packages/airflow/example_dags/subdags/subdag.py
[2021-10-24 03:08:46,544] {scheduler_job.py:190} INFO - Processing /home/airflow/sandbox/lib/python3.8/site-packages/airflow/example_dags/subdags/subdag.py took 0.024 seconds
[2021-10-24 03:09:22,589] {scheduler_job.py:182} INFO - Started process (PID=6363) to work on /home/airflow/sandbox/lib/python3.8/site-packages/airflow/example_dags/subdags/subdag.py
[2021-10-24 03:09:22,590] {scheduler_job.py:633} INFO - Processing file /home/airflow/sandbox/lib/python3.8/site-packages/airflow/example_dags/subdags/subdag.py for tasks to queue
[2021-10-24 03:09:22,591] {logging_mixin.py:104} INFO - [2021-10-24 03:09:22,591] {dagbag.py:487} INFO - Filling up the DagBag from /home/airflow/sandbox/lib/python3.8/site-packages/airflow/example_dags/subdags/subdag.py
[2021-10-24 03:09:22,594] {scheduler_job.py:645} WARNING - No viable dags retrieved from /home/airflow/sandbox/lib/python3.8/site-packages/airflow/example_dags/subdags/subdag.py
[2021-10-24 03:09:22,607] {scheduler_job.py:190} INFO - Processing /home/airflow/sandbox/lib/python3.8/site-packages/airflow/example_dags/subdags/subdag.py took 0.022 seconds
[2021-10-24 03:09:54,508] {scheduler_job.py:182} INFO - Started process (PID=6393) to work on /home/airflow/sandbox/lib/python3.8/site-packages/airflow/example_dags/subdags/subdag.py
[2021-10-24 03:09:54,510] {scheduler_job.py:633} INFO - Processing file /home/airflow/sandbox/lib/python3.8/site-packages/airflow/example_dags/subdags/subdag.py for tasks to queue
[2021-10-24 03:09:54,511] {logging_mixin.py:104} INFO - [2021-10-24 03:09:54,511] {dagbag.py:487} INFO - Filling up the DagBag from /home/airflow/sandbox/lib/python3.8/site-packages/airflow/example_dags/subdags/subdag.py
[2021-10-24 03:09:54,515] {scheduler_job.py:645} WARNING - No viable dags retrieved from /home/airflow/sandbox/lib/python3.8/site-packages/airflow/example_dags/subdags/subdag.py
[2021-10-24 03:09:54,525] {scheduler_job.py:190} INFO - Processing /home/airflow/sandbox/lib/python3.8/site-packages/airflow/example_dags/subdags/subdag.py took 0.020 seconds
[2021-10-24 03:10:27,341] {scheduler_job.py:182} INFO - Started process (PID=6456) to work on /home/airflow/sandbox/lib/python3.8/site-packages/airflow/example_dags/subdags/subdag.py
[2021-10-24 03:10:27,342] {scheduler_job.py:633} INFO - Processing file /home/airflow/sandbox/lib/python3.8/site-packages/airflow/example_dags/subdags/subdag.py for tasks to queue
[2021-10-24 03:10:27,343] {logging_mixin.py:104} INFO - [2021-10-24 03:10:27,343] {dagbag.py:487} INFO - Filling up the DagBag from /home/airflow/sandbox/lib/python3.8/site-packages/airflow/example_dags/subdags/subdag.py
[2021-10-24 03:10:27,347] {scheduler_job.py:645} WARNING - No viable dags retrieved from /home/airflow/sandbox/lib/python3.8/site-packages/airflow/example_dags/subdags/subdag.py
[2021-10-24 03:10:27,359] {scheduler_job.py:190} INFO - Processing /home/airflow/sandbox/lib/python3.8/site-packages/airflow/example_dags/subdags/subdag.py took 0.023 seconds
[2021-10-24 03:11:04,462] {scheduler_job.py:182} INFO - Started process (PID=6606) to work on /home/airflow/sandbox/lib/python3.8/site-packages/airflow/example_dags/subdags/subdag.py
[2021-10-24 03:11:04,465] {scheduler_job.py:633} INFO - Processing file /home/airflow/sandbox/lib/python3.8/site-packages/airflow/example_dags/subdags/subdag.py for tasks to queue
[2021-10-24 03:11:04,465] {logging_mixin.py:104} INFO - [2021-10-24 03:11:04,465] {dagbag.py:487} INFO - Filling up the DagBag from /home/airflow/sandbox/lib/python3.8/site-packages/airflow/example_dags/subdags/subdag.py
[2021-10-24 03:11:04,469] {scheduler_job.py:645} WARNING - No viable dags retrieved from /home/airflow/sandbox/lib/python3.8/site-packages/airflow/example_dags/subdags/subdag.py
[2021-10-24 03:11:04,480] {scheduler_job.py:190} INFO - Processing /home/airflow/sandbox/lib/python3.8/site-packages/airflow/example_dags/subdags/subdag.py took 0.024 seconds
[2021-10-24 03:11:36,066] {scheduler_job.py:182} INFO - Started process (PID=6635) to work on /home/airflow/sandbox/lib/python3.8/site-packages/airflow/example_dags/subdags/subdag.py
[2021-10-24 03:11:36,067] {scheduler_job.py:633} INFO - Processing file /home/airflow/sandbox/lib/python3.8/site-packages/airflow/example_dags/subdags/subdag.py for tasks to queue
[2021-10-24 03:11:36,068] {logging_mixin.py:104} INFO - [2021-10-24 03:11:36,067] {dagbag.py:487} INFO - Filling up the DagBag from /home/airflow/sandbox/lib/python3.8/site-packages/airflow/example_dags/subdags/subdag.py
[2021-10-24 03:11:36,072] {scheduler_job.py:645} WARNING - No viable dags retrieved from /home/airflow/sandbox/lib/python3.8/site-packages/airflow/example_dags/subdags/subdag.py
[2021-10-24 03:11:36,081] {scheduler_job.py:190} INFO - Processing /home/airflow/sandbox/lib/python3.8/site-packages/airflow/example_dags/subdags/subdag.py took 0.018 seconds
[2021-10-24 03:12:08,021] {scheduler_job.py:182} INFO - Started process (PID=6688) to work on /home/airflow/sandbox/lib/python3.8/site-packages/airflow/example_dags/subdags/subdag.py
[2021-10-24 03:12:08,022] {scheduler_job.py:633} INFO - Processing file /home/airflow/sandbox/lib/python3.8/site-packages/airflow/example_dags/subdags/subdag.py for tasks to queue
[2021-10-24 03:12:08,023] {logging_mixin.py:104} INFO - [2021-10-24 03:12:08,023] {dagbag.py:487} INFO - Filling up the DagBag from /home/airflow/sandbox/lib/python3.8/site-packages/airflow/example_dags/subdags/subdag.py
[2021-10-24 03:12:08,027] {scheduler_job.py:645} WARNING - No viable dags retrieved from /home/airflow/sandbox/lib/python3.8/site-packages/airflow/example_dags/subdags/subdag.py
[2021-10-24 03:12:08,037] {scheduler_job.py:190} INFO - Processing /home/airflow/sandbox/lib/python3.8/site-packages/airflow/example_dags/subdags/subdag.py took 0.019 seconds
[2021-10-24 03:12:40,905] {scheduler_job.py:182} INFO - Started process (PID=6743) to work on /home/airflow/sandbox/lib/python3.8/site-packages/airflow/example_dags/subdags/subdag.py
[2021-10-24 03:12:40,907] {scheduler_job.py:633} INFO - Processing file /home/airflow/sandbox/lib/python3.8/site-packages/airflow/example_dags/subdags/subdag.py for tasks to queue
[2021-10-24 03:12:40,907] {logging_mixin.py:104} INFO - [2021-10-24 03:12:40,907] {dagbag.py:487} INFO - Filling up the DagBag from /home/airflow/sandbox/lib/python3.8/site-packages/airflow/example_dags/subdags/subdag.py
[2021-10-24 03:12:40,910] {scheduler_job.py:645} WARNING - No viable dags retrieved from /home/airflow/sandbox/lib/python3.8/site-packages/airflow/example_dags/subdags/subdag.py
[2021-10-24 03:12:40,922] {scheduler_job.py:190} INFO - Processing /home/airflow/sandbox/lib/python3.8/site-packages/airflow/example_dags/subdags/subdag.py took 0.022 seconds
[2021-10-24 03:13:12,817] {scheduler_job.py:182} INFO - Started process (PID=6793) to work on /home/airflow/sandbox/lib/python3.8/site-packages/airflow/example_dags/subdags/subdag.py
[2021-10-24 03:13:12,819] {scheduler_job.py:633} INFO - Processing file /home/airflow/sandbox/lib/python3.8/site-packages/airflow/example_dags/subdags/subdag.py for tasks to queue
[2021-10-24 03:13:12,819] {logging_mixin.py:104} INFO - [2021-10-24 03:13:12,819] {dagbag.py:487} INFO - Filling up the DagBag from /home/airflow/sandbox/lib/python3.8/site-packages/airflow/example_dags/subdags/subdag.py
[2021-10-24 03:13:12,823] {scheduler_job.py:645} WARNING - No viable dags retrieved from /home/airflow/sandbox/lib/python3.8/site-packages/airflow/example_dags/subdags/subdag.py
[2021-10-24 03:13:12,834] {scheduler_job.py:190} INFO - Processing /home/airflow/sandbox/lib/python3.8/site-packages/airflow/example_dags/subdags/subdag.py took 0.020 seconds
[2021-10-24 03:13:45,014] {scheduler_job.py:182} INFO - Started process (PID=6844) to work on /home/airflow/sandbox/lib/python3.8/site-packages/airflow/example_dags/subdags/subdag.py
[2021-10-24 03:13:45,016] {scheduler_job.py:633} INFO - Processing file /home/airflow/sandbox/lib/python3.8/site-packages/airflow/example_dags/subdags/subdag.py for tasks to queue
[2021-10-24 03:13:45,017] {logging_mixin.py:104} INFO - [2021-10-24 03:13:45,017] {dagbag.py:487} INFO - Filling up the DagBag from /home/airflow/sandbox/lib/python3.8/site-packages/airflow/example_dags/subdags/subdag.py
[2021-10-24 03:13:45,023] {scheduler_job.py:645} WARNING - No viable dags retrieved from /home/airflow/sandbox/lib/python3.8/site-packages/airflow/example_dags/subdags/subdag.py
[2021-10-24 03:13:45,031] {scheduler_job.py:190} INFO - Processing /home/airflow/sandbox/lib/python3.8/site-packages/airflow/example_dags/subdags/subdag.py took 0.022 seconds
[2021-10-24 03:14:16,440] {scheduler_job.py:182} INFO - Started process (PID=6873) to work on /home/airflow/sandbox/lib/python3.8/site-packages/airflow/example_dags/subdags/subdag.py
[2021-10-24 03:14:16,441] {scheduler_job.py:633} INFO - Processing file /home/airflow/sandbox/lib/python3.8/site-packages/airflow/example_dags/subdags/subdag.py for tasks to queue
[2021-10-24 03:14:16,442] {logging_mixin.py:104} INFO - [2021-10-24 03:14:16,442] {dagbag.py:487} INFO - Filling up the DagBag from /home/airflow/sandbox/lib/python3.8/site-packages/airflow/example_dags/subdags/subdag.py
[2021-10-24 03:14:16,446] {scheduler_job.py:645} WARNING - No viable dags retrieved from /home/airflow/sandbox/lib/python3.8/site-packages/airflow/example_dags/subdags/subdag.py
[2021-10-24 03:14:16,459] {scheduler_job.py:190} INFO - Processing /home/airflow/sandbox/lib/python3.8/site-packages/airflow/example_dags/subdags/subdag.py took 0.023 seconds
[2021-10-24 03:14:49,123] {scheduler_job.py:182} INFO - Started process (PID=6997) to work on /home/airflow/sandbox/lib/python3.8/site-packages/airflow/example_dags/subdags/subdag.py
[2021-10-24 03:14:49,125] {scheduler_job.py:633} INFO - Processing file /home/airflow/sandbox/lib/python3.8/site-packages/airflow/example_dags/subdags/subdag.py for tasks to queue
[2021-10-24 03:14:49,126] {logging_mixin.py:104} INFO - [2021-10-24 03:14:49,125] {dagbag.py:487} INFO - Filling up the DagBag from /home/airflow/sandbox/lib/python3.8/site-packages/airflow/example_dags/subdags/subdag.py
[2021-10-24 03:14:49,131] {scheduler_job.py:645} WARNING - No viable dags retrieved from /home/airflow/sandbox/lib/python3.8/site-packages/airflow/example_dags/subdags/subdag.py
[2021-10-24 03:14:49,143] {scheduler_job.py:190} INFO - Processing /home/airflow/sandbox/lib/python3.8/site-packages/airflow/example_dags/subdags/subdag.py took 0.024 seconds
[2021-10-24 03:15:22,740] {scheduler_job.py:182} INFO - Started process (PID=7026) to work on /home/airflow/sandbox/lib/python3.8/site-packages/airflow/example_dags/subdags/subdag.py
[2021-10-24 03:15:22,742] {scheduler_job.py:633} INFO - Processing file /home/airflow/sandbox/lib/python3.8/site-packages/airflow/example_dags/subdags/subdag.py for tasks to queue
[2021-10-24 03:15:22,743] {logging_mixin.py:104} INFO - [2021-10-24 03:15:22,743] {dagbag.py:487} INFO - Filling up the DagBag from /home/airflow/sandbox/lib/python3.8/site-packages/airflow/example_dags/subdags/subdag.py
[2021-10-24 03:15:22,748] {scheduler_job.py:645} WARNING - No viable dags retrieved from /home/airflow/sandbox/lib/python3.8/site-packages/airflow/example_dags/subdags/subdag.py
[2021-10-24 03:15:22,760] {scheduler_job.py:190} INFO - Processing /home/airflow/sandbox/lib/python3.8/site-packages/airflow/example_dags/subdags/subdag.py took 0.025 seconds
[2021-10-24 03:15:56,742] {scheduler_job.py:182} INFO - Started process (PID=7056) to work on /home/airflow/sandbox/lib/python3.8/site-packages/airflow/example_dags/subdags/subdag.py
[2021-10-24 03:15:56,744] {scheduler_job.py:633} INFO - Processing file /home/airflow/sandbox/lib/python3.8/site-packages/airflow/example_dags/subdags/subdag.py for tasks to queue
[2021-10-24 03:15:56,745] {logging_mixin.py:104} INFO - [2021-10-24 03:15:56,745] {dagbag.py:487} INFO - Filling up the DagBag from /home/airflow/sandbox/lib/python3.8/site-packages/airflow/example_dags/subdags/subdag.py
[2021-10-24 03:15:56,753] {scheduler_job.py:645} WARNING - No viable dags retrieved from /home/airflow/sandbox/lib/python3.8/site-packages/airflow/example_dags/subdags/subdag.py
[2021-10-24 03:15:56,783] {scheduler_job.py:190} INFO - Processing /home/airflow/sandbox/lib/python3.8/site-packages/airflow/example_dags/subdags/subdag.py took 0.053 seconds
[2021-10-24 03:16:29,166] {scheduler_job.py:182} INFO - Started process (PID=7144) to work on /home/airflow/sandbox/lib/python3.8/site-packages/airflow/example_dags/subdags/subdag.py
[2021-10-24 03:16:29,168] {scheduler_job.py:633} INFO - Processing file /home/airflow/sandbox/lib/python3.8/site-packages/airflow/example_dags/subdags/subdag.py for tasks to queue
[2021-10-24 03:16:29,169] {logging_mixin.py:104} INFO - [2021-10-24 03:16:29,168] {dagbag.py:487} INFO - Filling up the DagBag from /home/airflow/sandbox/lib/python3.8/site-packages/airflow/example_dags/subdags/subdag.py
[2021-10-24 03:16:29,174] {scheduler_job.py:645} WARNING - No viable dags retrieved from /home/airflow/sandbox/lib/python3.8/site-packages/airflow/example_dags/subdags/subdag.py
[2021-10-24 03:16:29,186] {scheduler_job.py:190} INFO - Processing /home/airflow/sandbox/lib/python3.8/site-packages/airflow/example_dags/subdags/subdag.py took 0.025 seconds
[2021-10-24 03:17:00,900] {scheduler_job.py:182} INFO - Started process (PID=7278) to work on /home/airflow/sandbox/lib/python3.8/site-packages/airflow/example_dags/subdags/subdag.py
[2021-10-24 03:17:00,902] {scheduler_job.py:633} INFO - Processing file /home/airflow/sandbox/lib/python3.8/site-packages/airflow/example_dags/subdags/subdag.py for tasks to queue
[2021-10-24 03:17:00,902] {logging_mixin.py:104} INFO - [2021-10-24 03:17:00,902] {dagbag.py:487} INFO - Filling up the DagBag from /home/airflow/sandbox/lib/python3.8/site-packages/airflow/example_dags/subdags/subdag.py
[2021-10-24 03:17:00,906] {scheduler_job.py:645} WARNING - No viable dags retrieved from /home/airflow/sandbox/lib/python3.8/site-packages/airflow/example_dags/subdags/subdag.py
[2021-10-24 03:17:00,917] {scheduler_job.py:190} INFO - Processing /home/airflow/sandbox/lib/python3.8/site-packages/airflow/example_dags/subdags/subdag.py took 0.020 seconds
[2021-10-24 03:17:36,356] {scheduler_job.py:182} INFO - Started process (PID=7577) to work on /home/airflow/sandbox/lib/python3.8/site-packages/airflow/example_dags/subdags/subdag.py
[2021-10-24 03:17:36,357] {scheduler_job.py:633} INFO - Processing file /home/airflow/sandbox/lib/python3.8/site-packages/airflow/example_dags/subdags/subdag.py for tasks to queue
[2021-10-24 03:17:36,358] {logging_mixin.py:104} INFO - [2021-10-24 03:17:36,358] {dagbag.py:487} INFO - Filling up the DagBag from /home/airflow/sandbox/lib/python3.8/site-packages/airflow/example_dags/subdags/subdag.py
[2021-10-24 03:17:36,362] {scheduler_job.py:645} WARNING - No viable dags retrieved from /home/airflow/sandbox/lib/python3.8/site-packages/airflow/example_dags/subdags/subdag.py
[2021-10-24 03:17:36,373] {scheduler_job.py:190} INFO - Processing /home/airflow/sandbox/lib/python3.8/site-packages/airflow/example_dags/subdags/subdag.py took 0.022 seconds
[2021-10-24 03:18:08,864] {scheduler_job.py:182} INFO - Started process (PID=7686) to work on /home/airflow/sandbox/lib/python3.8/site-packages/airflow/example_dags/subdags/subdag.py
[2021-10-24 03:18:08,865] {scheduler_job.py:633} INFO - Processing file /home/airflow/sandbox/lib/python3.8/site-packages/airflow/example_dags/subdags/subdag.py for tasks to queue
[2021-10-24 03:18:08,867] {logging_mixin.py:104} INFO - [2021-10-24 03:18:08,866] {dagbag.py:487} INFO - Filling up the DagBag from /home/airflow/sandbox/lib/python3.8/site-packages/airflow/example_dags/subdags/subdag.py
[2021-10-24 03:18:08,871] {scheduler_job.py:645} WARNING - No viable dags retrieved from /home/airflow/sandbox/lib/python3.8/site-packages/airflow/example_dags/subdags/subdag.py
[2021-10-24 03:18:08,885] {scheduler_job.py:190} INFO - Processing /home/airflow/sandbox/lib/python3.8/site-packages/airflow/example_dags/subdags/subdag.py took 0.026 seconds
[2021-10-24 03:18:45,278] {scheduler_job.py:182} INFO - Started process (PID=7822) to work on /home/airflow/sandbox/lib/python3.8/site-packages/airflow/example_dags/subdags/subdag.py
[2021-10-24 03:18:45,279] {scheduler_job.py:633} INFO - Processing file /home/airflow/sandbox/lib/python3.8/site-packages/airflow/example_dags/subdags/subdag.py for tasks to queue
[2021-10-24 03:18:45,280] {logging_mixin.py:104} INFO - [2021-10-24 03:18:45,280] {dagbag.py:487} INFO - Filling up the DagBag from /home/airflow/sandbox/lib/python3.8/site-packages/airflow/example_dags/subdags/subdag.py
[2021-10-24 03:18:45,285] {scheduler_job.py:645} WARNING - No viable dags retrieved from /home/airflow/sandbox/lib/python3.8/site-packages/airflow/example_dags/subdags/subdag.py
[2021-10-24 03:18:45,300] {scheduler_job.py:190} INFO - Processing /home/airflow/sandbox/lib/python3.8/site-packages/airflow/example_dags/subdags/subdag.py took 0.027 seconds
[2021-10-24 03:19:16,551] {scheduler_job.py:182} INFO - Started process (PID=7851) to work on /home/airflow/sandbox/lib/python3.8/site-packages/airflow/example_dags/subdags/subdag.py
[2021-10-24 03:19:16,553] {scheduler_job.py:633} INFO - Processing file /home/airflow/sandbox/lib/python3.8/site-packages/airflow/example_dags/subdags/subdag.py for tasks to queue
[2021-10-24 03:19:16,554] {logging_mixin.py:104} INFO - [2021-10-24 03:19:16,554] {dagbag.py:487} INFO - Filling up the DagBag from /home/airflow/sandbox/lib/python3.8/site-packages/airflow/example_dags/subdags/subdag.py
[2021-10-24 03:19:16,559] {scheduler_job.py:645} WARNING - No viable dags retrieved from /home/airflow/sandbox/lib/python3.8/site-packages/airflow/example_dags/subdags/subdag.py
[2021-10-24 03:19:16,572] {scheduler_job.py:190} INFO - Processing /home/airflow/sandbox/lib/python3.8/site-packages/airflow/example_dags/subdags/subdag.py took 0.026 seconds
[2021-10-24 03:19:47,800] {scheduler_job.py:182} INFO - Started process (PID=7877) to work on /home/airflow/sandbox/lib/python3.8/site-packages/airflow/example_dags/subdags/subdag.py
[2021-10-24 03:19:47,802] {scheduler_job.py:633} INFO - Processing file /home/airflow/sandbox/lib/python3.8/site-packages/airflow/example_dags/subdags/subdag.py for tasks to queue
[2021-10-24 03:19:47,803] {logging_mixin.py:104} INFO - [2021-10-24 03:19:47,803] {dagbag.py:487} INFO - Filling up the DagBag from /home/airflow/sandbox/lib/python3.8/site-packages/airflow/example_dags/subdags/subdag.py
[2021-10-24 03:19:47,808] {scheduler_job.py:645} WARNING - No viable dags retrieved from /home/airflow/sandbox/lib/python3.8/site-packages/airflow/example_dags/subdags/subdag.py
[2021-10-24 03:19:47,820] {scheduler_job.py:190} INFO - Processing /home/airflow/sandbox/lib/python3.8/site-packages/airflow/example_dags/subdags/subdag.py took 0.025 seconds
[2021-10-24 03:20:21,205] {scheduler_job.py:182} INFO - Started process (PID=7906) to work on /home/airflow/sandbox/lib/python3.8/site-packages/airflow/example_dags/subdags/subdag.py
[2021-10-24 03:20:21,207] {scheduler_job.py:633} INFO - Processing file /home/airflow/sandbox/lib/python3.8/site-packages/airflow/example_dags/subdags/subdag.py for tasks to queue
[2021-10-24 03:20:21,208] {logging_mixin.py:104} INFO - [2021-10-24 03:20:21,208] {dagbag.py:487} INFO - Filling up the DagBag from /home/airflow/sandbox/lib/python3.8/site-packages/airflow/example_dags/subdags/subdag.py
[2021-10-24 03:20:21,213] {scheduler_job.py:645} WARNING - No viable dags retrieved from /home/airflow/sandbox/lib/python3.8/site-packages/airflow/example_dags/subdags/subdag.py
[2021-10-24 03:20:21,225] {scheduler_job.py:190} INFO - Processing /home/airflow/sandbox/lib/python3.8/site-packages/airflow/example_dags/subdags/subdag.py took 0.024 seconds
[2021-10-24 03:20:51,514] {scheduler_job.py:182} INFO - Started process (PID=7932) to work on /home/airflow/sandbox/lib/python3.8/site-packages/airflow/example_dags/subdags/subdag.py
[2021-10-24 03:20:51,516] {scheduler_job.py:633} INFO - Processing file /home/airflow/sandbox/lib/python3.8/site-packages/airflow/example_dags/subdags/subdag.py for tasks to queue
[2021-10-24 03:20:51,517] {logging_mixin.py:104} INFO - [2021-10-24 03:20:51,516] {dagbag.py:487} INFO - Filling up the DagBag from /home/airflow/sandbox/lib/python3.8/site-packages/airflow/example_dags/subdags/subdag.py
[2021-10-24 03:20:51,522] {scheduler_job.py:645} WARNING - No viable dags retrieved from /home/airflow/sandbox/lib/python3.8/site-packages/airflow/example_dags/subdags/subdag.py
[2021-10-24 03:20:51,533] {scheduler_job.py:190} INFO - Processing /home/airflow/sandbox/lib/python3.8/site-packages/airflow/example_dags/subdags/subdag.py took 0.023 seconds
[2021-10-24 03:21:25,378] {scheduler_job.py:182} INFO - Started process (PID=7992) to work on /home/airflow/sandbox/lib/python3.8/site-packages/airflow/example_dags/subdags/subdag.py
[2021-10-24 03:21:25,379] {scheduler_job.py:633} INFO - Processing file /home/airflow/sandbox/lib/python3.8/site-packages/airflow/example_dags/subdags/subdag.py for tasks to queue
[2021-10-24 03:21:25,380] {logging_mixin.py:104} INFO - [2021-10-24 03:21:25,380] {dagbag.py:487} INFO - Filling up the DagBag from /home/airflow/sandbox/lib/python3.8/site-packages/airflow/example_dags/subdags/subdag.py
[2021-10-24 03:21:25,384] {scheduler_job.py:645} WARNING - No viable dags retrieved from /home/airflow/sandbox/lib/python3.8/site-packages/airflow/example_dags/subdags/subdag.py
[2021-10-24 03:21:25,393] {scheduler_job.py:190} INFO - Processing /home/airflow/sandbox/lib/python3.8/site-packages/airflow/example_dags/subdags/subdag.py took 0.021 seconds
[2021-10-24 03:21:59,356] {scheduler_job.py:182} INFO - Started process (PID=8052) to work on /home/airflow/sandbox/lib/python3.8/site-packages/airflow/example_dags/subdags/subdag.py
[2021-10-24 03:21:59,358] {scheduler_job.py:633} INFO - Processing file /home/airflow/sandbox/lib/python3.8/site-packages/airflow/example_dags/subdags/subdag.py for tasks to queue
[2021-10-24 03:21:59,359] {logging_mixin.py:104} INFO - [2021-10-24 03:21:59,358] {dagbag.py:487} INFO - Filling up the DagBag from /home/airflow/sandbox/lib/python3.8/site-packages/airflow/example_dags/subdags/subdag.py
[2021-10-24 03:21:59,364] {scheduler_job.py:645} WARNING - No viable dags retrieved from /home/airflow/sandbox/lib/python3.8/site-packages/airflow/example_dags/subdags/subdag.py
[2021-10-24 03:21:59,377] {scheduler_job.py:190} INFO - Processing /home/airflow/sandbox/lib/python3.8/site-packages/airflow/example_dags/subdags/subdag.py took 0.031 seconds
[2021-10-24 03:22:33,734] {scheduler_job.py:182} INFO - Started process (PID=8082) to work on /home/airflow/sandbox/lib/python3.8/site-packages/airflow/example_dags/subdags/subdag.py
[2021-10-24 03:22:33,736] {scheduler_job.py:633} INFO - Processing file /home/airflow/sandbox/lib/python3.8/site-packages/airflow/example_dags/subdags/subdag.py for tasks to queue
[2021-10-24 03:22:33,737] {logging_mixin.py:104} INFO - [2021-10-24 03:22:33,737] {dagbag.py:487} INFO - Filling up the DagBag from /home/airflow/sandbox/lib/python3.8/site-packages/airflow/example_dags/subdags/subdag.py
[2021-10-24 03:22:33,742] {scheduler_job.py:645} WARNING - No viable dags retrieved from /home/airflow/sandbox/lib/python3.8/site-packages/airflow/example_dags/subdags/subdag.py
[2021-10-24 03:22:33,756] {scheduler_job.py:190} INFO - Processing /home/airflow/sandbox/lib/python3.8/site-packages/airflow/example_dags/subdags/subdag.py took 0.027 seconds
[2021-10-24 03:23:05,928] {scheduler_job.py:182} INFO - Started process (PID=8110) to work on /home/airflow/sandbox/lib/python3.8/site-packages/airflow/example_dags/subdags/subdag.py
[2021-10-24 03:23:05,930] {scheduler_job.py:633} INFO - Processing file /home/airflow/sandbox/lib/python3.8/site-packages/airflow/example_dags/subdags/subdag.py for tasks to queue
[2021-10-24 03:23:05,931] {logging_mixin.py:104} INFO - [2021-10-24 03:23:05,931] {dagbag.py:487} INFO - Filling up the DagBag from /home/airflow/sandbox/lib/python3.8/site-packages/airflow/example_dags/subdags/subdag.py
[2021-10-24 03:23:05,936] {scheduler_job.py:645} WARNING - No viable dags retrieved from /home/airflow/sandbox/lib/python3.8/site-packages/airflow/example_dags/subdags/subdag.py
[2021-10-24 03:23:05,950] {scheduler_job.py:190} INFO - Processing /home/airflow/sandbox/lib/python3.8/site-packages/airflow/example_dags/subdags/subdag.py took 0.027 seconds
[2021-10-24 03:23:41,167] {scheduler_job.py:182} INFO - Started process (PID=8185) to work on /home/airflow/sandbox/lib/python3.8/site-packages/airflow/example_dags/subdags/subdag.py
[2021-10-24 03:23:41,169] {scheduler_job.py:633} INFO - Processing file /home/airflow/sandbox/lib/python3.8/site-packages/airflow/example_dags/subdags/subdag.py for tasks to queue
[2021-10-24 03:23:41,170] {logging_mixin.py:104} INFO - [2021-10-24 03:23:41,170] {dagbag.py:487} INFO - Filling up the DagBag from /home/airflow/sandbox/lib/python3.8/site-packages/airflow/example_dags/subdags/subdag.py
[2021-10-24 03:23:41,174] {scheduler_job.py:645} WARNING - No viable dags retrieved from /home/airflow/sandbox/lib/python3.8/site-packages/airflow/example_dags/subdags/subdag.py
[2021-10-24 03:23:41,186] {scheduler_job.py:190} INFO - Processing /home/airflow/sandbox/lib/python3.8/site-packages/airflow/example_dags/subdags/subdag.py took 0.025 seconds
[2021-10-24 03:24:13,326] {scheduler_job.py:182} INFO - Started process (PID=8214) to work on /home/airflow/sandbox/lib/python3.8/site-packages/airflow/example_dags/subdags/subdag.py
[2021-10-24 03:24:13,328] {scheduler_job.py:633} INFO - Processing file /home/airflow/sandbox/lib/python3.8/site-packages/airflow/example_dags/subdags/subdag.py for tasks to queue
[2021-10-24 03:24:13,329] {logging_mixin.py:104} INFO - [2021-10-24 03:24:13,329] {dagbag.py:487} INFO - Filling up the DagBag from /home/airflow/sandbox/lib/python3.8/site-packages/airflow/example_dags/subdags/subdag.py
[2021-10-24 03:24:13,334] {scheduler_job.py:645} WARNING - No viable dags retrieved from /home/airflow/sandbox/lib/python3.8/site-packages/airflow/example_dags/subdags/subdag.py
[2021-10-24 03:24:13,346] {scheduler_job.py:190} INFO - Processing /home/airflow/sandbox/lib/python3.8/site-packages/airflow/example_dags/subdags/subdag.py took 0.025 seconds
[2021-10-24 03:24:47,042] {scheduler_job.py:182} INFO - Started process (PID=8243) to work on /home/airflow/sandbox/lib/python3.8/site-packages/airflow/example_dags/subdags/subdag.py
[2021-10-24 03:24:47,044] {scheduler_job.py:633} INFO - Processing file /home/airflow/sandbox/lib/python3.8/site-packages/airflow/example_dags/subdags/subdag.py for tasks to queue
[2021-10-24 03:24:47,045] {logging_mixin.py:104} INFO - [2021-10-24 03:24:47,045] {dagbag.py:487} INFO - Filling up the DagBag from /home/airflow/sandbox/lib/python3.8/site-packages/airflow/example_dags/subdags/subdag.py
[2021-10-24 03:24:47,049] {scheduler_job.py:645} WARNING - No viable dags retrieved from /home/airflow/sandbox/lib/python3.8/site-packages/airflow/example_dags/subdags/subdag.py
[2021-10-24 03:24:47,063] {scheduler_job.py:190} INFO - Processing /home/airflow/sandbox/lib/python3.8/site-packages/airflow/example_dags/subdags/subdag.py took 0.027 seconds
[2021-10-24 03:25:19,794] {scheduler_job.py:182} INFO - Started process (PID=8271) to work on /home/airflow/sandbox/lib/python3.8/site-packages/airflow/example_dags/subdags/subdag.py
[2021-10-24 03:25:19,796] {scheduler_job.py:633} INFO - Processing file /home/airflow/sandbox/lib/python3.8/site-packages/airflow/example_dags/subdags/subdag.py for tasks to queue
[2021-10-24 03:25:19,797] {logging_mixin.py:104} INFO - [2021-10-24 03:25:19,797] {dagbag.py:487} INFO - Filling up the DagBag from /home/airflow/sandbox/lib/python3.8/site-packages/airflow/example_dags/subdags/subdag.py
[2021-10-24 03:25:19,801] {scheduler_job.py:645} WARNING - No viable dags retrieved from /home/airflow/sandbox/lib/python3.8/site-packages/airflow/example_dags/subdags/subdag.py
[2021-10-24 03:25:19,814] {scheduler_job.py:190} INFO - Processing /home/airflow/sandbox/lib/python3.8/site-packages/airflow/example_dags/subdags/subdag.py took 0.025 seconds
[2021-10-24 03:25:57,221] {scheduler_job.py:182} INFO - Started process (PID=8302) to work on /home/airflow/sandbox/lib/python3.8/site-packages/airflow/example_dags/subdags/subdag.py
[2021-10-24 03:25:57,223] {scheduler_job.py:633} INFO - Processing file /home/airflow/sandbox/lib/python3.8/site-packages/airflow/example_dags/subdags/subdag.py for tasks to queue
[2021-10-24 03:25:57,224] {logging_mixin.py:104} INFO - [2021-10-24 03:25:57,224] {dagbag.py:487} INFO - Filling up the DagBag from /home/airflow/sandbox/lib/python3.8/site-packages/airflow/example_dags/subdags/subdag.py
[2021-10-24 03:25:57,229] {scheduler_job.py:645} WARNING - No viable dags retrieved from /home/airflow/sandbox/lib/python3.8/site-packages/airflow/example_dags/subdags/subdag.py
[2021-10-24 03:25:57,241] {scheduler_job.py:190} INFO - Processing /home/airflow/sandbox/lib/python3.8/site-packages/airflow/example_dags/subdags/subdag.py took 0.025 seconds
[2021-10-24 03:26:31,014] {scheduler_job.py:182} INFO - Started process (PID=8331) to work on /home/airflow/sandbox/lib/python3.8/site-packages/airflow/example_dags/subdags/subdag.py
[2021-10-24 03:26:31,016] {scheduler_job.py:633} INFO - Processing file /home/airflow/sandbox/lib/python3.8/site-packages/airflow/example_dags/subdags/subdag.py for tasks to queue
[2021-10-24 03:26:31,017] {logging_mixin.py:104} INFO - [2021-10-24 03:26:31,017] {dagbag.py:487} INFO - Filling up the DagBag from /home/airflow/sandbox/lib/python3.8/site-packages/airflow/example_dags/subdags/subdag.py
[2021-10-24 03:26:31,022] {scheduler_job.py:645} WARNING - No viable dags retrieved from /home/airflow/sandbox/lib/python3.8/site-packages/airflow/example_dags/subdags/subdag.py
[2021-10-24 03:26:31,036] {scheduler_job.py:190} INFO - Processing /home/airflow/sandbox/lib/python3.8/site-packages/airflow/example_dags/subdags/subdag.py took 0.028 seconds
[2021-10-24 03:27:01,120] {scheduler_job.py:182} INFO - Started process (PID=8356) to work on /home/airflow/sandbox/lib/python3.8/site-packages/airflow/example_dags/subdags/subdag.py
[2021-10-24 03:27:01,121] {scheduler_job.py:633} INFO - Processing file /home/airflow/sandbox/lib/python3.8/site-packages/airflow/example_dags/subdags/subdag.py for tasks to queue
[2021-10-24 03:27:01,121] {logging_mixin.py:104} INFO - [2021-10-24 03:27:01,121] {dagbag.py:487} INFO - Filling up the DagBag from /home/airflow/sandbox/lib/python3.8/site-packages/airflow/example_dags/subdags/subdag.py
[2021-10-24 03:27:01,127] {scheduler_job.py:645} WARNING - No viable dags retrieved from /home/airflow/sandbox/lib/python3.8/site-packages/airflow/example_dags/subdags/subdag.py
[2021-10-24 03:27:01,140] {scheduler_job.py:190} INFO - Processing /home/airflow/sandbox/lib/python3.8/site-packages/airflow/example_dags/subdags/subdag.py took 0.025 seconds
[2021-10-24 03:27:36,126] {scheduler_job.py:182} INFO - Started process (PID=8388) to work on /home/airflow/sandbox/lib/python3.8/site-packages/airflow/example_dags/subdags/subdag.py
[2021-10-24 03:27:36,128] {scheduler_job.py:633} INFO - Processing file /home/airflow/sandbox/lib/python3.8/site-packages/airflow/example_dags/subdags/subdag.py for tasks to queue
[2021-10-24 03:27:36,129] {logging_mixin.py:104} INFO - [2021-10-24 03:27:36,129] {dagbag.py:487} INFO - Filling up the DagBag from /home/airflow/sandbox/lib/python3.8/site-packages/airflow/example_dags/subdags/subdag.py
[2021-10-24 03:27:36,134] {scheduler_job.py:645} WARNING - No viable dags retrieved from /home/airflow/sandbox/lib/python3.8/site-packages/airflow/example_dags/subdags/subdag.py
[2021-10-24 03:27:36,147] {scheduler_job.py:190} INFO - Processing /home/airflow/sandbox/lib/python3.8/site-packages/airflow/example_dags/subdags/subdag.py took 0.026 seconds
[2021-10-24 03:28:10,110] {scheduler_job.py:182} INFO - Started process (PID=8416) to work on /home/airflow/sandbox/lib/python3.8/site-packages/airflow/example_dags/subdags/subdag.py
[2021-10-24 03:28:10,112] {scheduler_job.py:633} INFO - Processing file /home/airflow/sandbox/lib/python3.8/site-packages/airflow/example_dags/subdags/subdag.py for tasks to queue
[2021-10-24 03:28:10,113] {logging_mixin.py:104} INFO - [2021-10-24 03:28:10,113] {dagbag.py:487} INFO - Filling up the DagBag from /home/airflow/sandbox/lib/python3.8/site-packages/airflow/example_dags/subdags/subdag.py
[2021-10-24 03:28:10,118] {scheduler_job.py:645} WARNING - No viable dags retrieved from /home/airflow/sandbox/lib/python3.8/site-packages/airflow/example_dags/subdags/subdag.py
[2021-10-24 03:28:10,132] {scheduler_job.py:190} INFO - Processing /home/airflow/sandbox/lib/python3.8/site-packages/airflow/example_dags/subdags/subdag.py took 0.027 seconds
[2021-10-24 03:28:40,909] {scheduler_job.py:182} INFO - Started process (PID=8517) to work on /home/airflow/sandbox/lib/python3.8/site-packages/airflow/example_dags/subdags/subdag.py
[2021-10-24 03:28:40,911] {scheduler_job.py:633} INFO - Processing file /home/airflow/sandbox/lib/python3.8/site-packages/airflow/example_dags/subdags/subdag.py for tasks to queue
[2021-10-24 03:28:40,912] {logging_mixin.py:104} INFO - [2021-10-24 03:28:40,912] {dagbag.py:487} INFO - Filling up the DagBag from /home/airflow/sandbox/lib/python3.8/site-packages/airflow/example_dags/subdags/subdag.py
[2021-10-24 03:28:40,917] {scheduler_job.py:645} WARNING - No viable dags retrieved from /home/airflow/sandbox/lib/python3.8/site-packages/airflow/example_dags/subdags/subdag.py
[2021-10-24 03:28:40,929] {scheduler_job.py:190} INFO - Processing /home/airflow/sandbox/lib/python3.8/site-packages/airflow/example_dags/subdags/subdag.py took 0.024 seconds
[2021-10-24 03:29:15,493] {scheduler_job.py:182} INFO - Started process (PID=8697) to work on /home/airflow/sandbox/lib/python3.8/site-packages/airflow/example_dags/subdags/subdag.py
[2021-10-24 03:29:15,495] {scheduler_job.py:633} INFO - Processing file /home/airflow/sandbox/lib/python3.8/site-packages/airflow/example_dags/subdags/subdag.py for tasks to queue
[2021-10-24 03:29:15,496] {logging_mixin.py:104} INFO - [2021-10-24 03:29:15,496] {dagbag.py:487} INFO - Filling up the DagBag from /home/airflow/sandbox/lib/python3.8/site-packages/airflow/example_dags/subdags/subdag.py
[2021-10-24 03:29:15,499] {scheduler_job.py:645} WARNING - No viable dags retrieved from /home/airflow/sandbox/lib/python3.8/site-packages/airflow/example_dags/subdags/subdag.py
[2021-10-24 03:29:15,513] {scheduler_job.py:190} INFO - Processing /home/airflow/sandbox/lib/python3.8/site-packages/airflow/example_dags/subdags/subdag.py took 0.025 seconds
[2021-10-24 03:29:51,662] {scheduler_job.py:182} INFO - Started process (PID=8848) to work on /home/airflow/sandbox/lib/python3.8/site-packages/airflow/example_dags/subdags/subdag.py
[2021-10-24 03:29:51,664] {scheduler_job.py:633} INFO - Processing file /home/airflow/sandbox/lib/python3.8/site-packages/airflow/example_dags/subdags/subdag.py for tasks to queue
[2021-10-24 03:29:51,665] {logging_mixin.py:104} INFO - [2021-10-24 03:29:51,664] {dagbag.py:487} INFO - Filling up the DagBag from /home/airflow/sandbox/lib/python3.8/site-packages/airflow/example_dags/subdags/subdag.py
[2021-10-24 03:29:51,670] {scheduler_job.py:645} WARNING - No viable dags retrieved from /home/airflow/sandbox/lib/python3.8/site-packages/airflow/example_dags/subdags/subdag.py
[2021-10-24 03:29:51,678] {scheduler_job.py:190} INFO - Processing /home/airflow/sandbox/lib/python3.8/site-packages/airflow/example_dags/subdags/subdag.py took 0.021 seconds
[2021-10-24 06:05:04,514] {scheduler_job.py:182} INFO - Started process (PID=8869) to work on /home/airflow/sandbox/lib/python3.8/site-packages/airflow/example_dags/subdags/subdag.py
[2021-10-24 06:05:04,515] {scheduler_job.py:633} INFO - Processing file /home/airflow/sandbox/lib/python3.8/site-packages/airflow/example_dags/subdags/subdag.py for tasks to queue
[2021-10-24 06:05:04,515] {logging_mixin.py:104} INFO - [2021-10-24 06:05:04,515] {dagbag.py:487} INFO - Filling up the DagBag from /home/airflow/sandbox/lib/python3.8/site-packages/airflow/example_dags/subdags/subdag.py
[2021-10-24 06:05:04,517] {scheduler_job.py:645} WARNING - No viable dags retrieved from /home/airflow/sandbox/lib/python3.8/site-packages/airflow/example_dags/subdags/subdag.py
[2021-10-24 06:05:04,522] {scheduler_job.py:190} INFO - Processing /home/airflow/sandbox/lib/python3.8/site-packages/airflow/example_dags/subdags/subdag.py took 0.010 seconds
[2021-10-24 06:05:43,627] {scheduler_job.py:182} INFO - Started process (PID=9241) to work on /home/airflow/sandbox/lib/python3.8/site-packages/airflow/example_dags/subdags/subdag.py
[2021-10-24 06:05:43,629] {scheduler_job.py:633} INFO - Processing file /home/airflow/sandbox/lib/python3.8/site-packages/airflow/example_dags/subdags/subdag.py for tasks to queue
[2021-10-24 06:05:43,629] {logging_mixin.py:104} INFO - [2021-10-24 06:05:43,629] {dagbag.py:487} INFO - Filling up the DagBag from /home/airflow/sandbox/lib/python3.8/site-packages/airflow/example_dags/subdags/subdag.py
[2021-10-24 06:05:43,634] {scheduler_job.py:645} WARNING - No viable dags retrieved from /home/airflow/sandbox/lib/python3.8/site-packages/airflow/example_dags/subdags/subdag.py
[2021-10-24 06:05:43,648] {scheduler_job.py:190} INFO - Processing /home/airflow/sandbox/lib/python3.8/site-packages/airflow/example_dags/subdags/subdag.py took 0.026 seconds
